mode: set
github.com/hashgraph-online/standards-sdk-go/pkg/hcs16/client.go:28.54,30.16 2 1
github.com/hashgraph-online/standards-sdk-go/pkg/hcs16/client.go:30.16,32.3 1 1
github.com/hashgraph-online/standards-sdk-go/pkg/hcs16/client.go:34.2,35.22 2 1
github.com/hashgraph-online/standards-sdk-go/pkg/hcs16/client.go:35.22,37.3 1 1
github.com/hashgraph-online/standards-sdk-go/pkg/hcs16/client.go:38.2,39.23 2 1
github.com/hashgraph-online/standards-sdk-go/pkg/hcs16/client.go:39.23,41.3 1 1
github.com/hashgraph-online/standards-sdk-go/pkg/hcs16/client.go:43.2,44.16 2 1
github.com/hashgraph-online/standards-sdk-go/pkg/hcs16/client.go:44.16,46.3 1 1
github.com/hashgraph-online/standards-sdk-go/pkg/hcs16/client.go:47.2,48.16 2 1
github.com/hashgraph-online/standards-sdk-go/pkg/hcs16/client.go:48.16,50.3 1 1
github.com/hashgraph-online/standards-sdk-go/pkg/hcs16/client.go:52.2,53.16 2 1
github.com/hashgraph-online/standards-sdk-go/pkg/hcs16/client.go:53.16,55.3 1 0
github.com/hashgraph-online/standards-sdk-go/pkg/hcs16/client.go:56.2,63.16 3 1
github.com/hashgraph-online/standards-sdk-go/pkg/hcs16/client.go:63.16,65.3 1 0
github.com/hashgraph-online/standards-sdk-go/pkg/hcs16/client.go:67.2,75.8 1 1
github.com/hashgraph-online/standards-sdk-go/pkg/hcs16/client.go:79.48,81.2 1 1
github.com/hashgraph-online/standards-sdk-go/pkg/hcs16/client.go:84.48,86.2 1 1
github.com/hashgraph-online/standards-sdk-go/pkg/hcs16/client.go:89.68,91.23 2 1
github.com/hashgraph-online/standards-sdk-go/pkg/hcs16/client.go:91.23,93.3 1 1
github.com/hashgraph-online/standards-sdk-go/pkg/hcs16/client.go:95.2,96.20 2 1
github.com/hashgraph-online/standards-sdk-go/pkg/hcs16/client.go:97.11,98.42 1 1
github.com/hashgraph-online/standards-sdk-go/pkg/hcs16/client.go:99.11,100.40 1 1
github.com/hashgraph-online/standards-sdk-go/pkg/hcs16/client.go:101.11,102.34 1 1
github.com/hashgraph-online/standards-sdk-go/pkg/hcs16/client.go:103.10,104.13 1 1
github.com/hashgraph-online/standards-sdk-go/pkg/hcs16/client.go:107.2,111.3 1 1
github.com/hashgraph-online/standards-sdk-go/pkg/hcs16/client.go:115.113,116.23 1 1
github.com/hashgraph-online/standards-sdk-go/pkg/hcs16/client.go:116.23,118.3 1 0
github.com/hashgraph-online/standards-sdk-go/pkg/hcs16/client.go:119.2,119.20 1 1
github.com/hashgraph-online/standards-sdk-go/pkg/hcs16/client.go:119.20,121.3 1 0
github.com/hashgraph-online/standards-sdk-go/pkg/hcs16/client.go:123.2,124.42 2 1
github.com/hashgraph-online/standards-sdk-go/pkg/hcs16/client.go:124.42,126.17 2 1
github.com/hashgraph-online/standards-sdk-go/pkg/hcs16/client.go:126.17,128.4 1 0
github.com/hashgraph-online/standards-sdk-go/pkg/hcs16/client.go:129.3,129.33 1 1
github.com/hashgraph-online/standards-sdk-go/pkg/hcs16/client.go:132.2,134.21 3 1
github.com/hashgraph-online/standards-sdk-go/pkg/hcs16/client.go:138.104,139.23 1 1
github.com/hashgraph-online/standards-sdk-go/pkg/hcs16/client.go:139.23,141.3 1 0
github.com/hashgraph-online/standards-sdk-go/pkg/hcs16/client.go:143.2,144.42 2 1
github.com/hashgraph-online/standards-sdk-go/pkg/hcs16/client.go:144.42,146.17 2 1
github.com/hashgraph-online/standards-sdk-go/pkg/hcs16/client.go:146.17,148.4 1 0
github.com/hashgraph-online/standards-sdk-go/pkg/hcs16/client.go:149.3,149.33 1 1
github.com/hashgraph-online/standards-sdk-go/pkg/hcs16/client.go:152.2,154.21 3 1
github.com/hashgraph-online/standards-sdk-go/pkg/hcs16/client.go:163.62,164.20 1 1
github.com/hashgraph-online/standards-sdk-go/pkg/hcs16/client.go:164.20,166.3 1 0
github.com/hashgraph-online/standards-sdk-go/pkg/hcs16/client.go:167.2,167.26 1 1
github.com/hashgraph-online/standards-sdk-go/pkg/hcs16/client.go:167.26,169.3 1 0
github.com/hashgraph-online/standards-sdk-go/pkg/hcs16/client.go:171.2,178.16 2 1
github.com/hashgraph-online/standards-sdk-go/pkg/hcs16/client.go:178.16,180.3 1 0
github.com/hashgraph-online/standards-sdk-go/pkg/hcs16/client.go:181.2,188.16 2 1
github.com/hashgraph-online/standards-sdk-go/pkg/hcs16/client.go:188.16,190.3 1 0
github.com/hashgraph-online/standards-sdk-go/pkg/hcs16/client.go:191.2,198.16 2 1
github.com/hashgraph-online/standards-sdk-go/pkg/hcs16/client.go:198.16,200.3 1 0
github.com/hashgraph-online/standards-sdk-go/pkg/hcs16/client.go:202.2,206.8 1 1
github.com/hashgraph-online/standards-sdk-go/pkg/hcs16/client.go:213.19,217.16 3 1
github.com/hashgraph-online/standards-sdk-go/pkg/hcs16/client.go:217.16,219.3 1 0
github.com/hashgraph-online/standards-sdk-go/pkg/hcs16/client.go:221.2,221.33 1 1
github.com/hashgraph-online/standards-sdk-go/pkg/hcs16/client.go:221.33,223.23 2 0
github.com/hashgraph-online/standards-sdk-go/pkg/hcs16/client.go:223.23,225.4 1 0
github.com/hashgraph-online/standards-sdk-go/pkg/hcs16/client.go:226.3,226.48 1 0
github.com/hashgraph-online/standards-sdk-go/pkg/hcs16/client.go:226.48,228.4 1 0
github.com/hashgraph-online/standards-sdk-go/pkg/hcs16/client.go:229.3,230.24 2 0
github.com/hashgraph-online/standards-sdk-go/pkg/hcs16/client.go:230.24,232.4 1 0
github.com/hashgraph-online/standards-sdk-go/pkg/hcs16/client.go:233.3,234.24 2 0
github.com/hashgraph-online/standards-sdk-go/pkg/hcs16/client.go:234.24,236.4 1 0
github.com/hashgraph-online/standards-sdk-go/pkg/hcs16/client.go:237.3,237.29 1 0
github.com/hashgraph-online/standards-sdk-go/pkg/hcs16/client.go:237.29,239.4 1 0
github.com/hashgraph-online/standards-sdk-go/pkg/hcs16/client.go:240.3,240.39 1 0
github.com/hashgraph-online/standards-sdk-go/pkg/hcs16/client.go:243.2,244.16 2 1
github.com/hashgraph-online/standards-sdk-go/pkg/hcs16/client.go:244.16,246.3 1 1
github.com/hashgraph-online/standards-sdk-go/pkg/hcs16/client.go:247.2,248.16 2 0
github.com/hashgraph-online/standards-sdk-go/pkg/hcs16/client.go:248.16,250.3 1 0
github.com/hashgraph-online/standards-sdk-go/pkg/hcs16/client.go:251.2,251.28 1 0
github.com/hashgraph-online/standards-sdk-go/pkg/hcs16/client.go:251.28,253.3 1 0
github.com/hashgraph-online/standards-sdk-go/pkg/hcs16/client.go:254.2,254.38 1 0
github.com/hashgraph-online/standards-sdk-go/pkg/hcs16/client.go:261.46,264.28 2 1
github.com/hashgraph-online/standards-sdk-go/pkg/hcs16/client.go:264.28,266.3 1 1
github.com/hashgraph-online/standards-sdk-go/pkg/hcs16/client.go:268.2,274.16 2 0
github.com/hashgraph-online/standards-sdk-go/pkg/hcs16/client.go:274.16,276.3 1 0
github.com/hashgraph-online/standards-sdk-go/pkg/hcs16/client.go:278.2,279.16 2 0
github.com/hashgraph-online/standards-sdk-go/pkg/hcs16/client.go:279.16,281.3 1 0
github.com/hashgraph-online/standards-sdk-go/pkg/hcs16/client.go:282.2,283.16 2 0
github.com/hashgraph-online/standards-sdk-go/pkg/hcs16/client.go:283.16,285.3 1 0
github.com/hashgraph-online/standards-sdk-go/pkg/hcs16/client.go:286.2,286.30 1 0
github.com/hashgraph-online/standards-sdk-go/pkg/hcs16/client.go:286.30,288.3 1 0
github.com/hashgraph-online/standards-sdk-go/pkg/hcs16/client.go:290.2,290.49 1 0
github.com/hashgraph-online/standards-sdk-go/pkg/hcs16/client.go:297.47,299.16 2 0
github.com/hashgraph-online/standards-sdk-go/pkg/hcs16/client.go:299.16,301.3 1 0
github.com/hashgraph-online/standards-sdk-go/pkg/hcs16/client.go:302.2,303.16 2 0
github.com/hashgraph-online/standards-sdk-go/pkg/hcs16/client.go:303.16,305.3 1 0
github.com/hashgraph-online/standards-sdk-go/pkg/hcs16/client.go:307.2,308.25 2 0
github.com/hashgraph-online/standards-sdk-go/pkg/hcs16/client.go:308.25,310.3 1 0
github.com/hashgraph-online/standards-sdk-go/pkg/hcs16/client.go:312.2,317.16 2 0
github.com/hashgraph-online/standards-sdk-go/pkg/hcs16/client.go:317.16,319.3 1 0
github.com/hashgraph-online/standards-sdk-go/pkg/hcs16/client.go:321.2,322.16 2 0
github.com/hashgraph-online/standards-sdk-go/pkg/hcs16/client.go:322.16,324.3 1 0
github.com/hashgraph-online/standards-sdk-go/pkg/hcs16/client.go:326.2,327.16 2 0
github.com/hashgraph-online/standards-sdk-go/pkg/hcs16/client.go:327.16,329.3 1 0
github.com/hashgraph-online/standards-sdk-go/pkg/hcs16/client.go:330.2,331.16 2 0
github.com/hashgraph-online/standards-sdk-go/pkg/hcs16/client.go:331.16,333.3 1 0
github.com/hashgraph-online/standards-sdk-go/pkg/hcs16/client.go:334.2,335.16 2 0
github.com/hashgraph-online/standards-sdk-go/pkg/hcs16/client.go:335.16,337.3 1 0
github.com/hashgraph-online/standards-sdk-go/pkg/hcs16/client.go:339.2,346.8 1 0
github.com/hashgraph-online/standards-sdk-go/pkg/hcs16/client.go:356.38,359.16 3 1
github.com/hashgraph-online/standards-sdk-go/pkg/hcs16/client.go:359.16,361.3 1 0
github.com/hashgraph-online/standards-sdk-go/pkg/hcs16/client.go:362.2,362.38 1 1
github.com/hashgraph-online/standards-sdk-go/pkg/hcs16/client.go:372.38,375.16 3 1
github.com/hashgraph-online/standards-sdk-go/pkg/hcs16/client.go:375.16,377.3 1 0
github.com/hashgraph-online/standards-sdk-go/pkg/hcs16/client.go:378.2,378.38 1 1
github.com/hashgraph-online/standards-sdk-go/pkg/hcs16/client.go:393.38,405.16 3 1
github.com/hashgraph-online/standards-sdk-go/pkg/hcs16/client.go:405.16,407.3 1 0
github.com/hashgraph-online/standards-sdk-go/pkg/hcs16/client.go:408.2,408.61 1 1
github.com/hashgraph-online/standards-sdk-go/pkg/hcs16/client.go:421.38,431.16 3 1
github.com/hashgraph-online/standards-sdk-go/pkg/hcs16/client.go:431.16,433.3 1 0
github.com/hashgraph-online/standards-sdk-go/pkg/hcs16/client.go:434.2,434.22 1 1
github.com/hashgraph-online/standards-sdk-go/pkg/hcs16/client.go:434.22,436.3 1 1
github.com/hashgraph-online/standards-sdk-go/pkg/hcs16/client.go:437.2,437.82 1 0
github.com/hashgraph-online/standards-sdk-go/pkg/hcs16/client.go:450.38,460.16 3 1
github.com/hashgraph-online/standards-sdk-go/pkg/hcs16/client.go:460.16,462.3 1 0
github.com/hashgraph-online/standards-sdk-go/pkg/hcs16/client.go:463.2,463.22 1 1
github.com/hashgraph-online/standards-sdk-go/pkg/hcs16/client.go:463.22,465.3 1 1
github.com/hashgraph-online/standards-sdk-go/pkg/hcs16/client.go:466.2,466.82 1 0
github.com/hashgraph-online/standards-sdk-go/pkg/hcs16/client.go:477.38,480.16 3 1
github.com/hashgraph-online/standards-sdk-go/pkg/hcs16/client.go:480.16,482.3 1 0
github.com/hashgraph-online/standards-sdk-go/pkg/hcs16/client.go:483.2,483.61 1 1
github.com/hashgraph-online/standards-sdk-go/pkg/hcs16/client.go:491.38,495.16 3 1
github.com/hashgraph-online/standards-sdk-go/pkg/hcs16/client.go:495.16,497.3 1 0
github.com/hashgraph-online/standards-sdk-go/pkg/hcs16/client.go:499.2,501.16 3 1
github.com/hashgraph-online/standards-sdk-go/pkg/hcs16/client.go:501.16,503.3 1 0
github.com/hashgraph-online/standards-sdk-go/pkg/hcs16/client.go:505.2,507.16 3 1
github.com/hashgraph-online/standards-sdk-go/pkg/hcs16/client.go:507.16,509.3 1 1
github.com/hashgraph-online/standards-sdk-go/pkg/hcs16/client.go:511.2,512.16 2 0
github.com/hashgraph-online/standards-sdk-go/pkg/hcs16/client.go:512.16,514.3 1 0
github.com/hashgraph-online/standards-sdk-go/pkg/hcs16/client.go:515.2,515.21 1 0
github.com/hashgraph-online/standards-sdk-go/pkg/hcs16/client.go:525.38,527.2 1 1
github.com/hashgraph-online/standards-sdk-go/pkg/hcs16/client.go:533.37,534.50 1 1
github.com/hashgraph-online/standards-sdk-go/pkg/hcs16/client.go:534.50,536.3 1 1
github.com/hashgraph-online/standards-sdk-go/pkg/hcs16/client.go:538.2,556.53 2 0
github.com/hashgraph-online/standards-sdk-go/pkg/hcs16/client.go:556.53,558.3 1 0
github.com/hashgraph-online/standards-sdk-go/pkg/hcs16/client.go:559.2,559.54 1 0
github.com/hashgraph-online/standards-sdk-go/pkg/hcs16/client.go:559.54,561.3 1 0
github.com/hashgraph-online/standards-sdk-go/pkg/hcs16/client.go:563.2,573.16 2 0
github.com/hashgraph-online/standards-sdk-go/pkg/hcs16/client.go:573.16,575.3 1 0
github.com/hashgraph-online/standards-sdk-go/pkg/hcs16/client.go:577.2,580.16 2 0
github.com/hashgraph-online/standards-sdk-go/pkg/hcs16/client.go:580.16,582.3 1 0
github.com/hashgraph-online/standards-sdk-go/pkg/hcs16/client.go:583.2,583.26 1 0
github.com/hashgraph-online/standards-sdk-go/pkg/hcs16/client.go:583.26,585.3 1 0
github.com/hashgraph-online/standards-sdk-go/pkg/hcs16/client.go:587.2,592.16 2 0
github.com/hashgraph-online/standards-sdk-go/pkg/hcs16/client.go:592.16,594.3 1 0
github.com/hashgraph-online/standards-sdk-go/pkg/hcs16/client.go:595.2,595.27 1 0
github.com/hashgraph-online/standards-sdk-go/pkg/hcs16/client.go:595.27,597.3 1 0
github.com/hashgraph-online/standards-sdk-go/pkg/hcs16/client.go:599.2,602.8 1 0
github.com/hashgraph-online/standards-sdk-go/pkg/hcs16/client.go:612.33,614.21 2 0
github.com/hashgraph-online/standards-sdk-go/pkg/hcs16/client.go:614.21,616.3 1 0
github.com/hashgraph-online/standards-sdk-go/pkg/hcs16/client.go:617.2,618.22 2 0
github.com/hashgraph-online/standards-sdk-go/pkg/hcs16/client.go:618.22,620.3 1 0
github.com/hashgraph-online/standards-sdk-go/pkg/hcs16/client.go:622.2,626.16 2 0
github.com/hashgraph-online/standards-sdk-go/pkg/hcs16/client.go:626.16,628.3 1 0
github.com/hashgraph-online/standards-sdk-go/pkg/hcs16/client.go:630.2,631.29 2 0
github.com/hashgraph-online/standards-sdk-go/pkg/hcs16/client.go:631.29,633.23 2 0
github.com/hashgraph-online/standards-sdk-go/pkg/hcs16/client.go:633.23,634.12 1 0
github.com/hashgraph-online/standards-sdk-go/pkg/hcs16/client.go:636.3,637.77 2 0
github.com/hashgraph-online/standards-sdk-go/pkg/hcs16/client.go:637.77,638.12 1 0
github.com/hashgraph-online/standards-sdk-go/pkg/hcs16/client.go:640.3,641.27 2 0
github.com/hashgraph-online/standards-sdk-go/pkg/hcs16/client.go:641.27,642.12 1 0
github.com/hashgraph-online/standards-sdk-go/pkg/hcs16/client.go:644.3,644.52 1 0
github.com/hashgraph-online/standards-sdk-go/pkg/hcs16/client.go:644.52,645.12 1 0
github.com/hashgraph-online/standards-sdk-go/pkg/hcs16/client.go:647.3,647.21 1 0
github.com/hashgraph-online/standards-sdk-go/pkg/hcs16/client.go:647.21,648.91 1 0
github.com/hashgraph-online/standards-sdk-go/pkg/hcs16/client.go:648.91,649.13 1 0
github.com/hashgraph-online/standards-sdk-go/pkg/hcs16/client.go:653.3,658.5 1 0
github.com/hashgraph-online/standards-sdk-go/pkg/hcs16/client.go:661.2,661.21 1 0
github.com/hashgraph-online/standards-sdk-go/pkg/hcs16/client.go:669.32,671.16 2 0
github.com/hashgraph-online/standards-sdk-go/pkg/hcs16/client.go:671.16,673.3 1 0
github.com/hashgraph-online/standards-sdk-go/pkg/hcs16/client.go:674.2,674.21 1 0
github.com/hashgraph-online/standards-sdk-go/pkg/hcs16/client.go:674.21,676.3 1 0
github.com/hashgraph-online/standards-sdk-go/pkg/hcs16/client.go:677.2,677.23 1 0
github.com/hashgraph-online/standards-sdk-go/pkg/hcs16/client.go:682.19,684.16 2 0
github.com/hashgraph-online/standards-sdk-go/pkg/hcs16/client.go:684.16,686.3 1 0
github.com/hashgraph-online/standards-sdk-go/pkg/hcs16/client.go:687.2,688.16 2 0
github.com/hashgraph-online/standards-sdk-go/pkg/hcs16/client.go:688.16,690.3 1 0
github.com/hashgraph-online/standards-sdk-go/pkg/hcs16/client.go:691.2,691.28 1 0
github.com/hashgraph-online/standards-sdk-go/pkg/hcs16/client.go:691.28,693.3 1 0
github.com/hashgraph-online/standards-sdk-go/pkg/hcs16/client.go:694.2,694.38 1 0
github.com/hashgraph-online/standards-sdk-go/pkg/hcs16/client.go:699.38,701.16 2 1
github.com/hashgraph-online/standards-sdk-go/pkg/hcs16/client.go:701.16,703.3 1 1
github.com/hashgraph-online/standards-sdk-go/pkg/hcs16/client.go:704.2,705.16 2 0
github.com/hashgraph-online/standards-sdk-go/pkg/hcs16/client.go:705.16,707.3 1 0
github.com/hashgraph-online/standards-sdk-go/pkg/hcs16/client.go:708.2,708.21 1 0
github.com/hashgraph-online/standards-sdk-go/pkg/hcs16/client.go:714.38,715.26 1 1
github.com/hashgraph-online/standards-sdk-go/pkg/hcs16/client.go:715.26,717.3 1 1
github.com/hashgraph-online/standards-sdk-go/pkg/hcs16/client.go:719.2,720.16 2 0
github.com/hashgraph-online/standards-sdk-go/pkg/hcs16/client.go:720.16,722.3 1 0
github.com/hashgraph-online/standards-sdk-go/pkg/hcs16/client.go:723.2,723.39 1 0
github.com/hashgraph-online/standards-sdk-go/pkg/hcs16/client.go:723.39,725.3 1 0
github.com/hashgraph-online/standards-sdk-go/pkg/hcs16/client.go:727.2,728.16 2 0
github.com/hashgraph-online/standards-sdk-go/pkg/hcs16/client.go:728.16,730.3 1 0
github.com/hashgraph-online/standards-sdk-go/pkg/hcs16/client.go:731.2,732.16 2 0
github.com/hashgraph-online/standards-sdk-go/pkg/hcs16/client.go:732.16,734.3 1 0
github.com/hashgraph-online/standards-sdk-go/pkg/hcs16/client.go:735.2,735.21 1 0
github.com/hashgraph-online/standards-sdk-go/pkg/hcs16/client.go:738.105,740.16 2 1
github.com/hashgraph-online/standards-sdk-go/pkg/hcs16/client.go:740.16,742.3 1 0
github.com/hashgraph-online/standards-sdk-go/pkg/hcs16/client.go:744.2,745.18 2 1
github.com/hashgraph-online/standards-sdk-go/pkg/hcs16/client.go:745.18,747.3 1 0
github.com/hashgraph-online/standards-sdk-go/pkg/hcs16/client.go:749.2,750.16 2 1
github.com/hashgraph-online/standards-sdk-go/pkg/hcs16/client.go:750.16,752.3 1 1
github.com/hashgraph-online/standards-sdk-go/pkg/hcs16/client.go:754.2,755.21 2 0
github.com/hashgraph-online/standards-sdk-go/pkg/hcs16/client.go:755.21,757.3 1 0
github.com/hashgraph-online/standards-sdk-go/pkg/hcs16/client.go:759.2,760.18 2 0
github.com/hashgraph-online/standards-sdk-go/pkg/hcs16/client.go:760.18,762.3 1 0
github.com/hashgraph-online/standards-sdk-go/pkg/hcs16/client.go:764.2,770.3 1 0
github.com/hashgraph-online/standards-sdk-go/pkg/hcs16/client.go:773.56,774.16 1 1
github.com/hashgraph-online/standards-sdk-go/pkg/hcs16/client.go:774.16,776.3 1 1
github.com/hashgraph-online/standards-sdk-go/pkg/hcs16/client.go:777.2,777.39 1 1
github.com/hashgraph-online/standards-sdk-go/pkg/hcs16/client.go:780.50,781.31 1 1
github.com/hashgraph-online/standards-sdk-go/pkg/hcs16/client.go:782.14,783.34 1 1
github.com/hashgraph-online/standards-sdk-go/pkg/hcs16/client.go:784.22,785.69 1 1
github.com/hashgraph-online/standards-sdk-go/pkg/hcs16/client.go:785.69,786.36 1 1
github.com/hashgraph-online/standards-sdk-go/pkg/hcs16/client.go:786.36,788.24 2 1
github.com/hashgraph-online/standards-sdk-go/pkg/hcs16/client.go:788.24,790.6 1 1
github.com/hashgraph-online/standards-sdk-go/pkg/hcs16/client.go:793.3,793.32 1 1
github.com/hashgraph-online/standards-sdk-go/pkg/hcs16/client.go:793.32,794.25 1 1
github.com/hashgraph-online/standards-sdk-go/pkg/hcs16/client.go:795.31,797.24 2 1
github.com/hashgraph-online/standards-sdk-go/pkg/hcs16/client.go:797.24,799.6 1 1
github.com/hashgraph-online/standards-sdk-go/pkg/hcs16/client.go:802.13,803.32 1 0
github.com/hashgraph-online/standards-sdk-go/pkg/hcs16/client.go:803.32,805.23 2 0
github.com/hashgraph-online/standards-sdk-go/pkg/hcs16/client.go:805.23,807.5 1 0
github.com/hashgraph-online/standards-sdk-go/pkg/hcs16/client.go:810.2,810.11 1 1
github.com/hashgraph-online/standards-sdk-go/pkg/hcs16/client.go:813.69,814.23 1 1
github.com/hashgraph-online/standards-sdk-go/pkg/hcs16/client.go:814.23,816.3 1 0
github.com/hashgraph-online/standards-sdk-go/pkg/hcs16/client.go:817.2,818.33 2 1
github.com/hashgraph-online/standards-sdk-go/pkg/hcs16/client.go:818.33,824.3 1 1
github.com/hashgraph-online/standards-sdk-go/pkg/hcs16/client.go:825.2,825.18 1 1
github.com/hashgraph-online/standards-sdk-go/pkg/hcs16/tx.go:31.102,32.52 1 1
github.com/hashgraph-online/standards-sdk-go/pkg/hcs16/tx.go:32.52,34.3 1 1
github.com/hashgraph-online/standards-sdk-go/pkg/hcs16/tx.go:35.2,35.46 1 1
github.com/hashgraph-online/standards-sdk-go/pkg/hcs16/tx.go:35.46,37.3 1 1
github.com/hashgraph-online/standards-sdk-go/pkg/hcs16/tx.go:39.2,43.28 2 1
github.com/hashgraph-online/standards-sdk-go/pkg/hcs16/tx.go:43.28,45.3 1 1
github.com/hashgraph-online/standards-sdk-go/pkg/hcs16/tx.go:46.2,46.29 1 1
github.com/hashgraph-online/standards-sdk-go/pkg/hcs16/tx.go:46.29,48.3 1 1
github.com/hashgraph-online/standards-sdk-go/pkg/hcs16/tx.go:50.2,50.54 1 1
github.com/hashgraph-online/standards-sdk-go/pkg/hcs16/tx.go:50.54,52.17 2 1
github.com/hashgraph-online/standards-sdk-go/pkg/hcs16/tx.go:52.17,54.4 1 1
github.com/hashgraph-online/standards-sdk-go/pkg/hcs16/tx.go:55.3,55.56 1 1
github.com/hashgraph-online/standards-sdk-go/pkg/hcs16/tx.go:58.2,58.25 1 1
github.com/hashgraph-online/standards-sdk-go/pkg/hcs16/tx.go:64.43,65.42 1 1
github.com/hashgraph-online/standards-sdk-go/pkg/hcs16/tx.go:65.42,67.3 1 1
github.com/hashgraph-online/standards-sdk-go/pkg/hcs16/tx.go:68.2,68.97 1 1
github.com/hashgraph-online/standards-sdk-go/pkg/hcs16/tx.go:68.97,70.3 1 1
github.com/hashgraph-online/standards-sdk-go/pkg/hcs16/tx.go:72.2,73.28 2 1
github.com/hashgraph-online/standards-sdk-go/pkg/hcs16/tx.go:73.28,75.3 1 1
github.com/hashgraph-online/standards-sdk-go/pkg/hcs16/tx.go:76.2,76.29 1 1
github.com/hashgraph-online/standards-sdk-go/pkg/hcs16/tx.go:76.29,78.3 1 1
github.com/hashgraph-online/standards-sdk-go/pkg/hcs16/tx.go:79.2,79.25 1 1
github.com/hashgraph-online/standards-sdk-go/pkg/hcs16/tx.go:88.45,89.20 1 1
github.com/hashgraph-online/standards-sdk-go/pkg/hcs16/tx.go:89.20,91.3 1 1
github.com/hashgraph-online/standards-sdk-go/pkg/hcs16/tx.go:93.2,94.18 2 1
github.com/hashgraph-online/standards-sdk-go/pkg/hcs16/tx.go:94.18,96.3 1 1
github.com/hashgraph-online/standards-sdk-go/pkg/hcs16/tx.go:97.2,98.26 2 1
github.com/hashgraph-online/standards-sdk-go/pkg/hcs16/tx.go:98.26,100.3 1 1
github.com/hashgraph-online/standards-sdk-go/pkg/hcs16/tx.go:102.2,108.25 2 1
github.com/hashgraph-online/standards-sdk-go/pkg/hcs16/tx.go:116.46,117.45 1 1
github.com/hashgraph-online/standards-sdk-go/pkg/hcs16/tx.go:117.45,119.3 1 1
github.com/hashgraph-online/standards-sdk-go/pkg/hcs16/tx.go:120.2,120.23 1 1
github.com/hashgraph-online/standards-sdk-go/pkg/hcs16/tx.go:120.23,122.3 1 1
github.com/hashgraph-online/standards-sdk-go/pkg/hcs16/tx.go:124.2,125.16 2 1
github.com/hashgraph-online/standards-sdk-go/pkg/hcs16/tx.go:125.16,127.3 1 1
github.com/hashgraph-online/standards-sdk-go/pkg/hcs16/tx.go:129.2,135.16 3 1
github.com/hashgraph-online/standards-sdk-go/pkg/hcs16/tx.go:135.16,137.3 1 0
github.com/hashgraph-online/standards-sdk-go/pkg/hcs16/tx.go:138.2,138.33 1 1
github.com/hashgraph-online/standards-sdk-go/pkg/hcs16/tx.go:147.46,148.38 1 1
github.com/hashgraph-online/standards-sdk-go/pkg/hcs16/tx.go:148.38,150.3 1 1
github.com/hashgraph-online/standards-sdk-go/pkg/hcs16/tx.go:152.2,153.16 2 1
github.com/hashgraph-online/standards-sdk-go/pkg/hcs16/tx.go:153.16,155.3 1 1
github.com/hashgraph-online/standards-sdk-go/pkg/hcs16/tx.go:157.2,158.21 2 1
github.com/hashgraph-online/standards-sdk-go/pkg/hcs16/tx.go:158.21,160.3 1 1
github.com/hashgraph-online/standards-sdk-go/pkg/hcs16/tx.go:161.2,161.22 1 1
github.com/hashgraph-online/standards-sdk-go/pkg/hcs16/tx.go:161.22,163.3 1 1
github.com/hashgraph-online/standards-sdk-go/pkg/hcs16/tx.go:164.2,167.16 3 1
github.com/hashgraph-online/standards-sdk-go/pkg/hcs16/tx.go:167.16,169.3 1 0
github.com/hashgraph-online/standards-sdk-go/pkg/hcs16/tx.go:170.2,170.33 1 1
github.com/hashgraph-online/standards-sdk-go/pkg/hcs16/tx.go:180.50,181.38 1 1
github.com/hashgraph-online/standards-sdk-go/pkg/hcs16/tx.go:181.38,183.3 1 1
github.com/hashgraph-online/standards-sdk-go/pkg/hcs16/tx.go:184.2,184.41 1 1
github.com/hashgraph-online/standards-sdk-go/pkg/hcs16/tx.go:184.41,186.3 1 1
github.com/hashgraph-online/standards-sdk-go/pkg/hcs16/tx.go:187.2,187.39 1 1
github.com/hashgraph-online/standards-sdk-go/pkg/hcs16/tx.go:187.39,189.3 1 1
github.com/hashgraph-online/standards-sdk-go/pkg/hcs16/tx.go:191.2,192.16 2 1
github.com/hashgraph-online/standards-sdk-go/pkg/hcs16/tx.go:192.16,194.3 1 1
github.com/hashgraph-online/standards-sdk-go/pkg/hcs16/tx.go:196.2,201.31 2 1
github.com/hashgraph-online/standards-sdk-go/pkg/hcs16/tx.go:201.31,203.3 1 1
github.com/hashgraph-online/standards-sdk-go/pkg/hcs16/tx.go:205.2,206.16 2 1
github.com/hashgraph-online/standards-sdk-go/pkg/hcs16/tx.go:206.16,208.3 1 0
github.com/hashgraph-online/standards-sdk-go/pkg/hcs16/tx.go:210.2,215.25 2 1
github.com/hashgraph-online/standards-sdk-go/pkg/hcs16/tx.go:224.50,233.2 1 1
github.com/hashgraph-online/standards-sdk-go/pkg/hcs16/tx.go:241.50,247.2 1 1
github.com/hashgraph-online/standards-sdk-go/pkg/hcs16/tx.go:259.50,260.38 1 1
github.com/hashgraph-online/standards-sdk-go/pkg/hcs16/tx.go:260.38,262.3 1 1
github.com/hashgraph-online/standards-sdk-go/pkg/hcs16/tx.go:263.2,263.41 1 1
github.com/hashgraph-online/standards-sdk-go/pkg/hcs16/tx.go:263.41,265.3 1 1
github.com/hashgraph-online/standards-sdk-go/pkg/hcs16/tx.go:266.2,267.16 2 1
github.com/hashgraph-online/standards-sdk-go/pkg/hcs16/tx.go:267.16,269.3 1 1
github.com/hashgraph-online/standards-sdk-go/pkg/hcs16/tx.go:271.2,272.28 2 1
github.com/hashgraph-online/standards-sdk-go/pkg/hcs16/tx.go:272.28,274.3 1 1
github.com/hashgraph-online/standards-sdk-go/pkg/hcs16/tx.go:276.2,285.18 2 1
github.com/hashgraph-online/standards-sdk-go/pkg/hcs16/tx.go:285.18,287.3 1 1
github.com/hashgraph-online/standards-sdk-go/pkg/hcs16/tx.go:289.2,290.16 2 1
github.com/hashgraph-online/standards-sdk-go/pkg/hcs16/tx.go:290.16,292.3 1 0
github.com/hashgraph-online/standards-sdk-go/pkg/hcs16/tx.go:294.2,299.25 2 1
github.com/hashgraph-online/standards-sdk-go/pkg/hcs16/tx.go:310.50,317.2 1 1
github.com/hashgraph-online/standards-sdk-go/pkg/hcs16/tx.go:327.50,334.2 1 1
github.com/hashgraph-online/standards-sdk-go/pkg/hcs16/tx.go:342.50,346.18 2 1
github.com/hashgraph-online/standards-sdk-go/pkg/hcs16/tx.go:346.18,348.3 1 1
github.com/hashgraph-online/standards-sdk-go/pkg/hcs16/tx.go:349.2,349.82 1 1
github.com/hashgraph-online/standards-sdk-go/pkg/hcs16/tx.go:352.58,354.19 2 1
github.com/hashgraph-online/standards-sdk-go/pkg/hcs16/tx.go:354.19,356.3 1 1
github.com/hashgraph-online/standards-sdk-go/pkg/hcs16/tx.go:357.2,357.16 1 1
github.com/hashgraph-online/standards-sdk-go/pkg/hcs16/tx.go:360.83,362.2 1 1
github.com/hashgraph-online/standards-sdk-go/pkg/hcs16/tx.go:364.72,370.2 1 1
github.com/hashgraph-online/standards-sdk-go/pkg/hcs16/tx.go:372.68,378.2 1 1
github.com/hashgraph-online/standards-sdk-go/pkg/hcs16/tx.go:380.59,384.2 1 1
github.com/hashgraph-online/standards-sdk-go/pkg/hcs16/tx.go:386.59,389.2 2 1
