mode: set
github.com/hashgraph-online/standards-sdk-go/pkg/hcs15/client.go:19.54,21.16 2 1
github.com/hashgraph-online/standards-sdk-go/pkg/hcs15/client.go:21.16,23.3 1 1
github.com/hashgraph-online/standards-sdk-go/pkg/hcs15/client.go:25.2,26.22 2 1
github.com/hashgraph-online/standards-sdk-go/pkg/hcs15/client.go:26.22,28.3 1 1
github.com/hashgraph-online/standards-sdk-go/pkg/hcs15/client.go:29.2,30.23 2 1
github.com/hashgraph-online/standards-sdk-go/pkg/hcs15/client.go:30.23,32.3 1 1
github.com/hashgraph-online/standards-sdk-go/pkg/hcs15/client.go:34.2,35.16 2 1
github.com/hashgraph-online/standards-sdk-go/pkg/hcs15/client.go:35.16,37.3 1 1
github.com/hashgraph-online/standards-sdk-go/pkg/hcs15/client.go:38.2,39.16 2 1
github.com/hashgraph-online/standards-sdk-go/pkg/hcs15/client.go:39.16,41.3 1 1
github.com/hashgraph-online/standards-sdk-go/pkg/hcs15/client.go:43.2,44.16 2 1
github.com/hashgraph-online/standards-sdk-go/pkg/hcs15/client.go:44.16,46.3 1 0
github.com/hashgraph-online/standards-sdk-go/pkg/hcs15/client.go:47.2,54.16 3 1
github.com/hashgraph-online/standards-sdk-go/pkg/hcs15/client.go:54.16,56.3 1 0
github.com/hashgraph-online/standards-sdk-go/pkg/hcs15/client.go:58.2,61.8 1 1
github.com/hashgraph-online/standards-sdk-go/pkg/hcs15/client.go:65.48,67.2 1 1
github.com/hashgraph-online/standards-sdk-go/pkg/hcs15/client.go:70.48,72.2 1 1
github.com/hashgraph-online/standards-sdk-go/pkg/hcs15/client.go:78.36,82.16 3 1
github.com/hashgraph-online/standards-sdk-go/pkg/hcs15/client.go:82.16,84.3 1 0
github.com/hashgraph-online/standards-sdk-go/pkg/hcs15/client.go:85.2,88.25 3 1
github.com/hashgraph-online/standards-sdk-go/pkg/hcs15/client.go:88.25,90.3 1 1
github.com/hashgraph-online/standards-sdk-go/pkg/hcs15/client.go:92.2,99.16 2 1
github.com/hashgraph-online/standards-sdk-go/pkg/hcs15/client.go:99.16,101.3 1 0
github.com/hashgraph-online/standards-sdk-go/pkg/hcs15/client.go:103.2,104.16 2 1
github.com/hashgraph-online/standards-sdk-go/pkg/hcs15/client.go:104.16,106.3 1 1
github.com/hashgraph-online/standards-sdk-go/pkg/hcs15/client.go:107.2,108.16 2 0
github.com/hashgraph-online/standards-sdk-go/pkg/hcs15/client.go:108.16,110.3 1 0
github.com/hashgraph-online/standards-sdk-go/pkg/hcs15/client.go:111.2,111.30 1 0
github.com/hashgraph-online/standards-sdk-go/pkg/hcs15/client.go:111.30,113.3 1 0
github.com/hashgraph-online/standards-sdk-go/pkg/hcs15/client.go:115.2,122.8 1 0
github.com/hashgraph-online/standards-sdk-go/pkg/hcs15/client.go:129.37,133.26 3 1
github.com/hashgraph-online/standards-sdk-go/pkg/hcs15/client.go:133.26,135.3 1 1
github.com/hashgraph-online/standards-sdk-go/pkg/hcs15/client.go:137.2,138.16 2 1
github.com/hashgraph-online/standards-sdk-go/pkg/hcs15/client.go:138.16,140.3 1 1
github.com/hashgraph-online/standards-sdk-go/pkg/hcs15/client.go:141.2,144.25 3 1
github.com/hashgraph-online/standards-sdk-go/pkg/hcs15/client.go:144.25,146.3 1 1
github.com/hashgraph-online/standards-sdk-go/pkg/hcs15/client.go:148.2,155.16 2 1
github.com/hashgraph-online/standards-sdk-go/pkg/hcs15/client.go:155.16,157.3 1 0
github.com/hashgraph-online/standards-sdk-go/pkg/hcs15/client.go:159.2,160.16 2 1
github.com/hashgraph-online/standards-sdk-go/pkg/hcs15/client.go:160.16,162.3 1 1
github.com/hashgraph-online/standards-sdk-go/pkg/hcs15/client.go:163.2,164.16 2 0
github.com/hashgraph-online/standards-sdk-go/pkg/hcs15/client.go:164.16,166.3 1 0
github.com/hashgraph-online/standards-sdk-go/pkg/hcs15/client.go:167.2,167.30 1 0
github.com/hashgraph-online/standards-sdk-go/pkg/hcs15/client.go:167.30,169.3 1 0
github.com/hashgraph-online/standards-sdk-go/pkg/hcs15/client.go:171.2,174.8 1 0
github.com/hashgraph-online/standards-sdk-go/pkg/hcs15/client.go:182.17,183.45 1 1
github.com/hashgraph-online/standards-sdk-go/pkg/hcs15/client.go:183.45,185.3 1 1
github.com/hashgraph-online/standards-sdk-go/pkg/hcs15/client.go:186.2,186.44 1 1
github.com/hashgraph-online/standards-sdk-go/pkg/hcs15/client.go:186.44,188.3 1 1
github.com/hashgraph-online/standards-sdk-go/pkg/hcs15/client.go:190.2,191.16 2 1
github.com/hashgraph-online/standards-sdk-go/pkg/hcs15/client.go:191.16,193.3 1 0
github.com/hashgraph-online/standards-sdk-go/pkg/hcs15/client.go:194.2,195.16 2 1
github.com/hashgraph-online/standards-sdk-go/pkg/hcs15/client.go:195.16,197.3 1 0
github.com/hashgraph-online/standards-sdk-go/pkg/hcs15/client.go:199.2,201.37 3 1
github.com/hashgraph-online/standards-sdk-go/pkg/hcs15/client.go:201.37,203.3 1 1
github.com/hashgraph-online/standards-sdk-go/pkg/hcs15/client.go:205.2,205.33 1 1
github.com/hashgraph-online/standards-sdk-go/pkg/hcs15/client.go:208.47,210.19 2 1
github.com/hashgraph-online/standards-sdk-go/pkg/hcs15/client.go:210.19,212.3 1 1
github.com/hashgraph-online/standards-sdk-go/pkg/hcs15/client.go:213.2,213.74 1 1
github.com/hashgraph-online/standards-sdk-go/pkg/hcs15/client.go:213.74,215.3 1 1
github.com/hashgraph-online/standards-sdk-go/pkg/hcs15/client.go:216.2,216.23 1 1
github.com/hashgraph-online/standards-sdk-go/pkg/hcs15/client.go:219.50,220.16 1 1
github.com/hashgraph-online/standards-sdk-go/pkg/hcs15/client.go:220.16,222.3 1 1
github.com/hashgraph-online/standards-sdk-go/pkg/hcs15/client.go:223.2,223.33 1 1
github.com/hashgraph-online/standards-sdk-go/pkg/hcs15/client.go:226.44,227.31 1 1
github.com/hashgraph-online/standards-sdk-go/pkg/hcs15/client.go:228.14,229.34 1 1
github.com/hashgraph-online/standards-sdk-go/pkg/hcs15/client.go:230.22,231.69 1 1
github.com/hashgraph-online/standards-sdk-go/pkg/hcs15/client.go:231.69,232.36 1 1
github.com/hashgraph-online/standards-sdk-go/pkg/hcs15/client.go:232.36,234.24 2 1
github.com/hashgraph-online/standards-sdk-go/pkg/hcs15/client.go:234.24,236.6 1 1
github.com/hashgraph-online/standards-sdk-go/pkg/hcs15/client.go:239.3,239.32 1 1
github.com/hashgraph-online/standards-sdk-go/pkg/hcs15/client.go:239.32,240.25 1 1
github.com/hashgraph-online/standards-sdk-go/pkg/hcs15/client.go:241.31,243.24 2 1
github.com/hashgraph-online/standards-sdk-go/pkg/hcs15/client.go:243.24,245.6 1 1
github.com/hashgraph-online/standards-sdk-go/pkg/hcs15/client.go:248.13,249.32 1 1
github.com/hashgraph-online/standards-sdk-go/pkg/hcs15/client.go:249.32,251.23 2 1
github.com/hashgraph-online/standards-sdk-go/pkg/hcs15/client.go:251.23,253.5 1 1
github.com/hashgraph-online/standards-sdk-go/pkg/hcs15/client.go:256.2,256.11 1 1
github.com/hashgraph-online/standards-sdk-go/pkg/hcs15/tx.go:11.107,12.37 1 1
github.com/hashgraph-online/standards-sdk-go/pkg/hcs15/tx.go:12.37,14.3 1 1
github.com/hashgraph-online/standards-sdk-go/pkg/hcs15/tx.go:16.2,17.25 2 1
github.com/hashgraph-online/standards-sdk-go/pkg/hcs15/tx.go:17.25,19.3 1 1
github.com/hashgraph-online/standards-sdk-go/pkg/hcs15/tx.go:21.2,27.49 2 1
github.com/hashgraph-online/standards-sdk-go/pkg/hcs15/tx.go:27.49,29.3 1 1
github.com/hashgraph-online/standards-sdk-go/pkg/hcs15/tx.go:30.2,30.49 1 1
github.com/hashgraph-online/standards-sdk-go/pkg/hcs15/tx.go:30.49,32.3 1 1
github.com/hashgraph-online/standards-sdk-go/pkg/hcs15/tx.go:34.2,34.25 1 1
github.com/hashgraph-online/standards-sdk-go/pkg/hcs15/tx.go:38.109,39.37 1 1
github.com/hashgraph-online/standards-sdk-go/pkg/hcs15/tx.go:39.37,41.3 1 1
github.com/hashgraph-online/standards-sdk-go/pkg/hcs15/tx.go:43.2,44.25 2 1
github.com/hashgraph-online/standards-sdk-go/pkg/hcs15/tx.go:44.25,46.3 1 1
github.com/hashgraph-online/standards-sdk-go/pkg/hcs15/tx.go:48.2,53.49 2 1
github.com/hashgraph-online/standards-sdk-go/pkg/hcs15/tx.go:53.49,55.3 1 1
github.com/hashgraph-online/standards-sdk-go/pkg/hcs15/tx.go:56.2,56.49 1 1
github.com/hashgraph-online/standards-sdk-go/pkg/hcs15/tx.go:56.49,58.3 1 1
github.com/hashgraph-online/standards-sdk-go/pkg/hcs15/tx.go:60.2,60.25 1 1
github.com/hashgraph-online/standards-sdk-go/pkg/hcs15/tx.go:79.58,81.19 2 1
github.com/hashgraph-online/standards-sdk-go/pkg/hcs15/tx.go:81.19,83.3 1 1
github.com/hashgraph-online/standards-sdk-go/pkg/hcs15/tx.go:84.2,84.16 1 1
