mode: set
github.com/hashgraph-online/standards-sdk-go/pkg/hcs17/client.go:27.54,29.16 2 1
github.com/hashgraph-online/standards-sdk-go/pkg/hcs17/client.go:29.16,31.3 1 1
github.com/hashgraph-online/standards-sdk-go/pkg/hcs17/client.go:33.2,34.22 2 1
github.com/hashgraph-online/standards-sdk-go/pkg/hcs17/client.go:34.22,36.3 1 1
github.com/hashgraph-online/standards-sdk-go/pkg/hcs17/client.go:37.2,38.23 2 1
github.com/hashgraph-online/standards-sdk-go/pkg/hcs17/client.go:38.23,40.3 1 1
github.com/hashgraph-online/standards-sdk-go/pkg/hcs17/client.go:42.2,43.16 2 1
github.com/hashgraph-online/standards-sdk-go/pkg/hcs17/client.go:43.16,45.3 1 1
github.com/hashgraph-online/standards-sdk-go/pkg/hcs17/client.go:46.2,47.16 2 1
github.com/hashgraph-online/standards-sdk-go/pkg/hcs17/client.go:47.16,49.3 1 1
github.com/hashgraph-online/standards-sdk-go/pkg/hcs17/client.go:51.2,52.16 2 1
github.com/hashgraph-online/standards-sdk-go/pkg/hcs17/client.go:52.16,54.3 1 0
github.com/hashgraph-online/standards-sdk-go/pkg/hcs17/client.go:55.2,62.16 3 1
github.com/hashgraph-online/standards-sdk-go/pkg/hcs17/client.go:62.16,64.3 1 0
github.com/hashgraph-online/standards-sdk-go/pkg/hcs17/client.go:66.2,71.8 1 1
github.com/hashgraph-online/standards-sdk-go/pkg/hcs17/client.go:75.48,77.2 1 1
github.com/hashgraph-online/standards-sdk-go/pkg/hcs17/client.go:80.48,82.2 1 1
github.com/hashgraph-online/standards-sdk-go/pkg/hcs17/client.go:88.19,93.16 4 1
github.com/hashgraph-online/standards-sdk-go/pkg/hcs17/client.go:93.16,95.3 1 1
github.com/hashgraph-online/standards-sdk-go/pkg/hcs17/client.go:96.2,97.16 2 0
github.com/hashgraph-online/standards-sdk-go/pkg/hcs17/client.go:97.16,99.3 1 0
github.com/hashgraph-online/standards-sdk-go/pkg/hcs17/client.go:100.2,100.28 1 0
github.com/hashgraph-online/standards-sdk-go/pkg/hcs17/client.go:100.28,102.3 1 0
github.com/hashgraph-online/standards-sdk-go/pkg/hcs17/client.go:103.2,103.38 1 0
github.com/hashgraph-online/standards-sdk-go/pkg/hcs17/client.go:112.38,116.16 3 1
github.com/hashgraph-online/standards-sdk-go/pkg/hcs17/client.go:116.16,118.3 1 1
github.com/hashgraph-online/standards-sdk-go/pkg/hcs17/client.go:119.2,120.16 2 0
github.com/hashgraph-online/standards-sdk-go/pkg/hcs17/client.go:120.16,122.3 1 0
github.com/hashgraph-online/standards-sdk-go/pkg/hcs17/client.go:123.2,124.16 2 0
github.com/hashgraph-online/standards-sdk-go/pkg/hcs17/client.go:124.16,126.3 1 0
github.com/hashgraph-online/standards-sdk-go/pkg/hcs17/client.go:127.2,127.21 1 0
github.com/hashgraph-online/standards-sdk-go/pkg/hcs17/client.go:134.36,136.41 2 1
github.com/hashgraph-online/standards-sdk-go/pkg/hcs17/client.go:136.41,141.17 2 1
github.com/hashgraph-online/standards-sdk-go/pkg/hcs17/client.go:141.17,143.4 1 1
github.com/hashgraph-online/standards-sdk-go/pkg/hcs17/client.go:144.3,145.24 2 1
github.com/hashgraph-online/standards-sdk-go/pkg/hcs17/client.go:145.24,147.4 1 1
github.com/hashgraph-online/standards-sdk-go/pkg/hcs17/client.go:148.3,151.5 1 1
github.com/hashgraph-online/standards-sdk-go/pkg/hcs17/client.go:154.2,159.16 2 1
github.com/hashgraph-online/standards-sdk-go/pkg/hcs17/client.go:159.16,161.3 1 1
github.com/hashgraph-online/standards-sdk-go/pkg/hcs17/client.go:163.2,171.16 3 1
github.com/hashgraph-online/standards-sdk-go/pkg/hcs17/client.go:171.16,173.3 1 1
github.com/hashgraph-online/standards-sdk-go/pkg/hcs17/client.go:175.2,178.8 1 0
github.com/hashgraph-online/standards-sdk-go/pkg/hcs17/client.go:182.95,184.16 2 1
github.com/hashgraph-online/standards-sdk-go/pkg/hcs17/client.go:184.16,186.3 1 1
github.com/hashgraph-online/standards-sdk-go/pkg/hcs17/client.go:187.2,188.16 2 1
github.com/hashgraph-online/standards-sdk-go/pkg/hcs17/client.go:188.16,190.3 1 1
github.com/hashgraph-online/standards-sdk-go/pkg/hcs17/client.go:191.2,191.26 1 1
github.com/hashgraph-online/standards-sdk-go/pkg/hcs17/client.go:200.28,202.21 2 1
github.com/hashgraph-online/standards-sdk-go/pkg/hcs17/client.go:202.21,204.3 1 1
github.com/hashgraph-online/standards-sdk-go/pkg/hcs17/client.go:205.2,206.22 2 1
github.com/hashgraph-online/standards-sdk-go/pkg/hcs17/client.go:206.22,208.3 1 1
github.com/hashgraph-online/standards-sdk-go/pkg/hcs17/client.go:210.2,214.16 2 1
github.com/hashgraph-online/standards-sdk-go/pkg/hcs17/client.go:214.16,216.3 1 1
github.com/hashgraph-online/standards-sdk-go/pkg/hcs17/client.go:218.2,219.29 2 1
github.com/hashgraph-online/standards-sdk-go/pkg/hcs17/client.go:219.29,221.23 2 1
github.com/hashgraph-online/standards-sdk-go/pkg/hcs17/client.go:221.23,222.12 1 1
github.com/hashgraph-online/standards-sdk-go/pkg/hcs17/client.go:224.3,225.77 2 1
github.com/hashgraph-online/standards-sdk-go/pkg/hcs17/client.go:225.77,226.12 1 0
github.com/hashgraph-online/standards-sdk-go/pkg/hcs17/client.go:228.3,228.87 1 1
github.com/hashgraph-online/standards-sdk-go/pkg/hcs17/client.go:228.87,229.12 1 1
github.com/hashgraph-online/standards-sdk-go/pkg/hcs17/client.go:232.3,237.5 1 1
github.com/hashgraph-online/standards-sdk-go/pkg/hcs17/client.go:240.2,240.21 1 1
github.com/hashgraph-online/standards-sdk-go/pkg/hcs17/client.go:244.96,246.16 2 1
github.com/hashgraph-online/standards-sdk-go/pkg/hcs17/client.go:246.16,248.3 1 1
github.com/hashgraph-online/standards-sdk-go/pkg/hcs17/client.go:249.2,249.21 1 1
github.com/hashgraph-online/standards-sdk-go/pkg/hcs17/client.go:249.21,251.3 1 0
github.com/hashgraph-online/standards-sdk-go/pkg/hcs17/client.go:252.2,252.23 1 1
github.com/hashgraph-online/standards-sdk-go/pkg/hcs17/client.go:256.94,257.46 1 1
github.com/hashgraph-online/standards-sdk-go/pkg/hcs17/client.go:257.46,259.3 1 1
github.com/hashgraph-online/standards-sdk-go/pkg/hcs17/client.go:260.2,261.16 2 1
github.com/hashgraph-online/standards-sdk-go/pkg/hcs17/client.go:261.16,263.3 1 1
github.com/hashgraph-online/standards-sdk-go/pkg/hcs17/client.go:265.2,266.59 2 1
github.com/hashgraph-online/standards-sdk-go/pkg/hcs17/client.go:266.59,268.3 1 1
github.com/hashgraph-online/standards-sdk-go/pkg/hcs17/client.go:270.2,271.37 2 1
github.com/hashgraph-online/standards-sdk-go/pkg/hcs17/client.go:271.37,274.3 2 1
github.com/hashgraph-online/standards-sdk-go/pkg/hcs17/client.go:275.2,285.8 4 1
github.com/hashgraph-online/standards-sdk-go/pkg/hcs17/client.go:289.107,290.55 1 1
github.com/hashgraph-online/standards-sdk-go/pkg/hcs17/client.go:290.55,292.3 1 1
github.com/hashgraph-online/standards-sdk-go/pkg/hcs17/client.go:294.2,295.60 2 1
github.com/hashgraph-online/standards-sdk-go/pkg/hcs17/client.go:295.60,297.3 1 1
github.com/hashgraph-online/standards-sdk-go/pkg/hcs17/client.go:299.2,300.59 2 1
github.com/hashgraph-online/standards-sdk-go/pkg/hcs17/client.go:300.59,302.3 1 1
github.com/hashgraph-online/standards-sdk-go/pkg/hcs17/client.go:304.2,305.39 2 1
github.com/hashgraph-online/standards-sdk-go/pkg/hcs17/client.go:305.39,308.3 2 1
github.com/hashgraph-online/standards-sdk-go/pkg/hcs17/client.go:309.2,309.37 1 1
github.com/hashgraph-online/standards-sdk-go/pkg/hcs17/client.go:309.37,312.3 2 1
github.com/hashgraph-online/standards-sdk-go/pkg/hcs17/client.go:313.2,325.8 4 1
github.com/hashgraph-online/standards-sdk-go/pkg/hcs17/client.go:329.98,330.20 1 1
github.com/hashgraph-online/standards-sdk-go/pkg/hcs17/client.go:330.20,332.3 1 1
github.com/hashgraph-online/standards-sdk-go/pkg/hcs17/client.go:333.2,333.20 1 1
github.com/hashgraph-online/standards-sdk-go/pkg/hcs17/client.go:333.20,335.3 1 1
github.com/hashgraph-online/standards-sdk-go/pkg/hcs17/client.go:337.2,338.27 2 1
github.com/hashgraph-online/standards-sdk-go/pkg/hcs17/client.go:338.27,340.3 1 1
github.com/hashgraph-online/standards-sdk-go/pkg/hcs17/client.go:341.2,348.16 4 1
github.com/hashgraph-online/standards-sdk-go/pkg/hcs17/client.go:348.16,350.3 1 0
github.com/hashgraph-online/standards-sdk-go/pkg/hcs17/client.go:352.2,353.41 2 1
github.com/hashgraph-online/standards-sdk-go/pkg/hcs17/client.go:363.20,374.2 1 1
github.com/hashgraph-online/standards-sdk-go/pkg/hcs17/client.go:377.80,378.31 1 1
github.com/hashgraph-online/standards-sdk-go/pkg/hcs17/client.go:379.25,381.17 2 1
github.com/hashgraph-online/standards-sdk-go/pkg/hcs17/client.go:381.17,383.4 1 1
github.com/hashgraph-online/standards-sdk-go/pkg/hcs17/client.go:384.3,384.51 1 1
github.com/hashgraph-online/standards-sdk-go/pkg/hcs17/client.go:385.27,387.17 2 1
github.com/hashgraph-online/standards-sdk-go/pkg/hcs17/client.go:387.17,389.4 1 1
github.com/hashgraph-online/standards-sdk-go/pkg/hcs17/client.go:390.3,390.51 1 1
github.com/hashgraph-online/standards-sdk-go/pkg/hcs17/client.go:391.10,392.64 1 1
github.com/hashgraph-online/standards-sdk-go/pkg/hcs17/client.go:396.57,397.31 1 1
github.com/hashgraph-online/standards-sdk-go/pkg/hcs17/client.go:398.14,399.37 1 1
github.com/hashgraph-online/standards-sdk-go/pkg/hcs17/client.go:399.37,401.4 1 1
github.com/hashgraph-online/standards-sdk-go/pkg/hcs17/client.go:402.3,402.39 1 1
github.com/hashgraph-online/standards-sdk-go/pkg/hcs17/client.go:403.24,404.46 1 1
github.com/hashgraph-online/standards-sdk-go/pkg/hcs17/client.go:404.46,406.4 1 0
github.com/hashgraph-online/standards-sdk-go/pkg/hcs17/client.go:407.3,407.29 1 1
github.com/hashgraph-online/standards-sdk-go/pkg/hcs17/client.go:408.10,409.75 1 1
github.com/hashgraph-online/standards-sdk-go/pkg/hcs17/tx.go:13.89,15.21 2 1
github.com/hashgraph-online/standards-sdk-go/pkg/hcs17/tx.go:15.21,17.3 1 0
github.com/hashgraph-online/standards-sdk-go/pkg/hcs17/tx.go:19.2,20.29 2 1
github.com/hashgraph-online/standards-sdk-go/pkg/hcs17/tx.go:20.29,22.3 1 1
github.com/hashgraph-online/standards-sdk-go/pkg/hcs17/tx.go:23.2,23.30 1 1
github.com/hashgraph-online/standards-sdk-go/pkg/hcs17/tx.go:23.30,25.3 1 1
github.com/hashgraph-online/standards-sdk-go/pkg/hcs17/tx.go:26.2,26.54 1 1
github.com/hashgraph-online/standards-sdk-go/pkg/hcs17/tx.go:26.54,28.3 1 0
github.com/hashgraph-online/standards-sdk-go/pkg/hcs17/tx.go:29.2,29.20 1 1
github.com/hashgraph-online/standards-sdk-go/pkg/hcs17/tx.go:33.143,34.38 1 1
github.com/hashgraph-online/standards-sdk-go/pkg/hcs17/tx.go:34.38,36.3 1 1
github.com/hashgraph-online/standards-sdk-go/pkg/hcs17/tx.go:37.2,37.86 1 1
github.com/hashgraph-online/standards-sdk-go/pkg/hcs17/tx.go:37.86,39.3 1 1
github.com/hashgraph-online/standards-sdk-go/pkg/hcs17/tx.go:41.2,42.16 2 1
github.com/hashgraph-online/standards-sdk-go/pkg/hcs17/tx.go:42.16,44.3 1 0
github.com/hashgraph-online/standards-sdk-go/pkg/hcs17/tx.go:46.2,56.48 2 1
github.com/hashgraph-online/standards-sdk-go/pkg/hcs17/tx.go:56.48,58.3 1 1
github.com/hashgraph-online/standards-sdk-go/pkg/hcs17/tx.go:60.2,61.16 2 1
github.com/hashgraph-online/standards-sdk-go/pkg/hcs17/tx.go:61.16,63.3 1 0
github.com/hashgraph-online/standards-sdk-go/pkg/hcs17/tx.go:65.2,68.46 2 1
github.com/hashgraph-online/standards-sdk-go/pkg/hcs17/tx.go:68.46,70.3 1 0
github.com/hashgraph-online/standards-sdk-go/pkg/hcs17/tx.go:72.2,72.25 1 1
github.com/hashgraph-online/standards-sdk-go/pkg/hcs17/types.go:108.49,109.21 1 1
github.com/hashgraph-online/standards-sdk-go/pkg/hcs17/types.go:109.21,111.3 1 0
github.com/hashgraph-online/standards-sdk-go/pkg/hcs17/types.go:112.2,112.69 1 1
github.com/hashgraph-online/standards-sdk-go/pkg/hcs17/types.go:116.54,119.23 3 1
github.com/hashgraph-online/standards-sdk-go/pkg/hcs17/types.go:119.23,121.3 1 1
github.com/hashgraph-online/standards-sdk-go/pkg/hcs17/types.go:123.2,123.23 1 1
github.com/hashgraph-online/standards-sdk-go/pkg/hcs17/types.go:123.23,125.3 1 0
github.com/hashgraph-online/standards-sdk-go/pkg/hcs17/types.go:127.2,129.35 3 1
github.com/hashgraph-online/standards-sdk-go/pkg/hcs17/types.go:129.35,131.3 1 0
github.com/hashgraph-online/standards-sdk-go/pkg/hcs17/types.go:133.2,136.8 1 1
github.com/hashgraph-online/standards-sdk-go/pkg/hcs17/types.go:140.66,142.34 2 1
github.com/hashgraph-online/standards-sdk-go/pkg/hcs17/types.go:142.34,144.3 1 1
github.com/hashgraph-online/standards-sdk-go/pkg/hcs17/types.go:145.2,145.39 1 1
github.com/hashgraph-online/standards-sdk-go/pkg/hcs17/types.go:145.39,147.3 1 1
github.com/hashgraph-online/standards-sdk-go/pkg/hcs17/types.go:148.2,148.48 1 1
github.com/hashgraph-online/standards-sdk-go/pkg/hcs17/types.go:148.48,150.3 1 1
github.com/hashgraph-online/standards-sdk-go/pkg/hcs17/types.go:151.2,151.48 1 1
github.com/hashgraph-online/standards-sdk-go/pkg/hcs17/types.go:151.48,153.3 1 1
github.com/hashgraph-online/standards-sdk-go/pkg/hcs17/types.go:154.2,154.27 1 1
github.com/hashgraph-online/standards-sdk-go/pkg/hcs17/types.go:154.27,156.3 1 1
github.com/hashgraph-online/standards-sdk-go/pkg/hcs17/types.go:157.2,157.48 1 1
github.com/hashgraph-online/standards-sdk-go/pkg/hcs17/types.go:157.48,159.3 1 0
github.com/hashgraph-online/standards-sdk-go/pkg/hcs17/types.go:160.2,160.15 1 1
