mode: set
github.com/hashgraph-online/standards-sdk-go/pkg/hcs14/aid_dns_web_resolver.go:40.80,42.19 2 1
github.com/hashgraph-online/standards-sdk-go/pkg/hcs14/aid_dns_web_resolver.go:42.19,44.3 1 1
github.com/hashgraph-online/standards-sdk-go/pkg/hcs14/aid_dns_web_resolver.go:46.2,52.39 2 1
github.com/hashgraph-online/standards-sdk-go/pkg/hcs14/aid_dns_web_resolver.go:52.39,54.51 2 0
github.com/hashgraph-online/standards-sdk-go/pkg/hcs14/aid_dns_web_resolver.go:54.51,56.24 2 0
github.com/hashgraph-online/standards-sdk-go/pkg/hcs14/aid_dns_web_resolver.go:56.24,58.5 1 0
github.com/hashgraph-online/standards-sdk-go/pkg/hcs14/aid_dns_web_resolver.go:62.2,67.3 1 1
github.com/hashgraph-online/standards-sdk-go/pkg/hcs14/aid_dns_web_resolver.go:71.55,73.2 1 1
github.com/hashgraph-online/standards-sdk-go/pkg/hcs14/aid_dns_web_resolver.go:76.79,77.28 1 0
github.com/hashgraph-online/standards-sdk-go/pkg/hcs14/aid_dns_web_resolver.go:77.28,79.3 1 0
github.com/hashgraph-online/standards-sdk-go/pkg/hcs14/aid_dns_web_resolver.go:80.2,80.42 1 0
github.com/hashgraph-online/standards-sdk-go/pkg/hcs14/aid_dns_web_resolver.go:88.34,90.28 2 1
github.com/hashgraph-online/standards-sdk-go/pkg/hcs14/aid_dns_web_resolver.go:90.28,92.3 1 0
github.com/hashgraph-online/standards-sdk-go/pkg/hcs14/aid_dns_web_resolver.go:94.2,95.23 2 1
github.com/hashgraph-online/standards-sdk-go/pkg/hcs14/aid_dns_web_resolver.go:95.23,97.3 1 0
github.com/hashgraph-online/standards-sdk-go/pkg/hcs14/aid_dns_web_resolver.go:99.2,101.16 3 1
github.com/hashgraph-online/standards-sdk-go/pkg/hcs14/aid_dns_web_resolver.go:101.16,103.3 1 0
github.com/hashgraph-online/standards-sdk-go/pkg/hcs14/aid_dns_web_resolver.go:104.2,104.26 1 1
github.com/hashgraph-online/standards-sdk-go/pkg/hcs14/aid_dns_web_resolver.go:104.26,106.3 1 0
github.com/hashgraph-online/standards-sdk-go/pkg/hcs14/aid_dns_web_resolver.go:108.2,110.39 3 1
github.com/hashgraph-online/standards-sdk-go/pkg/hcs14/aid_dns_web_resolver.go:110.39,112.21 2 1
github.com/hashgraph-online/standards-sdk-go/pkg/hcs14/aid_dns_web_resolver.go:112.21,113.42 1 0
github.com/hashgraph-online/standards-sdk-go/pkg/hcs14/aid_dns_web_resolver.go:113.42,115.5 1 0
github.com/hashgraph-online/standards-sdk-go/pkg/hcs14/aid_dns_web_resolver.go:116.4,116.12 1 0
github.com/hashgraph-online/standards-sdk-go/pkg/hcs14/aid_dns_web_resolver.go:118.3,118.46 1 1
github.com/hashgraph-online/standards-sdk-go/pkg/hcs14/aid_dns_web_resolver.go:120.2,120.28 1 1
github.com/hashgraph-online/standards-sdk-go/pkg/hcs14/aid_dns_web_resolver.go:120.28,123.22 3 0
github.com/hashgraph-online/standards-sdk-go/pkg/hcs14/aid_dns_web_resolver.go:123.22,126.4 2 0
github.com/hashgraph-online/standards-sdk-go/pkg/hcs14/aid_dns_web_resolver.go:127.3,127.97 1 0
github.com/hashgraph-online/standards-sdk-go/pkg/hcs14/aid_dns_web_resolver.go:130.2,130.64 1 1
github.com/hashgraph-online/standards-sdk-go/pkg/hcs14/aid_dns_web_resolver.go:130.64,134.3 3 0
github.com/hashgraph-online/standards-sdk-go/pkg/hcs14/aid_dns_web_resolver.go:135.2,146.38 5 1
github.com/hashgraph-online/standards-sdk-go/pkg/hcs14/aid_dns_web_resolver.go:146.38,148.23 2 0
github.com/hashgraph-online/standards-sdk-go/pkg/hcs14/aid_dns_web_resolver.go:148.23,150.4 1 0
github.com/hashgraph-online/standards-sdk-go/pkg/hcs14/aid_dns_web_resolver.go:151.3,151.16 1 0
github.com/hashgraph-online/standards-sdk-go/pkg/hcs14/aid_dns_web_resolver.go:151.16,153.4 1 0
github.com/hashgraph-online/standards-sdk-go/pkg/hcs14/aid_dns_web_resolver.go:154.3,155.40 2 0
github.com/hashgraph-online/standards-sdk-go/pkg/hcs14/aid_dns_web_resolver.go:158.2,158.70 1 1
github.com/hashgraph-online/standards-sdk-go/pkg/hcs14/aid_dns_web_resolver.go:158.70,160.23 2 0
github.com/hashgraph-online/standards-sdk-go/pkg/hcs14/aid_dns_web_resolver.go:160.23,162.4 1 0
github.com/hashgraph-online/standards-sdk-go/pkg/hcs14/aid_dns_web_resolver.go:163.3,163.16 1 0
github.com/hashgraph-online/standards-sdk-go/pkg/hcs14/aid_dns_web_resolver.go:163.16,165.4 1 0
github.com/hashgraph-online/standards-sdk-go/pkg/hcs14/aid_dns_web_resolver.go:166.3,167.33 2 0
github.com/hashgraph-online/standards-sdk-go/pkg/hcs14/aid_dns_web_resolver.go:170.2,190.20 2 1
github.com/hashgraph-online/standards-sdk-go/pkg/hcs14/aid_dns_web_resolver.go:193.89,197.20 4 1
github.com/hashgraph-online/standards-sdk-go/pkg/hcs14/aid_dns_web_resolver.go:197.20,199.3 1 0
github.com/hashgraph-online/standards-sdk-go/pkg/hcs14/aid_dns_web_resolver.go:200.2,202.55 2 1
github.com/hashgraph-online/standards-sdk-go/pkg/hcs14/aid_dns_web_resolver.go:202.55,204.3 1 0
github.com/hashgraph-online/standards-sdk-go/pkg/hcs14/aid_dns_web_resolver.go:205.2,205.57 1 1
github.com/hashgraph-online/standards-sdk-go/pkg/hcs14/aid_dns_web_resolver.go:205.57,207.3 1 0
github.com/hashgraph-online/standards-sdk-go/pkg/hcs14/aid_dns_web_resolver.go:209.2,210.16 2 1
github.com/hashgraph-online/standards-sdk-go/pkg/hcs14/aid_dns_web_resolver.go:210.16,212.3 1 0
github.com/hashgraph-online/standards-sdk-go/pkg/hcs14/aid_dns_web_resolver.go:213.2,214.53 2 1
github.com/hashgraph-online/standards-sdk-go/pkg/hcs14/aid_dns_web_resolver.go:214.53,216.3 1 0
github.com/hashgraph-online/standards-sdk-go/pkg/hcs14/aid_dns_web_resolver.go:218.2,224.7 1 1
github.com/hashgraph-online/standards-sdk-go/pkg/hcs14/aid_dns_web_resolver.go:227.110,240.2 1 0
github.com/hashgraph-online/standards-sdk-go/pkg/hcs14/ans_dns_web_resolver.go:47.80,49.19 2 1
github.com/hashgraph-online/standards-sdk-go/pkg/hcs14/ans_dns_web_resolver.go:49.19,51.3 1 1
github.com/hashgraph-online/standards-sdk-go/pkg/hcs14/ans_dns_web_resolver.go:53.2,54.23 2 1
github.com/hashgraph-online/standards-sdk-go/pkg/hcs14/ans_dns_web_resolver.go:54.23,56.3 1 1
github.com/hashgraph-online/standards-sdk-go/pkg/hcs14/ans_dns_web_resolver.go:58.2,59.39 2 1
github.com/hashgraph-online/standards-sdk-go/pkg/hcs14/ans_dns_web_resolver.go:59.39,61.51 2 1
github.com/hashgraph-online/standards-sdk-go/pkg/hcs14/ans_dns_web_resolver.go:61.51,63.24 2 1
github.com/hashgraph-online/standards-sdk-go/pkg/hcs14/ans_dns_web_resolver.go:63.24,65.5 1 1
github.com/hashgraph-online/standards-sdk-go/pkg/hcs14/ans_dns_web_resolver.go:69.2,73.3 1 1
github.com/hashgraph-online/standards-sdk-go/pkg/hcs14/ans_dns_web_resolver.go:77.55,79.2 1 1
github.com/hashgraph-online/standards-sdk-go/pkg/hcs14/ans_dns_web_resolver.go:82.79,83.28 1 0
github.com/hashgraph-online/standards-sdk-go/pkg/hcs14/ans_dns_web_resolver.go:83.28,85.3 1 0
github.com/hashgraph-online/standards-sdk-go/pkg/hcs14/ans_dns_web_resolver.go:86.2,86.59 1 0
github.com/hashgraph-online/standards-sdk-go/pkg/hcs14/ans_dns_web_resolver.go:86.59,88.3 1 0
github.com/hashgraph-online/standards-sdk-go/pkg/hcs14/ans_dns_web_resolver.go:89.2,89.42 1 0
github.com/hashgraph-online/standards-sdk-go/pkg/hcs14/ans_dns_web_resolver.go:97.34,99.2 1 1
github.com/hashgraph-online/standards-sdk-go/pkg/hcs14/ans_dns_web_resolver.go:105.34,107.16 2 1
github.com/hashgraph-online/standards-sdk-go/pkg/hcs14/ans_dns_web_resolver.go:107.16,109.3 1 0
github.com/hashgraph-online/standards-sdk-go/pkg/hcs14/ans_dns_web_resolver.go:110.2,110.28 1 1
github.com/hashgraph-online/standards-sdk-go/pkg/hcs14/ans_dns_web_resolver.go:110.28,112.3 1 0
github.com/hashgraph-online/standards-sdk-go/pkg/hcs14/ans_dns_web_resolver.go:113.2,113.59 1 1
github.com/hashgraph-online/standards-sdk-go/pkg/hcs14/ans_dns_web_resolver.go:113.59,115.3 1 0
github.com/hashgraph-online/standards-sdk-go/pkg/hcs14/ans_dns_web_resolver.go:117.2,118.23 2 1
github.com/hashgraph-online/standards-sdk-go/pkg/hcs14/ans_dns_web_resolver.go:118.23,120.3 1 0
github.com/hashgraph-online/standards-sdk-go/pkg/hcs14/ans_dns_web_resolver.go:122.2,123.29 2 1
github.com/hashgraph-online/standards-sdk-go/pkg/hcs14/ans_dns_web_resolver.go:123.29,125.3 1 0
github.com/hashgraph-online/standards-sdk-go/pkg/hcs14/ans_dns_web_resolver.go:127.2,128.39 2 1
github.com/hashgraph-online/standards-sdk-go/pkg/hcs14/ans_dns_web_resolver.go:128.39,130.3 1 0
github.com/hashgraph-online/standards-sdk-go/pkg/hcs14/ans_dns_web_resolver.go:132.2,133.102 2 1
github.com/hashgraph-online/standards-sdk-go/pkg/hcs14/ans_dns_web_resolver.go:133.102,135.3 1 0
github.com/hashgraph-online/standards-sdk-go/pkg/hcs14/ans_dns_web_resolver.go:137.2,140.16 4 1
github.com/hashgraph-online/standards-sdk-go/pkg/hcs14/ans_dns_web_resolver.go:140.16,142.3 1 0
github.com/hashgraph-online/standards-sdk-go/pkg/hcs14/ans_dns_web_resolver.go:143.2,143.26 1 1
github.com/hashgraph-online/standards-sdk-go/pkg/hcs14/ans_dns_web_resolver.go:143.26,145.3 1 0
github.com/hashgraph-online/standards-sdk-go/pkg/hcs14/ans_dns_web_resolver.go:147.2,148.39 2 1
github.com/hashgraph-online/standards-sdk-go/pkg/hcs14/ans_dns_web_resolver.go:148.39,150.20 2 1
github.com/hashgraph-online/standards-sdk-go/pkg/hcs14/ans_dns_web_resolver.go:150.20,152.4 1 1
github.com/hashgraph-online/standards-sdk-go/pkg/hcs14/ans_dns_web_resolver.go:154.2,154.28 1 1
github.com/hashgraph-online/standards-sdk-go/pkg/hcs14/ans_dns_web_resolver.go:154.28,156.3 1 0
github.com/hashgraph-online/standards-sdk-go/pkg/hcs14/ans_dns_web_resolver.go:158.2,159.23 2 1
github.com/hashgraph-online/standards-sdk-go/pkg/hcs14/ans_dns_web_resolver.go:159.23,161.39 2 1
github.com/hashgraph-online/standards-sdk-go/pkg/hcs14/ans_dns_web_resolver.go:161.39,162.28 1 1
github.com/hashgraph-online/standards-sdk-go/pkg/hcs14/ans_dns_web_resolver.go:162.28,164.5 1 1
github.com/hashgraph-online/standards-sdk-go/pkg/hcs14/ans_dns_web_resolver.go:166.3,166.33 1 1
github.com/hashgraph-online/standards-sdk-go/pkg/hcs14/ans_dns_web_resolver.go:166.33,173.4 1 0
github.com/hashgraph-online/standards-sdk-go/pkg/hcs14/ans_dns_web_resolver.go:175.3,176.43 2 1
github.com/hashgraph-online/standards-sdk-go/pkg/hcs14/ans_dns_web_resolver.go:176.43,177.37 1 1
github.com/hashgraph-online/standards-sdk-go/pkg/hcs14/ans_dns_web_resolver.go:177.37,179.5 1 1
github.com/hashgraph-online/standards-sdk-go/pkg/hcs14/ans_dns_web_resolver.go:181.3,181.32 1 1
github.com/hashgraph-online/standards-sdk-go/pkg/hcs14/ans_dns_web_resolver.go:181.32,188.4 1 0
github.com/hashgraph-online/standards-sdk-go/pkg/hcs14/ans_dns_web_resolver.go:191.2,191.67 1 1
github.com/hashgraph-online/standards-sdk-go/pkg/hcs14/ans_dns_web_resolver.go:191.67,193.3 1 0
github.com/hashgraph-online/standards-sdk-go/pkg/hcs14/ans_dns_web_resolver.go:194.2,197.16 3 1
github.com/hashgraph-online/standards-sdk-go/pkg/hcs14/ans_dns_web_resolver.go:197.16,204.3 1 0
github.com/hashgraph-online/standards-sdk-go/pkg/hcs14/ans_dns_web_resolver.go:206.2,207.16 2 1
github.com/hashgraph-online/standards-sdk-go/pkg/hcs14/ans_dns_web_resolver.go:207.16,214.3 1 0
github.com/hashgraph-online/standards-sdk-go/pkg/hcs14/ans_dns_web_resolver.go:216.2,216.24 1 1
github.com/hashgraph-online/standards-sdk-go/pkg/hcs14/ans_dns_web_resolver.go:216.24,217.26 1 1
github.com/hashgraph-online/standards-sdk-go/pkg/hcs14/ans_dns_web_resolver.go:217.26,224.4 1 0
github.com/hashgraph-online/standards-sdk-go/pkg/hcs14/ans_dns_web_resolver.go:225.8,225.41 1 1
github.com/hashgraph-online/standards-sdk-go/pkg/hcs14/ans_dns_web_resolver.go:225.41,227.25 2 1
github.com/hashgraph-online/standards-sdk-go/pkg/hcs14/ans_dns_web_resolver.go:227.25,234.4 1 0
github.com/hashgraph-online/standards-sdk-go/pkg/hcs14/ans_dns_web_resolver.go:237.2,239.47 3 1
github.com/hashgraph-online/standards-sdk-go/pkg/hcs14/ans_dns_web_resolver.go:239.47,240.73 1 1
github.com/hashgraph-online/standards-sdk-go/pkg/hcs14/ans_dns_web_resolver.go:240.73,242.4 1 1
github.com/hashgraph-online/standards-sdk-go/pkg/hcs14/ans_dns_web_resolver.go:244.2,244.34 1 1
github.com/hashgraph-online/standards-sdk-go/pkg/hcs14/ans_dns_web_resolver.go:244.34,251.3 1 0
github.com/hashgraph-online/standards-sdk-go/pkg/hcs14/ans_dns_web_resolver.go:253.2,254.29 2 1
github.com/hashgraph-online/standards-sdk-go/pkg/hcs14/ans_dns_web_resolver.go:254.29,256.3 1 0
github.com/hashgraph-online/standards-sdk-go/pkg/hcs14/ans_dns_web_resolver.go:258.2,277.8 1 1
github.com/hashgraph-online/standards-sdk-go/pkg/hcs14/ans_dns_web_resolver.go:280.106,282.16 2 1
github.com/hashgraph-online/standards-sdk-go/pkg/hcs14/ans_dns_web_resolver.go:282.16,284.3 1 0
github.com/hashgraph-online/standards-sdk-go/pkg/hcs14/ans_dns_web_resolver.go:285.2,288.16 3 1
github.com/hashgraph-online/standards-sdk-go/pkg/hcs14/ans_dns_web_resolver.go:288.16,290.3 1 0
github.com/hashgraph-online/standards-sdk-go/pkg/hcs14/ans_dns_web_resolver.go:291.2,294.16 3 1
github.com/hashgraph-online/standards-sdk-go/pkg/hcs14/ans_dns_web_resolver.go:294.16,296.3 1 0
github.com/hashgraph-online/standards-sdk-go/pkg/hcs14/ans_dns_web_resolver.go:297.2,297.61 1 1
github.com/hashgraph-online/standards-sdk-go/pkg/hcs14/ans_dns_web_resolver.go:297.61,299.3 1 0
github.com/hashgraph-online/standards-sdk-go/pkg/hcs14/ans_dns_web_resolver.go:301.2,302.55 2 1
github.com/hashgraph-online/standards-sdk-go/pkg/hcs14/ans_dns_web_resolver.go:302.55,304.3 1 0
github.com/hashgraph-online/standards-sdk-go/pkg/hcs14/ans_dns_web_resolver.go:305.2,305.21 1 1
github.com/hashgraph-online/standards-sdk-go/pkg/hcs14/ans_dns_web_resolver.go:308.53,310.63 2 1
github.com/hashgraph-online/standards-sdk-go/pkg/hcs14/ans_dns_web_resolver.go:310.63,312.3 1 0
github.com/hashgraph-online/standards-sdk-go/pkg/hcs14/ans_dns_web_resolver.go:314.2,315.18 2 1
github.com/hashgraph-online/standards-sdk-go/pkg/hcs14/ans_dns_web_resolver.go:315.18,317.3 1 0
github.com/hashgraph-online/standards-sdk-go/pkg/hcs14/ans_dns_web_resolver.go:318.2,319.16 2 1
github.com/hashgraph-online/standards-sdk-go/pkg/hcs14/ans_dns_web_resolver.go:319.16,321.3 1 0
github.com/hashgraph-online/standards-sdk-go/pkg/hcs14/ans_dns_web_resolver.go:322.2,322.50 1 1
github.com/hashgraph-online/standards-sdk-go/pkg/hcs14/ans_dns_web_resolver.go:322.50,324.3 1 0
github.com/hashgraph-online/standards-sdk-go/pkg/hcs14/ans_dns_web_resolver.go:326.2,329.3 1 1
github.com/hashgraph-online/standards-sdk-go/pkg/hcs14/ans_dns_web_resolver.go:332.71,336.67 3 1
github.com/hashgraph-online/standards-sdk-go/pkg/hcs14/ans_dns_web_resolver.go:336.67,337.40 1 1
github.com/hashgraph-online/standards-sdk-go/pkg/hcs14/ans_dns_web_resolver.go:337.40,338.65 1 1
github.com/hashgraph-online/standards-sdk-go/pkg/hcs14/ans_dns_web_resolver.go:338.65,340.23 2 1
github.com/hashgraph-online/standards-sdk-go/pkg/hcs14/ans_dns_web_resolver.go:340.23,342.6 1 1
github.com/hashgraph-online/standards-sdk-go/pkg/hcs14/ans_dns_web_resolver.go:347.2,347.83 1 1
github.com/hashgraph-online/standards-sdk-go/pkg/hcs14/ans_dns_web_resolver.go:347.83,349.3 1 1
github.com/hashgraph-online/standards-sdk-go/pkg/hcs14/ans_dns_web_resolver.go:351.2,351.67 1 1
github.com/hashgraph-online/standards-sdk-go/pkg/hcs14/ans_dns_web_resolver.go:351.67,352.39 1 1
github.com/hashgraph-online/standards-sdk-go/pkg/hcs14/ans_dns_web_resolver.go:352.39,354.17 2 1
github.com/hashgraph-online/standards-sdk-go/pkg/hcs14/ans_dns_web_resolver.go:354.17,355.13 1 0
github.com/hashgraph-online/standards-sdk-go/pkg/hcs14/ans_dns_web_resolver.go:357.4,358.26 2 1
github.com/hashgraph-online/standards-sdk-go/pkg/hcs14/ans_dns_web_resolver.go:358.26,359.13 1 0
github.com/hashgraph-online/standards-sdk-go/pkg/hcs14/ans_dns_web_resolver.go:361.4,361.64 1 1
github.com/hashgraph-online/standards-sdk-go/pkg/hcs14/ans_dns_web_resolver.go:365.2,365.25 1 1
github.com/hashgraph-online/standards-sdk-go/pkg/hcs14/ans_dns_web_resolver.go:365.25,367.3 1 0
github.com/hashgraph-online/standards-sdk-go/pkg/hcs14/ans_dns_web_resolver.go:369.2,372.8 1 1
github.com/hashgraph-online/standards-sdk-go/pkg/hcs14/ans_dns_web_resolver.go:375.111,377.39 2 1
github.com/hashgraph-online/standards-sdk-go/pkg/hcs14/ans_dns_web_resolver.go:377.39,379.17 2 1
github.com/hashgraph-online/standards-sdk-go/pkg/hcs14/ans_dns_web_resolver.go:379.17,380.12 1 0
github.com/hashgraph-online/standards-sdk-go/pkg/hcs14/ans_dns_web_resolver.go:383.3,384.54 2 1
github.com/hashgraph-online/standards-sdk-go/pkg/hcs14/ans_dns_web_resolver.go:384.54,385.12 1 0
github.com/hashgraph-online/standards-sdk-go/pkg/hcs14/ans_dns_web_resolver.go:387.3,391.5 1 1
github.com/hashgraph-online/standards-sdk-go/pkg/hcs14/ans_dns_web_resolver.go:393.2,393.19 1 1
github.com/hashgraph-online/standards-sdk-go/pkg/hcs14/ans_dns_web_resolver.go:396.98,397.26 1 1
github.com/hashgraph-online/standards-sdk-go/pkg/hcs14/ans_dns_web_resolver.go:397.26,399.3 1 0
github.com/hashgraph-online/standards-sdk-go/pkg/hcs14/ans_dns_web_resolver.go:401.2,401.62 1 1
github.com/hashgraph-online/standards-sdk-go/pkg/hcs14/ans_dns_web_resolver.go:401.62,403.3 1 1
github.com/hashgraph-online/standards-sdk-go/pkg/hcs14/ans_dns_web_resolver.go:405.2,405.39 1 1
github.com/hashgraph-online/standards-sdk-go/pkg/hcs14/ans_dns_web_resolver.go:405.39,406.54 1 1
github.com/hashgraph-online/standards-sdk-go/pkg/hcs14/ans_dns_web_resolver.go:406.54,409.4 2 1
github.com/hashgraph-online/standards-sdk-go/pkg/hcs14/ans_dns_web_resolver.go:412.2,413.16 2 0
github.com/hashgraph-online/standards-sdk-go/pkg/hcs14/ans_dns_web_resolver.go:416.56,418.30 2 1
github.com/hashgraph-online/standards-sdk-go/pkg/hcs14/ans_dns_web_resolver.go:418.30,420.3 1 0
github.com/hashgraph-online/standards-sdk-go/pkg/hcs14/ans_dns_web_resolver.go:422.2,423.35 2 1
github.com/hashgraph-online/standards-sdk-go/pkg/hcs14/ans_dns_web_resolver.go:423.35,424.72 1 1
github.com/hashgraph-online/standards-sdk-go/pkg/hcs14/ans_dns_web_resolver.go:424.72,426.4 1 1
github.com/hashgraph-online/standards-sdk-go/pkg/hcs14/ans_dns_web_resolver.go:428.2,428.14 1 0
github.com/hashgraph-online/standards-sdk-go/pkg/hcs14/ans_dns_web_resolver.go:431.44,433.19 2 1
github.com/hashgraph-online/standards-sdk-go/pkg/hcs14/ans_dns_web_resolver.go:433.19,435.3 1 0
github.com/hashgraph-online/standards-sdk-go/pkg/hcs14/ans_dns_web_resolver.go:436.2,436.72 1 1
github.com/hashgraph-online/standards-sdk-go/pkg/hcs14/ans_dns_web_resolver.go:436.72,438.3 1 0
github.com/hashgraph-online/standards-sdk-go/pkg/hcs14/ans_dns_web_resolver.go:439.2,439.41 1 1
github.com/hashgraph-online/standards-sdk-go/pkg/hcs14/ans_dns_web_resolver.go:439.41,441.3 1 0
github.com/hashgraph-online/standards-sdk-go/pkg/hcs14/ans_dns_web_resolver.go:442.2,442.16 1 1
github.com/hashgraph-online/standards-sdk-go/pkg/hcs14/ans_dns_web_resolver.go:445.33,447.9 2 1
github.com/hashgraph-online/standards-sdk-go/pkg/hcs14/ans_dns_web_resolver.go:447.9,449.3 1 1
github.com/hashgraph-online/standards-sdk-go/pkg/hcs14/ans_dns_web_resolver.go:450.2,450.20 1 1
github.com/hashgraph-online/standards-sdk-go/pkg/hcs14/ans_dns_web_resolver.go:458.25,471.2 1 0
github.com/hashgraph-online/standards-sdk-go/pkg/hcs14/base58.go:5.40,6.21 1 1
github.com/hashgraph-online/standards-sdk-go/pkg/hcs14/base58.go:6.21,8.3 1 0
github.com/hashgraph-online/standards-sdk-go/pkg/hcs14/base58.go:10.2,11.46 2 1
github.com/hashgraph-online/standards-sdk-go/pkg/hcs14/base58.go:11.46,13.3 1 0
github.com/hashgraph-online/standards-sdk-go/pkg/hcs14/base58.go:15.2,15.25 1 1
github.com/hashgraph-online/standards-sdk-go/pkg/hcs14/base58.go:15.25,17.3 1 0
github.com/hashgraph-online/standards-sdk-go/pkg/hcs14/base58.go:19.2,20.50 2 1
github.com/hashgraph-online/standards-sdk-go/pkg/hcs14/base58.go:20.50,22.63 2 1
github.com/hashgraph-online/standards-sdk-go/pkg/hcs14/base58.go:22.63,26.4 3 1
github.com/hashgraph-online/standards-sdk-go/pkg/hcs14/base58.go:27.3,27.17 1 1
github.com/hashgraph-online/standards-sdk-go/pkg/hcs14/base58.go:27.17,30.4 2 1
github.com/hashgraph-online/standards-sdk-go/pkg/hcs14/base58.go:33.2,34.52 2 1
github.com/hashgraph-online/standards-sdk-go/pkg/hcs14/base58.go:34.52,36.3 1 1
github.com/hashgraph-online/standards-sdk-go/pkg/hcs14/base58.go:37.2,37.15 1 1
github.com/hashgraph-online/standards-sdk-go/pkg/hcs14/base58.go:40.51,42.41 2 1
github.com/hashgraph-online/standards-sdk-go/pkg/hcs14/base58.go:42.41,44.3 1 0
github.com/hashgraph-online/standards-sdk-go/pkg/hcs14/base58.go:45.2,45.15 1 1
github.com/hashgraph-online/standards-sdk-go/pkg/hcs14/base58.go:48.49,49.21 1 1
github.com/hashgraph-online/standards-sdk-go/pkg/hcs14/base58.go:49.21,51.3 1 0
github.com/hashgraph-online/standards-sdk-go/pkg/hcs14/base58.go:53.2,54.48 2 1
github.com/hashgraph-online/standards-sdk-go/pkg/hcs14/base58.go:54.48,56.3 1 0
github.com/hashgraph-online/standards-sdk-go/pkg/hcs14/base58.go:58.2,59.50 2 1
github.com/hashgraph-online/standards-sdk-go/pkg/hcs14/base58.go:59.50,62.16 3 1
github.com/hashgraph-online/standards-sdk-go/pkg/hcs14/base58.go:62.16,64.4 1 0
github.com/hashgraph-online/standards-sdk-go/pkg/hcs14/base58.go:66.3,67.66 2 1
github.com/hashgraph-online/standards-sdk-go/pkg/hcs14/base58.go:67.66,71.4 3 1
github.com/hashgraph-online/standards-sdk-go/pkg/hcs14/base58.go:72.3,72.17 1 1
github.com/hashgraph-online/standards-sdk-go/pkg/hcs14/base58.go:72.17,75.4 2 1
github.com/hashgraph-online/standards-sdk-go/pkg/hcs14/base58.go:78.2,78.41 1 1
github.com/hashgraph-online/standards-sdk-go/pkg/hcs14/base58.go:78.41,80.3 1 0
github.com/hashgraph-online/standards-sdk-go/pkg/hcs14/base58.go:82.2,82.83 1 1
github.com/hashgraph-online/standards-sdk-go/pkg/hcs14/base58.go:82.83,84.3 1 1
github.com/hashgraph-online/standards-sdk-go/pkg/hcs14/base58.go:86.2,87.28 2 1
github.com/hashgraph-online/standards-sdk-go/pkg/hcs14/base58.go:87.28,89.3 1 1
github.com/hashgraph-online/standards-sdk-go/pkg/hcs14/base58.go:90.2,90.21 1 1
github.com/hashgraph-online/standards-sdk-go/pkg/hcs14/base58.go:93.58,94.39 1 1
github.com/hashgraph-online/standards-sdk-go/pkg/hcs14/base58.go:94.39,96.3 1 0
github.com/hashgraph-online/standards-sdk-go/pkg/hcs14/base58.go:97.2,97.32 1 1
github.com/hashgraph-online/standards-sdk-go/pkg/hcs14/base58.go:100.47,101.46 1 1
github.com/hashgraph-online/standards-sdk-go/pkg/hcs14/base58.go:101.46,102.29 1 1
github.com/hashgraph-online/standards-sdk-go/pkg/hcs14/base58.go:102.29,104.4 1 1
github.com/hashgraph-online/standards-sdk-go/pkg/hcs14/base58.go:106.2,106.11 1 0
github.com/hashgraph-online/standards-sdk-go/pkg/hcs14/caip.go:13.40,15.2 1 1
github.com/hashgraph-online/standards-sdk-go/pkg/hcs14/caip.go:17.40,19.2 1 0
github.com/hashgraph-online/standards-sdk-go/pkg/hcs14/canonical.go:10.90,20.31 2 1
github.com/hashgraph-online/standards-sdk-go/pkg/hcs14/canonical.go:20.31,22.3 1 0
github.com/hashgraph-online/standards-sdk-go/pkg/hcs14/canonical.go:23.2,23.27 1 1
github.com/hashgraph-online/standards-sdk-go/pkg/hcs14/canonical.go:23.27,25.3 1 0
github.com/hashgraph-online/standards-sdk-go/pkg/hcs14/canonical.go:26.2,26.30 1 1
github.com/hashgraph-online/standards-sdk-go/pkg/hcs14/canonical.go:26.30,28.3 1 0
github.com/hashgraph-online/standards-sdk-go/pkg/hcs14/canonical.go:29.2,29.31 1 1
github.com/hashgraph-online/standards-sdk-go/pkg/hcs14/canonical.go:29.31,31.3 1 0
github.com/hashgraph-online/standards-sdk-go/pkg/hcs14/canonical.go:32.2,32.31 1 1
github.com/hashgraph-online/standards-sdk-go/pkg/hcs14/canonical.go:32.31,34.3 1 0
github.com/hashgraph-online/standards-sdk-go/pkg/hcs14/canonical.go:35.2,35.77 1 1
github.com/hashgraph-online/standards-sdk-go/pkg/hcs14/canonical.go:35.77,37.3 1 1
github.com/hashgraph-online/standards-sdk-go/pkg/hcs14/canonical.go:38.2,38.83 1 1
github.com/hashgraph-online/standards-sdk-go/pkg/hcs14/canonical.go:38.83,40.3 1 0
github.com/hashgraph-online/standards-sdk-go/pkg/hcs14/canonical.go:42.2,53.16 4 1
github.com/hashgraph-online/standards-sdk-go/pkg/hcs14/canonical.go:53.16,55.3 1 0
github.com/hashgraph-online/standards-sdk-go/pkg/hcs14/canonical.go:57.2,57.52 1 1
github.com/hashgraph-online/standards-sdk-go/pkg/hcs14/client.go:22.47,27.30 4 1
github.com/hashgraph-online/standards-sdk-go/pkg/hcs14/client.go:27.30,31.3 3 1
github.com/hashgraph-online/standards-sdk-go/pkg/hcs14/client.go:33.2,33.40 1 1
github.com/hashgraph-online/standards-sdk-go/pkg/hcs14/client.go:33.40,35.3 1 1
github.com/hashgraph-online/standards-sdk-go/pkg/hcs14/client.go:37.2,38.21 2 1
github.com/hashgraph-online/standards-sdk-go/pkg/hcs14/client.go:38.21,40.3 1 1
github.com/hashgraph-online/standards-sdk-go/pkg/hcs14/client.go:42.2,58.3 9 1
github.com/hashgraph-online/standards-sdk-go/pkg/hcs14/client.go:62.96,64.16 2 1
github.com/hashgraph-online/standards-sdk-go/pkg/hcs14/client.go:64.16,66.3 1 0
github.com/hashgraph-online/standards-sdk-go/pkg/hcs14/client.go:67.2,67.19 1 1
github.com/hashgraph-online/standards-sdk-go/pkg/hcs14/client.go:67.19,69.3 1 1
github.com/hashgraph-online/standards-sdk-go/pkg/hcs14/client.go:71.2,81.8 1 0
github.com/hashgraph-online/standards-sdk-go/pkg/hcs14/client.go:89.34,93.2 1 1
github.com/hashgraph-online/standards-sdk-go/pkg/hcs14/client.go:99.34,101.2 1 1
github.com/hashgraph-online/standards-sdk-go/pkg/hcs14/client.go:107.34,109.2 1 1
github.com/hashgraph-online/standards-sdk-go/pkg/hcs14/client.go:115.34,117.2 1 1
github.com/hashgraph-online/standards-sdk-go/pkg/hcs14/client.go:123.34,125.2 1 1
github.com/hashgraph-online/standards-sdk-go/pkg/hcs14/client.go:128.52,130.2 1 1
github.com/hashgraph-online/standards-sdk-go/pkg/hcs14/client.go:133.61,135.2 1 1
github.com/hashgraph-online/standards-sdk-go/pkg/hcs14/client.go:138.59,140.2 1 1
github.com/hashgraph-online/standards-sdk-go/pkg/hcs14/client.go:143.59,145.2 1 1
github.com/hashgraph-online/standards-sdk-go/pkg/hcs14/client.go:148.68,150.2 1 1
github.com/hashgraph-online/standards-sdk-go/pkg/hcs14/did.go:26.19,28.16 2 1
github.com/hashgraph-online/standards-sdk-go/pkg/hcs14/did.go:28.16,30.3 1 1
github.com/hashgraph-online/standards-sdk-go/pkg/hcs14/did.go:32.2,35.20 3 1
github.com/hashgraph-online/standards-sdk-go/pkg/hcs14/did.go:35.20,37.3 1 0
github.com/hashgraph-online/standards-sdk-go/pkg/hcs14/did.go:39.2,40.49 2 1
github.com/hashgraph-online/standards-sdk-go/pkg/hcs14/did.go:40.49,42.3 1 0
github.com/hashgraph-online/standards-sdk-go/pkg/hcs14/did.go:43.2,43.49 1 1
github.com/hashgraph-online/standards-sdk-go/pkg/hcs14/did.go:43.49,45.3 1 0
github.com/hashgraph-online/standards-sdk-go/pkg/hcs14/did.go:46.2,46.44 1 1
github.com/hashgraph-online/standards-sdk-go/pkg/hcs14/did.go:46.44,48.3 1 0
github.com/hashgraph-online/standards-sdk-go/pkg/hcs14/did.go:50.2,50.82 1 1
github.com/hashgraph-online/standards-sdk-go/pkg/hcs14/did.go:54.82,56.19 2 1
github.com/hashgraph-online/standards-sdk-go/pkg/hcs14/did.go:56.19,58.3 1 0
github.com/hashgraph-online/standards-sdk-go/pkg/hcs14/did.go:60.2,62.45 3 1
github.com/hashgraph-online/standards-sdk-go/pkg/hcs14/did.go:62.45,65.3 2 0
github.com/hashgraph-online/standards-sdk-go/pkg/hcs14/did.go:65.8,65.47 1 1
github.com/hashgraph-online/standards-sdk-go/pkg/hcs14/did.go:65.47,67.22 2 1
github.com/hashgraph-online/standards-sdk-go/pkg/hcs14/did.go:67.22,69.4 1 0
github.com/hashgraph-online/standards-sdk-go/pkg/hcs14/did.go:70.3,71.20 2 1
github.com/hashgraph-online/standards-sdk-go/pkg/hcs14/did.go:72.8,74.3 1 0
github.com/hashgraph-online/standards-sdk-go/pkg/hcs14/did.go:76.2,79.24 3 1
github.com/hashgraph-online/standards-sdk-go/pkg/hcs14/did.go:79.24,80.92 1 0
github.com/hashgraph-online/standards-sdk-go/pkg/hcs14/did.go:80.92,81.49 1 0
github.com/hashgraph-online/standards-sdk-go/pkg/hcs14/did.go:81.49,83.10 2 0
github.com/hashgraph-online/standards-sdk-go/pkg/hcs14/did.go:88.2,89.15 2 1
github.com/hashgraph-online/standards-sdk-go/pkg/hcs14/did.go:89.15,90.44 1 1
github.com/hashgraph-online/standards-sdk-go/pkg/hcs14/did.go:90.44,92.4 1 1
github.com/hashgraph-online/standards-sdk-go/pkg/hcs14/did.go:95.2,95.58 1 1
github.com/hashgraph-online/standards-sdk-go/pkg/hcs14/did.go:99.50,101.42 2 1
github.com/hashgraph-online/standards-sdk-go/pkg/hcs14/did.go:101.42,103.3 1 0
github.com/hashgraph-online/standards-sdk-go/pkg/hcs14/did.go:105.2,107.9 3 1
github.com/hashgraph-online/standards-sdk-go/pkg/hcs14/did.go:108.44,110.52 2 1
github.com/hashgraph-online/standards-sdk-go/pkg/hcs14/did.go:111.44,113.52 2 1
github.com/hashgraph-online/standards-sdk-go/pkg/hcs14/did.go:114.10,115.57 1 1
github.com/hashgraph-online/standards-sdk-go/pkg/hcs14/did.go:118.2,120.74 3 1
github.com/hashgraph-online/standards-sdk-go/pkg/hcs14/did.go:120.74,123.3 2 1
github.com/hashgraph-online/standards-sdk-go/pkg/hcs14/did.go:124.2,124.41 1 1
github.com/hashgraph-online/standards-sdk-go/pkg/hcs14/did.go:124.41,126.3 1 0
github.com/hashgraph-online/standards-sdk-go/pkg/hcs14/did.go:128.2,129.33 2 1
github.com/hashgraph-online/standards-sdk-go/pkg/hcs14/did.go:129.33,131.23 2 1
github.com/hashgraph-online/standards-sdk-go/pkg/hcs14/did.go:131.23,133.4 1 1
github.com/hashgraph-online/standards-sdk-go/pkg/hcs14/did.go:135.2,139.8 1 1
github.com/hashgraph-online/standards-sdk-go/pkg/hcs14/did.go:143.92,147.37 3 1
github.com/hashgraph-online/standards-sdk-go/pkg/hcs14/did.go:147.37,149.18 2 1
github.com/hashgraph-online/standards-sdk-go/pkg/hcs14/did.go:149.18,150.12 1 1
github.com/hashgraph-online/standards-sdk-go/pkg/hcs14/did.go:152.3,155.29 4 1
github.com/hashgraph-online/standards-sdk-go/pkg/hcs14/did.go:158.2,159.33 2 1
github.com/hashgraph-online/standards-sdk-go/pkg/hcs14/did.go:159.33,160.37 1 1
github.com/hashgraph-online/standards-sdk-go/pkg/hcs14/did.go:160.37,161.12 1 0
github.com/hashgraph-online/standards-sdk-go/pkg/hcs14/did.go:163.3,163.41 1 1
github.com/hashgraph-online/standards-sdk-go/pkg/hcs14/did.go:163.41,164.12 1 1
github.com/hashgraph-online/standards-sdk-go/pkg/hcs14/did.go:166.3,166.37 1 0
github.com/hashgraph-online/standards-sdk-go/pkg/hcs14/did.go:168.2,169.32 2 1
github.com/hashgraph-online/standards-sdk-go/pkg/hcs14/did.go:169.32,174.3 4 0
github.com/hashgraph-online/standards-sdk-go/pkg/hcs14/did.go:176.2,176.23 1 1
github.com/hashgraph-online/standards-sdk-go/pkg/hcs14/did.go:176.23,178.3 1 0
github.com/hashgraph-online/standards-sdk-go/pkg/hcs14/did.go:179.2,179.79 1 1
github.com/hashgraph-online/standards-sdk-go/pkg/hcs14/did.go:182.58,184.17 2 1
github.com/hashgraph-online/standards-sdk-go/pkg/hcs14/did.go:184.17,186.3 1 0
github.com/hashgraph-online/standards-sdk-go/pkg/hcs14/did.go:187.2,187.29 1 1
github.com/hashgraph-online/standards-sdk-go/pkg/hcs14/did.go:190.65,193.57 2 1
github.com/hashgraph-online/standards-sdk-go/pkg/hcs14/did.go:193.57,195.3 1 1
github.com/hashgraph-online/standards-sdk-go/pkg/hcs14/did.go:196.2,196.62 1 1
github.com/hashgraph-online/standards-sdk-go/pkg/hcs14/did.go:196.62,198.3 1 1
github.com/hashgraph-online/standards-sdk-go/pkg/hcs14/did.go:199.2,199.59 1 1
github.com/hashgraph-online/standards-sdk-go/pkg/hcs14/did.go:199.59,201.3 1 1
github.com/hashgraph-online/standards-sdk-go/pkg/hcs14/did.go:202.2,202.62 1 1
github.com/hashgraph-online/standards-sdk-go/pkg/hcs14/did.go:202.62,204.3 1 1
github.com/hashgraph-online/standards-sdk-go/pkg/hcs14/did.go:205.2,205.60 1 1
github.com/hashgraph-online/standards-sdk-go/pkg/hcs14/did.go:205.60,207.3 1 0
github.com/hashgraph-online/standards-sdk-go/pkg/hcs14/did.go:208.2,208.57 1 1
github.com/hashgraph-online/standards-sdk-go/pkg/hcs14/did.go:208.57,210.3 1 0
github.com/hashgraph-online/standards-sdk-go/pkg/hcs14/did.go:211.2,211.61 1 1
github.com/hashgraph-online/standards-sdk-go/pkg/hcs14/did.go:211.61,213.3 1 1
github.com/hashgraph-online/standards-sdk-go/pkg/hcs14/did.go:215.2,215.15 1 1
github.com/hashgraph-online/standards-sdk-go/pkg/hcs14/dns.go:13.43,17.2 3 1
github.com/hashgraph-online/standards-sdk-go/pkg/hcs14/dns.go:19.32,21.85 2 1
github.com/hashgraph-online/standards-sdk-go/pkg/hcs14/dns.go:21.85,23.3 1 1
github.com/hashgraph-online/standards-sdk-go/pkg/hcs14/dns.go:25.2,26.31 2 1
github.com/hashgraph-online/standards-sdk-go/pkg/hcs14/dns.go:26.31,27.77 1 1
github.com/hashgraph-online/standards-sdk-go/pkg/hcs14/dns.go:27.77,29.4 1 0
github.com/hashgraph-online/standards-sdk-go/pkg/hcs14/dns.go:31.2,31.13 1 1
github.com/hashgraph-online/standards-sdk-go/pkg/hcs14/dns.go:34.59,36.49 2 1
github.com/hashgraph-online/standards-sdk-go/pkg/hcs14/dns.go:36.49,38.20 2 1
github.com/hashgraph-online/standards-sdk-go/pkg/hcs14/dns.go:38.20,39.12 1 0
github.com/hashgraph-online/standards-sdk-go/pkg/hcs14/dns.go:42.3,43.22 2 1
github.com/hashgraph-online/standards-sdk-go/pkg/hcs14/dns.go:43.22,44.12 1 0
github.com/hashgraph-online/standards-sdk-go/pkg/hcs14/dns.go:47.3,49.31 3 1
github.com/hashgraph-online/standards-sdk-go/pkg/hcs14/dns.go:49.31,50.12 1 0
github.com/hashgraph-online/standards-sdk-go/pkg/hcs14/dns.go:52.3,52.22 1 1
github.com/hashgraph-online/standards-sdk-go/pkg/hcs14/dns.go:55.2,55.15 1 1
github.com/hashgraph-online/standards-sdk-go/pkg/hcs14/dns.go:58.45,60.95 2 1
github.com/hashgraph-online/standards-sdk-go/pkg/hcs14/dns.go:60.95,62.3 1 0
github.com/hashgraph-online/standards-sdk-go/pkg/hcs14/dns.go:63.2,63.16 1 1
github.com/hashgraph-online/standards-sdk-go/pkg/hcs14/dns.go:66.79,68.16 2 0
github.com/hashgraph-online/standards-sdk-go/pkg/hcs14/dns.go:68.16,70.117 2 0
github.com/hashgraph-online/standards-sdk-go/pkg/hcs14/dns.go:70.117,72.4 1 0
github.com/hashgraph-online/standards-sdk-go/pkg/hcs14/dns.go:73.3,73.32 1 0
github.com/hashgraph-online/standards-sdk-go/pkg/hcs14/dns.go:73.32,74.27 1 0
github.com/hashgraph-online/standards-sdk-go/pkg/hcs14/dns.go:74.27,76.5 1 0
github.com/hashgraph-online/standards-sdk-go/pkg/hcs14/dns.go:78.3,78.18 1 0
github.com/hashgraph-online/standards-sdk-go/pkg/hcs14/dns.go:80.2,80.21 1 0
github.com/hashgraph-online/standards-sdk-go/pkg/hcs14/registry.go:19.46,25.2 1 1
github.com/hashgraph-online/standards-sdk-go/pkg/hcs14/registry.go:28.77,30.2 1 1
github.com/hashgraph-online/standards-sdk-go/pkg/hcs14/registry.go:33.91,35.2 1 0
github.com/hashgraph-online/standards-sdk-go/pkg/hcs14/registry.go:38.93,40.2 1 1
github.com/hashgraph-online/standards-sdk-go/pkg/hcs14/registry.go:43.101,44.49 1 1
github.com/hashgraph-online/standards-sdk-go/pkg/hcs14/registry.go:44.49,45.30 1 1
github.com/hashgraph-online/standards-sdk-go/pkg/hcs14/registry.go:45.30,46.12 1 0
github.com/hashgraph-online/standards-sdk-go/pkg/hcs14/registry.go:48.3,49.17 2 1
github.com/hashgraph-online/standards-sdk-go/pkg/hcs14/registry.go:49.17,51.4 1 0
github.com/hashgraph-online/standards-sdk-go/pkg/hcs14/registry.go:52.3,52.22 1 1
github.com/hashgraph-online/standards-sdk-go/pkg/hcs14/registry.go:52.22,54.4 1 1
github.com/hashgraph-online/standards-sdk-go/pkg/hcs14/registry.go:56.2,56.17 1 0
github.com/hashgraph-online/standards-sdk-go/pkg/hcs14/registry.go:64.34,66.16 2 1
github.com/hashgraph-online/standards-sdk-go/pkg/hcs14/registry.go:66.16,78.3 1 1
github.com/hashgraph-online/standards-sdk-go/pkg/hcs14/registry.go:80.2,81.23 2 1
github.com/hashgraph-online/standards-sdk-go/pkg/hcs14/registry.go:81.23,83.3 1 0
github.com/hashgraph-online/standards-sdk-go/pkg/hcs14/registry.go:84.2,84.20 1 1
github.com/hashgraph-online/standards-sdk-go/pkg/hcs14/registry.go:84.20,86.3 1 1
github.com/hashgraph-online/standards-sdk-go/pkg/hcs14/registry.go:88.2,88.29 1 0
github.com/hashgraph-online/standards-sdk-go/pkg/hcs14/registry.go:88.29,90.3 1 0
github.com/hashgraph-online/standards-sdk-go/pkg/hcs14/registry.go:92.2,93.22 2 0
github.com/hashgraph-online/standards-sdk-go/pkg/hcs14/registry.go:93.22,94.29 1 0
github.com/hashgraph-online/standards-sdk-go/pkg/hcs14/registry.go:94.29,96.4 1 0
github.com/hashgraph-online/standards-sdk-go/pkg/hcs14/registry.go:97.3,97.18 1 0
github.com/hashgraph-online/standards-sdk-go/pkg/hcs14/registry.go:100.2,101.26 2 0
github.com/hashgraph-online/standards-sdk-go/pkg/hcs14/registry.go:101.26,103.3 1 0
github.com/hashgraph-online/standards-sdk-go/pkg/hcs14/registry.go:104.2,104.74 1 0
github.com/hashgraph-online/standards-sdk-go/pkg/hcs14/registry.go:113.34,117.22 4 1
github.com/hashgraph-online/standards-sdk-go/pkg/hcs14/registry.go:117.22,119.17 2 1
github.com/hashgraph-online/standards-sdk-go/pkg/hcs14/registry.go:119.17,121.4 1 0
github.com/hashgraph-online/standards-sdk-go/pkg/hcs14/registry.go:124.2,126.21 3 1
github.com/hashgraph-online/standards-sdk-go/pkg/hcs14/registry.go:126.21,128.58 2 1
github.com/hashgraph-online/standards-sdk-go/pkg/hcs14/registry.go:128.58,129.41 1 1
github.com/hashgraph-online/standards-sdk-go/pkg/hcs14/registry.go:129.41,131.5 1 1
github.com/hashgraph-online/standards-sdk-go/pkg/hcs14/registry.go:135.2,135.37 1 1
github.com/hashgraph-online/standards-sdk-go/pkg/hcs14/registry.go:135.37,136.73 1 1
github.com/hashgraph-online/standards-sdk-go/pkg/hcs14/registry.go:136.73,137.12 1 0
github.com/hashgraph-online/standards-sdk-go/pkg/hcs14/registry.go:139.3,139.58 1 1
github.com/hashgraph-online/standards-sdk-go/pkg/hcs14/registry.go:139.58,140.12 1 0
github.com/hashgraph-online/standards-sdk-go/pkg/hcs14/registry.go:143.3,147.83 1 1
github.com/hashgraph-online/standards-sdk-go/pkg/hcs14/registry.go:147.83,149.5 1 0
github.com/hashgraph-online/standards-sdk-go/pkg/hcs14/registry.go:150.142,152.5 1 0
github.com/hashgraph-online/standards-sdk-go/pkg/hcs14/registry.go:153.141,155.24 2 1
github.com/hashgraph-online/standards-sdk-go/pkg/hcs14/registry.go:155.24,157.6 1 0
github.com/hashgraph-online/standards-sdk-go/pkg/hcs14/registry.go:158.5,164.6 1 1
github.com/hashgraph-online/standards-sdk-go/pkg/hcs14/registry.go:168.3,169.24 2 1
github.com/hashgraph-online/standards-sdk-go/pkg/hcs14/registry.go:169.24,171.4 1 0
github.com/hashgraph-online/standards-sdk-go/pkg/hcs14/registry.go:172.3,172.22 1 1
github.com/hashgraph-online/standards-sdk-go/pkg/hcs14/registry.go:172.22,173.12 1 0
github.com/hashgraph-online/standards-sdk-go/pkg/hcs14/registry.go:176.3,177.21 2 1
github.com/hashgraph-online/standards-sdk-go/pkg/hcs14/registry.go:177.21,178.23 1 1
github.com/hashgraph-online/standards-sdk-go/pkg/hcs14/registry.go:178.23,179.13 1 0
github.com/hashgraph-online/standards-sdk-go/pkg/hcs14/registry.go:181.4,181.24 1 1
github.com/hashgraph-online/standards-sdk-go/pkg/hcs14/registry.go:183.3,183.56 1 1
github.com/hashgraph-online/standards-sdk-go/pkg/hcs14/registry.go:186.2,186.17 1 0
github.com/hashgraph-online/standards-sdk-go/pkg/hcs14/registry.go:193.34,196.40 3 0
github.com/hashgraph-online/standards-sdk-go/pkg/hcs14/registry.go:196.40,198.3 1 0
github.com/hashgraph-online/standards-sdk-go/pkg/hcs14/registry.go:198.8,200.17 2 0
github.com/hashgraph-online/standards-sdk-go/pkg/hcs14/registry.go:200.17,202.4 1 0
github.com/hashgraph-online/standards-sdk-go/pkg/hcs14/registry.go:205.2,206.32 2 0
github.com/hashgraph-online/standards-sdk-go/pkg/hcs14/registry.go:206.32,208.3 1 0
github.com/hashgraph-online/standards-sdk-go/pkg/hcs14/registry.go:209.2,210.56 2 0
github.com/hashgraph-online/standards-sdk-go/pkg/hcs14/registry.go:210.56,216.24 2 0
github.com/hashgraph-online/standards-sdk-go/pkg/hcs14/registry.go:216.24,218.4 1 0
github.com/hashgraph-online/standards-sdk-go/pkg/hcs14/registry.go:219.3,219.22 1 0
github.com/hashgraph-online/standards-sdk-go/pkg/hcs14/registry.go:219.22,221.4 1 0
github.com/hashgraph-online/standards-sdk-go/pkg/hcs14/registry.go:223.2,223.22 1 0
github.com/hashgraph-online/standards-sdk-go/pkg/hcs14/registry.go:230.25,232.28 2 1
github.com/hashgraph-online/standards-sdk-go/pkg/hcs14/registry.go:232.28,234.3 1 1
github.com/hashgraph-online/standards-sdk-go/pkg/hcs14/registry.go:235.2,235.24 1 1
github.com/hashgraph-online/standards-sdk-go/pkg/hcs14/registry.go:235.24,237.3 1 1
github.com/hashgraph-online/standards-sdk-go/pkg/hcs14/registry.go:239.2,245.24 2 1
github.com/hashgraph-online/standards-sdk-go/pkg/hcs14/registry.go:245.24,250.3 4 1
github.com/hashgraph-online/standards-sdk-go/pkg/hcs14/registry.go:252.2,252.15 1 1
github.com/hashgraph-online/standards-sdk-go/pkg/hcs14/registry.go:258.25,259.21 1 1
github.com/hashgraph-online/standards-sdk-go/pkg/hcs14/registry.go:259.21,261.3 1 0
github.com/hashgraph-online/standards-sdk-go/pkg/hcs14/registry.go:262.2,262.21 1 1
github.com/hashgraph-online/standards-sdk-go/pkg/hcs14/registry.go:262.21,264.3 1 0
github.com/hashgraph-online/standards-sdk-go/pkg/hcs14/registry.go:266.2,267.42 2 1
github.com/hashgraph-online/standards-sdk-go/pkg/hcs14/registry.go:267.42,269.3 1 1
github.com/hashgraph-online/standards-sdk-go/pkg/hcs14/registry.go:270.2,270.43 1 1
github.com/hashgraph-online/standards-sdk-go/pkg/hcs14/registry.go:270.43,272.3 1 1
github.com/hashgraph-online/standards-sdk-go/pkg/hcs14/registry.go:273.2,273.35 1 1
github.com/hashgraph-online/standards-sdk-go/pkg/hcs14/registry.go:273.35,275.3 1 1
github.com/hashgraph-online/standards-sdk-go/pkg/hcs14/registry.go:276.2,276.42 1 1
github.com/hashgraph-online/standards-sdk-go/pkg/hcs14/registry.go:276.42,278.3 1 1
github.com/hashgraph-online/standards-sdk-go/pkg/hcs14/registry.go:279.2,279.38 1 1
github.com/hashgraph-online/standards-sdk-go/pkg/hcs14/registry.go:279.38,281.3 1 1
github.com/hashgraph-online/standards-sdk-go/pkg/hcs14/registry.go:282.2,282.39 1 1
github.com/hashgraph-online/standards-sdk-go/pkg/hcs14/registry.go:282.39,284.3 1 0
github.com/hashgraph-online/standards-sdk-go/pkg/hcs14/registry.go:285.2,285.31 1 1
github.com/hashgraph-online/standards-sdk-go/pkg/hcs14/registry.go:285.31,287.3 1 1
github.com/hashgraph-online/standards-sdk-go/pkg/hcs14/registry.go:288.2,288.43 1 1
github.com/hashgraph-online/standards-sdk-go/pkg/hcs14/registry.go:288.43,290.3 1 1
github.com/hashgraph-online/standards-sdk-go/pkg/hcs14/registry.go:291.2,291.27 1 1
github.com/hashgraph-online/standards-sdk-go/pkg/hcs14/registry.go:291.27,293.3 1 0
github.com/hashgraph-online/standards-sdk-go/pkg/hcs14/registry.go:294.2,294.16 1 1
github.com/hashgraph-online/standards-sdk-go/pkg/hcs14/registry.go:297.56,298.28 1 1
github.com/hashgraph-online/standards-sdk-go/pkg/hcs14/registry.go:298.28,301.24 3 1
github.com/hashgraph-online/standards-sdk-go/pkg/hcs14/registry.go:301.24,303.10 2 0
github.com/hashgraph-online/standards-sdk-go/pkg/hcs14/registry.go:303.10,305.5 1 0
github.com/hashgraph-online/standards-sdk-go/pkg/hcs14/registry.go:307.3,307.12 1 1
github.com/hashgraph-online/standards-sdk-go/pkg/hcs14/registry.go:310.2,311.15 2 1
github.com/hashgraph-online/standards-sdk-go/pkg/hcs14/registry.go:311.15,313.17 2 1
github.com/hashgraph-online/standards-sdk-go/pkg/hcs14/registry.go:313.17,315.45 2 1
github.com/hashgraph-online/standards-sdk-go/pkg/hcs14/registry.go:315.45,317.5 1 1
github.com/hashgraph-online/standards-sdk-go/pkg/hcs14/registry.go:321.2,325.36 2 1
github.com/hashgraph-online/standards-sdk-go/pkg/hcs14/registry.go:325.36,327.3 1 0
github.com/hashgraph-online/standards-sdk-go/pkg/hcs14/registry.go:329.2,331.23 3 1
github.com/hashgraph-online/standards-sdk-go/pkg/hcs14/registry.go:331.23,333.9 2 0
github.com/hashgraph-online/standards-sdk-go/pkg/hcs14/registry.go:333.9,335.4 1 0
github.com/hashgraph-online/standards-sdk-go/pkg/hcs14/registry.go:338.2,338.11 1 1
github.com/hashgraph-online/standards-sdk-go/pkg/hcs14/registry.go:341.61,343.44 2 0
github.com/hashgraph-online/standards-sdk-go/pkg/hcs14/registry.go:343.44,345.3 1 0
github.com/hashgraph-online/standards-sdk-go/pkg/hcs14/registry.go:347.2,348.21 2 0
github.com/hashgraph-online/standards-sdk-go/pkg/hcs14/registry.go:348.21,350.3 1 0
github.com/hashgraph-online/standards-sdk-go/pkg/hcs14/registry.go:352.2,354.38 3 0
github.com/hashgraph-online/standards-sdk-go/pkg/hcs14/registry.go:354.38,356.3 1 0
github.com/hashgraph-online/standards-sdk-go/pkg/hcs14/registry.go:357.2,357.30 1 0
github.com/hashgraph-online/standards-sdk-go/pkg/hcs14/registry.go:357.30,359.3 1 0
github.com/hashgraph-online/standards-sdk-go/pkg/hcs14/registry.go:360.2,360.33 1 0
github.com/hashgraph-online/standards-sdk-go/pkg/hcs14/uaid_did_resolution_resolver.go:12.64,14.2 1 1
github.com/hashgraph-online/standards-sdk-go/pkg/hcs14/uaid_did_resolution_resolver.go:17.63,19.2 1 1
github.com/hashgraph-online/standards-sdk-go/pkg/hcs14/uaid_did_resolution_resolver.go:22.87,24.2 1 0
github.com/hashgraph-online/standards-sdk-go/pkg/hcs14/uaid_did_resolution_resolver.go:31.34,33.28 2 1
github.com/hashgraph-online/standards-sdk-go/pkg/hcs14/uaid_did_resolution_resolver.go:33.28,40.3 1 0
github.com/hashgraph-online/standards-sdk-go/pkg/hcs14/uaid_did_resolution_resolver.go:42.2,43.63 2 1
github.com/hashgraph-online/standards-sdk-go/pkg/hcs14/uaid_did_resolution_resolver.go:43.63,45.23 2 1
github.com/hashgraph-online/standards-sdk-go/pkg/hcs14/uaid_did_resolution_resolver.go:45.23,47.4 1 1
github.com/hashgraph-online/standards-sdk-go/pkg/hcs14/uaid_did_resolution_resolver.go:49.2,49.19 1 1
github.com/hashgraph-online/standards-sdk-go/pkg/hcs14/uaid_did_resolution_resolver.go:49.19,56.3 1 1
github.com/hashgraph-online/standards-sdk-go/pkg/hcs14/uaid_did_resolution_resolver.go:58.2,59.69 2 1
github.com/hashgraph-online/standards-sdk-go/pkg/hcs14/uaid_did_resolution_resolver.go:59.69,61.3 1 1
github.com/hashgraph-online/standards-sdk-go/pkg/hcs14/uaid_did_resolution_resolver.go:61.8,61.38 1 0
github.com/hashgraph-online/standards-sdk-go/pkg/hcs14/uaid_did_resolution_resolver.go:61.38,63.24 2 0
github.com/hashgraph-online/standards-sdk-go/pkg/hcs14/uaid_did_resolution_resolver.go:63.24,65.4 1 0
github.com/hashgraph-online/standards-sdk-go/pkg/hcs14/uaid_did_resolution_resolver.go:66.3,66.33 1 0
github.com/hashgraph-online/standards-sdk-go/pkg/hcs14/uaid_did_resolution_resolver.go:69.2,69.24 1 1
github.com/hashgraph-online/standards-sdk-go/pkg/hcs14/uaid_did_resolution_resolver.go:69.24,76.3 1 0
github.com/hashgraph-online/standards-sdk-go/pkg/hcs14/uaid_did_resolution_resolver.go:77.2,77.45 1 1
github.com/hashgraph-online/standards-sdk-go/pkg/hcs14/uaid_did_resolution_resolver.go:77.45,84.3 1 0
github.com/hashgraph-online/standards-sdk-go/pkg/hcs14/uaid_did_resolution_resolver.go:86.2,88.26 3 1
github.com/hashgraph-online/standards-sdk-go/pkg/hcs14/uaid_did_resolution_resolver.go:88.26,89.85 1 1
github.com/hashgraph-online/standards-sdk-go/pkg/hcs14/uaid_did_resolution_resolver.go:89.85,91.4 1 1
github.com/hashgraph-online/standards-sdk-go/pkg/hcs14/uaid_did_resolution_resolver.go:94.2,110.8 1 1
github.com/hashgraph-online/standards-sdk-go/pkg/hcs14/uaid_did_resolution_resolver.go:118.25,131.2 1 1
github.com/hashgraph-online/standards-sdk-go/pkg/hcs14/uaid_did_resolution_resolver.go:133.47,135.16 2 1
github.com/hashgraph-online/standards-sdk-go/pkg/hcs14/uaid_did_resolution_resolver.go:135.16,137.3 1 0
github.com/hashgraph-online/standards-sdk-go/pkg/hcs14/uaid_did_resolution_resolver.go:138.2,139.15 2 1
github.com/hashgraph-online/standards-sdk-go/pkg/hcs14/uaid_did_resolution_resolver.go:139.15,141.3 1 0
github.com/hashgraph-online/standards-sdk-go/pkg/hcs14/uaid_did_resolution_resolver.go:142.2,142.17 1 1
github.com/hashgraph-online/standards-sdk-go/pkg/hcs14/uaid_did_resolution_resolver.go:145.81,149.51 4 1
github.com/hashgraph-online/standards-sdk-go/pkg/hcs14/uaid_did_resolution_resolver.go:149.51,151.3 1 0
github.com/hashgraph-online/standards-sdk-go/pkg/hcs14/uaid_did_resolution_resolver.go:153.2,154.17 2 1
github.com/hashgraph-online/standards-sdk-go/pkg/hcs14/uaid_did_resolution_resolver.go:154.17,156.3 1 1
github.com/hashgraph-online/standards-sdk-go/pkg/hcs14/uaid_did_resolution_resolver.go:157.2,157.20 1 1
github.com/hashgraph-online/standards-sdk-go/pkg/hcs14/uaid_did_resolution_resolver.go:157.20,159.3 1 1
github.com/hashgraph-online/standards-sdk-go/pkg/hcs14/uaid_did_resolution_resolver.go:160.2,160.18 1 1
github.com/hashgraph-online/standards-sdk-go/pkg/hcs14/uaid_did_resolution_resolver.go:160.18,162.3 1 0
github.com/hashgraph-online/standards-sdk-go/pkg/hcs14/uaid_did_resolution_resolver.go:164.2,169.3 1 1
github.com/hashgraph-online/standards-sdk-go/pkg/hcs14/uaid_did_resolution_resolver.go:172.63,173.21 1 1
github.com/hashgraph-online/standards-sdk-go/pkg/hcs14/uaid_did_resolution_resolver.go:173.21,175.3 1 1
github.com/hashgraph-online/standards-sdk-go/pkg/hcs14/uaid_did_resolution_resolver.go:176.2,178.15 3 1
github.com/hashgraph-online/standards-sdk-go/pkg/hcs14/uaid_did_resolution_resolver.go:181.86,182.21 1 1
github.com/hashgraph-online/standards-sdk-go/pkg/hcs14/uaid_did_resolution_resolver.go:182.21,184.3 1 0
github.com/hashgraph-online/standards-sdk-go/pkg/hcs14/uaid_did_resolution_resolver.go:185.2,187.15 3 1
github.com/hashgraph-online/standards-sdk-go/pkg/hcs14/uaid_did_resolution_resolver.go:190.45,191.21 1 1
github.com/hashgraph-online/standards-sdk-go/pkg/hcs14/uaid_did_resolution_resolver.go:191.21,193.3 1 1
github.com/hashgraph-online/standards-sdk-go/pkg/hcs14/uaid_did_resolution_resolver.go:194.2,196.30 3 1
github.com/hashgraph-online/standards-sdk-go/pkg/hcs14/uaid_did_resolution_resolver.go:196.30,198.20 2 1
github.com/hashgraph-online/standards-sdk-go/pkg/hcs14/uaid_did_resolution_resolver.go:198.20,199.12 1 0
github.com/hashgraph-online/standards-sdk-go/pkg/hcs14/uaid_did_resolution_resolver.go:201.3,201.41 1 1
github.com/hashgraph-online/standards-sdk-go/pkg/hcs14/uaid_did_resolution_resolver.go:201.41,202.12 1 1
github.com/hashgraph-online/standards-sdk-go/pkg/hcs14/uaid_did_resolution_resolver.go:204.3,205.35 2 1
github.com/hashgraph-online/standards-sdk-go/pkg/hcs14/uaid_did_resolution_resolver.go:207.2,207.22 1 1
github.com/hashgraph-online/standards-sdk-go/pkg/hcs14/uaid_did_resolution_resolver.go:207.22,209.3 1 0
github.com/hashgraph-online/standards-sdk-go/pkg/hcs14/uaid_did_resolution_resolver.go:210.2,210.15 1 1
github.com/hashgraph-online/standards-sdk-go/pkg/hcs14/uaid_dns_web_resolver.go:30.83,32.19 2 1
github.com/hashgraph-online/standards-sdk-go/pkg/hcs14/uaid_dns_web_resolver.go:32.19,34.3 1 1
github.com/hashgraph-online/standards-sdk-go/pkg/hcs14/uaid_dns_web_resolver.go:36.2,40.3 1 1
github.com/hashgraph-online/standards-sdk-go/pkg/hcs14/uaid_dns_web_resolver.go:44.56,46.2 1 1
github.com/hashgraph-online/standards-sdk-go/pkg/hcs14/uaid_dns_web_resolver.go:49.80,52.2 2 1
github.com/hashgraph-online/standards-sdk-go/pkg/hcs14/uaid_dns_web_resolver.go:59.34,60.149 1 1
github.com/hashgraph-online/standards-sdk-go/pkg/hcs14/uaid_dns_web_resolver.go:60.149,61.52 1 1
github.com/hashgraph-online/standards-sdk-go/pkg/hcs14/uaid_dns_web_resolver.go:61.52,63.4 1 0
github.com/hashgraph-online/standards-sdk-go/pkg/hcs14/uaid_dns_web_resolver.go:64.3,64.94 1 1
github.com/hashgraph-online/standards-sdk-go/pkg/hcs14/uaid_dns_web_resolver.go:73.34,74.133 1 1
github.com/hashgraph-online/standards-sdk-go/pkg/hcs14/uaid_dns_web_resolver.go:74.133,75.30 1 0
github.com/hashgraph-online/standards-sdk-go/pkg/hcs14/uaid_dns_web_resolver.go:75.30,77.4 1 0
github.com/hashgraph-online/standards-sdk-go/pkg/hcs14/uaid_dns_web_resolver.go:78.3,78.53 1 0
github.com/hashgraph-online/standards-sdk-go/pkg/hcs14/uaid_dns_web_resolver.go:86.34,88.16 2 1
github.com/hashgraph-online/standards-sdk-go/pkg/hcs14/uaid_dns_web_resolver.go:88.16,100.3 1 0
github.com/hashgraph-online/standards-sdk-go/pkg/hcs14/uaid_dns_web_resolver.go:102.2,103.23 2 1
github.com/hashgraph-online/standards-sdk-go/pkg/hcs14/uaid_dns_web_resolver.go:103.23,115.3 1 0
github.com/hashgraph-online/standards-sdk-go/pkg/hcs14/uaid_dns_web_resolver.go:117.2,121.16 4 1
github.com/hashgraph-online/standards-sdk-go/pkg/hcs14/uaid_dns_web_resolver.go:121.16,123.3 1 0
github.com/hashgraph-online/standards-sdk-go/pkg/hcs14/uaid_dns_web_resolver.go:124.2,124.26 1 1
github.com/hashgraph-online/standards-sdk-go/pkg/hcs14/uaid_dns_web_resolver.go:124.26,137.3 1 0
github.com/hashgraph-online/standards-sdk-go/pkg/hcs14/uaid_dns_web_resolver.go:139.2,141.39 3 1
github.com/hashgraph-online/standards-sdk-go/pkg/hcs14/uaid_dns_web_resolver.go:141.39,144.20 3 1
github.com/hashgraph-online/standards-sdk-go/pkg/hcs14/uaid_dns_web_resolver.go:144.20,146.4 1 1
github.com/hashgraph-online/standards-sdk-go/pkg/hcs14/uaid_dns_web_resolver.go:149.2,149.28 1 1
github.com/hashgraph-online/standards-sdk-go/pkg/hcs14/uaid_dns_web_resolver.go:149.28,162.3 1 0
github.com/hashgraph-online/standards-sdk-go/pkg/hcs14/uaid_dns_web_resolver.go:164.2,165.38 2 1
github.com/hashgraph-online/standards-sdk-go/pkg/hcs14/uaid_dns_web_resolver.go:165.38,166.117 1 1
github.com/hashgraph-online/standards-sdk-go/pkg/hcs14/uaid_dns_web_resolver.go:166.117,168.4 1 1
github.com/hashgraph-online/standards-sdk-go/pkg/hcs14/uaid_dns_web_resolver.go:170.2,170.31 1 1
github.com/hashgraph-online/standards-sdk-go/pkg/hcs14/uaid_dns_web_resolver.go:170.31,187.3 1 0
github.com/hashgraph-online/standards-sdk-go/pkg/hcs14/uaid_dns_web_resolver.go:189.2,189.67 1 1
github.com/hashgraph-online/standards-sdk-go/pkg/hcs14/uaid_dns_web_resolver.go:189.67,191.3 1 0
github.com/hashgraph-online/standards-sdk-go/pkg/hcs14/uaid_dns_web_resolver.go:192.2,194.66 2 1
github.com/hashgraph-online/standards-sdk-go/pkg/hcs14/uaid_dns_web_resolver.go:194.66,197.46 3 1
github.com/hashgraph-online/standards-sdk-go/pkg/hcs14/uaid_dns_web_resolver.go:197.46,199.26 2 1
github.com/hashgraph-online/standards-sdk-go/pkg/hcs14/uaid_dns_web_resolver.go:199.26,201.5 1 0
github.com/hashgraph-online/standards-sdk-go/pkg/hcs14/uaid_dns_web_resolver.go:202.4,202.29 1 1
github.com/hashgraph-online/standards-sdk-go/pkg/hcs14/uaid_dns_web_resolver.go:202.29,203.13 1 0
github.com/hashgraph-online/standards-sdk-go/pkg/hcs14/uaid_dns_web_resolver.go:205.4,205.72 1 1
github.com/hashgraph-online/standards-sdk-go/pkg/hcs14/uaid_dns_web_resolver.go:205.72,207.13 2 0
github.com/hashgraph-online/standards-sdk-go/pkg/hcs14/uaid_dns_web_resolver.go:210.4,214.32 5 1
github.com/hashgraph-online/standards-sdk-go/pkg/hcs14/uaid_dns_web_resolver.go:214.32,216.5 1 1
github.com/hashgraph-online/standards-sdk-go/pkg/hcs14/uaid_dns_web_resolver.go:217.4,217.30 1 1
github.com/hashgraph-online/standards-sdk-go/pkg/hcs14/uaid_dns_web_resolver.go:219.3,219.30 1 0
github.com/hashgraph-online/standards-sdk-go/pkg/hcs14/uaid_dns_web_resolver.go:219.30,235.4 1 0
github.com/hashgraph-online/standards-sdk-go/pkg/hcs14/uaid_dns_web_resolver.go:238.2,238.36 1 1
github.com/hashgraph-online/standards-sdk-go/pkg/hcs14/uaid_dns_web_resolver.go:238.36,250.3 1 0
github.com/hashgraph-online/standards-sdk-go/pkg/hcs14/uaid_dns_web_resolver.go:252.2,262.8 1 1
github.com/hashgraph-online/standards-sdk-go/pkg/hcs14/uaid_dns_web_resolver.go:265.93,272.40 6 1
github.com/hashgraph-online/standards-sdk-go/pkg/hcs14/uaid_dns_web_resolver.go:272.40,274.3 1 0
github.com/hashgraph-online/standards-sdk-go/pkg/hcs14/uaid_dns_web_resolver.go:275.2,275.68 1 1
github.com/hashgraph-online/standards-sdk-go/pkg/hcs14/uaid_dns_web_resolver.go:275.68,277.3 1 0
github.com/hashgraph-online/standards-sdk-go/pkg/hcs14/uaid_dns_web_resolver.go:278.2,278.50 1 1
github.com/hashgraph-online/standards-sdk-go/pkg/hcs14/uaid_dns_web_resolver.go:278.50,280.3 1 0
github.com/hashgraph-online/standards-sdk-go/pkg/hcs14/uaid_dns_web_resolver.go:281.2,281.89 1 1
github.com/hashgraph-online/standards-sdk-go/pkg/hcs14/uaid_dns_web_resolver.go:281.89,283.3 1 0
github.com/hashgraph-online/standards-sdk-go/pkg/hcs14/uaid_dns_web_resolver.go:285.2,286.15 2 1
github.com/hashgraph-online/standards-sdk-go/pkg/hcs14/uaid_dns_web_resolver.go:286.15,287.57 1 0
github.com/hashgraph-online/standards-sdk-go/pkg/hcs14/uaid_dns_web_resolver.go:287.57,289.4 1 0
github.com/hashgraph-online/standards-sdk-go/pkg/hcs14/uaid_dns_web_resolver.go:292.2,307.3 6 1
github.com/hashgraph-online/standards-sdk-go/pkg/hcs14/uaid_dns_web_resolver.go:310.82,312.17 2 1
github.com/hashgraph-online/standards-sdk-go/pkg/hcs14/uaid_dns_web_resolver.go:312.17,314.3 1 1
github.com/hashgraph-online/standards-sdk-go/pkg/hcs14/uaid_dns_web_resolver.go:317.80,319.32 2 1
github.com/hashgraph-online/standards-sdk-go/pkg/hcs14/uaid_dns_web_resolver.go:319.32,321.3 1 1
github.com/hashgraph-online/standards-sdk-go/pkg/hcs14/uaid_dns_web_resolver.go:322.2,322.54 1 1
github.com/hashgraph-online/standards-sdk-go/pkg/hcs14/uaid_dns_web_resolver.go:322.54,324.3 1 1
github.com/hashgraph-online/standards-sdk-go/pkg/hcs14/uaid_dns_web_resolver.go:325.2,325.48 1 1
github.com/hashgraph-online/standards-sdk-go/pkg/hcs14/uaid_dns_web_resolver.go:325.48,327.3 1 0
github.com/hashgraph-online/standards-sdk-go/pkg/hcs14/uaid_dns_web_resolver.go:328.2,328.15 1 1
github.com/hashgraph-online/standards-sdk-go/pkg/hcs14/uaid_dns_web_resolver.go:331.57,332.28 1 1
github.com/hashgraph-online/standards-sdk-go/pkg/hcs14/uaid_dns_web_resolver.go:332.28,333.58 1 1
github.com/hashgraph-online/standards-sdk-go/pkg/hcs14/uaid_dns_web_resolver.go:333.58,335.4 1 1
github.com/hashgraph-online/standards-sdk-go/pkg/hcs14/uaid_dns_web_resolver.go:336.3,336.38 1 0
github.com/hashgraph-online/standards-sdk-go/pkg/hcs14/uaid_dns_web_resolver.go:338.2,338.45 1 0
github.com/hashgraph-online/standards-sdk-go/pkg/hcs14/uaid_dns_web_resolver.go:341.76,353.2 1 0
github.com/hashgraph-online/standards-sdk-go/pkg/hcs14/uaid_dns_web_resolver.go:356.53,358.2 1 0
github.com/hashgraph-online/standards-sdk-go/pkg/hcs14/uaid_dns_web_resolver.go:360.44,361.22 1 0
github.com/hashgraph-online/standards-sdk-go/pkg/hcs14/uaid_dns_web_resolver.go:361.22,363.3 1 0
github.com/hashgraph-online/standards-sdk-go/pkg/hcs14/uaid_dns_web_resolver.go:364.2,364.30 1 0
