mode: set
github.com/hashgraph-online/standards-sdk-go/pkg/hcs11/agent_builder.go:13.38,24.2 1 1
github.com/hashgraph-online/standards-sdk-go/pkg/hcs11/agent_builder.go:27.65,30.2 2 1
github.com/hashgraph-online/standards-sdk-go/pkg/hcs11/agent_builder.go:33.67,36.2 2 1
github.com/hashgraph-online/standards-sdk-go/pkg/hcs11/agent_builder.go:39.63,42.2 2 1
github.com/hashgraph-online/standards-sdk-go/pkg/hcs11/agent_builder.go:45.79,47.2 1 1
github.com/hashgraph-online/standards-sdk-go/pkg/hcs11/agent_builder.go:50.94,53.2 2 1
github.com/hashgraph-online/standards-sdk-go/pkg/hcs11/agent_builder.go:56.75,59.2 2 1
github.com/hashgraph-online/standards-sdk-go/pkg/hcs11/agent_builder.go:62.67,65.2 2 1
github.com/hashgraph-online/standards-sdk-go/pkg/hcs11/agent_builder.go:68.71,71.2 2 1
github.com/hashgraph-online/standards-sdk-go/pkg/hcs11/agent_builder.go:74.86,77.50 3 1
github.com/hashgraph-online/standards-sdk-go/pkg/hcs11/agent_builder.go:77.50,79.3 1 1
github.com/hashgraph-online/standards-sdk-go/pkg/hcs11/agent_builder.go:81.2,81.45 1 1
github.com/hashgraph-online/standards-sdk-go/pkg/hcs11/agent_builder.go:81.45,82.81 1 1
github.com/hashgraph-online/standards-sdk-go/pkg/hcs11/agent_builder.go:82.81,85.4 2 1
github.com/hashgraph-online/standards-sdk-go/pkg/hcs11/agent_builder.go:88.2,92.16 2 1
github.com/hashgraph-online/standards-sdk-go/pkg/hcs11/agent_builder.go:96.79,98.22 2 1
github.com/hashgraph-online/standards-sdk-go/pkg/hcs11/agent_builder.go:98.22,100.3 1 1
github.com/hashgraph-online/standards-sdk-go/pkg/hcs11/agent_builder.go:101.2,101.39 1 1
github.com/hashgraph-online/standards-sdk-go/pkg/hcs11/agent_builder.go:101.39,103.3 1 1
github.com/hashgraph-online/standards-sdk-go/pkg/hcs11/agent_builder.go:104.2,105.16 2 1
github.com/hashgraph-online/standards-sdk-go/pkg/hcs11/agent_builder.go:109.78,112.2 2 1
github.com/hashgraph-online/standards-sdk-go/pkg/hcs11/agent_builder.go:115.79,118.2 2 1
github.com/hashgraph-online/standards-sdk-go/pkg/hcs11/agent_builder.go:121.77,124.2 2 1
github.com/hashgraph-online/standards-sdk-go/pkg/hcs11/agent_builder.go:127.60,128.58 1 1
github.com/hashgraph-online/standards-sdk-go/pkg/hcs11/agent_builder.go:128.58,130.3 1 1
github.com/hashgraph-online/standards-sdk-go/pkg/hcs11/agent_builder.go:131.2,131.36 1 1
github.com/hashgraph-online/standards-sdk-go/pkg/hcs11/agent_builder.go:131.36,133.3 1 0
github.com/hashgraph-online/standards-sdk-go/pkg/hcs11/agent_builder.go:134.2,134.29 1 1
github.com/hashgraph-online/standards-sdk-go/pkg/hcs11/client.go:28.54,30.16 2 1
github.com/hashgraph-online/standards-sdk-go/pkg/hcs11/client.go:30.16,32.3 1 0
github.com/hashgraph-online/standards-sdk-go/pkg/hcs11/client.go:33.2,34.16 2 1
github.com/hashgraph-online/standards-sdk-go/pkg/hcs11/client.go:34.16,36.3 1 0
github.com/hashgraph-online/standards-sdk-go/pkg/hcs11/client.go:38.2,40.57 3 1
github.com/hashgraph-online/standards-sdk-go/pkg/hcs11/client.go:40.57,42.22 2 1
github.com/hashgraph-online/standards-sdk-go/pkg/hcs11/client.go:42.22,44.4 1 0
github.com/hashgraph-online/standards-sdk-go/pkg/hcs11/client.go:45.3,46.20 2 1
github.com/hashgraph-online/standards-sdk-go/pkg/hcs11/client.go:46.20,48.4 1 0
github.com/hashgraph-online/standards-sdk-go/pkg/hcs11/client.go:49.3,49.50 1 1
github.com/hashgraph-online/standards-sdk-go/pkg/hcs11/client.go:52.2,56.16 2 1
github.com/hashgraph-online/standards-sdk-go/pkg/hcs11/client.go:56.16,58.3 1 0
github.com/hashgraph-online/standards-sdk-go/pkg/hcs11/client.go:60.2,61.19 2 1
github.com/hashgraph-online/standards-sdk-go/pkg/hcs11/client.go:61.19,63.3 1 1
github.com/hashgraph-online/standards-sdk-go/pkg/hcs11/client.go:65.2,66.29 2 1
github.com/hashgraph-online/standards-sdk-go/pkg/hcs11/client.go:66.29,68.3 1 1
github.com/hashgraph-online/standards-sdk-go/pkg/hcs11/client.go:70.2,80.8 1 1
github.com/hashgraph-online/standards-sdk-go/pkg/hcs11/client.go:84.48,86.2 1 1
github.com/hashgraph-online/standards-sdk-go/pkg/hcs11/client.go:89.38,91.2 1 1
github.com/hashgraph-online/standards-sdk-go/pkg/hcs11/client.go:94.48,96.2 1 1
github.com/hashgraph-online/standards-sdk-go/pkg/hcs11/client.go:102.16,110.2 3 1
github.com/hashgraph-online/standards-sdk-go/pkg/hcs11/client.go:119.25,132.23 4 1
github.com/hashgraph-online/standards-sdk-go/pkg/hcs11/client.go:132.23,134.3 1 1
github.com/hashgraph-online/standards-sdk-go/pkg/hcs11/client.go:135.2,135.21 1 1
github.com/hashgraph-online/standards-sdk-go/pkg/hcs11/client.go:143.25,152.23 4 1
github.com/hashgraph-online/standards-sdk-go/pkg/hcs11/client.go:152.23,154.3 1 1
github.com/hashgraph-online/standards-sdk-go/pkg/hcs11/client.go:155.2,155.21 1 1
github.com/hashgraph-online/standards-sdk-go/pkg/hcs11/client.go:159.73,161.46 2 1
github.com/hashgraph-online/standards-sdk-go/pkg/hcs11/client.go:161.46,163.3 1 1
github.com/hashgraph-online/standards-sdk-go/pkg/hcs11/client.go:164.2,164.50 1 1
github.com/hashgraph-online/standards-sdk-go/pkg/hcs11/client.go:164.50,166.3 1 1
github.com/hashgraph-online/standards-sdk-go/pkg/hcs11/client.go:168.2,168.22 1 1
github.com/hashgraph-online/standards-sdk-go/pkg/hcs11/client.go:169.27,169.27 0 1
github.com/hashgraph-online/standards-sdk-go/pkg/hcs11/client.go:170.26,171.29 1 1
github.com/hashgraph-online/standards-sdk-go/pkg/hcs11/client.go:171.29,173.4 1 0
github.com/hashgraph-online/standards-sdk-go/pkg/hcs11/client.go:173.9,174.46 1 1
github.com/hashgraph-online/standards-sdk-go/pkg/hcs11/client.go:174.46,176.5 1 1
github.com/hashgraph-online/standards-sdk-go/pkg/hcs11/client.go:177.4,177.54 1 1
github.com/hashgraph-online/standards-sdk-go/pkg/hcs11/client.go:177.54,179.5 1 0
github.com/hashgraph-online/standards-sdk-go/pkg/hcs11/client.go:181.28,182.31 1 1
github.com/hashgraph-online/standards-sdk-go/pkg/hcs11/client.go:182.31,184.4 1 0
github.com/hashgraph-online/standards-sdk-go/pkg/hcs11/client.go:184.9,185.58 1 1
github.com/hashgraph-online/standards-sdk-go/pkg/hcs11/client.go:185.58,187.5 1 1
github.com/hashgraph-online/standards-sdk-go/pkg/hcs11/client.go:188.4,188.69 1 1
github.com/hashgraph-online/standards-sdk-go/pkg/hcs11/client.go:188.69,190.5 1 1
github.com/hashgraph-online/standards-sdk-go/pkg/hcs11/client.go:191.4,192.23 2 1
github.com/hashgraph-online/standards-sdk-go/pkg/hcs11/client.go:192.23,194.5 1 1
github.com/hashgraph-online/standards-sdk-go/pkg/hcs11/client.go:194.10,194.57 1 1
github.com/hashgraph-online/standards-sdk-go/pkg/hcs11/client.go:194.57,196.5 1 1
github.com/hashgraph-online/standards-sdk-go/pkg/hcs11/client.go:197.4,197.44 1 1
github.com/hashgraph-online/standards-sdk-go/pkg/hcs11/client.go:197.44,199.5 1 1
github.com/hashgraph-online/standards-sdk-go/pkg/hcs11/client.go:200.4,200.62 1 1
github.com/hashgraph-online/standards-sdk-go/pkg/hcs11/client.go:200.62,202.5 1 1
github.com/hashgraph-online/standards-sdk-go/pkg/hcs11/client.go:203.4,203.45 1 1
github.com/hashgraph-online/standards-sdk-go/pkg/hcs11/client.go:203.45,204.48 1 1
github.com/hashgraph-online/standards-sdk-go/pkg/hcs11/client.go:205.84,205.84 0 0
github.com/hashgraph-online/standards-sdk-go/pkg/hcs11/client.go:206.13,207.71 1 1
github.com/hashgraph-online/standards-sdk-go/pkg/hcs11/client.go:211.24,212.32 1 1
github.com/hashgraph-online/standards-sdk-go/pkg/hcs11/client.go:212.32,214.4 1 1
github.com/hashgraph-online/standards-sdk-go/pkg/hcs11/client.go:215.3,215.28 1 1
github.com/hashgraph-online/standards-sdk-go/pkg/hcs11/client.go:215.28,217.4 1 1
github.com/hashgraph-online/standards-sdk-go/pkg/hcs11/client.go:218.3,218.28 1 1
github.com/hashgraph-online/standards-sdk-go/pkg/hcs11/client.go:218.28,220.4 1 1
github.com/hashgraph-online/standards-sdk-go/pkg/hcs11/client.go:221.10,222.53 1 1
github.com/hashgraph-online/standards-sdk-go/pkg/hcs11/client.go:225.2,228.3 1 1
github.com/hashgraph-online/standards-sdk-go/pkg/hcs11/client.go:232.76,234.16 2 1
github.com/hashgraph-online/standards-sdk-go/pkg/hcs11/client.go:234.16,236.3 1 0
github.com/hashgraph-online/standards-sdk-go/pkg/hcs11/client.go:237.2,237.36 1 1
github.com/hashgraph-online/standards-sdk-go/pkg/hcs11/client.go:241.86,243.72 2 1
github.com/hashgraph-online/standards-sdk-go/pkg/hcs11/client.go:243.72,245.3 1 1
github.com/hashgraph-online/standards-sdk-go/pkg/hcs11/client.go:246.2,247.23 2 1
github.com/hashgraph-online/standards-sdk-go/pkg/hcs11/client.go:247.23,249.3 1 1
github.com/hashgraph-online/standards-sdk-go/pkg/hcs11/client.go:250.2,250.22 1 1
github.com/hashgraph-online/standards-sdk-go/pkg/hcs11/client.go:254.85,255.24 1 1
github.com/hashgraph-online/standards-sdk-go/pkg/hcs11/client.go:255.24,257.3 1 0
github.com/hashgraph-online/standards-sdk-go/pkg/hcs11/client.go:258.2,258.85 1 1
github.com/hashgraph-online/standards-sdk-go/pkg/hcs11/client.go:262.74,263.31 1 1
github.com/hashgraph-online/standards-sdk-go/pkg/hcs11/client.go:263.31,265.3 1 1
github.com/hashgraph-online/standards-sdk-go/pkg/hcs11/client.go:266.2,267.49 2 1
github.com/hashgraph-online/standards-sdk-go/pkg/hcs11/client.go:267.49,269.56 2 1
github.com/hashgraph-online/standards-sdk-go/pkg/hcs11/client.go:269.56,271.4 1 1
github.com/hashgraph-online/standards-sdk-go/pkg/hcs11/client.go:273.2,273.28 1 1
github.com/hashgraph-online/standards-sdk-go/pkg/hcs11/client.go:273.28,275.3 1 1
github.com/hashgraph-online/standards-sdk-go/pkg/hcs11/client.go:276.2,276.21 1 1
github.com/hashgraph-online/standards-sdk-go/pkg/hcs11/client.go:280.79,281.52 1 1
github.com/hashgraph-online/standards-sdk-go/pkg/hcs11/client.go:281.52,283.3 1 1
github.com/hashgraph-online/standards-sdk-go/pkg/hcs11/client.go:284.2,284.26 1 1
github.com/hashgraph-online/standards-sdk-go/pkg/hcs11/client.go:288.86,289.61 1 1
github.com/hashgraph-online/standards-sdk-go/pkg/hcs11/client.go:289.61,291.3 1 1
github.com/hashgraph-online/standards-sdk-go/pkg/hcs11/client.go:292.2,292.50 1 1
github.com/hashgraph-online/standards-sdk-go/pkg/hcs11/client.go:292.50,294.3 1 1
github.com/hashgraph-online/standards-sdk-go/pkg/hcs11/client.go:296.2,298.53 3 1
github.com/hashgraph-online/standards-sdk-go/pkg/hcs11/client.go:298.53,300.3 1 0
github.com/hashgraph-online/standards-sdk-go/pkg/hcs11/client.go:301.2,309.16 2 1
github.com/hashgraph-online/standards-sdk-go/pkg/hcs11/client.go:309.16,311.3 1 0
github.com/hashgraph-online/standards-sdk-go/pkg/hcs11/client.go:312.2,313.12 2 1
github.com/hashgraph-online/standards-sdk-go/pkg/hcs11/client.go:316.48,317.30 1 1
github.com/hashgraph-online/standards-sdk-go/pkg/hcs11/client.go:317.30,318.22 1 1
github.com/hashgraph-online/standards-sdk-go/pkg/hcs11/client.go:318.22,320.4 1 0
github.com/hashgraph-online/standards-sdk-go/pkg/hcs11/client.go:322.2,322.14 1 1
github.com/hashgraph-online/standards-sdk-go/pkg/hcs11/client.go:325.74,326.38 1 1
github.com/hashgraph-online/standards-sdk-go/pkg/hcs11/client.go:326.38,328.3 1 1
github.com/hashgraph-online/standards-sdk-go/pkg/hcs11/client.go:329.2,329.48 1 1
github.com/hashgraph-online/standards-sdk-go/pkg/hcs11/client.go:329.48,331.3 1 1
github.com/hashgraph-online/standards-sdk-go/pkg/hcs11/client.go:332.2,332.44 1 1
github.com/hashgraph-online/standards-sdk-go/pkg/hcs11/client.go:332.44,334.3 1 1
github.com/hashgraph-online/standards-sdk-go/pkg/hcs11/client.go:335.2,335.62 1 1
github.com/hashgraph-online/standards-sdk-go/pkg/hcs11/client.go:335.62,337.3 1 1
github.com/hashgraph-online/standards-sdk-go/pkg/hcs11/client.go:338.2,338.66 1 1
github.com/hashgraph-online/standards-sdk-go/pkg/hcs11/client.go:338.66,340.3 1 1
github.com/hashgraph-online/standards-sdk-go/pkg/hcs11/client.go:341.2,341.68 1 1
github.com/hashgraph-online/standards-sdk-go/pkg/hcs11/client.go:341.68,343.3 1 1
github.com/hashgraph-online/standards-sdk-go/pkg/hcs11/client.go:344.2,344.60 1 1
github.com/hashgraph-online/standards-sdk-go/pkg/hcs11/client.go:344.60,346.3 1 1
github.com/hashgraph-online/standards-sdk-go/pkg/hcs11/client_fetch.go:19.30,20.40 1 1
github.com/hashgraph-online/standards-sdk-go/pkg/hcs11/client_fetch.go:20.40,25.3 1 0
github.com/hashgraph-online/standards-sdk-go/pkg/hcs11/client_fetch.go:26.2,26.51 1 1
github.com/hashgraph-online/standards-sdk-go/pkg/hcs11/client_fetch.go:26.51,31.3 1 0
github.com/hashgraph-online/standards-sdk-go/pkg/hcs11/client_fetch.go:33.2,34.16 2 1
github.com/hashgraph-online/standards-sdk-go/pkg/hcs11/client_fetch.go:34.16,36.3 1 0
github.com/hashgraph-online/standards-sdk-go/pkg/hcs11/client_fetch.go:38.2,43.16 3 1
github.com/hashgraph-online/standards-sdk-go/pkg/hcs11/client_fetch.go:43.16,45.3 1 1
github.com/hashgraph-online/standards-sdk-go/pkg/hcs11/client_fetch.go:46.2,47.16 2 0
github.com/hashgraph-online/standards-sdk-go/pkg/hcs11/client_fetch.go:47.16,49.3 1 0
github.com/hashgraph-online/standards-sdk-go/pkg/hcs11/client_fetch.go:50.2,50.42 1 0
github.com/hashgraph-online/standards-sdk-go/pkg/hcs11/client_fetch.go:50.42,55.3 1 0
github.com/hashgraph-online/standards-sdk-go/pkg/hcs11/client_fetch.go:56.2,58.8 1 0
github.com/hashgraph-online/standards-sdk-go/pkg/hcs11/client_fetch.go:66.33,68.31 2 1
github.com/hashgraph-online/standards-sdk-go/pkg/hcs11/client_fetch.go:68.31,73.3 1 0
github.com/hashgraph-online/standards-sdk-go/pkg/hcs11/client_fetch.go:74.2,74.38 1 1
github.com/hashgraph-online/standards-sdk-go/pkg/hcs11/client_fetch.go:74.38,76.3 1 0
github.com/hashgraph-online/standards-sdk-go/pkg/hcs11/client_fetch.go:78.2,79.16 2 1
github.com/hashgraph-online/standards-sdk-go/pkg/hcs11/client_fetch.go:79.16,81.3 1 0
github.com/hashgraph-online/standards-sdk-go/pkg/hcs11/client_fetch.go:82.2,82.41 1 1
github.com/hashgraph-online/standards-sdk-go/pkg/hcs11/client_fetch.go:82.41,87.3 1 0
github.com/hashgraph-online/standards-sdk-go/pkg/hcs11/client_fetch.go:89.2,90.9 2 1
github.com/hashgraph-online/standards-sdk-go/pkg/hcs11/client_fetch.go:91.46,92.58 1 1
github.com/hashgraph-online/standards-sdk-go/pkg/hcs11/client_fetch.go:93.47,95.67 2 0
github.com/hashgraph-online/standards-sdk-go/pkg/hcs11/client_fetch.go:96.45,98.67 2 0
github.com/hashgraph-online/standards-sdk-go/pkg/hcs11/client_fetch.go:99.10,103.9 1 0
github.com/hashgraph-online/standards-sdk-go/pkg/hcs11/client_fetch.go:111.33,113.20 2 1
github.com/hashgraph-online/standards-sdk-go/pkg/hcs11/client_fetch.go:113.20,118.3 1 0
github.com/hashgraph-online/standards-sdk-go/pkg/hcs11/client_fetch.go:119.2,128.16 4 1
github.com/hashgraph-online/standards-sdk-go/pkg/hcs11/client_fetch.go:128.16,130.3 1 0
github.com/hashgraph-online/standards-sdk-go/pkg/hcs11/client_fetch.go:131.2,131.22 1 1
github.com/hashgraph-online/standards-sdk-go/pkg/hcs11/client_fetch.go:138.33,140.16 2 1
github.com/hashgraph-online/standards-sdk-go/pkg/hcs11/client_fetch.go:140.16,142.3 1 0
github.com/hashgraph-online/standards-sdk-go/pkg/hcs11/client_fetch.go:143.2,146.16 3 1
github.com/hashgraph-online/standards-sdk-go/pkg/hcs11/client_fetch.go:146.16,148.3 1 0
github.com/hashgraph-online/standards-sdk-go/pkg/hcs11/client_fetch.go:149.2,152.16 3 1
github.com/hashgraph-online/standards-sdk-go/pkg/hcs11/client_fetch.go:152.16,154.3 1 0
github.com/hashgraph-online/standards-sdk-go/pkg/hcs11/client_fetch.go:155.2,155.61 1 1
github.com/hashgraph-online/standards-sdk-go/pkg/hcs11/client_fetch.go:155.61,160.3 1 0
github.com/hashgraph-online/standards-sdk-go/pkg/hcs11/client_fetch.go:162.2,163.55 2 1
github.com/hashgraph-online/standards-sdk-go/pkg/hcs11/client_fetch.go:163.55,168.3 1 0
github.com/hashgraph-online/standards-sdk-go/pkg/hcs11/client_fetch.go:170.2,171.23 2 1
github.com/hashgraph-online/standards-sdk-go/pkg/hcs11/client_fetch.go:171.23,176.3 1 0
github.com/hashgraph-online/standards-sdk-go/pkg/hcs11/client_fetch.go:178.2,186.8 1 1
github.com/hashgraph-online/standards-sdk-go/pkg/hcs11/client_inscribe.go:19.34,20.22 1 1
github.com/hashgraph-online/standards-sdk-go/pkg/hcs11/client_inscribe.go:20.22,25.3 1 0
github.com/hashgraph-online/standards-sdk-go/pkg/hcs11/client_inscribe.go:26.2,26.39 1 1
github.com/hashgraph-online/standards-sdk-go/pkg/hcs11/client_inscribe.go:26.39,31.3 1 0
github.com/hashgraph-online/standards-sdk-go/pkg/hcs11/client_inscribe.go:33.2,34.34 2 1
github.com/hashgraph-online/standards-sdk-go/pkg/hcs11/client_inscribe.go:34.34,36.3 1 1
github.com/hashgraph-online/standards-sdk-go/pkg/hcs11/client_inscribe.go:38.2,39.16 2 1
github.com/hashgraph-online/standards-sdk-go/pkg/hcs11/client_inscribe.go:39.16,41.3 1 0
github.com/hashgraph-online/standards-sdk-go/pkg/hcs11/client_inscribe.go:43.2,48.16 2 1
github.com/hashgraph-online/standards-sdk-go/pkg/hcs11/client_inscribe.go:48.16,50.3 1 0
github.com/hashgraph-online/standards-sdk-go/pkg/hcs11/client_inscribe.go:52.2,62.16 2 1
github.com/hashgraph-online/standards-sdk-go/pkg/hcs11/client_inscribe.go:62.16,64.3 1 0
github.com/hashgraph-online/standards-sdk-go/pkg/hcs11/client_inscribe.go:66.2,75.16 2 1
github.com/hashgraph-online/standards-sdk-go/pkg/hcs11/client_inscribe.go:75.16,77.3 1 1
github.com/hashgraph-online/standards-sdk-go/pkg/hcs11/client_inscribe.go:79.2,79.26 1 0
github.com/hashgraph-online/standards-sdk-go/pkg/hcs11/client_inscribe.go:79.26,85.3 1 0
github.com/hashgraph-online/standards-sdk-go/pkg/hcs11/client_inscribe.go:87.2,91.16 2 0
github.com/hashgraph-online/standards-sdk-go/pkg/hcs11/client_inscribe.go:91.16,93.3 1 0
github.com/hashgraph-online/standards-sdk-go/pkg/hcs11/client_inscribe.go:94.2,94.73 1 0
github.com/hashgraph-online/standards-sdk-go/pkg/hcs11/client_inscribe.go:94.73,100.3 1 0
github.com/hashgraph-online/standards-sdk-go/pkg/hcs11/client_inscribe.go:102.2,106.8 1 0
github.com/hashgraph-online/standards-sdk-go/pkg/hcs11/client_inscribe.go:114.36,116.34 2 1
github.com/hashgraph-online/standards-sdk-go/pkg/hcs11/client_inscribe.go:116.34,118.3 1 1
github.com/hashgraph-online/standards-sdk-go/pkg/hcs11/client_inscribe.go:120.2,120.61 1 1
github.com/hashgraph-online/standards-sdk-go/pkg/hcs11/client_inscribe.go:120.61,122.3 1 0
github.com/hashgraph-online/standards-sdk-go/pkg/hcs11/client_inscribe.go:124.2,125.23 2 1
github.com/hashgraph-online/standards-sdk-go/pkg/hcs11/client_inscribe.go:125.23,130.3 1 1
github.com/hashgraph-online/standards-sdk-go/pkg/hcs11/client_inscribe.go:132.2,133.16 2 0
github.com/hashgraph-online/standards-sdk-go/pkg/hcs11/client_inscribe.go:133.16,135.3 1 0
github.com/hashgraph-online/standards-sdk-go/pkg/hcs11/client_inscribe.go:137.2,138.16 2 0
github.com/hashgraph-online/standards-sdk-go/pkg/hcs11/client_inscribe.go:138.16,140.3 1 0
github.com/hashgraph-online/standards-sdk-go/pkg/hcs11/client_inscribe.go:142.2,147.16 2 0
github.com/hashgraph-online/standards-sdk-go/pkg/hcs11/client_inscribe.go:147.16,149.3 1 0
github.com/hashgraph-online/standards-sdk-go/pkg/hcs11/client_inscribe.go:151.2,165.16 3 0
github.com/hashgraph-online/standards-sdk-go/pkg/hcs11/client_inscribe.go:165.16,167.3 1 0
github.com/hashgraph-online/standards-sdk-go/pkg/hcs11/client_inscribe.go:169.2,178.16 2 0
github.com/hashgraph-online/standards-sdk-go/pkg/hcs11/client_inscribe.go:178.16,180.3 1 0
github.com/hashgraph-online/standards-sdk-go/pkg/hcs11/client_inscribe.go:182.2,182.26 1 0
github.com/hashgraph-online/standards-sdk-go/pkg/hcs11/client_inscribe.go:182.26,189.3 1 0
github.com/hashgraph-online/standards-sdk-go/pkg/hcs11/client_inscribe.go:191.2,195.16 2 0
github.com/hashgraph-online/standards-sdk-go/pkg/hcs11/client_inscribe.go:195.16,197.3 1 0
github.com/hashgraph-online/standards-sdk-go/pkg/hcs11/client_inscribe.go:198.2,198.73 1 0
github.com/hashgraph-online/standards-sdk-go/pkg/hcs11/client_inscribe.go:198.73,204.3 1 0
github.com/hashgraph-online/standards-sdk-go/pkg/hcs11/client_inscribe.go:206.2,212.8 1 0
github.com/hashgraph-online/standards-sdk-go/pkg/hcs11/client_inscribe.go:221.36,223.16 2 1
github.com/hashgraph-online/standards-sdk-go/pkg/hcs11/client_inscribe.go:223.16,225.3 1 0
github.com/hashgraph-online/standards-sdk-go/pkg/hcs11/client_inscribe.go:226.2,226.32 1 1
github.com/hashgraph-online/standards-sdk-go/pkg/hcs11/client_inscribe.go:226.32,228.3 1 1
github.com/hashgraph-online/standards-sdk-go/pkg/hcs11/client_inscribe.go:230.2,230.23 1 0
github.com/hashgraph-online/standards-sdk-go/pkg/hcs11/client_inscribe.go:230.23,232.23 2 0
github.com/hashgraph-online/standards-sdk-go/pkg/hcs11/client_inscribe.go:232.23,234.4 1 0
github.com/hashgraph-online/standards-sdk-go/pkg/hcs11/client_inscribe.go:235.3,235.28 1 0
github.com/hashgraph-online/standards-sdk-go/pkg/hcs11/client_inscribe.go:235.28,242.4 1 0
github.com/hashgraph-online/standards-sdk-go/pkg/hcs11/client_inscribe.go:245.2,245.31 1 0
github.com/hashgraph-online/standards-sdk-go/pkg/hcs11/client_inscribe.go:250.52,251.99 1 1
github.com/hashgraph-online/standards-sdk-go/pkg/hcs11/client_inscribe.go:251.99,253.3 1 0
github.com/hashgraph-online/standards-sdk-go/pkg/hcs11/client_inscribe.go:255.2,256.45 2 1
github.com/hashgraph-online/standards-sdk-go/pkg/hcs11/client_inscribe.go:256.45,258.3 1 0
github.com/hashgraph-online/standards-sdk-go/pkg/hcs11/client_inscribe.go:260.2,267.16 3 1
github.com/hashgraph-online/standards-sdk-go/pkg/hcs11/client_inscribe.go:267.16,269.3 1 0
github.com/hashgraph-online/standards-sdk-go/pkg/hcs11/client_inscribe.go:270.2,270.33 1 1
github.com/hashgraph-online/standards-sdk-go/pkg/hcs11/flora_builder.go:13.38,20.2 1 1
github.com/hashgraph-online/standards-sdk-go/pkg/hcs11/flora_builder.go:23.79,26.2 2 1
github.com/hashgraph-online/standards-sdk-go/pkg/hcs11/flora_builder.go:29.63,32.2 2 1
github.com/hashgraph-online/standards-sdk-go/pkg/hcs11/flora_builder.go:35.78,38.2 2 1
github.com/hashgraph-online/standards-sdk-go/pkg/hcs11/flora_builder.go:41.72,44.2 2 1
github.com/hashgraph-online/standards-sdk-go/pkg/hcs11/flora_builder.go:47.74,56.2 4 1
github.com/hashgraph-online/standards-sdk-go/pkg/hcs11/flora_builder.go:59.81,62.2 2 1
github.com/hashgraph-online/standards-sdk-go/pkg/hcs11/flora_builder.go:65.81,68.2 2 1
github.com/hashgraph-online/standards-sdk-go/pkg/hcs11/flora_builder.go:71.79,73.22 2 1
github.com/hashgraph-online/standards-sdk-go/pkg/hcs11/flora_builder.go:73.22,75.3 1 1
github.com/hashgraph-online/standards-sdk-go/pkg/hcs11/flora_builder.go:76.2,76.37 1 1
github.com/hashgraph-online/standards-sdk-go/pkg/hcs11/flora_builder.go:76.37,78.3 1 0
github.com/hashgraph-online/standards-sdk-go/pkg/hcs11/flora_builder.go:79.2,80.16 2 1
github.com/hashgraph-online/standards-sdk-go/pkg/hcs11/flora_builder.go:84.60,85.58 1 1
github.com/hashgraph-online/standards-sdk-go/pkg/hcs11/flora_builder.go:85.58,87.3 1 1
github.com/hashgraph-online/standards-sdk-go/pkg/hcs11/flora_builder.go:88.2,88.39 1 1
github.com/hashgraph-online/standards-sdk-go/pkg/hcs11/flora_builder.go:88.39,90.3 1 1
github.com/hashgraph-online/standards-sdk-go/pkg/hcs11/flora_builder.go:91.2,91.35 1 1
github.com/hashgraph-online/standards-sdk-go/pkg/hcs11/flora_builder.go:91.35,93.3 1 1
github.com/hashgraph-online/standards-sdk-go/pkg/hcs11/flora_builder.go:94.2,94.62 1 1
github.com/hashgraph-online/standards-sdk-go/pkg/hcs11/flora_builder.go:94.62,96.3 1 1
github.com/hashgraph-online/standards-sdk-go/pkg/hcs11/flora_builder.go:97.2,97.35 1 1
github.com/hashgraph-online/standards-sdk-go/pkg/hcs11/flora_builder.go:97.35,99.3 1 1
github.com/hashgraph-online/standards-sdk-go/pkg/hcs11/flora_builder.go:100.2,101.60 1 1
github.com/hashgraph-online/standards-sdk-go/pkg/hcs11/flora_builder.go:101.60,103.3 1 0
github.com/hashgraph-online/standards-sdk-go/pkg/hcs11/flora_builder.go:104.2,104.29 1 1
github.com/hashgraph-online/standards-sdk-go/pkg/hcs11/flora_builder.go:107.60,108.21 1 1
github.com/hashgraph-online/standards-sdk-go/pkg/hcs11/flora_builder.go:108.21,110.3 1 1
github.com/hashgraph-online/standards-sdk-go/pkg/hcs11/flora_builder.go:111.2,112.32 2 1
github.com/hashgraph-online/standards-sdk-go/pkg/hcs11/flora_builder.go:112.32,114.3 1 1
github.com/hashgraph-online/standards-sdk-go/pkg/hcs11/flora_builder.go:115.2,115.15 1 1
github.com/hashgraph-online/standards-sdk-go/pkg/hcs11/mcp_server_builder.go:13.46,24.2 1 1
github.com/hashgraph-online/standards-sdk-go/pkg/hcs11/mcp_server_builder.go:27.73,30.2 2 1
github.com/hashgraph-online/standards-sdk-go/pkg/hcs11/mcp_server_builder.go:33.75,36.2 2 1
github.com/hashgraph-online/standards-sdk-go/pkg/hcs11/mcp_server_builder.go:39.71,42.2 2 1
github.com/hashgraph-online/standards-sdk-go/pkg/hcs11/mcp_server_builder.go:45.87,47.2 1 1
github.com/hashgraph-online/standards-sdk-go/pkg/hcs11/mcp_server_builder.go:50.79,53.2 2 1
github.com/hashgraph-online/standards-sdk-go/pkg/hcs11/mcp_server_builder.go:56.103,62.2 2 1
github.com/hashgraph-online/standards-sdk-go/pkg/hcs11/mcp_server_builder.go:65.93,68.2 2 1
github.com/hashgraph-online/standards-sdk-go/pkg/hcs11/mcp_server_builder.go:71.96,74.2 2 1
github.com/hashgraph-online/standards-sdk-go/pkg/hcs11/mcp_server_builder.go:77.91,80.2 2 1
github.com/hashgraph-online/standards-sdk-go/pkg/hcs11/mcp_server_builder.go:83.91,86.2 2 1
github.com/hashgraph-online/standards-sdk-go/pkg/hcs11/mcp_server_builder.go:89.97,95.2 2 1
github.com/hashgraph-online/standards-sdk-go/pkg/hcs11/mcp_server_builder.go:98.96,101.2 2 1
github.com/hashgraph-online/standards-sdk-go/pkg/hcs11/mcp_server_builder.go:104.93,110.2 2 1
github.com/hashgraph-online/standards-sdk-go/pkg/hcs11/mcp_server_builder.go:113.84,116.2 2 1
github.com/hashgraph-online/standards-sdk-go/pkg/hcs11/mcp_server_builder.go:119.85,122.2 2 1
github.com/hashgraph-online/standards-sdk-go/pkg/hcs11/mcp_server_builder.go:125.85,128.2 2 1
github.com/hashgraph-online/standards-sdk-go/pkg/hcs11/mcp_server_builder.go:131.73,134.2 2 1
github.com/hashgraph-online/standards-sdk-go/pkg/hcs11/mcp_server_builder.go:137.104,140.2 2 1
github.com/hashgraph-online/standards-sdk-go/pkg/hcs11/mcp_server_builder.go:143.103,150.2 2 1
github.com/hashgraph-online/standards-sdk-go/pkg/hcs11/mcp_server_builder.go:153.95,159.2 2 1
github.com/hashgraph-online/standards-sdk-go/pkg/hcs11/mcp_server_builder.go:162.99,168.2 2 1
github.com/hashgraph-online/standards-sdk-go/pkg/hcs11/mcp_server_builder.go:171.94,174.50 3 1
github.com/hashgraph-online/standards-sdk-go/pkg/hcs11/mcp_server_builder.go:174.50,176.3 1 1
github.com/hashgraph-online/standards-sdk-go/pkg/hcs11/mcp_server_builder.go:177.2,177.45 1 1
github.com/hashgraph-online/standards-sdk-go/pkg/hcs11/mcp_server_builder.go:177.45,178.81 1 1
github.com/hashgraph-online/standards-sdk-go/pkg/hcs11/mcp_server_builder.go:178.81,181.4 2 1
github.com/hashgraph-online/standards-sdk-go/pkg/hcs11/mcp_server_builder.go:183.2,187.16 2 1
github.com/hashgraph-online/standards-sdk-go/pkg/hcs11/mcp_server_builder.go:191.85,194.2 2 1
github.com/hashgraph-online/standards-sdk-go/pkg/hcs11/mcp_server_builder.go:197.64,198.58 1 1
github.com/hashgraph-online/standards-sdk-go/pkg/hcs11/mcp_server_builder.go:198.58,200.3 1 1
github.com/hashgraph-online/standards-sdk-go/pkg/hcs11/mcp_server_builder.go:201.2,201.38 1 1
github.com/hashgraph-online/standards-sdk-go/pkg/hcs11/mcp_server_builder.go:201.38,203.3 1 0
github.com/hashgraph-online/standards-sdk-go/pkg/hcs11/mcp_server_builder.go:204.2,204.64 1 1
github.com/hashgraph-online/standards-sdk-go/pkg/hcs11/mcp_server_builder.go:204.64,206.3 1 1
github.com/hashgraph-online/standards-sdk-go/pkg/hcs11/mcp_server_builder.go:207.2,207.75 1 1
github.com/hashgraph-online/standards-sdk-go/pkg/hcs11/mcp_server_builder.go:207.75,209.3 1 1
github.com/hashgraph-online/standards-sdk-go/pkg/hcs11/mcp_server_builder.go:210.2,210.81 1 1
github.com/hashgraph-online/standards-sdk-go/pkg/hcs11/mcp_server_builder.go:210.81,212.3 1 1
github.com/hashgraph-online/standards-sdk-go/pkg/hcs11/mcp_server_builder.go:213.2,213.50 1 1
github.com/hashgraph-online/standards-sdk-go/pkg/hcs11/mcp_server_builder.go:213.50,215.3 1 1
github.com/hashgraph-online/standards-sdk-go/pkg/hcs11/mcp_server_builder.go:216.2,216.68 1 1
github.com/hashgraph-online/standards-sdk-go/pkg/hcs11/mcp_server_builder.go:216.68,218.3 1 1
github.com/hashgraph-online/standards-sdk-go/pkg/hcs11/mcp_server_builder.go:219.2,219.29 1 1
github.com/hashgraph-online/standards-sdk-go/pkg/hcs11/person_builder.go:13.40,20.2 1 1
github.com/hashgraph-online/standards-sdk-go/pkg/hcs11/person_builder.go:23.67,26.2 2 1
github.com/hashgraph-online/standards-sdk-go/pkg/hcs11/person_builder.go:29.69,32.2 2 1
github.com/hashgraph-online/standards-sdk-go/pkg/hcs11/person_builder.go:35.65,38.2 2 1
github.com/hashgraph-online/standards-sdk-go/pkg/hcs11/person_builder.go:41.81,43.2 1 1
github.com/hashgraph-online/standards-sdk-go/pkg/hcs11/person_builder.go:46.88,49.50 3 1
github.com/hashgraph-online/standards-sdk-go/pkg/hcs11/person_builder.go:49.50,51.3 1 1
github.com/hashgraph-online/standards-sdk-go/pkg/hcs11/person_builder.go:53.2,53.45 1 1
github.com/hashgraph-online/standards-sdk-go/pkg/hcs11/person_builder.go:53.45,54.81 1 1
github.com/hashgraph-online/standards-sdk-go/pkg/hcs11/person_builder.go:54.81,57.4 2 1
github.com/hashgraph-online/standards-sdk-go/pkg/hcs11/person_builder.go:59.2,63.16 2 1
github.com/hashgraph-online/standards-sdk-go/pkg/hcs11/person_builder.go:67.83,70.2 2 1
github.com/hashgraph-online/standards-sdk-go/pkg/hcs11/person_builder.go:73.79,76.2 2 1
github.com/hashgraph-online/standards-sdk-go/pkg/hcs11/person_builder.go:79.80,82.2 2 1
github.com/hashgraph-online/standards-sdk-go/pkg/hcs11/person_builder.go:85.81,88.2 2 1
github.com/hashgraph-online/standards-sdk-go/pkg/hcs11/person_builder.go:91.81,93.22 2 1
github.com/hashgraph-online/standards-sdk-go/pkg/hcs11/person_builder.go:93.22,95.3 1 1
github.com/hashgraph-online/standards-sdk-go/pkg/hcs11/person_builder.go:96.2,96.39 1 1
github.com/hashgraph-online/standards-sdk-go/pkg/hcs11/person_builder.go:96.39,98.3 1 1
github.com/hashgraph-online/standards-sdk-go/pkg/hcs11/person_builder.go:99.2,100.16 2 1
github.com/hashgraph-online/standards-sdk-go/pkg/hcs11/person_builder.go:104.61,105.58 1 1
github.com/hashgraph-online/standards-sdk-go/pkg/hcs11/person_builder.go:105.58,107.3 1 1
github.com/hashgraph-online/standards-sdk-go/pkg/hcs11/person_builder.go:108.2,108.29 1 1
