mode: set
github.com/hashgraph-online/standards-sdk-go/pkg/hcs18/client.go:23.54,25.16 2 1
github.com/hashgraph-online/standards-sdk-go/pkg/hcs18/client.go:25.16,27.3 1 1
github.com/hashgraph-online/standards-sdk-go/pkg/hcs18/client.go:28.2,28.55 1 1
github.com/hashgraph-online/standards-sdk-go/pkg/hcs18/client.go:28.55,30.3 1 1
github.com/hashgraph-online/standards-sdk-go/pkg/hcs18/client.go:31.2,31.56 1 1
github.com/hashgraph-online/standards-sdk-go/pkg/hcs18/client.go:31.56,33.3 1 1
github.com/hashgraph-online/standards-sdk-go/pkg/hcs18/client.go:35.2,36.16 2 1
github.com/hashgraph-online/standards-sdk-go/pkg/hcs18/client.go:36.16,38.3 1 1
github.com/hashgraph-online/standards-sdk-go/pkg/hcs18/client.go:39.2,40.16 2 1
github.com/hashgraph-online/standards-sdk-go/pkg/hcs18/client.go:40.16,42.3 1 1
github.com/hashgraph-online/standards-sdk-go/pkg/hcs18/client.go:44.2,45.16 2 1
github.com/hashgraph-online/standards-sdk-go/pkg/hcs18/client.go:45.16,47.3 1 0
github.com/hashgraph-online/standards-sdk-go/pkg/hcs18/client.go:48.2,55.16 3 1
github.com/hashgraph-online/standards-sdk-go/pkg/hcs18/client.go:55.16,57.3 1 0
github.com/hashgraph-online/standards-sdk-go/pkg/hcs18/client.go:59.2,64.8 1 1
github.com/hashgraph-online/standards-sdk-go/pkg/hcs18/client.go:68.48,70.2 1 1
github.com/hashgraph-online/standards-sdk-go/pkg/hcs18/client.go:76.46,86.16 4 1
github.com/hashgraph-online/standards-sdk-go/pkg/hcs18/client.go:86.16,88.3 1 1
github.com/hashgraph-online/standards-sdk-go/pkg/hcs18/client.go:89.2,90.16 2 0
github.com/hashgraph-online/standards-sdk-go/pkg/hcs18/client.go:90.16,92.3 1 0
github.com/hashgraph-online/standards-sdk-go/pkg/hcs18/client.go:93.2,93.28 1 0
github.com/hashgraph-online/standards-sdk-go/pkg/hcs18/client.go:93.28,95.3 1 0
github.com/hashgraph-online/standards-sdk-go/pkg/hcs18/client.go:96.2,96.47 1 0
github.com/hashgraph-online/standards-sdk-go/pkg/hcs18/client.go:105.38,109.16 3 1
github.com/hashgraph-online/standards-sdk-go/pkg/hcs18/client.go:109.16,111.3 1 1
github.com/hashgraph-online/standards-sdk-go/pkg/hcs18/client.go:112.2,113.16 2 0
github.com/hashgraph-online/standards-sdk-go/pkg/hcs18/client.go:113.16,115.3 1 0
github.com/hashgraph-online/standards-sdk-go/pkg/hcs18/client.go:116.2,117.16 2 0
github.com/hashgraph-online/standards-sdk-go/pkg/hcs18/client.go:117.16,119.3 1 0
github.com/hashgraph-online/standards-sdk-go/pkg/hcs18/client.go:120.2,120.21 1 0
github.com/hashgraph-online/standards-sdk-go/pkg/hcs18/client.go:124.131,126.2 1 1
github.com/hashgraph-online/standards-sdk-go/pkg/hcs18/client.go:129.129,131.2 1 1
github.com/hashgraph-online/standards-sdk-go/pkg/hcs18/client.go:134.129,136.2 1 1
github.com/hashgraph-online/standards-sdk-go/pkg/hcs18/client.go:139.131,141.2 1 1
github.com/hashgraph-online/standards-sdk-go/pkg/hcs18/client.go:144.131,146.2 1 1
github.com/hashgraph-online/standards-sdk-go/pkg/hcs18/client.go:155.28,161.16 2 0
github.com/hashgraph-online/standards-sdk-go/pkg/hcs18/client.go:161.16,163.3 1 0
github.com/hashgraph-online/standards-sdk-go/pkg/hcs18/client.go:165.2,166.29 2 0
github.com/hashgraph-online/standards-sdk-go/pkg/hcs18/client.go:166.29,168.17 2 0
github.com/hashgraph-online/standards-sdk-go/pkg/hcs18/client.go:168.17,169.12 1 0
github.com/hashgraph-online/standards-sdk-go/pkg/hcs18/client.go:171.3,171.50 1 0
github.com/hashgraph-online/standards-sdk-go/pkg/hcs18/client.go:171.50,172.12 1 0
github.com/hashgraph-online/standards-sdk-go/pkg/hcs18/client.go:174.3,179.5 1 0
github.com/hashgraph-online/standards-sdk-go/pkg/hcs18/client.go:181.2,181.21 1 0
github.com/hashgraph-online/standards-sdk-go/pkg/hcs18/client.go:185.65,187.46 2 1
github.com/hashgraph-online/standards-sdk-go/pkg/hcs18/client.go:187.46,188.36 1 1
github.com/hashgraph-online/standards-sdk-go/pkg/hcs18/client.go:188.36,190.4 1 1
github.com/hashgraph-online/standards-sdk-go/pkg/hcs18/client.go:192.2,193.41 2 1
github.com/hashgraph-online/standards-sdk-go/pkg/hcs18/client.go:196.71,198.16 2 1
github.com/hashgraph-online/standards-sdk-go/pkg/hcs18/client.go:198.16,200.3 1 1
github.com/hashgraph-online/standards-sdk-go/pkg/hcs18/client.go:202.2,207.59 2 0
github.com/hashgraph-online/standards-sdk-go/pkg/hcs18/client.go:207.59,209.3 1 0
github.com/hashgraph-online/standards-sdk-go/pkg/hcs18/client.go:211.2,215.21 2 0
github.com/hashgraph-online/standards-sdk-go/pkg/hcs18/client.go:216.25,218.65 2 0
github.com/hashgraph-online/standards-sdk-go/pkg/hcs18/client.go:218.65,220.4 1 0
github.com/hashgraph-online/standards-sdk-go/pkg/hcs18/client.go:221.3,221.25 1 0
github.com/hashgraph-online/standards-sdk-go/pkg/hcs18/client.go:222.24,224.65 2 0
github.com/hashgraph-online/standards-sdk-go/pkg/hcs18/client.go:224.65,226.4 1 0
github.com/hashgraph-online/standards-sdk-go/pkg/hcs18/client.go:227.3,227.25 1 0
github.com/hashgraph-online/standards-sdk-go/pkg/hcs18/client.go:228.24,230.65 2 0
github.com/hashgraph-online/standards-sdk-go/pkg/hcs18/client.go:230.65,232.4 1 0
github.com/hashgraph-online/standards-sdk-go/pkg/hcs18/client.go:233.3,233.25 1 0
github.com/hashgraph-online/standards-sdk-go/pkg/hcs18/client.go:234.25,236.65 2 0
github.com/hashgraph-online/standards-sdk-go/pkg/hcs18/client.go:236.65,238.4 1 0
github.com/hashgraph-online/standards-sdk-go/pkg/hcs18/client.go:239.3,239.25 1 0
github.com/hashgraph-online/standards-sdk-go/pkg/hcs18/client.go:240.25,242.65 2 0
github.com/hashgraph-online/standards-sdk-go/pkg/hcs18/client.go:242.65,244.4 1 0
github.com/hashgraph-online/standards-sdk-go/pkg/hcs18/client.go:245.3,245.25 1 0
github.com/hashgraph-online/standards-sdk-go/pkg/hcs18/client.go:246.10,247.81 1 0
github.com/hashgraph-online/standards-sdk-go/pkg/hcs18/client.go:249.2,249.21 1 0
github.com/hashgraph-online/standards-sdk-go/pkg/hcs18/client.go:252.76,254.35 2 1
github.com/hashgraph-online/standards-sdk-go/pkg/hcs18/client.go:254.35,256.3 1 1
github.com/hashgraph-online/standards-sdk-go/pkg/hcs18/client.go:257.2,257.17 1 1
github.com/hashgraph-online/standards-sdk-go/pkg/hcs18/client.go:257.17,259.3 1 1
github.com/hashgraph-online/standards-sdk-go/pkg/hcs18/client.go:260.2,261.16 2 0
github.com/hashgraph-online/standards-sdk-go/pkg/hcs18/client.go:261.16,263.3 1 0
github.com/hashgraph-online/standards-sdk-go/pkg/hcs18/client.go:264.2,264.18 1 0
github.com/hashgraph-online/standards-sdk-go/pkg/hcs18/memo.go:14.71,16.27 2 1
github.com/hashgraph-online/standards-sdk-go/pkg/hcs18/memo.go:16.27,18.3 1 0
github.com/hashgraph-online/standards-sdk-go/pkg/hcs18/memo.go:19.2,19.20 1 1
github.com/hashgraph-online/standards-sdk-go/pkg/hcs18/memo.go:19.20,21.3 1 1
github.com/hashgraph-online/standards-sdk-go/pkg/hcs18/memo.go:22.2,22.19 1 1
github.com/hashgraph-online/standards-sdk-go/pkg/hcs18/memo.go:26.57,28.23 2 1
github.com/hashgraph-online/standards-sdk-go/pkg/hcs18/memo.go:28.23,30.3 1 0
github.com/hashgraph-online/standards-sdk-go/pkg/hcs18/memo.go:31.2,32.61 2 1
github.com/hashgraph-online/standards-sdk-go/pkg/hcs18/memo.go:32.61,34.29 2 1
github.com/hashgraph-online/standards-sdk-go/pkg/hcs18/memo.go:34.29,36.4 1 0
github.com/hashgraph-online/standards-sdk-go/pkg/hcs18/memo.go:38.2,42.9 1 1
github.com/hashgraph-online/standards-sdk-go/pkg/hcs18/memo.go:46.64,48.2 1 1
github.com/hashgraph-online/standards-sdk-go/pkg/hcs18/memo.go:50.47,51.19 1 1
github.com/hashgraph-online/standards-sdk-go/pkg/hcs18/memo.go:52.25,53.11 1 1
github.com/hashgraph-online/standards-sdk-go/pkg/hcs18/memo.go:54.24,55.11 1 0
github.com/hashgraph-online/standards-sdk-go/pkg/hcs18/memo.go:56.24,57.11 1 0
github.com/hashgraph-online/standards-sdk-go/pkg/hcs18/memo.go:58.25,59.11 1 0
github.com/hashgraph-online/standards-sdk-go/pkg/hcs18/memo.go:60.25,61.11 1 0
github.com/hashgraph-online/standards-sdk-go/pkg/hcs18/memo.go:62.10,63.11 1 0
github.com/hashgraph-online/standards-sdk-go/pkg/hcs18/tx.go:19.102,21.28 2 1
github.com/hashgraph-online/standards-sdk-go/pkg/hcs18/tx.go:21.28,23.3 1 1
github.com/hashgraph-online/standards-sdk-go/pkg/hcs18/tx.go:24.2,24.29 1 1
github.com/hashgraph-online/standards-sdk-go/pkg/hcs18/tx.go:24.29,26.3 1 0
github.com/hashgraph-online/standards-sdk-go/pkg/hcs18/tx.go:27.2,27.20 1 1
github.com/hashgraph-online/standards-sdk-go/pkg/hcs18/tx.go:31.149,32.49 1 1
github.com/hashgraph-online/standards-sdk-go/pkg/hcs18/tx.go:32.49,34.3 1 1
github.com/hashgraph-online/standards-sdk-go/pkg/hcs18/tx.go:35.2,36.16 2 1
github.com/hashgraph-online/standards-sdk-go/pkg/hcs18/tx.go:36.16,38.3 1 0
github.com/hashgraph-online/standards-sdk-go/pkg/hcs18/tx.go:40.2,41.16 2 1
github.com/hashgraph-online/standards-sdk-go/pkg/hcs18/tx.go:41.16,43.3 1 0
github.com/hashgraph-online/standards-sdk-go/pkg/hcs18/tx.go:45.2,46.24 2 1
github.com/hashgraph-online/standards-sdk-go/pkg/hcs18/tx.go:46.24,48.3 1 1
github.com/hashgraph-online/standards-sdk-go/pkg/hcs18/tx.go:50.2,54.25 2 1
github.com/hashgraph-online/standards-sdk-go/pkg/hcs18/tx.go:58.63,64.2 1 1
github.com/hashgraph-online/standards-sdk-go/pkg/hcs18/tx.go:67.61,73.2 1 1
github.com/hashgraph-online/standards-sdk-go/pkg/hcs18/tx.go:76.61,82.2 1 1
github.com/hashgraph-online/standards-sdk-go/pkg/hcs18/tx.go:85.63,91.2 1 1
github.com/hashgraph-online/standards-sdk-go/pkg/hcs18/tx.go:94.63,100.2 1 1
github.com/hashgraph-online/standards-sdk-go/pkg/hcs18/validation.go:9.54,10.46 1 1
github.com/hashgraph-online/standards-sdk-go/pkg/hcs18/validation.go:10.46,12.3 1 0
github.com/hashgraph-online/standards-sdk-go/pkg/hcs18/validation.go:13.2,13.20 1 1
github.com/hashgraph-online/standards-sdk-go/pkg/hcs18/validation.go:14.25,16.10 2 1
github.com/hashgraph-online/standards-sdk-go/pkg/hcs18/validation.go:16.10,18.4 1 0
github.com/hashgraph-online/standards-sdk-go/pkg/hcs18/validation.go:19.3,19.44 1 1
github.com/hashgraph-online/standards-sdk-go/pkg/hcs18/validation.go:19.44,21.4 1 0
github.com/hashgraph-online/standards-sdk-go/pkg/hcs18/validation.go:22.3,22.47 1 1
github.com/hashgraph-online/standards-sdk-go/pkg/hcs18/validation.go:22.47,24.4 1 1
github.com/hashgraph-online/standards-sdk-go/pkg/hcs18/validation.go:25.3,25.44 1 1
github.com/hashgraph-online/standards-sdk-go/pkg/hcs18/validation.go:25.44,27.4 1 0
github.com/hashgraph-online/standards-sdk-go/pkg/hcs18/validation.go:28.24,30.10 2 1
github.com/hashgraph-online/standards-sdk-go/pkg/hcs18/validation.go:30.10,32.4 1 0
github.com/hashgraph-online/standards-sdk-go/pkg/hcs18/validation.go:33.3,33.45 1 1
github.com/hashgraph-online/standards-sdk-go/pkg/hcs18/validation.go:33.45,35.4 1 1
github.com/hashgraph-online/standards-sdk-go/pkg/hcs18/validation.go:36.3,36.29 1 0
github.com/hashgraph-online/standards-sdk-go/pkg/hcs18/validation.go:36.29,38.4 1 0
github.com/hashgraph-online/standards-sdk-go/pkg/hcs18/validation.go:39.3,39.48 1 0
github.com/hashgraph-online/standards-sdk-go/pkg/hcs18/validation.go:39.48,41.4 1 0
github.com/hashgraph-online/standards-sdk-go/pkg/hcs18/validation.go:42.3,42.33 1 0
github.com/hashgraph-online/standards-sdk-go/pkg/hcs18/validation.go:42.33,44.4 1 0
github.com/hashgraph-online/standards-sdk-go/pkg/hcs18/validation.go:45.24,47.10 2 1
github.com/hashgraph-online/standards-sdk-go/pkg/hcs18/validation.go:47.10,49.4 1 0
github.com/hashgraph-online/standards-sdk-go/pkg/hcs18/validation.go:50.3,50.46 1 1
github.com/hashgraph-online/standards-sdk-go/pkg/hcs18/validation.go:50.46,52.4 1 1
github.com/hashgraph-online/standards-sdk-go/pkg/hcs18/validation.go:53.3,53.28 1 1
github.com/hashgraph-online/standards-sdk-go/pkg/hcs18/validation.go:53.28,55.4 1 0
github.com/hashgraph-online/standards-sdk-go/pkg/hcs18/validation.go:56.3,56.61 1 1
github.com/hashgraph-online/standards-sdk-go/pkg/hcs18/validation.go:56.61,58.4 1 0
github.com/hashgraph-online/standards-sdk-go/pkg/hcs18/validation.go:59.25,61.10 2 1
github.com/hashgraph-online/standards-sdk-go/pkg/hcs18/validation.go:61.10,63.4 1 0
github.com/hashgraph-online/standards-sdk-go/pkg/hcs18/validation.go:64.3,64.28 1 1
github.com/hashgraph-online/standards-sdk-go/pkg/hcs18/validation.go:64.28,66.4 1 1
github.com/hashgraph-online/standards-sdk-go/pkg/hcs18/validation.go:67.3,67.49 1 0
github.com/hashgraph-online/standards-sdk-go/pkg/hcs18/validation.go:67.49,69.4 1 0
github.com/hashgraph-online/standards-sdk-go/pkg/hcs18/validation.go:70.3,70.155 1 0
github.com/hashgraph-online/standards-sdk-go/pkg/hcs18/validation.go:70.155,72.4 1 0
github.com/hashgraph-online/standards-sdk-go/pkg/hcs18/validation.go:73.25,75.10 2 1
github.com/hashgraph-online/standards-sdk-go/pkg/hcs18/validation.go:75.10,77.4 1 0
github.com/hashgraph-online/standards-sdk-go/pkg/hcs18/validation.go:78.3,78.44 1 1
github.com/hashgraph-online/standards-sdk-go/pkg/hcs18/validation.go:78.44,80.4 1 1
github.com/hashgraph-online/standards-sdk-go/pkg/hcs18/validation.go:81.3,81.28 1 0
github.com/hashgraph-online/standards-sdk-go/pkg/hcs18/validation.go:81.28,83.4 1 0
github.com/hashgraph-online/standards-sdk-go/pkg/hcs18/validation.go:84.10,85.60 1 0
github.com/hashgraph-online/standards-sdk-go/pkg/hcs18/validation.go:87.2,87.12 1 1
