mode: set
github.com/hashgraph-online/standards-sdk-go/pkg/hcs27/client.go:40.54,42.16 2 1
github.com/hashgraph-online/standards-sdk-go/pkg/hcs27/client.go:42.16,44.3 1 1
github.com/hashgraph-online/standards-sdk-go/pkg/hcs27/client.go:45.2,45.55 1 1
github.com/hashgraph-online/standards-sdk-go/pkg/hcs27/client.go:45.55,47.3 1 1
github.com/hashgraph-online/standards-sdk-go/pkg/hcs27/client.go:48.2,48.56 1 1
github.com/hashgraph-online/standards-sdk-go/pkg/hcs27/client.go:48.56,50.3 1 0
github.com/hashgraph-online/standards-sdk-go/pkg/hcs27/client.go:52.2,53.16 2 1
github.com/hashgraph-online/standards-sdk-go/pkg/hcs27/client.go:53.16,55.3 1 1
github.com/hashgraph-online/standards-sdk-go/pkg/hcs27/client.go:56.2,57.16 2 1
github.com/hashgraph-online/standards-sdk-go/pkg/hcs27/client.go:57.16,59.3 1 1
github.com/hashgraph-online/standards-sdk-go/pkg/hcs27/client.go:61.2,62.16 2 1
github.com/hashgraph-online/standards-sdk-go/pkg/hcs27/client.go:62.16,64.3 1 0
github.com/hashgraph-online/standards-sdk-go/pkg/hcs27/client.go:65.2,72.16 3 1
github.com/hashgraph-online/standards-sdk-go/pkg/hcs27/client.go:72.16,74.3 1 0
github.com/hashgraph-online/standards-sdk-go/pkg/hcs27/client.go:76.2,81.8 1 1
github.com/hashgraph-online/standards-sdk-go/pkg/hcs27/client.go:85.48,87.2 1 1
github.com/hashgraph-online/standards-sdk-go/pkg/hcs27/client.go:93.27,98.16 4 1
github.com/hashgraph-online/standards-sdk-go/pkg/hcs27/client.go:98.16,100.3 1 0
github.com/hashgraph-online/standards-sdk-go/pkg/hcs27/client.go:101.2,101.21 1 1
github.com/hashgraph-online/standards-sdk-go/pkg/hcs27/client.go:101.21,103.3 1 1
github.com/hashgraph-online/standards-sdk-go/pkg/hcs27/client.go:105.2,106.16 2 1
github.com/hashgraph-online/standards-sdk-go/pkg/hcs27/client.go:106.16,108.3 1 0
github.com/hashgraph-online/standards-sdk-go/pkg/hcs27/client.go:109.2,109.22 1 1
github.com/hashgraph-online/standards-sdk-go/pkg/hcs27/client.go:109.22,111.3 1 0
github.com/hashgraph-online/standards-sdk-go/pkg/hcs27/client.go:113.2,114.16 2 1
github.com/hashgraph-online/standards-sdk-go/pkg/hcs27/client.go:114.16,116.3 1 1
github.com/hashgraph-online/standards-sdk-go/pkg/hcs27/client.go:117.2,118.16 2 0
github.com/hashgraph-online/standards-sdk-go/pkg/hcs27/client.go:118.16,120.3 1 0
github.com/hashgraph-online/standards-sdk-go/pkg/hcs27/client.go:121.2,121.28 1 0
github.com/hashgraph-online/standards-sdk-go/pkg/hcs27/client.go:121.28,123.3 1 0
github.com/hashgraph-online/standards-sdk-go/pkg/hcs27/client.go:125.2,125.71 1 0
github.com/hashgraph-online/standards-sdk-go/pkg/hcs27/client.go:135.26,136.51 1 1
github.com/hashgraph-online/standards-sdk-go/pkg/hcs27/client.go:136.51,138.3 1 1
github.com/hashgraph-online/standards-sdk-go/pkg/hcs27/client.go:139.2,139.29 1 0
github.com/hashgraph-online/standards-sdk-go/pkg/hcs27/client.go:139.29,141.3 1 0
github.com/hashgraph-online/standards-sdk-go/pkg/hcs27/client.go:143.2,144.16 2 0
github.com/hashgraph-online/standards-sdk-go/pkg/hcs27/client.go:144.16,146.3 1 0
github.com/hashgraph-online/standards-sdk-go/pkg/hcs27/client.go:148.2,155.16 3 0
github.com/hashgraph-online/standards-sdk-go/pkg/hcs27/client.go:155.16,157.3 1 0
github.com/hashgraph-online/standards-sdk-go/pkg/hcs27/client.go:159.2,160.37 2 0
github.com/hashgraph-online/standards-sdk-go/pkg/hcs27/client.go:160.37,162.78 2 0
github.com/hashgraph-online/standards-sdk-go/pkg/hcs27/client.go:162.78,164.4 1 0
github.com/hashgraph-online/standards-sdk-go/pkg/hcs27/client.go:165.3,165.92 1 0
github.com/hashgraph-online/standards-sdk-go/pkg/hcs27/client.go:165.92,166.42 1 0
github.com/hashgraph-online/standards-sdk-go/pkg/hcs27/client.go:166.42,168.5 1 0
github.com/hashgraph-online/standards-sdk-go/pkg/hcs27/client.go:169.4,169.67 1 0
github.com/hashgraph-online/standards-sdk-go/pkg/hcs27/client.go:173.2,173.77 1 0
github.com/hashgraph-online/standards-sdk-go/pkg/hcs27/client.go:173.77,175.3 1 0
github.com/hashgraph-online/standards-sdk-go/pkg/hcs27/client.go:177.2,178.16 2 0
github.com/hashgraph-online/standards-sdk-go/pkg/hcs27/client.go:178.16,180.3 1 0
github.com/hashgraph-online/standards-sdk-go/pkg/hcs27/client.go:182.2,182.27 1 0
github.com/hashgraph-online/standards-sdk-go/pkg/hcs27/client.go:182.27,184.3 1 0
github.com/hashgraph-online/standards-sdk-go/pkg/hcs27/client.go:186.2,191.16 2 0
github.com/hashgraph-online/standards-sdk-go/pkg/hcs27/client.go:191.16,193.3 1 0
github.com/hashgraph-online/standards-sdk-go/pkg/hcs27/client.go:195.2,196.16 2 0
github.com/hashgraph-online/standards-sdk-go/pkg/hcs27/client.go:196.16,198.3 1 0
github.com/hashgraph-online/standards-sdk-go/pkg/hcs27/client.go:200.2,203.8 1 0
github.com/hashgraph-online/standards-sdk-go/pkg/hcs27/client.go:210.46,212.16 2 1
github.com/hashgraph-online/standards-sdk-go/pkg/hcs27/client.go:212.16,214.3 1 0
github.com/hashgraph-online/standards-sdk-go/pkg/hcs27/client.go:215.2,215.26 1 1
github.com/hashgraph-online/standards-sdk-go/pkg/hcs27/client.go:215.26,217.3 1 1
github.com/hashgraph-online/standards-sdk-go/pkg/hcs27/client.go:219.2,220.16 2 1
github.com/hashgraph-online/standards-sdk-go/pkg/hcs27/client.go:220.16,222.3 1 0
github.com/hashgraph-online/standards-sdk-go/pkg/hcs27/client.go:224.2,225.16 2 1
github.com/hashgraph-online/standards-sdk-go/pkg/hcs27/client.go:225.16,227.3 1 0
github.com/hashgraph-online/standards-sdk-go/pkg/hcs27/client.go:228.2,232.16 4 1
github.com/hashgraph-online/standards-sdk-go/pkg/hcs27/client.go:232.16,234.3 1 0
github.com/hashgraph-online/standards-sdk-go/pkg/hcs27/client.go:235.2,235.25 1 1
github.com/hashgraph-online/standards-sdk-go/pkg/hcs27/client.go:235.25,240.3 1 0
github.com/hashgraph-online/standards-sdk-go/pkg/hcs27/client.go:242.2,242.45 1 1
github.com/hashgraph-online/standards-sdk-go/pkg/hcs27/client.go:248.36,254.16 2 0
github.com/hashgraph-online/standards-sdk-go/pkg/hcs27/client.go:254.16,256.3 1 0
github.com/hashgraph-online/standards-sdk-go/pkg/hcs27/client.go:257.2,258.16 2 0
github.com/hashgraph-online/standards-sdk-go/pkg/hcs27/client.go:258.16,260.3 1 0
github.com/hashgraph-online/standards-sdk-go/pkg/hcs27/client.go:261.2,261.39 1 0
github.com/hashgraph-online/standards-sdk-go/pkg/hcs27/client.go:261.39,263.3 1 0
github.com/hashgraph-online/standards-sdk-go/pkg/hcs27/client.go:264.2,270.16 3 0
github.com/hashgraph-online/standards-sdk-go/pkg/hcs27/client.go:270.16,272.3 1 0
github.com/hashgraph-online/standards-sdk-go/pkg/hcs27/client.go:274.2,275.16 2 0
github.com/hashgraph-online/standards-sdk-go/pkg/hcs27/client.go:275.16,277.3 1 0
github.com/hashgraph-online/standards-sdk-go/pkg/hcs27/client.go:279.2,279.38 1 0
github.com/hashgraph-online/standards-sdk-go/pkg/hcs27/client.go:279.38,281.3 1 0
github.com/hashgraph-online/standards-sdk-go/pkg/hcs27/client.go:283.2,290.8 4 0
github.com/hashgraph-online/standards-sdk-go/pkg/hcs27/client.go:296.36,297.38 1 1
github.com/hashgraph-online/standards-sdk-go/pkg/hcs27/client.go:297.38,299.3 1 1
github.com/hashgraph-online/standards-sdk-go/pkg/hcs27/client.go:300.2,300.50 1 0
github.com/hashgraph-online/standards-sdk-go/pkg/hcs27/client.go:308.31,310.30 2 1
github.com/hashgraph-online/standards-sdk-go/pkg/hcs27/client.go:310.30,312.3 1 1
github.com/hashgraph-online/standards-sdk-go/pkg/hcs27/client.go:314.2,317.16 2 1
github.com/hashgraph-online/standards-sdk-go/pkg/hcs27/client.go:317.16,319.3 1 0
github.com/hashgraph-online/standards-sdk-go/pkg/hcs27/client.go:321.2,322.32 2 1
github.com/hashgraph-online/standards-sdk-go/pkg/hcs27/client.go:322.32,324.66 2 0
github.com/hashgraph-online/standards-sdk-go/pkg/hcs27/client.go:324.66,325.12 1 0
github.com/hashgraph-online/standards-sdk-go/pkg/hcs27/client.go:328.3,329.17 2 0
github.com/hashgraph-online/standards-sdk-go/pkg/hcs27/client.go:329.17,330.12 1 0
github.com/hashgraph-online/standards-sdk-go/pkg/hcs27/client.go:333.3,341.36 2 0
github.com/hashgraph-online/standards-sdk-go/pkg/hcs27/client.go:344.2,344.21 1 1
github.com/hashgraph-online/standards-sdk-go/pkg/hcs27/client.go:348.64,355.33 3 1
github.com/hashgraph-online/standards-sdk-go/pkg/hcs27/client.go:355.33,368.13 4 1
github.com/hashgraph-online/standards-sdk-go/pkg/hcs27/client.go:368.13,369.44 1 1
github.com/hashgraph-online/standards-sdk-go/pkg/hcs27/client.go:369.44,371.5 1 1
github.com/hashgraph-online/standards-sdk-go/pkg/hcs27/client.go:372.4,372.48 1 1
github.com/hashgraph-online/standards-sdk-go/pkg/hcs27/client.go:372.48,374.5 1 1
github.com/hashgraph-online/standards-sdk-go/pkg/hcs27/client.go:375.4,375.71 1 1
github.com/hashgraph-online/standards-sdk-go/pkg/hcs27/client.go:375.71,377.5 1 1
github.com/hashgraph-online/standards-sdk-go/pkg/hcs27/client.go:378.4,378.77 1 1
github.com/hashgraph-online/standards-sdk-go/pkg/hcs27/client.go:378.77,380.5 1 1
github.com/hashgraph-online/standards-sdk-go/pkg/hcs27/client.go:383.3,383.30 1 1
github.com/hashgraph-online/standards-sdk-go/pkg/hcs27/client.go:386.2,386.12 1 1
github.com/hashgraph-online/standards-sdk-go/pkg/hcs27/client.go:390.98,395.23 4 1
github.com/hashgraph-online/standards-sdk-go/pkg/hcs27/client.go:395.23,397.3 1 0
github.com/hashgraph-online/standards-sdk-go/pkg/hcs27/client.go:398.2,403.16 3 1
github.com/hashgraph-online/standards-sdk-go/pkg/hcs27/client.go:403.16,405.3 1 0
github.com/hashgraph-online/standards-sdk-go/pkg/hcs27/client.go:406.2,406.29 1 1
github.com/hashgraph-online/standards-sdk-go/pkg/hcs27/client.go:406.29,408.3 1 1
github.com/hashgraph-online/standards-sdk-go/pkg/hcs27/client.go:410.2,410.85 1 0
github.com/hashgraph-online/standards-sdk-go/pkg/hcs27/client.go:417.19,419.16 2 0
github.com/hashgraph-online/standards-sdk-go/pkg/hcs27/client.go:419.16,421.3 1 0
github.com/hashgraph-online/standards-sdk-go/pkg/hcs27/client.go:423.2,423.62 1 0
github.com/hashgraph-online/standards-sdk-go/pkg/hcs27/client.go:423.62,425.3 1 0
github.com/hashgraph-online/standards-sdk-go/pkg/hcs27/client.go:427.2,428.30 2 0
github.com/hashgraph-online/standards-sdk-go/pkg/hcs27/client.go:428.30,430.3 1 0
github.com/hashgraph-online/standards-sdk-go/pkg/hcs27/client.go:432.2,433.45 2 0
github.com/hashgraph-online/standards-sdk-go/pkg/hcs27/client.go:433.45,434.36 1 0
github.com/hashgraph-online/standards-sdk-go/pkg/hcs27/client.go:434.36,435.12 1 0
github.com/hashgraph-online/standards-sdk-go/pkg/hcs27/client.go:437.3,437.62 1 0
github.com/hashgraph-online/standards-sdk-go/pkg/hcs27/client.go:437.62,438.12 1 0
github.com/hashgraph-online/standards-sdk-go/pkg/hcs27/client.go:440.3,440.99 1 0
github.com/hashgraph-online/standards-sdk-go/pkg/hcs27/client.go:440.99,441.12 1 0
github.com/hashgraph-online/standards-sdk-go/pkg/hcs27/client.go:443.3,443.41 1 0
github.com/hashgraph-online/standards-sdk-go/pkg/hcs27/client.go:443.41,444.12 1 0
github.com/hashgraph-online/standards-sdk-go/pkg/hcs27/client.go:447.3,448.23 2 0
github.com/hashgraph-online/standards-sdk-go/pkg/hcs27/client.go:448.23,450.4 1 0
github.com/hashgraph-online/standards-sdk-go/pkg/hcs27/client.go:451.3,451.55 1 0
github.com/hashgraph-online/standards-sdk-go/pkg/hcs27/client.go:454.2,454.44 1 0
github.com/hashgraph-online/standards-sdk-go/pkg/hcs27/client.go:454.44,461.3 1 0
github.com/hashgraph-online/standards-sdk-go/pkg/hcs27/client.go:463.2,465.48 3 0
github.com/hashgraph-online/standards-sdk-go/pkg/hcs27/client.go:465.48,468.3 2 0
github.com/hashgraph-online/standards-sdk-go/pkg/hcs27/client.go:469.2,472.63 3 0
github.com/hashgraph-online/standards-sdk-go/pkg/hcs27/client.go:472.63,473.43 1 0
github.com/hashgraph-online/standards-sdk-go/pkg/hcs27/client.go:473.43,479.4 1 0
github.com/hashgraph-online/standards-sdk-go/pkg/hcs27/client.go:480.3,480.51 1 0
github.com/hashgraph-online/standards-sdk-go/pkg/hcs27/client.go:483.2,483.22 1 0
github.com/hashgraph-online/standards-sdk-go/pkg/hcs27/client.go:486.65,487.46 1 1
github.com/hashgraph-online/standards-sdk-go/pkg/hcs27/client.go:488.14,489.34 1 1
github.com/hashgraph-online/standards-sdk-go/pkg/hcs27/client.go:490.22,493.42 3 1
github.com/hashgraph-online/standards-sdk-go/pkg/hcs27/client.go:493.42,495.4 1 1
github.com/hashgraph-online/standards-sdk-go/pkg/hcs27/client.go:496.3,496.80 1 1
github.com/hashgraph-online/standards-sdk-go/pkg/hcs27/client.go:496.80,498.4 1 1
github.com/hashgraph-online/standards-sdk-go/pkg/hcs27/client.go:499.25,502.23 3 1
github.com/hashgraph-online/standards-sdk-go/pkg/hcs27/client.go:502.23,504.4 1 1
github.com/hashgraph-online/standards-sdk-go/pkg/hcs27/client.go:505.3,505.42 1 1
github.com/hashgraph-online/standards-sdk-go/pkg/hcs27/client.go:505.42,507.4 1 1
github.com/hashgraph-online/standards-sdk-go/pkg/hcs27/client.go:510.2,510.11 1 1
github.com/hashgraph-online/standards-sdk-go/pkg/hcs27/client.go:513.95,514.17 1 1
github.com/hashgraph-online/standards-sdk-go/pkg/hcs27/client.go:514.17,517.3 2 1
github.com/hashgraph-online/standards-sdk-go/pkg/hcs27/client.go:519.2,520.19 2 1
github.com/hashgraph-online/standards-sdk-go/pkg/hcs27/client.go:520.19,522.3 1 1
github.com/hashgraph-online/standards-sdk-go/pkg/hcs27/client.go:524.2,525.22 2 0
github.com/hashgraph-online/standards-sdk-go/pkg/hcs27/client.go:525.22,527.3 1 0
github.com/hashgraph-online/standards-sdk-go/pkg/hcs27/client.go:529.2,530.23 2 0
github.com/hashgraph-online/standards-sdk-go/pkg/hcs27/client.go:530.23,532.3 1 0
github.com/hashgraph-online/standards-sdk-go/pkg/hcs27/client.go:534.2,535.25 2 0
github.com/hashgraph-online/standards-sdk-go/pkg/hcs27/memo.go:10.46,11.21 1 1
github.com/hashgraph-online/standards-sdk-go/pkg/hcs27/memo.go:11.21,13.3 1 1
github.com/hashgraph-online/standards-sdk-go/pkg/hcs27/memo.go:14.2,14.49 1 1
github.com/hashgraph-online/standards-sdk-go/pkg/hcs27/memo.go:18.53,20.21 2 1
github.com/hashgraph-online/standards-sdk-go/pkg/hcs27/memo.go:20.21,22.3 1 1
github.com/hashgraph-online/standards-sdk-go/pkg/hcs27/memo.go:23.2,23.26 1 1
github.com/hashgraph-online/standards-sdk-go/pkg/hcs27/memo.go:23.26,25.3 1 1
github.com/hashgraph-online/standards-sdk-go/pkg/hcs27/memo.go:27.2,28.16 2 1
github.com/hashgraph-online/standards-sdk-go/pkg/hcs27/memo.go:28.16,30.3 1 1
github.com/hashgraph-online/standards-sdk-go/pkg/hcs27/memo.go:32.2,33.16 2 1
github.com/hashgraph-online/standards-sdk-go/pkg/hcs27/memo.go:33.16,35.3 1 1
github.com/hashgraph-online/standards-sdk-go/pkg/hcs27/memo.go:37.2,38.16 2 1
github.com/hashgraph-online/standards-sdk-go/pkg/hcs27/memo.go:38.16,40.3 1 1
github.com/hashgraph-online/standards-sdk-go/pkg/hcs27/memo.go:42.2,46.9 1 1
github.com/hashgraph-online/standards-sdk-go/pkg/hcs27/memo.go:50.36,52.2 1 1
github.com/hashgraph-online/standards-sdk-go/pkg/hcs27/merkle.go:16.25,19.2 2 1
github.com/hashgraph-online/standards-sdk-go/pkg/hcs27/merkle.go:22.45,28.2 5 1
github.com/hashgraph-online/standards-sdk-go/pkg/hcs27/merkle.go:31.42,38.2 6 1
github.com/hashgraph-online/standards-sdk-go/pkg/hcs27/merkle.go:41.62,42.22 1 1
github.com/hashgraph-online/standards-sdk-go/pkg/hcs27/merkle.go:43.9,44.21 1 1
github.com/hashgraph-online/standards-sdk-go/pkg/hcs27/merkle.go:45.9,46.30 1 1
github.com/hashgraph-online/standards-sdk-go/pkg/hcs27/merkle.go:47.10,51.31 4 1
github.com/hashgraph-online/standards-sdk-go/pkg/hcs27/merkle.go:56.59,58.32 2 1
github.com/hashgraph-online/standards-sdk-go/pkg/hcs27/merkle.go:58.32,60.17 2 1
github.com/hashgraph-online/standards-sdk-go/pkg/hcs27/merkle.go:60.17,62.4 1 0
github.com/hashgraph-online/standards-sdk-go/pkg/hcs27/merkle.go:63.3,63.57 1 1
github.com/hashgraph-online/standards-sdk-go/pkg/hcs27/merkle.go:66.2,66.62 1 1
github.com/hashgraph-online/standards-sdk-go/pkg/hcs27/merkle.go:70.54,72.16 2 1
github.com/hashgraph-online/standards-sdk-go/pkg/hcs27/merkle.go:72.16,74.3 1 0
github.com/hashgraph-online/standards-sdk-go/pkg/hcs27/merkle.go:75.2,75.53 1 1
github.com/hashgraph-online/standards-sdk-go/pkg/hcs27/merkle.go:85.17,86.19 1 1
github.com/hashgraph-online/standards-sdk-go/pkg/hcs27/merkle.go:86.19,88.3 1 1
github.com/hashgraph-online/standards-sdk-go/pkg/hcs27/merkle.go:89.2,89.27 1 1
github.com/hashgraph-online/standards-sdk-go/pkg/hcs27/merkle.go:89.27,91.3 1 1
github.com/hashgraph-online/standards-sdk-go/pkg/hcs27/merkle.go:93.2,94.16 2 1
github.com/hashgraph-online/standards-sdk-go/pkg/hcs27/merkle.go:94.16,96.3 1 1
github.com/hashgraph-online/standards-sdk-go/pkg/hcs27/merkle.go:98.2,103.28 5 1
github.com/hashgraph-online/standards-sdk-go/pkg/hcs27/merkle.go:103.28,104.14 1 1
github.com/hashgraph-online/standards-sdk-go/pkg/hcs27/merkle.go:104.14,106.4 1 0
github.com/hashgraph-online/standards-sdk-go/pkg/hcs27/merkle.go:108.3,109.17 2 1
github.com/hashgraph-online/standards-sdk-go/pkg/hcs27/merkle.go:109.17,111.4 1 1
github.com/hashgraph-online/standards-sdk-go/pkg/hcs27/merkle.go:113.3,113.47 1 1
github.com/hashgraph-online/standards-sdk-go/pkg/hcs27/merkle.go:113.47,115.36 2 0
github.com/hashgraph-online/standards-sdk-go/pkg/hcs27/merkle.go:115.36,116.49 1 0
github.com/hashgraph-online/standards-sdk-go/pkg/hcs27/merkle.go:116.49,119.6 2 0
github.com/hashgraph-online/standards-sdk-go/pkg/hcs27/merkle.go:121.9,123.4 1 1
github.com/hashgraph-online/standards-sdk-go/pkg/hcs27/merkle.go:125.3,126.10 2 1
github.com/hashgraph-online/standards-sdk-go/pkg/hcs27/merkle.go:129.2,129.86 1 1
github.com/hashgraph-online/standards-sdk-go/pkg/hcs27/merkle.go:139.17,140.22 1 1
github.com/hashgraph-online/standards-sdk-go/pkg/hcs27/merkle.go:140.22,142.3 1 1
github.com/hashgraph-online/standards-sdk-go/pkg/hcs27/merkle.go:143.2,143.32 1 1
github.com/hashgraph-online/standards-sdk-go/pkg/hcs27/merkle.go:143.32,145.3 1 1
github.com/hashgraph-online/standards-sdk-go/pkg/hcs27/merkle.go:146.2,146.31 1 1
github.com/hashgraph-online/standards-sdk-go/pkg/hcs27/merkle.go:146.31,148.3 1 1
github.com/hashgraph-online/standards-sdk-go/pkg/hcs27/merkle.go:149.2,149.31 1 1
github.com/hashgraph-online/standards-sdk-go/pkg/hcs27/merkle.go:149.31,151.3 1 1
github.com/hashgraph-online/standards-sdk-go/pkg/hcs27/merkle.go:153.2,154.36 2 1
github.com/hashgraph-online/standards-sdk-go/pkg/hcs27/merkle.go:154.36,156.3 1 1
github.com/hashgraph-online/standards-sdk-go/pkg/hcs27/merkle.go:157.2,162.35 4 1
github.com/hashgraph-online/standards-sdk-go/pkg/hcs27/merkle.go:162.35,165.3 2 0
github.com/hashgraph-online/standards-sdk-go/pkg/hcs27/merkle.go:167.2,168.16 2 1
github.com/hashgraph-online/standards-sdk-go/pkg/hcs27/merkle.go:168.16,170.3 1 1
github.com/hashgraph-online/standards-sdk-go/pkg/hcs27/merkle.go:172.2,177.45 5 0
github.com/hashgraph-online/standards-sdk-go/pkg/hcs27/merkle.go:177.45,179.17 2 0
github.com/hashgraph-online/standards-sdk-go/pkg/hcs27/merkle.go:179.17,181.4 1 0
github.com/hashgraph-online/standards-sdk-go/pkg/hcs27/merkle.go:183.3,183.14 1 0
github.com/hashgraph-online/standards-sdk-go/pkg/hcs27/merkle.go:183.14,185.4 1 0
github.com/hashgraph-online/standards-sdk-go/pkg/hcs27/merkle.go:187.3,187.47 1 0
github.com/hashgraph-online/standards-sdk-go/pkg/hcs27/merkle.go:187.47,191.36 3 0
github.com/hashgraph-online/standards-sdk-go/pkg/hcs27/merkle.go:191.36,192.49 1 0
github.com/hashgraph-online/standards-sdk-go/pkg/hcs27/merkle.go:192.49,195.6 2 0
github.com/hashgraph-online/standards-sdk-go/pkg/hcs27/merkle.go:197.9,199.4 1 0
github.com/hashgraph-online/standards-sdk-go/pkg/hcs27/merkle.go:201.3,202.10 2 0
github.com/hashgraph-online/standards-sdk-go/pkg/hcs27/merkle.go:205.2,207.59 1 0
github.com/hashgraph-online/standards-sdk-go/pkg/hcs27/merkle.go:211.50,213.16 2 1
github.com/hashgraph-online/standards-sdk-go/pkg/hcs27/merkle.go:213.16,215.3 1 0
github.com/hashgraph-online/standards-sdk-go/pkg/hcs27/merkle.go:217.2,218.64 2 1
github.com/hashgraph-online/standards-sdk-go/pkg/hcs27/merkle.go:218.64,220.3 1 0
github.com/hashgraph-online/standards-sdk-go/pkg/hcs27/merkle.go:222.2,222.28 1 1
github.com/hashgraph-online/standards-sdk-go/pkg/hcs27/merkle.go:225.49,226.31 1 1
github.com/hashgraph-online/standards-sdk-go/pkg/hcs27/merkle.go:230.39,231.20 1 1
github.com/hashgraph-online/standards-sdk-go/pkg/hcs27/merkle.go:232.13,234.30 2 1
github.com/hashgraph-online/standards-sdk-go/pkg/hcs27/merkle.go:234.30,236.18 2 1
github.com/hashgraph-online/standards-sdk-go/pkg/hcs27/merkle.go:236.18,238.5 1 0
github.com/hashgraph-online/standards-sdk-go/pkg/hcs27/merkle.go:239.4,239.43 1 1
github.com/hashgraph-online/standards-sdk-go/pkg/hcs27/merkle.go:241.3,241.21 1 1
github.com/hashgraph-online/standards-sdk-go/pkg/hcs27/merkle.go:242.22,244.32 2 1
github.com/hashgraph-online/standards-sdk-go/pkg/hcs27/merkle.go:244.32,246.18 2 1
github.com/hashgraph-online/standards-sdk-go/pkg/hcs27/merkle.go:246.18,248.5 1 0
github.com/hashgraph-online/standards-sdk-go/pkg/hcs27/merkle.go:249.4,249.32 1 1
github.com/hashgraph-online/standards-sdk-go/pkg/hcs27/merkle.go:251.3,251.21 1 1
github.com/hashgraph-online/standards-sdk-go/pkg/hcs27/merkle.go:252.10,254.17 2 1
github.com/hashgraph-online/standards-sdk-go/pkg/hcs27/merkle.go:254.17,256.4 1 0
github.com/hashgraph-online/standards-sdk-go/pkg/hcs27/merkle.go:258.3,261.49 4 1
github.com/hashgraph-online/standards-sdk-go/pkg/hcs27/merkle.go:261.49,263.4 1 0
github.com/hashgraph-online/standards-sdk-go/pkg/hcs27/merkle.go:265.3,265.36 1 1
github.com/hashgraph-online/standards-sdk-go/pkg/hcs27/merkle.go:269.64,270.31 1 1
github.com/hashgraph-online/standards-sdk-go/pkg/hcs27/merkle.go:271.11,272.29 1 1
github.com/hashgraph-online/standards-sdk-go/pkg/hcs27/merkle.go:273.12,274.12 1 1
github.com/hashgraph-online/standards-sdk-go/pkg/hcs27/merkle.go:274.12,276.4 1 1
github.com/hashgraph-online/standards-sdk-go/pkg/hcs27/merkle.go:276.9,278.4 1 1
github.com/hashgraph-online/standards-sdk-go/pkg/hcs27/merkle.go:279.14,281.17 2 1
github.com/hashgraph-online/standards-sdk-go/pkg/hcs27/merkle.go:281.17,283.4 1 0
github.com/hashgraph-online/standards-sdk-go/pkg/hcs27/merkle.go:284.3,284.24 1 1
github.com/hashgraph-online/standards-sdk-go/pkg/hcs27/merkle.go:285.19,286.37 1 1
github.com/hashgraph-online/standards-sdk-go/pkg/hcs27/merkle.go:287.15,288.71 1 1
github.com/hashgraph-online/standards-sdk-go/pkg/hcs27/merkle.go:289.15,290.62 1 1
github.com/hashgraph-online/standards-sdk-go/pkg/hcs27/merkle.go:291.11,292.58 1 1
github.com/hashgraph-online/standards-sdk-go/pkg/hcs27/merkle.go:293.12,294.58 1 1
github.com/hashgraph-online/standards-sdk-go/pkg/hcs27/merkle.go:295.13,296.58 1 1
github.com/hashgraph-online/standards-sdk-go/pkg/hcs27/merkle.go:297.13,298.58 1 1
github.com/hashgraph-online/standards-sdk-go/pkg/hcs27/merkle.go:299.13,300.51 1 1
github.com/hashgraph-online/standards-sdk-go/pkg/hcs27/merkle.go:301.12,302.60 1 1
github.com/hashgraph-online/standards-sdk-go/pkg/hcs27/merkle.go:303.13,304.60 1 1
github.com/hashgraph-online/standards-sdk-go/pkg/hcs27/merkle.go:305.14,306.60 1 1
github.com/hashgraph-online/standards-sdk-go/pkg/hcs27/merkle.go:307.14,308.60 1 1
github.com/hashgraph-online/standards-sdk-go/pkg/hcs27/merkle.go:309.14,310.52 1 1
github.com/hashgraph-online/standards-sdk-go/pkg/hcs27/merkle.go:311.13,313.34 2 1
github.com/hashgraph-online/standards-sdk-go/pkg/hcs27/merkle.go:313.34,314.17 1 1
github.com/hashgraph-online/standards-sdk-go/pkg/hcs27/merkle.go:314.17,316.5 1 1
github.com/hashgraph-online/standards-sdk-go/pkg/hcs27/merkle.go:317.4,317.59 1 1
github.com/hashgraph-online/standards-sdk-go/pkg/hcs27/merkle.go:317.59,319.5 1 0
github.com/hashgraph-online/standards-sdk-go/pkg/hcs27/merkle.go:321.3,321.24 1 1
github.com/hashgraph-online/standards-sdk-go/pkg/hcs27/merkle.go:322.22,324.26 2 1
github.com/hashgraph-online/standards-sdk-go/pkg/hcs27/merkle.go:324.26,326.4 1 1
github.com/hashgraph-online/standards-sdk-go/pkg/hcs27/merkle.go:327.3,330.32 3 1
github.com/hashgraph-online/standards-sdk-go/pkg/hcs27/merkle.go:330.32,331.17 1 1
github.com/hashgraph-online/standards-sdk-go/pkg/hcs27/merkle.go:331.17,333.5 1 1
github.com/hashgraph-online/standards-sdk-go/pkg/hcs27/merkle.go:335.4,336.18 2 1
github.com/hashgraph-online/standards-sdk-go/pkg/hcs27/merkle.go:336.18,338.5 1 0
github.com/hashgraph-online/standards-sdk-go/pkg/hcs27/merkle.go:339.4,342.65 3 1
github.com/hashgraph-online/standards-sdk-go/pkg/hcs27/merkle.go:342.65,344.5 1 0
github.com/hashgraph-online/standards-sdk-go/pkg/hcs27/merkle.go:346.3,346.24 1 1
github.com/hashgraph-online/standards-sdk-go/pkg/hcs27/merkle.go:347.10,348.61 1 0
github.com/hashgraph-online/standards-sdk-go/pkg/hcs27/merkle.go:351.2,351.12 1 1
github.com/hashgraph-online/standards-sdk-go/pkg/hcs27/merkle.go:354.47,356.2 1 1
github.com/hashgraph-online/standards-sdk-go/pkg/hcs27/merkle.go:358.43,360.2 1 1
github.com/hashgraph-online/standards-sdk-go/pkg/hcs27/merkle.go:362.50,363.16 1 1
github.com/hashgraph-online/standards-sdk-go/pkg/hcs27/merkle.go:363.16,365.3 1 1
github.com/hashgraph-online/standards-sdk-go/pkg/hcs27/merkle.go:367.2,368.24 2 1
github.com/hashgraph-online/standards-sdk-go/pkg/hcs27/merkle.go:368.24,370.3 1 1
github.com/hashgraph-online/standards-sdk-go/pkg/hcs27/merkle.go:372.2,372.20 1 1
github.com/hashgraph-online/standards-sdk-go/pkg/hcs27/validation.go:19.31,22.36 2 1
github.com/hashgraph-online/standards-sdk-go/pkg/hcs27/validation.go:22.36,24.3 1 1
github.com/hashgraph-online/standards-sdk-go/pkg/hcs27/validation.go:25.2,25.40 1 1
github.com/hashgraph-online/standards-sdk-go/pkg/hcs27/validation.go:25.40,27.3 1 1
github.com/hashgraph-online/standards-sdk-go/pkg/hcs27/validation.go:28.2,28.30 1 1
github.com/hashgraph-online/standards-sdk-go/pkg/hcs27/validation.go:28.30,30.3 1 1
github.com/hashgraph-online/standards-sdk-go/pkg/hcs27/validation.go:31.2,31.32 1 1
github.com/hashgraph-online/standards-sdk-go/pkg/hcs27/validation.go:31.32,33.3 1 1
github.com/hashgraph-online/standards-sdk-go/pkg/hcs27/validation.go:35.2,36.19 2 1
github.com/hashgraph-online/standards-sdk-go/pkg/hcs27/validation.go:36.19,38.3 1 0
github.com/hashgraph-online/standards-sdk-go/pkg/hcs27/validation.go:40.2,41.38 2 1
github.com/hashgraph-online/standards-sdk-go/pkg/hcs27/validation.go:41.38,43.70 2 1
github.com/hashgraph-online/standards-sdk-go/pkg/hcs27/validation.go:43.70,45.4 1 0
github.com/hashgraph-online/standards-sdk-go/pkg/hcs27/validation.go:46.3,46.48 1 1
github.com/hashgraph-online/standards-sdk-go/pkg/hcs27/validation.go:46.48,48.4 1 1
github.com/hashgraph-online/standards-sdk-go/pkg/hcs27/validation.go:49.3,49.22 1 1
github.com/hashgraph-online/standards-sdk-go/pkg/hcs27/validation.go:49.22,51.4 1 1
github.com/hashgraph-online/standards-sdk-go/pkg/hcs27/validation.go:53.3,54.17 2 1
github.com/hashgraph-online/standards-sdk-go/pkg/hcs27/validation.go:54.17,56.4 1 0
github.com/hashgraph-online/standards-sdk-go/pkg/hcs27/validation.go:57.3,59.60 2 1
github.com/hashgraph-online/standards-sdk-go/pkg/hcs27/validation.go:59.60,61.4 1 0
github.com/hashgraph-online/standards-sdk-go/pkg/hcs27/validation.go:62.8,63.69 1 1
github.com/hashgraph-online/standards-sdk-go/pkg/hcs27/validation.go:63.69,65.4 1 0
github.com/hashgraph-online/standards-sdk-go/pkg/hcs27/validation.go:68.2,68.51 1 1
github.com/hashgraph-online/standards-sdk-go/pkg/hcs27/validation.go:68.51,70.3 1 0
github.com/hashgraph-online/standards-sdk-go/pkg/hcs27/validation.go:72.2,72.35 1 1
github.com/hashgraph-online/standards-sdk-go/pkg/hcs27/validation.go:72.35,73.71 1 1
github.com/hashgraph-online/standards-sdk-go/pkg/hcs27/validation.go:73.71,75.4 1 1
github.com/hashgraph-online/standards-sdk-go/pkg/hcs27/validation.go:76.3,76.32 1 1
github.com/hashgraph-online/standards-sdk-go/pkg/hcs27/validation.go:76.32,78.4 1 1
github.com/hashgraph-online/standards-sdk-go/pkg/hcs27/validation.go:80.3,82.70 3 1
github.com/hashgraph-online/standards-sdk-go/pkg/hcs27/validation.go:82.70,84.4 1 1
github.com/hashgraph-online/standards-sdk-go/pkg/hcs27/validation.go:87.2,87.22 1 1
github.com/hashgraph-online/standards-sdk-go/pkg/hcs27/validation.go:90.58,91.61 1 1
github.com/hashgraph-online/standards-sdk-go/pkg/hcs27/validation.go:91.61,93.3 1 1
github.com/hashgraph-online/standards-sdk-go/pkg/hcs27/validation.go:94.2,94.55 1 1
github.com/hashgraph-online/standards-sdk-go/pkg/hcs27/validation.go:94.55,96.3 1 1
github.com/hashgraph-online/standards-sdk-go/pkg/hcs27/validation.go:97.2,97.52 1 1
github.com/hashgraph-online/standards-sdk-go/pkg/hcs27/validation.go:97.52,99.3 1 1
github.com/hashgraph-online/standards-sdk-go/pkg/hcs27/validation.go:100.2,100.25 1 1
github.com/hashgraph-online/standards-sdk-go/pkg/hcs27/validation.go:100.25,102.3 1 1
github.com/hashgraph-online/standards-sdk-go/pkg/hcs27/validation.go:103.2,103.60 1 1
github.com/hashgraph-online/standards-sdk-go/pkg/hcs27/validation.go:103.60,105.3 1 1
github.com/hashgraph-online/standards-sdk-go/pkg/hcs27/validation.go:106.2,106.48 1 1
github.com/hashgraph-online/standards-sdk-go/pkg/hcs27/validation.go:106.48,108.3 1 1
github.com/hashgraph-online/standards-sdk-go/pkg/hcs27/validation.go:109.2,109.50 1 1
github.com/hashgraph-online/standards-sdk-go/pkg/hcs27/validation.go:109.50,111.3 1 1
github.com/hashgraph-online/standards-sdk-go/pkg/hcs27/validation.go:112.2,112.64 1 1
github.com/hashgraph-online/standards-sdk-go/pkg/hcs27/validation.go:112.64,114.3 1 1
github.com/hashgraph-online/standards-sdk-go/pkg/hcs27/validation.go:115.2,115.89 1 1
github.com/hashgraph-online/standards-sdk-go/pkg/hcs27/validation.go:115.89,117.3 1 1
github.com/hashgraph-online/standards-sdk-go/pkg/hcs27/validation.go:118.2,118.30 1 1
github.com/hashgraph-online/standards-sdk-go/pkg/hcs27/validation.go:118.30,119.94 1 1
github.com/hashgraph-online/standards-sdk-go/pkg/hcs27/validation.go:119.94,121.4 1 1
github.com/hashgraph-online/standards-sdk-go/pkg/hcs27/validation.go:122.3,122.58 1 1
github.com/hashgraph-online/standards-sdk-go/pkg/hcs27/validation.go:122.58,124.4 1 1
github.com/hashgraph-online/standards-sdk-go/pkg/hcs27/validation.go:127.2,127.57 1 1
github.com/hashgraph-online/standards-sdk-go/pkg/hcs27/validation.go:127.57,129.3 1 1
github.com/hashgraph-online/standards-sdk-go/pkg/hcs27/validation.go:130.2,130.54 1 1
github.com/hashgraph-online/standards-sdk-go/pkg/hcs27/validation.go:130.54,132.3 1 1
github.com/hashgraph-online/standards-sdk-go/pkg/hcs27/validation.go:134.2,134.31 1 1
github.com/hashgraph-online/standards-sdk-go/pkg/hcs27/validation.go:134.31,135.60 1 1
github.com/hashgraph-online/standards-sdk-go/pkg/hcs27/validation.go:135.60,137.4 1 1
github.com/hashgraph-online/standards-sdk-go/pkg/hcs27/validation.go:138.3,138.56 1 1
github.com/hashgraph-online/standards-sdk-go/pkg/hcs27/validation.go:138.56,140.4 1 1
github.com/hashgraph-online/standards-sdk-go/pkg/hcs27/validation.go:141.3,141.60 1 1
github.com/hashgraph-online/standards-sdk-go/pkg/hcs27/validation.go:141.60,143.4 1 1
github.com/hashgraph-online/standards-sdk-go/pkg/hcs27/validation.go:144.3,144.93 1 1
github.com/hashgraph-online/standards-sdk-go/pkg/hcs27/validation.go:144.93,146.4 1 1
github.com/hashgraph-online/standards-sdk-go/pkg/hcs27/validation.go:149.2,149.12 1 1
