mode: set
github.com/hashgraph-online/standards-sdk-go/pkg/hcs20/client.go:27.54,29.16 2 1
github.com/hashgraph-online/standards-sdk-go/pkg/hcs20/client.go:29.16,31.3 1 1
github.com/hashgraph-online/standards-sdk-go/pkg/hcs20/client.go:33.2,34.29 2 1
github.com/hashgraph-online/standards-sdk-go/pkg/hcs20/client.go:34.29,36.3 1 1
github.com/hashgraph-online/standards-sdk-go/pkg/hcs20/client.go:37.2,38.30 2 1
github.com/hashgraph-online/standards-sdk-go/pkg/hcs20/client.go:38.30,40.3 1 1
github.com/hashgraph-online/standards-sdk-go/pkg/hcs20/client.go:42.2,43.16 2 1
github.com/hashgraph-online/standards-sdk-go/pkg/hcs20/client.go:43.16,45.3 1 1
github.com/hashgraph-online/standards-sdk-go/pkg/hcs20/client.go:46.2,47.16 2 1
github.com/hashgraph-online/standards-sdk-go/pkg/hcs20/client.go:47.16,49.3 1 1
github.com/hashgraph-online/standards-sdk-go/pkg/hcs20/client.go:51.2,52.16 2 1
github.com/hashgraph-online/standards-sdk-go/pkg/hcs20/client.go:52.16,54.3 1 0
github.com/hashgraph-online/standards-sdk-go/pkg/hcs20/client.go:55.2,62.16 3 1
github.com/hashgraph-online/standards-sdk-go/pkg/hcs20/client.go:62.16,64.3 1 0
github.com/hashgraph-online/standards-sdk-go/pkg/hcs20/client.go:66.2,67.25 2 1
github.com/hashgraph-online/standards-sdk-go/pkg/hcs20/client.go:67.25,69.3 1 1
github.com/hashgraph-online/standards-sdk-go/pkg/hcs20/client.go:70.2,71.27 2 1
github.com/hashgraph-online/standards-sdk-go/pkg/hcs20/client.go:71.27,73.3 1 1
github.com/hashgraph-online/standards-sdk-go/pkg/hcs20/client.go:75.2,83.8 1 1
github.com/hashgraph-online/standards-sdk-go/pkg/hcs20/client.go:87.53,89.2 1 1
github.com/hashgraph-online/standards-sdk-go/pkg/hcs20/client.go:92.46,94.2 1 1
github.com/hashgraph-online/standards-sdk-go/pkg/hcs20/client.go:97.48,99.2 1 1
github.com/hashgraph-online/standards-sdk-go/pkg/hcs20/client.go:102.62,104.16 2 1
github.com/hashgraph-online/standards-sdk-go/pkg/hcs20/client.go:104.16,106.3 1 0
github.com/hashgraph-online/standards-sdk-go/pkg/hcs20/client.go:107.2,108.12 2 1
github.com/hashgraph-online/standards-sdk-go/pkg/hcs20/client.go:112.64,114.16 2 1
github.com/hashgraph-online/standards-sdk-go/pkg/hcs20/client.go:114.16,116.3 1 0
github.com/hashgraph-online/standards-sdk-go/pkg/hcs20/client.go:117.2,118.12 2 1
github.com/hashgraph-online/standards-sdk-go/pkg/hcs20/client.go:125.27,127.16 2 1
github.com/hashgraph-online/standards-sdk-go/pkg/hcs20/client.go:127.16,129.3 1 1
github.com/hashgraph-online/standards-sdk-go/pkg/hcs20/client.go:130.2,131.36 2 0
github.com/hashgraph-online/standards-sdk-go/pkg/hcs20/client.go:138.27,145.16 2 1
github.com/hashgraph-online/standards-sdk-go/pkg/hcs20/client.go:145.16,147.3 1 0
github.com/hashgraph-online/standards-sdk-go/pkg/hcs20/client.go:149.2,149.109 1 1
github.com/hashgraph-online/standards-sdk-go/pkg/hcs20/client.go:149.109,151.3 1 0
github.com/hashgraph-online/standards-sdk-go/pkg/hcs20/client.go:152.2,152.78 1 1
github.com/hashgraph-online/standards-sdk-go/pkg/hcs20/client.go:152.78,154.3 1 1
github.com/hashgraph-online/standards-sdk-go/pkg/hcs20/client.go:155.2,155.80 1 1
github.com/hashgraph-online/standards-sdk-go/pkg/hcs20/client.go:155.80,157.3 1 1
github.com/hashgraph-online/standards-sdk-go/pkg/hcs20/client.go:159.2,160.16 2 1
github.com/hashgraph-online/standards-sdk-go/pkg/hcs20/client.go:160.16,162.3 1 1
github.com/hashgraph-online/standards-sdk-go/pkg/hcs20/client.go:164.2,165.50 2 0
github.com/hashgraph-online/standards-sdk-go/pkg/hcs20/client.go:172.23,179.29 3 1
github.com/hashgraph-online/standards-sdk-go/pkg/hcs20/client.go:179.29,181.22 2 0
github.com/hashgraph-online/standards-sdk-go/pkg/hcs20/client.go:181.22,183.4 1 0
github.com/hashgraph-online/standards-sdk-go/pkg/hcs20/client.go:185.3,190.17 2 0
github.com/hashgraph-online/standards-sdk-go/pkg/hcs20/client.go:190.17,195.4 1 0
github.com/hashgraph-online/standards-sdk-go/pkg/hcs20/client.go:196.3,196.33 1 0
github.com/hashgraph-online/standards-sdk-go/pkg/hcs20/client.go:199.2,214.16 3 1
github.com/hashgraph-online/standards-sdk-go/pkg/hcs20/client.go:214.16,216.3 1 1
github.com/hashgraph-online/standards-sdk-go/pkg/hcs20/client.go:218.2,219.16 2 0
github.com/hashgraph-online/standards-sdk-go/pkg/hcs20/client.go:219.16,224.3 1 0
github.com/hashgraph-online/standards-sdk-go/pkg/hcs20/client.go:226.2,233.33 2 0
github.com/hashgraph-online/standards-sdk-go/pkg/hcs20/client.go:233.33,234.101 1 0
github.com/hashgraph-online/standards-sdk-go/pkg/hcs20/client.go:234.101,236.4 1 0
github.com/hashgraph-online/standards-sdk-go/pkg/hcs20/client.go:239.2,262.8 6 0
github.com/hashgraph-online/standards-sdk-go/pkg/hcs20/client.go:269.30,289.16 5 1
github.com/hashgraph-online/standards-sdk-go/pkg/hcs20/client.go:289.16,291.3 1 1
github.com/hashgraph-online/standards-sdk-go/pkg/hcs20/client.go:293.2,294.16 2 0
github.com/hashgraph-online/standards-sdk-go/pkg/hcs20/client.go:294.16,301.3 1 0
github.com/hashgraph-online/standards-sdk-go/pkg/hcs20/client.go:303.2,309.33 2 0
github.com/hashgraph-online/standards-sdk-go/pkg/hcs20/client.go:309.33,310.101 1 0
github.com/hashgraph-online/standards-sdk-go/pkg/hcs20/client.go:310.101,312.4 1 0
github.com/hashgraph-online/standards-sdk-go/pkg/hcs20/client.go:315.2,332.8 2 0
github.com/hashgraph-online/standards-sdk-go/pkg/hcs20/client.go:339.30,347.16 4 1
github.com/hashgraph-online/standards-sdk-go/pkg/hcs20/client.go:347.16,349.3 1 1
github.com/hashgraph-online/standards-sdk-go/pkg/hcs20/client.go:350.2,351.16 2 0
github.com/hashgraph-online/standards-sdk-go/pkg/hcs20/client.go:351.16,353.3 1 0
github.com/hashgraph-online/standards-sdk-go/pkg/hcs20/client.go:355.2,355.90 1 0
github.com/hashgraph-online/standards-sdk-go/pkg/hcs20/client.go:355.90,363.3 1 0
github.com/hashgraph-online/standards-sdk-go/pkg/hcs20/client.go:365.2,378.16 3 0
github.com/hashgraph-online/standards-sdk-go/pkg/hcs20/client.go:378.16,380.3 1 0
github.com/hashgraph-online/standards-sdk-go/pkg/hcs20/client.go:382.2,383.16 2 0
github.com/hashgraph-online/standards-sdk-go/pkg/hcs20/client.go:383.16,391.3 1 0
github.com/hashgraph-online/standards-sdk-go/pkg/hcs20/client.go:393.2,399.33 2 0
github.com/hashgraph-online/standards-sdk-go/pkg/hcs20/client.go:399.33,400.101 1 0
github.com/hashgraph-online/standards-sdk-go/pkg/hcs20/client.go:400.101,402.4 1 0
github.com/hashgraph-online/standards-sdk-go/pkg/hcs20/client.go:405.2,423.8 2 0
github.com/hashgraph-online/standards-sdk-go/pkg/hcs20/client.go:430.30,438.16 4 1
github.com/hashgraph-online/standards-sdk-go/pkg/hcs20/client.go:438.16,440.3 1 1
github.com/hashgraph-online/standards-sdk-go/pkg/hcs20/client.go:442.2,442.90 1 0
github.com/hashgraph-online/standards-sdk-go/pkg/hcs20/client.go:442.90,449.3 1 0
github.com/hashgraph-online/standards-sdk-go/pkg/hcs20/client.go:451.2,463.16 3 0
github.com/hashgraph-online/standards-sdk-go/pkg/hcs20/client.go:463.16,465.3 1 0
github.com/hashgraph-online/standards-sdk-go/pkg/hcs20/client.go:467.2,468.16 2 0
github.com/hashgraph-online/standards-sdk-go/pkg/hcs20/client.go:468.16,475.3 1 0
github.com/hashgraph-online/standards-sdk-go/pkg/hcs20/client.go:477.2,483.33 2 0
github.com/hashgraph-online/standards-sdk-go/pkg/hcs20/client.go:483.33,484.101 1 0
github.com/hashgraph-online/standards-sdk-go/pkg/hcs20/client.go:484.101,486.4 1 0
github.com/hashgraph-online/standards-sdk-go/pkg/hcs20/client.go:489.2,506.8 2 0
github.com/hashgraph-online/standards-sdk-go/pkg/hcs20/client.go:513.28,520.27 3 1
github.com/hashgraph-online/standards-sdk-go/pkg/hcs20/client.go:520.27,525.3 1 0
github.com/hashgraph-online/standards-sdk-go/pkg/hcs20/client.go:527.2,540.16 3 1
github.com/hashgraph-online/standards-sdk-go/pkg/hcs20/client.go:540.16,542.3 1 1
github.com/hashgraph-online/standards-sdk-go/pkg/hcs20/client.go:544.2,545.16 2 0
github.com/hashgraph-online/standards-sdk-go/pkg/hcs20/client.go:545.16,550.3 1 0
github.com/hashgraph-online/standards-sdk-go/pkg/hcs20/client.go:552.2,558.33 2 0
github.com/hashgraph-online/standards-sdk-go/pkg/hcs20/client.go:558.33,559.103 1 0
github.com/hashgraph-online/standards-sdk-go/pkg/hcs20/client.go:559.103,561.4 1 0
github.com/hashgraph-online/standards-sdk-go/pkg/hcs20/client.go:564.2,570.20 2 0
github.com/hashgraph-online/standards-sdk-go/pkg/hcs20/client.go:576.27,578.16 2 1
github.com/hashgraph-online/standards-sdk-go/pkg/hcs20/client.go:578.16,580.3 1 1
github.com/hashgraph-online/standards-sdk-go/pkg/hcs20/client.go:582.2,585.16 3 1
github.com/hashgraph-online/standards-sdk-go/pkg/hcs20/client.go:585.16,587.3 1 0
github.com/hashgraph-online/standards-sdk-go/pkg/hcs20/client.go:588.2,588.21 1 1
github.com/hashgraph-online/standards-sdk-go/pkg/hcs20/client.go:588.21,590.3 1 0
github.com/hashgraph-online/standards-sdk-go/pkg/hcs20/client.go:592.2,593.16 2 1
github.com/hashgraph-online/standards-sdk-go/pkg/hcs20/client.go:593.16,595.3 1 0
github.com/hashgraph-online/standards-sdk-go/pkg/hcs20/client.go:596.2,596.22 1 1
github.com/hashgraph-online/standards-sdk-go/pkg/hcs20/client.go:596.22,598.3 1 0
github.com/hashgraph-online/standards-sdk-go/pkg/hcs20/client.go:600.2,601.16 2 1
github.com/hashgraph-online/standards-sdk-go/pkg/hcs20/client.go:601.16,603.3 1 1
github.com/hashgraph-online/standards-sdk-go/pkg/hcs20/client.go:605.2,606.16 2 0
github.com/hashgraph-online/standards-sdk-go/pkg/hcs20/client.go:606.16,608.3 1 0
github.com/hashgraph-online/standards-sdk-go/pkg/hcs20/client.go:609.2,609.28 1 0
github.com/hashgraph-online/standards-sdk-go/pkg/hcs20/client.go:609.28,611.3 1 0
github.com/hashgraph-online/standards-sdk-go/pkg/hcs20/client.go:613.2,613.71 1 0
github.com/hashgraph-online/standards-sdk-go/pkg/hcs20/client.go:619.30,620.17 1 1
github.com/hashgraph-online/standards-sdk-go/pkg/hcs20/client.go:620.17,623.3 2 0
github.com/hashgraph-online/standards-sdk-go/pkg/hcs20/client.go:625.2,626.19 2 1
github.com/hashgraph-online/standards-sdk-go/pkg/hcs20/client.go:626.19,628.3 1 1
github.com/hashgraph-online/standards-sdk-go/pkg/hcs20/client.go:630.2,631.16 2 0
github.com/hashgraph-online/standards-sdk-go/pkg/hcs20/client.go:631.16,633.3 1 0
github.com/hashgraph-online/standards-sdk-go/pkg/hcs20/client.go:635.2,636.26 2 0
github.com/hashgraph-online/standards-sdk-go/pkg/hcs20/client.go:636.26,639.3 2 0
github.com/hashgraph-online/standards-sdk-go/pkg/hcs20/client.go:641.2,641.51 1 0
github.com/hashgraph-online/standards-sdk-go/pkg/hcs20/client.go:644.61,646.19 2 1
github.com/hashgraph-online/standards-sdk-go/pkg/hcs20/client.go:646.19,648.3 1 1
github.com/hashgraph-online/standards-sdk-go/pkg/hcs20/client.go:649.2,649.16 1 0
github.com/hashgraph-online/standards-sdk-go/pkg/hcs20/client.go:656.28,658.16 2 0
github.com/hashgraph-online/standards-sdk-go/pkg/hcs20/client.go:658.16,660.3 1 0
github.com/hashgraph-online/standards-sdk-go/pkg/hcs20/client.go:662.2,663.16 2 0
github.com/hashgraph-online/standards-sdk-go/pkg/hcs20/client.go:663.16,665.3 1 0
github.com/hashgraph-online/standards-sdk-go/pkg/hcs20/client.go:667.2,673.22 3 0
github.com/hashgraph-online/standards-sdk-go/pkg/hcs20/client.go:673.22,675.3 1 0
github.com/hashgraph-online/standards-sdk-go/pkg/hcs20/client.go:677.2,677.33 1 0
github.com/hashgraph-online/standards-sdk-go/pkg/hcs20/client.go:677.33,679.3 1 0
github.com/hashgraph-online/standards-sdk-go/pkg/hcs20/client.go:681.2,681.20 1 0
github.com/hashgraph-online/standards-sdk-go/pkg/hcs20/client.go:689.9,690.25 1 0
github.com/hashgraph-online/standards-sdk-go/pkg/hcs20/client.go:690.25,692.3 1 0
github.com/hashgraph-online/standards-sdk-go/pkg/hcs20/client.go:693.2,693.21 1 0
github.com/hashgraph-online/standards-sdk-go/pkg/hcs20/client.go:693.21,695.3 1 0
github.com/hashgraph-online/standards-sdk-go/pkg/hcs20/client.go:697.2,697.52 1 0
github.com/hashgraph-online/standards-sdk-go/pkg/hcs20/client.go:697.52,699.35 2 0
github.com/hashgraph-online/standards-sdk-go/pkg/hcs20/client.go:699.35,701.4 1 0
github.com/hashgraph-online/standards-sdk-go/pkg/hcs20/client.go:703.3,703.10 1 0
github.com/hashgraph-online/standards-sdk-go/pkg/hcs20/client.go:704.21,705.20 1 0
github.com/hashgraph-online/standards-sdk-go/pkg/hcs20/client.go:706.38,706.38 0 0
github.com/hashgraph-online/standards-sdk-go/pkg/hcs20/client.go:710.2,710.99 1 0
github.com/hashgraph-online/standards-sdk-go/pkg/hcs20/client.go:713.95,714.21 1 1
github.com/hashgraph-online/standards-sdk-go/pkg/hcs20/client.go:714.21,716.3 1 0
github.com/hashgraph-online/standards-sdk-go/pkg/hcs20/client.go:719.89,720.21 1 1
github.com/hashgraph-online/standards-sdk-go/pkg/hcs20/client.go:720.21,722.3 1 0
github.com/hashgraph-online/standards-sdk-go/pkg/hcs20/client.go:725.101,726.21 1 1
github.com/hashgraph-online/standards-sdk-go/pkg/hcs20/client.go:726.21,728.3 1 0
github.com/hashgraph-online/standards-sdk-go/pkg/hcs20/client.go:731.89,732.21 1 1
github.com/hashgraph-online/standards-sdk-go/pkg/hcs20/client.go:732.21,734.3 1 0
github.com/hashgraph-online/standards-sdk-go/pkg/hcs20/client.go:737.99,738.21 1 1
github.com/hashgraph-online/standards-sdk-go/pkg/hcs20/client.go:738.21,740.3 1 0
github.com/hashgraph-online/standards-sdk-go/pkg/hcs20/errors.go:9.45,11.2 1 1
github.com/hashgraph-online/standards-sdk-go/pkg/hcs20/errors.go:47.80,48.32 1 1
github.com/hashgraph-online/standards-sdk-go/pkg/hcs20/errors.go:48.32,52.3 1 1
github.com/hashgraph-online/standards-sdk-go/pkg/hcs20/errors.go:53.2,56.3 1 0
github.com/hashgraph-online/standards-sdk-go/pkg/hcs20/errors.go:64.48,69.2 1 1
github.com/hashgraph-online/standards-sdk-go/pkg/hcs20/errors.go:85.57,90.2 1 1
github.com/hashgraph-online/standards-sdk-go/pkg/hcs20/errors.go:97.51,102.2 1 1
github.com/hashgraph-online/standards-sdk-go/pkg/hcs20/errors.go:110.68,116.2 1 1
github.com/hashgraph-online/standards-sdk-go/pkg/hcs20/indexer.go:32.69,34.16 2 1
github.com/hashgraph-online/standards-sdk-go/pkg/hcs20/indexer.go:34.16,36.3 1 0
github.com/hashgraph-online/standards-sdk-go/pkg/hcs20/indexer.go:38.2,43.16 2 1
github.com/hashgraph-online/standards-sdk-go/pkg/hcs20/indexer.go:43.16,45.3 1 0
github.com/hashgraph-online/standards-sdk-go/pkg/hcs20/indexer.go:47.2,53.8 1 1
github.com/hashgraph-online/standards-sdk-go/pkg/hcs20/indexer.go:57.59,62.55 4 1
github.com/hashgraph-online/standards-sdk-go/pkg/hcs20/indexer.go:62.55,64.3 1 0
github.com/hashgraph-online/standards-sdk-go/pkg/hcs20/indexer.go:66.2,67.57 2 1
github.com/hashgraph-online/standards-sdk-go/pkg/hcs20/indexer.go:67.57,69.48 2 0
github.com/hashgraph-online/standards-sdk-go/pkg/hcs20/indexer.go:69.48,71.4 1 0
github.com/hashgraph-online/standards-sdk-go/pkg/hcs20/indexer.go:72.3,72.25 1 0
github.com/hashgraph-online/standards-sdk-go/pkg/hcs20/indexer.go:75.2,84.3 3 1
github.com/hashgraph-online/standards-sdk-go/pkg/hcs20/indexer.go:88.77,94.2 5 1
github.com/hashgraph-online/standards-sdk-go/pkg/hcs20/indexer.go:97.80,103.13 5 1
github.com/hashgraph-online/standards-sdk-go/pkg/hcs20/indexer.go:103.13,105.3 1 0
github.com/hashgraph-online/standards-sdk-go/pkg/hcs20/indexer.go:107.2,108.16 2 1
github.com/hashgraph-online/standards-sdk-go/pkg/hcs20/indexer.go:108.16,110.3 1 0
github.com/hashgraph-online/standards-sdk-go/pkg/hcs20/indexer.go:112.2,113.13 2 1
github.com/hashgraph-online/standards-sdk-go/pkg/hcs20/indexer.go:113.13,115.3 1 1
github.com/hashgraph-online/standards-sdk-go/pkg/hcs20/indexer.go:117.2,117.24 1 1
github.com/hashgraph-online/standards-sdk-go/pkg/hcs20/indexer.go:124.9,127.101 3 1
github.com/hashgraph-online/standards-sdk-go/pkg/hcs20/indexer.go:127.101,130.3 2 1
github.com/hashgraph-online/standards-sdk-go/pkg/hcs20/indexer.go:132.2,133.25 2 1
github.com/hashgraph-online/standards-sdk-go/pkg/hcs20/indexer.go:133.25,135.3 1 1
github.com/hashgraph-online/standards-sdk-go/pkg/hcs20/indexer.go:136.2,137.27 2 1
github.com/hashgraph-online/standards-sdk-go/pkg/hcs20/indexer.go:137.27,139.3 1 1
github.com/hashgraph-online/standards-sdk-go/pkg/hcs20/indexer.go:141.2,142.16 2 1
github.com/hashgraph-online/standards-sdk-go/pkg/hcs20/indexer.go:142.16,144.3 1 0
github.com/hashgraph-online/standards-sdk-go/pkg/hcs20/indexer.go:145.2,146.16 2 1
github.com/hashgraph-online/standards-sdk-go/pkg/hcs20/indexer.go:146.16,148.3 1 0
github.com/hashgraph-online/standards-sdk-go/pkg/hcs20/indexer.go:150.2,150.19 1 1
github.com/hashgraph-online/standards-sdk-go/pkg/hcs20/indexer.go:150.19,151.81 1 1
github.com/hashgraph-online/standards-sdk-go/pkg/hcs20/indexer.go:151.81,153.4 1 1
github.com/hashgraph-online/standards-sdk-go/pkg/hcs20/indexer.go:156.2,158.21 3 1
github.com/hashgraph-online/standards-sdk-go/pkg/hcs20/indexer.go:158.21,160.22 2 1
github.com/hashgraph-online/standards-sdk-go/pkg/hcs20/indexer.go:160.22,162.4 1 0
github.com/hashgraph-online/standards-sdk-go/pkg/hcs20/indexer.go:163.3,163.57 1 1
github.com/hashgraph-online/standards-sdk-go/pkg/hcs20/indexer.go:166.2,166.48 1 1
github.com/hashgraph-online/standards-sdk-go/pkg/hcs20/indexer.go:166.48,168.26 2 1
github.com/hashgraph-online/standards-sdk-go/pkg/hcs20/indexer.go:168.26,170.4 1 0
github.com/hashgraph-online/standards-sdk-go/pkg/hcs20/indexer.go:171.3,174.5 1 1
github.com/hashgraph-online/standards-sdk-go/pkg/hcs20/indexer.go:177.2,177.41 1 1
github.com/hashgraph-online/standards-sdk-go/pkg/hcs20/indexer.go:177.41,178.47 1 1
github.com/hashgraph-online/standards-sdk-go/pkg/hcs20/indexer.go:178.47,179.12 1 0
github.com/hashgraph-online/standards-sdk-go/pkg/hcs20/indexer.go:181.3,181.32 1 1
github.com/hashgraph-online/standards-sdk-go/pkg/hcs20/indexer.go:181.32,182.12 1 0
github.com/hashgraph-online/standards-sdk-go/pkg/hcs20/indexer.go:184.3,185.81 2 1
github.com/hashgraph-online/standards-sdk-go/pkg/hcs20/indexer.go:185.81,187.4 1 0
github.com/hashgraph-online/standards-sdk-go/pkg/hcs20/indexer.go:190.2,190.12 1 1
github.com/hashgraph-online/standards-sdk-go/pkg/hcs20/indexer.go:198.9,199.19 1 1
github.com/hashgraph-online/standards-sdk-go/pkg/hcs20/indexer.go:199.19,201.3 1 0
github.com/hashgraph-online/standards-sdk-go/pkg/hcs20/indexer.go:203.2,204.36 2 1
github.com/hashgraph-online/standards-sdk-go/pkg/hcs20/indexer.go:204.36,207.3 2 0
github.com/hashgraph-online/standards-sdk-go/pkg/hcs20/indexer.go:208.2,214.12 6 1
github.com/hashgraph-online/standards-sdk-go/pkg/hcs20/indexer.go:214.12,222.7 5 1
github.com/hashgraph-online/standards-sdk-go/pkg/hcs20/indexer.go:222.7,223.11 1 1
github.com/hashgraph-online/standards-sdk-go/pkg/hcs20/indexer.go:224.22,225.11 1 0
github.com/hashgraph-online/standards-sdk-go/pkg/hcs20/indexer.go:226.23,227.11 1 1
github.com/hashgraph-online/standards-sdk-go/pkg/hcs20/indexer.go:228.20,229.40 1 0
github.com/hashgraph-online/standards-sdk-go/pkg/hcs20/indexer.go:234.2,234.12 1 1
github.com/hashgraph-online/standards-sdk-go/pkg/hcs20/indexer.go:238.45,246.24 7 1
github.com/hashgraph-online/standards-sdk-go/pkg/hcs20/indexer.go:246.24,248.3 1 1
github.com/hashgraph-online/standards-sdk-go/pkg/hcs20/indexer.go:249.2,249.24 1 1
github.com/hashgraph-online/standards-sdk-go/pkg/hcs20/indexer.go:249.24,251.3 1 1
github.com/hashgraph-online/standards-sdk-go/pkg/hcs20/indexer.go:257.30,262.16 2 1
github.com/hashgraph-online/standards-sdk-go/pkg/hcs20/indexer.go:262.16,264.3 1 0
github.com/hashgraph-online/standards-sdk-go/pkg/hcs20/indexer.go:266.2,267.40 2 1
github.com/hashgraph-online/standards-sdk-go/pkg/hcs20/indexer.go:267.40,269.23 2 1
github.com/hashgraph-online/standards-sdk-go/pkg/hcs20/indexer.go:269.23,270.12 1 0
github.com/hashgraph-online/standards-sdk-go/pkg/hcs20/indexer.go:273.3,274.22 2 1
github.com/hashgraph-online/standards-sdk-go/pkg/hcs20/indexer.go:274.22,275.12 1 0
github.com/hashgraph-online/standards-sdk-go/pkg/hcs20/indexer.go:277.3,277.45 1 1
github.com/hashgraph-online/standards-sdk-go/pkg/hcs20/indexer.go:277.45,278.12 1 0
github.com/hashgraph-online/standards-sdk-go/pkg/hcs20/indexer.go:280.3,280.54 1 1
github.com/hashgraph-online/standards-sdk-go/pkg/hcs20/indexer.go:280.54,281.12 1 0
github.com/hashgraph-online/standards-sdk-go/pkg/hcs20/indexer.go:284.3,287.5 1 1
github.com/hashgraph-online/standards-sdk-go/pkg/hcs20/indexer.go:290.2,290.20 1 1
github.com/hashgraph-online/standards-sdk-go/pkg/hcs20/indexer.go:297.9,303.22 5 1
github.com/hashgraph-online/standards-sdk-go/pkg/hcs20/indexer.go:303.22,305.3 1 0
github.com/hashgraph-online/standards-sdk-go/pkg/hcs20/indexer.go:307.2,312.16 2 1
github.com/hashgraph-online/standards-sdk-go/pkg/hcs20/indexer.go:312.16,314.3 1 1
github.com/hashgraph-online/standards-sdk-go/pkg/hcs20/indexer.go:316.2,317.40 2 1
github.com/hashgraph-online/standards-sdk-go/pkg/hcs20/indexer.go:317.40,319.23 2 1
github.com/hashgraph-online/standards-sdk-go/pkg/hcs20/indexer.go:319.23,320.12 1 0
github.com/hashgraph-online/standards-sdk-go/pkg/hcs20/indexer.go:323.3,324.22 2 1
github.com/hashgraph-online/standards-sdk-go/pkg/hcs20/indexer.go:324.22,325.12 1 0
github.com/hashgraph-online/standards-sdk-go/pkg/hcs20/indexer.go:328.3,328.48 1 1
github.com/hashgraph-online/standards-sdk-go/pkg/hcs20/indexer.go:328.48,330.4 1 1
github.com/hashgraph-online/standards-sdk-go/pkg/hcs20/indexer.go:332.3,332.68 1 1
github.com/hashgraph-online/standards-sdk-go/pkg/hcs20/indexer.go:335.2,335.32 1 1
github.com/hashgraph-online/standards-sdk-go/pkg/hcs20/indexer.go:335.32,339.3 3 1
github.com/hashgraph-online/standards-sdk-go/pkg/hcs20/indexer.go:341.2,341.12 1 1
github.com/hashgraph-online/standards-sdk-go/pkg/hcs20/indexer.go:349.3,350.27 1 1
github.com/hashgraph-online/standards-sdk-go/pkg/hcs20/indexer.go:351.23,352.67 1 1
github.com/hashgraph-online/standards-sdk-go/pkg/hcs20/indexer.go:353.21,354.54 1 1
github.com/hashgraph-online/standards-sdk-go/pkg/hcs20/indexer.go:355.25,356.69 1 1
github.com/hashgraph-online/standards-sdk-go/pkg/hcs20/indexer.go:357.21,358.65 1 1
github.com/hashgraph-online/standards-sdk-go/pkg/hcs20/indexer.go:367.3,373.71 4 1
github.com/hashgraph-online/standards-sdk-go/pkg/hcs20/indexer.go:373.71,375.3 1 0
github.com/hashgraph-online/standards-sdk-go/pkg/hcs20/indexer.go:377.2,391.72 3 1
github.com/hashgraph-online/standards-sdk-go/pkg/hcs20/indexer.go:398.3,405.13 5 1
github.com/hashgraph-online/standards-sdk-go/pkg/hcs20/indexer.go:405.13,407.3 1 0
github.com/hashgraph-online/standards-sdk-go/pkg/hcs20/indexer.go:409.2,410.9 2 1
github.com/hashgraph-online/standards-sdk-go/pkg/hcs20/indexer.go:410.9,412.3 1 0
github.com/hashgraph-online/standards-sdk-go/pkg/hcs20/indexer.go:413.2,414.9 2 1
github.com/hashgraph-online/standards-sdk-go/pkg/hcs20/indexer.go:414.9,416.3 1 0
github.com/hashgraph-online/standards-sdk-go/pkg/hcs20/indexer.go:417.2,418.9 2 1
github.com/hashgraph-online/standards-sdk-go/pkg/hcs20/indexer.go:418.9,420.3 1 0
github.com/hashgraph-online/standards-sdk-go/pkg/hcs20/indexer.go:421.2,421.68 1 1
github.com/hashgraph-online/standards-sdk-go/pkg/hcs20/indexer.go:421.68,423.3 1 0
github.com/hashgraph-online/standards-sdk-go/pkg/hcs20/indexer.go:425.2,425.35 1 1
github.com/hashgraph-online/standards-sdk-go/pkg/hcs20/indexer.go:425.35,427.15 2 0
github.com/hashgraph-online/standards-sdk-go/pkg/hcs20/indexer.go:427.15,429.4 1 0
github.com/hashgraph-online/standards-sdk-go/pkg/hcs20/indexer.go:430.3,430.32 1 0
github.com/hashgraph-online/standards-sdk-go/pkg/hcs20/indexer.go:430.32,432.4 1 0
github.com/hashgraph-online/standards-sdk-go/pkg/hcs20/indexer.go:435.2,441.21 6 1
github.com/hashgraph-online/standards-sdk-go/pkg/hcs20/indexer.go:441.21,443.17 2 0
github.com/hashgraph-online/standards-sdk-go/pkg/hcs20/indexer.go:443.17,445.4 1 0
github.com/hashgraph-online/standards-sdk-go/pkg/hcs20/indexer.go:446.3,448.46 3 0
github.com/hashgraph-online/standards-sdk-go/pkg/hcs20/indexer.go:449.8,456.3 1 1
github.com/hashgraph-online/standards-sdk-go/pkg/hcs20/indexer.go:458.2,472.72 3 1
github.com/hashgraph-online/standards-sdk-go/pkg/hcs20/indexer.go:480.3,487.13 5 1
github.com/hashgraph-online/standards-sdk-go/pkg/hcs20/indexer.go:487.13,489.3 1 0
github.com/hashgraph-online/standards-sdk-go/pkg/hcs20/indexer.go:491.2,491.63 1 1
github.com/hashgraph-online/standards-sdk-go/pkg/hcs20/indexer.go:491.63,493.3 1 1
github.com/hashgraph-online/standards-sdk-go/pkg/hcs20/indexer.go:495.2,496.9 2 1
github.com/hashgraph-online/standards-sdk-go/pkg/hcs20/indexer.go:496.9,498.3 1 0
github.com/hashgraph-online/standards-sdk-go/pkg/hcs20/indexer.go:500.2,501.19 2 1
github.com/hashgraph-online/standards-sdk-go/pkg/hcs20/indexer.go:501.19,503.3 1 0
github.com/hashgraph-online/standards-sdk-go/pkg/hcs20/indexer.go:505.2,506.15 2 1
github.com/hashgraph-online/standards-sdk-go/pkg/hcs20/indexer.go:506.15,508.3 1 0
github.com/hashgraph-online/standards-sdk-go/pkg/hcs20/indexer.go:509.2,509.42 1 1
github.com/hashgraph-online/standards-sdk-go/pkg/hcs20/indexer.go:509.42,511.3 1 0
github.com/hashgraph-online/standards-sdk-go/pkg/hcs20/indexer.go:513.2,519.20 6 1
github.com/hashgraph-online/standards-sdk-go/pkg/hcs20/indexer.go:519.20,521.18 2 0
github.com/hashgraph-online/standards-sdk-go/pkg/hcs20/indexer.go:521.18,523.4 1 0
github.com/hashgraph-online/standards-sdk-go/pkg/hcs20/indexer.go:524.3,526.45 3 0
github.com/hashgraph-online/standards-sdk-go/pkg/hcs20/indexer.go:527.8,534.3 1 1
github.com/hashgraph-online/standards-sdk-go/pkg/hcs20/indexer.go:536.2,551.72 3 1
github.com/hashgraph-online/standards-sdk-go/pkg/hcs20/indexer.go:559.3,567.38 6 1
github.com/hashgraph-online/standards-sdk-go/pkg/hcs20/indexer.go:567.38,569.3 1 0
github.com/hashgraph-online/standards-sdk-go/pkg/hcs20/indexer.go:571.2,571.63 1 1
github.com/hashgraph-online/standards-sdk-go/pkg/hcs20/indexer.go:571.63,573.3 1 0
github.com/hashgraph-online/standards-sdk-go/pkg/hcs20/indexer.go:575.2,576.13 2 1
github.com/hashgraph-online/standards-sdk-go/pkg/hcs20/indexer.go:576.13,578.3 1 0
github.com/hashgraph-online/standards-sdk-go/pkg/hcs20/indexer.go:580.2,581.20 2 1
github.com/hashgraph-online/standards-sdk-go/pkg/hcs20/indexer.go:581.20,583.3 1 0
github.com/hashgraph-online/standards-sdk-go/pkg/hcs20/indexer.go:585.2,586.16 2 1
github.com/hashgraph-online/standards-sdk-go/pkg/hcs20/indexer.go:586.16,588.3 1 0
github.com/hashgraph-online/standards-sdk-go/pkg/hcs20/indexer.go:589.2,589.39 1 1
github.com/hashgraph-online/standards-sdk-go/pkg/hcs20/indexer.go:589.39,591.3 1 0
github.com/hashgraph-online/standards-sdk-go/pkg/hcs20/indexer.go:593.2,594.15 2 1
github.com/hashgraph-online/standards-sdk-go/pkg/hcs20/indexer.go:594.15,596.3 1 0
github.com/hashgraph-online/standards-sdk-go/pkg/hcs20/indexer.go:598.2,621.72 10 1
github.com/hashgraph-online/standards-sdk-go/pkg/hcs20/indexer.go:626.28,628.13 2 1
github.com/hashgraph-online/standards-sdk-go/pkg/hcs20/indexer.go:628.13,631.3 2 1
github.com/hashgraph-online/standards-sdk-go/pkg/hcs20/indexer.go:632.2,632.21 1 1
github.com/hashgraph-online/standards-sdk-go/pkg/hcs20/indexer.go:635.50,639.9 4 1
github.com/hashgraph-online/standards-sdk-go/pkg/hcs20/indexer.go:639.9,641.3 1 0
github.com/hashgraph-online/standards-sdk-go/pkg/hcs20/indexer.go:642.2,642.22 1 1
github.com/hashgraph-online/standards-sdk-go/pkg/hcs20/indexer.go:642.22,644.3 1 0
github.com/hashgraph-online/standards-sdk-go/pkg/hcs20/indexer.go:645.2,645.20 1 1
github.com/hashgraph-online/standards-sdk-go/pkg/hcs20/indexer.go:648.87,649.43 1 1
github.com/hashgraph-online/standards-sdk-go/pkg/hcs20/indexer.go:649.43,651.3 1 1
github.com/hashgraph-online/standards-sdk-go/pkg/hcs20/indexer.go:652.2,652.67 1 0
github.com/hashgraph-online/standards-sdk-go/pkg/hcs20/indexer.go:655.34,663.2 1 1
github.com/hashgraph-online/standards-sdk-go/pkg/hcs20/tx.go:66.109,68.26 2 1
github.com/hashgraph-online/standards-sdk-go/pkg/hcs20/tx.go:68.26,70.3 1 0
github.com/hashgraph-online/standards-sdk-go/pkg/hcs20/tx.go:72.2,73.16 2 1
github.com/hashgraph-online/standards-sdk-go/pkg/hcs20/tx.go:73.16,75.3 1 1
github.com/hashgraph-online/standards-sdk-go/pkg/hcs20/tx.go:77.2,78.47 2 1
github.com/hashgraph-online/standards-sdk-go/pkg/hcs20/tx.go:79.14,80.25 1 0
github.com/hashgraph-online/standards-sdk-go/pkg/hcs20/tx.go:81.15,83.23 2 1
github.com/hashgraph-online/standards-sdk-go/pkg/hcs20/tx.go:83.23,85.4 1 1
github.com/hashgraph-online/standards-sdk-go/pkg/hcs20/tx.go:86.3,86.27 1 1
github.com/hashgraph-online/standards-sdk-go/pkg/hcs20/tx.go:87.10,88.68 1 1
github.com/hashgraph-online/standards-sdk-go/pkg/hcs20/tx.go:91.2,96.23 3 1
github.com/hashgraph-online/standards-sdk-go/pkg/hcs20/tx.go:96.23,98.3 1 0
github.com/hashgraph-online/standards-sdk-go/pkg/hcs20/tx.go:100.2,100.25 1 1
github.com/hashgraph-online/standards-sdk-go/pkg/hcs20/tx.go:104.95,120.2 2 1
github.com/hashgraph-online/standards-sdk-go/pkg/hcs20/tx.go:123.91,137.2 2 1
github.com/hashgraph-online/standards-sdk-go/pkg/hcs20/tx.go:140.91,154.2 2 1
github.com/hashgraph-online/standards-sdk-go/pkg/hcs20/tx.go:157.99,172.2 2 1
github.com/hashgraph-online/standards-sdk-go/pkg/hcs20/tx.go:175.99,191.2 3 1
github.com/hashgraph-online/standards-sdk-go/pkg/hcs20/validation.go:10.40,12.2 1 1
github.com/hashgraph-online/standards-sdk-go/pkg/hcs20/validation.go:15.60,17.19 2 1
github.com/hashgraph-online/standards-sdk-go/pkg/hcs20/validation.go:17.19,19.3 1 1
github.com/hashgraph-online/standards-sdk-go/pkg/hcs20/validation.go:21.2,23.42 3 1
github.com/hashgraph-online/standards-sdk-go/pkg/hcs20/validation.go:23.42,25.3 1 1
github.com/hashgraph-online/standards-sdk-go/pkg/hcs20/validation.go:27.2,27.21 1 1
github.com/hashgraph-online/standards-sdk-go/pkg/hcs20/validation.go:27.21,29.23 2 1
github.com/hashgraph-online/standards-sdk-go/pkg/hcs20/validation.go:29.23,31.4 1 0
github.com/hashgraph-online/standards-sdk-go/pkg/hcs20/validation.go:32.3,32.36 1 1
github.com/hashgraph-online/standards-sdk-go/pkg/hcs20/validation.go:32.36,33.42 1 1
github.com/hashgraph-online/standards-sdk-go/pkg/hcs20/validation.go:33.42,35.5 1 0
github.com/hashgraph-online/standards-sdk-go/pkg/hcs20/validation.go:39.2,39.18 1 1
github.com/hashgraph-online/standards-sdk-go/pkg/hcs20/validation.go:43.61,45.19 2 1
github.com/hashgraph-online/standards-sdk-go/pkg/hcs20/validation.go:45.19,47.3 1 0
github.com/hashgraph-online/standards-sdk-go/pkg/hcs20/validation.go:48.2,48.36 1 1
github.com/hashgraph-online/standards-sdk-go/pkg/hcs20/validation.go:48.36,50.3 1 1
github.com/hashgraph-online/standards-sdk-go/pkg/hcs20/validation.go:51.2,51.39 1 1
github.com/hashgraph-online/standards-sdk-go/pkg/hcs20/validation.go:51.39,53.3 1 0
github.com/hashgraph-online/standards-sdk-go/pkg/hcs20/validation.go:54.2,54.12 1 1
github.com/hashgraph-online/standards-sdk-go/pkg/hcs20/validation.go:58.57,70.22 11 1
github.com/hashgraph-online/standards-sdk-go/pkg/hcs20/validation.go:70.22,72.17 2 1
github.com/hashgraph-online/standards-sdk-go/pkg/hcs20/validation.go:72.17,74.4 1 0
github.com/hashgraph-online/standards-sdk-go/pkg/hcs20/validation.go:75.3,75.28 1 1
github.com/hashgraph-online/standards-sdk-go/pkg/hcs20/validation.go:77.2,77.24 1 1
github.com/hashgraph-online/standards-sdk-go/pkg/hcs20/validation.go:77.24,79.17 2 1
github.com/hashgraph-online/standards-sdk-go/pkg/hcs20/validation.go:79.17,81.4 1 0
github.com/hashgraph-online/standards-sdk-go/pkg/hcs20/validation.go:82.3,82.30 1 1
github.com/hashgraph-online/standards-sdk-go/pkg/hcs20/validation.go:84.2,84.27 1 1
github.com/hashgraph-online/standards-sdk-go/pkg/hcs20/validation.go:84.27,86.17 2 1
github.com/hashgraph-online/standards-sdk-go/pkg/hcs20/validation.go:86.17,88.4 1 0
github.com/hashgraph-online/standards-sdk-go/pkg/hcs20/validation.go:89.3,89.31 1 1
github.com/hashgraph-online/standards-sdk-go/pkg/hcs20/validation.go:92.2,92.24 1 1
github.com/hashgraph-online/standards-sdk-go/pkg/hcs20/validation.go:96.45,98.16 2 1
github.com/hashgraph-online/standards-sdk-go/pkg/hcs20/validation.go:98.16,100.3 1 0
github.com/hashgraph-online/standards-sdk-go/pkg/hcs20/validation.go:102.2,102.39 1 1
github.com/hashgraph-online/standards-sdk-go/pkg/hcs20/validation.go:102.39,104.3 1 0
github.com/hashgraph-online/standards-sdk-go/pkg/hcs20/validation.go:106.2,106.42 1 1
github.com/hashgraph-online/standards-sdk-go/pkg/hcs20/validation.go:106.42,108.3 1 0
github.com/hashgraph-online/standards-sdk-go/pkg/hcs20/validation.go:110.2,110.30 1 1
github.com/hashgraph-online/standards-sdk-go/pkg/hcs20/validation.go:111.23,112.36 1 1
github.com/hashgraph-online/standards-sdk-go/pkg/hcs20/validation.go:113.21,114.34 1 1
github.com/hashgraph-online/standards-sdk-go/pkg/hcs20/validation.go:115.21,116.34 1 1
github.com/hashgraph-online/standards-sdk-go/pkg/hcs20/validation.go:117.25,118.38 1 1
github.com/hashgraph-online/standards-sdk-go/pkg/hcs20/validation.go:119.25,120.38 1 1
github.com/hashgraph-online/standards-sdk-go/pkg/hcs20/validation.go:121.10,122.124 1 0
github.com/hashgraph-online/standards-sdk-go/pkg/hcs20/validation.go:126.44,127.61 1 1
github.com/hashgraph-online/standards-sdk-go/pkg/hcs20/validation.go:127.61,129.3 1 1
github.com/hashgraph-online/standards-sdk-go/pkg/hcs20/validation.go:130.2,130.24 1 1
github.com/hashgraph-online/standards-sdk-go/pkg/hcs20/validation.go:130.24,132.3 1 0
github.com/hashgraph-online/standards-sdk-go/pkg/hcs20/validation.go:133.2,133.65 1 1
github.com/hashgraph-online/standards-sdk-go/pkg/hcs20/validation.go:133.65,135.3 1 0
github.com/hashgraph-online/standards-sdk-go/pkg/hcs20/validation.go:136.2,136.25 1 1
github.com/hashgraph-online/standards-sdk-go/pkg/hcs20/validation.go:136.25,137.68 1 1
github.com/hashgraph-online/standards-sdk-go/pkg/hcs20/validation.go:137.68,139.4 1 0
github.com/hashgraph-online/standards-sdk-go/pkg/hcs20/validation.go:141.2,141.47 1 1
github.com/hashgraph-online/standards-sdk-go/pkg/hcs20/validation.go:141.47,143.3 1 0
github.com/hashgraph-online/standards-sdk-go/pkg/hcs20/validation.go:144.2,144.12 1 1
github.com/hashgraph-online/standards-sdk-go/pkg/hcs20/validation.go:147.42,148.24 1 1
github.com/hashgraph-online/standards-sdk-go/pkg/hcs20/validation.go:148.24,150.3 1 1
github.com/hashgraph-online/standards-sdk-go/pkg/hcs20/validation.go:151.2,151.68 1 1
github.com/hashgraph-online/standards-sdk-go/pkg/hcs20/validation.go:151.68,153.3 1 1
github.com/hashgraph-online/standards-sdk-go/pkg/hcs20/validation.go:154.2,154.22 1 1
github.com/hashgraph-online/standards-sdk-go/pkg/hcs20/validation.go:154.22,156.3 1 0
github.com/hashgraph-online/standards-sdk-go/pkg/hcs20/validation.go:157.2,157.12 1 1
github.com/hashgraph-online/standards-sdk-go/pkg/hcs20/validation.go:160.42,161.24 1 1
github.com/hashgraph-online/standards-sdk-go/pkg/hcs20/validation.go:161.24,163.3 1 0
github.com/hashgraph-online/standards-sdk-go/pkg/hcs20/validation.go:164.2,164.68 1 1
github.com/hashgraph-online/standards-sdk-go/pkg/hcs20/validation.go:164.68,166.3 1 0
github.com/hashgraph-online/standards-sdk-go/pkg/hcs20/validation.go:167.2,167.24 1 1
github.com/hashgraph-online/standards-sdk-go/pkg/hcs20/validation.go:167.24,169.3 1 0
github.com/hashgraph-online/standards-sdk-go/pkg/hcs20/validation.go:170.2,170.12 1 1
github.com/hashgraph-online/standards-sdk-go/pkg/hcs20/validation.go:173.46,174.24 1 1
github.com/hashgraph-online/standards-sdk-go/pkg/hcs20/validation.go:174.24,176.3 1 0
github.com/hashgraph-online/standards-sdk-go/pkg/hcs20/validation.go:177.2,177.68 1 1
github.com/hashgraph-online/standards-sdk-go/pkg/hcs20/validation.go:177.68,179.3 1 0
github.com/hashgraph-online/standards-sdk-go/pkg/hcs20/validation.go:180.2,180.24 1 1
github.com/hashgraph-online/standards-sdk-go/pkg/hcs20/validation.go:180.24,182.3 1 0
github.com/hashgraph-online/standards-sdk-go/pkg/hcs20/validation.go:183.2,183.22 1 1
github.com/hashgraph-online/standards-sdk-go/pkg/hcs20/validation.go:183.22,185.3 1 0
github.com/hashgraph-online/standards-sdk-go/pkg/hcs20/validation.go:186.2,186.12 1 1
github.com/hashgraph-online/standards-sdk-go/pkg/hcs20/validation.go:189.46,190.61 1 1
github.com/hashgraph-online/standards-sdk-go/pkg/hcs20/validation.go:190.61,192.3 1 1
github.com/hashgraph-online/standards-sdk-go/pkg/hcs20/validation.go:193.2,193.47 1 1
github.com/hashgraph-online/standards-sdk-go/pkg/hcs20/validation.go:193.47,195.3 1 0
github.com/hashgraph-online/standards-sdk-go/pkg/hcs20/validation.go:196.2,196.28 1 1
github.com/hashgraph-online/standards-sdk-go/pkg/hcs20/validation.go:196.28,198.3 1 1
github.com/hashgraph-online/standards-sdk-go/pkg/hcs20/validation.go:199.2,199.27 1 1
github.com/hashgraph-online/standards-sdk-go/pkg/hcs20/validation.go:199.27,201.3 1 0
github.com/hashgraph-online/standards-sdk-go/pkg/hcs20/validation.go:202.2,202.12 1 1
github.com/hashgraph-online/standards-sdk-go/pkg/hcs20/validation.go:206.57,208.58 2 1
github.com/hashgraph-online/standards-sdk-go/pkg/hcs20/validation.go:208.58,210.3 1 0
github.com/hashgraph-online/standards-sdk-go/pkg/hcs20/validation.go:212.2,213.16 2 1
github.com/hashgraph-online/standards-sdk-go/pkg/hcs20/validation.go:213.16,215.3 1 0
github.com/hashgraph-online/standards-sdk-go/pkg/hcs20/validation.go:216.2,216.52 1 1
github.com/hashgraph-online/standards-sdk-go/pkg/hcs20/validation.go:216.52,218.3 1 0
github.com/hashgraph-online/standards-sdk-go/pkg/hcs20/validation.go:220.2,220.24 1 1
github.com/hashgraph-online/standards-sdk-go/pkg/hcs20/validation.go:224.68,226.16 2 1
github.com/hashgraph-online/standards-sdk-go/pkg/hcs20/validation.go:226.16,228.3 1 0
github.com/hashgraph-online/standards-sdk-go/pkg/hcs20/validation.go:229.2,229.52 1 1
github.com/hashgraph-online/standards-sdk-go/pkg/hcs20/validation.go:229.52,231.3 1 1
github.com/hashgraph-online/standards-sdk-go/pkg/hcs20/validation.go:233.2,234.16 2 1
github.com/hashgraph-online/standards-sdk-go/pkg/hcs20/validation.go:234.16,236.3 1 0
github.com/hashgraph-online/standards-sdk-go/pkg/hcs20/validation.go:238.2,238.33 1 1
