mode: set
github.com/hashgraph-online/standards-sdk-go/pkg/hcs2/client.go:25.54,27.16 2 1
github.com/hashgraph-online/standards-sdk-go/pkg/hcs2/client.go:27.16,29.3 1 1
github.com/hashgraph-online/standards-sdk-go/pkg/hcs2/client.go:31.2,31.55 1 1
github.com/hashgraph-online/standards-sdk-go/pkg/hcs2/client.go:31.55,33.3 1 0
github.com/hashgraph-online/standards-sdk-go/pkg/hcs2/client.go:34.2,34.56 1 1
github.com/hashgraph-online/standards-sdk-go/pkg/hcs2/client.go:34.56,36.3 1 0
github.com/hashgraph-online/standards-sdk-go/pkg/hcs2/client.go:38.2,39.16 2 1
github.com/hashgraph-online/standards-sdk-go/pkg/hcs2/client.go:39.16,41.3 1 0
github.com/hashgraph-online/standards-sdk-go/pkg/hcs2/client.go:43.2,44.16 2 1
github.com/hashgraph-online/standards-sdk-go/pkg/hcs2/client.go:44.16,46.3 1 0
github.com/hashgraph-online/standards-sdk-go/pkg/hcs2/client.go:48.2,49.16 2 1
github.com/hashgraph-online/standards-sdk-go/pkg/hcs2/client.go:49.16,51.3 1 0
github.com/hashgraph-online/standards-sdk-go/pkg/hcs2/client.go:52.2,59.16 3 1
github.com/hashgraph-online/standards-sdk-go/pkg/hcs2/client.go:59.16,61.3 1 0
github.com/hashgraph-online/standards-sdk-go/pkg/hcs2/client.go:63.2,69.8 1 1
github.com/hashgraph-online/standards-sdk-go/pkg/hcs2/client.go:73.48,75.2 1 1
github.com/hashgraph-online/standards-sdk-go/pkg/hcs2/client.go:81.33,83.83 2 1
github.com/hashgraph-online/standards-sdk-go/pkg/hcs2/client.go:83.83,85.3 1 0
github.com/hashgraph-online/standards-sdk-go/pkg/hcs2/client.go:86.2,87.14 2 1
github.com/hashgraph-online/standards-sdk-go/pkg/hcs2/client.go:87.14,89.3 1 0
github.com/hashgraph-online/standards-sdk-go/pkg/hcs2/client.go:91.2,94.16 3 1
github.com/hashgraph-online/standards-sdk-go/pkg/hcs2/client.go:94.16,96.3 1 0
github.com/hashgraph-online/standards-sdk-go/pkg/hcs2/client.go:97.2,97.21 1 1
github.com/hashgraph-online/standards-sdk-go/pkg/hcs2/client.go:97.21,99.3 1 0
github.com/hashgraph-online/standards-sdk-go/pkg/hcs2/client.go:101.2,102.16 2 1
github.com/hashgraph-online/standards-sdk-go/pkg/hcs2/client.go:102.16,104.3 1 0
github.com/hashgraph-online/standards-sdk-go/pkg/hcs2/client.go:105.2,105.22 1 1
github.com/hashgraph-online/standards-sdk-go/pkg/hcs2/client.go:105.22,107.3 1 0
github.com/hashgraph-online/standards-sdk-go/pkg/hcs2/client.go:109.2,110.16 2 1
github.com/hashgraph-online/standards-sdk-go/pkg/hcs2/client.go:110.16,112.3 1 1
github.com/hashgraph-online/standards-sdk-go/pkg/hcs2/client.go:114.2,115.16 2 0
github.com/hashgraph-online/standards-sdk-go/pkg/hcs2/client.go:115.16,117.3 1 0
github.com/hashgraph-online/standards-sdk-go/pkg/hcs2/client.go:118.2,118.28 1 0
github.com/hashgraph-online/standards-sdk-go/pkg/hcs2/client.go:118.28,120.3 1 0
github.com/hashgraph-online/standards-sdk-go/pkg/hcs2/client.go:122.2,131.8 5 0
github.com/hashgraph-online/standards-sdk-go/pkg/hcs2/client.go:140.28,141.20 1 1
github.com/hashgraph-online/standards-sdk-go/pkg/hcs2/client.go:141.20,143.3 1 0
github.com/hashgraph-online/standards-sdk-go/pkg/hcs2/client.go:144.2,151.49 2 1
github.com/hashgraph-online/standards-sdk-go/pkg/hcs2/client.go:151.49,153.3 1 1
github.com/hashgraph-online/standards-sdk-go/pkg/hcs2/client.go:155.2,156.16 2 0
github.com/hashgraph-online/standards-sdk-go/pkg/hcs2/client.go:156.16,158.3 1 0
github.com/hashgraph-online/standards-sdk-go/pkg/hcs2/client.go:160.2,161.25 2 0
github.com/hashgraph-online/standards-sdk-go/pkg/hcs2/client.go:161.25,163.3 1 0
github.com/hashgraph-online/standards-sdk-go/pkg/hcs2/client.go:165.2,165.65 1 0
github.com/hashgraph-online/standards-sdk-go/pkg/hcs2/client.go:173.28,175.16 2 1
github.com/hashgraph-online/standards-sdk-go/pkg/hcs2/client.go:175.16,177.3 1 1
github.com/hashgraph-online/standards-sdk-go/pkg/hcs2/client.go:178.2,178.41 1 0
github.com/hashgraph-online/standards-sdk-go/pkg/hcs2/client.go:178.41,180.3 1 0
github.com/hashgraph-online/standards-sdk-go/pkg/hcs2/client.go:182.2,190.49 2 0
github.com/hashgraph-online/standards-sdk-go/pkg/hcs2/client.go:190.49,192.3 1 0
github.com/hashgraph-online/standards-sdk-go/pkg/hcs2/client.go:194.2,195.25 2 0
github.com/hashgraph-online/standards-sdk-go/pkg/hcs2/client.go:195.25,197.3 1 0
github.com/hashgraph-online/standards-sdk-go/pkg/hcs2/client.go:199.2,199.65 1 0
github.com/hashgraph-online/standards-sdk-go/pkg/hcs2/client.go:207.28,209.16 2 1
github.com/hashgraph-online/standards-sdk-go/pkg/hcs2/client.go:209.16,211.3 1 1
github.com/hashgraph-online/standards-sdk-go/pkg/hcs2/client.go:212.2,212.41 1 0
github.com/hashgraph-online/standards-sdk-go/pkg/hcs2/client.go:212.41,214.3 1 0
github.com/hashgraph-online/standards-sdk-go/pkg/hcs2/client.go:216.2,222.49 2 0
github.com/hashgraph-online/standards-sdk-go/pkg/hcs2/client.go:222.49,224.3 1 0
github.com/hashgraph-online/standards-sdk-go/pkg/hcs2/client.go:226.2,227.25 2 0
github.com/hashgraph-online/standards-sdk-go/pkg/hcs2/client.go:227.25,229.3 1 0
github.com/hashgraph-online/standards-sdk-go/pkg/hcs2/client.go:231.2,231.65 1 0
github.com/hashgraph-online/standards-sdk-go/pkg/hcs2/client.go:239.28,241.16 2 1
github.com/hashgraph-online/standards-sdk-go/pkg/hcs2/client.go:241.16,243.3 1 1
github.com/hashgraph-online/standards-sdk-go/pkg/hcs2/client.go:245.2,252.49 2 0
github.com/hashgraph-online/standards-sdk-go/pkg/hcs2/client.go:252.49,254.3 1 0
github.com/hashgraph-online/standards-sdk-go/pkg/hcs2/client.go:256.2,257.25 2 0
github.com/hashgraph-online/standards-sdk-go/pkg/hcs2/client.go:257.25,259.3 1 0
github.com/hashgraph-online/standards-sdk-go/pkg/hcs2/client.go:261.2,261.65 1 0
github.com/hashgraph-online/standards-sdk-go/pkg/hcs2/client.go:269.26,271.16 2 1
github.com/hashgraph-online/standards-sdk-go/pkg/hcs2/client.go:271.16,273.3 1 1
github.com/hashgraph-online/standards-sdk-go/pkg/hcs2/client.go:275.2,276.9 2 0
github.com/hashgraph-online/standards-sdk-go/pkg/hcs2/client.go:276.9,278.3 1 0
github.com/hashgraph-online/standards-sdk-go/pkg/hcs2/client.go:280.2,281.17 2 0
github.com/hashgraph-online/standards-sdk-go/pkg/hcs2/client.go:281.17,283.3 1 0
github.com/hashgraph-online/standards-sdk-go/pkg/hcs2/client.go:285.2,286.22 2 0
github.com/hashgraph-online/standards-sdk-go/pkg/hcs2/client.go:286.22,288.3 1 0
github.com/hashgraph-online/standards-sdk-go/pkg/hcs2/client.go:290.2,295.16 2 0
github.com/hashgraph-online/standards-sdk-go/pkg/hcs2/client.go:295.16,297.3 1 0
github.com/hashgraph-online/standards-sdk-go/pkg/hcs2/client.go:299.2,302.32 3 0
github.com/hashgraph-online/standards-sdk-go/pkg/hcs2/client.go:302.32,304.66 2 0
github.com/hashgraph-online/standards-sdk-go/pkg/hcs2/client.go:304.66,305.12 1 0
github.com/hashgraph-online/standards-sdk-go/pkg/hcs2/client.go:307.3,307.50 1 0
github.com/hashgraph-online/standards-sdk-go/pkg/hcs2/client.go:307.50,308.12 1 0
github.com/hashgraph-online/standards-sdk-go/pkg/hcs2/client.go:311.3,322.68 3 0
github.com/hashgraph-online/standards-sdk-go/pkg/hcs2/client.go:322.68,325.4 2 0
github.com/hashgraph-online/standards-sdk-go/pkg/hcs2/client.go:328.2,328.53 1 0
github.com/hashgraph-online/standards-sdk-go/pkg/hcs2/client.go:328.53,329.25 1 0
github.com/hashgraph-online/standards-sdk-go/pkg/hcs2/client.go:329.25,331.4 1 0
github.com/hashgraph-online/standards-sdk-go/pkg/hcs2/client.go:331.9,333.4 1 0
github.com/hashgraph-online/standards-sdk-go/pkg/hcs2/client.go:336.2,346.8 4 0
github.com/hashgraph-online/standards-sdk-go/pkg/hcs2/client.go:350.94,352.2 1 1
github.com/hashgraph-online/standards-sdk-go/pkg/hcs2/client.go:360.28,363.2 2 1
github.com/hashgraph-online/standards-sdk-go/pkg/hcs2/client.go:369.28,371.16 2 1
github.com/hashgraph-online/standards-sdk-go/pkg/hcs2/client.go:371.16,373.3 1 0
github.com/hashgraph-online/standards-sdk-go/pkg/hcs2/client.go:375.2,376.16 2 1
github.com/hashgraph-online/standards-sdk-go/pkg/hcs2/client.go:376.16,378.3 1 0
github.com/hashgraph-online/standards-sdk-go/pkg/hcs2/client.go:380.2,384.46 2 1
github.com/hashgraph-online/standards-sdk-go/pkg/hcs2/client.go:384.46,386.3 1 0
github.com/hashgraph-online/standards-sdk-go/pkg/hcs2/client.go:388.2,389.16 2 1
github.com/hashgraph-online/standards-sdk-go/pkg/hcs2/client.go:389.16,391.3 1 1
github.com/hashgraph-online/standards-sdk-go/pkg/hcs2/client.go:393.2,394.16 2 0
github.com/hashgraph-online/standards-sdk-go/pkg/hcs2/client.go:394.16,396.3 1 0
github.com/hashgraph-online/standards-sdk-go/pkg/hcs2/client.go:398.2,402.8 1 0
github.com/hashgraph-online/standards-sdk-go/pkg/hcs2/client.go:409.25,410.21 1 1
github.com/hashgraph-online/standards-sdk-go/pkg/hcs2/client.go:410.21,412.3 1 0
github.com/hashgraph-online/standards-sdk-go/pkg/hcs2/client.go:414.2,417.8 4 1
github.com/hashgraph-online/standards-sdk-go/pkg/hcs2/client.go:417.8,419.3 1 0
github.com/hashgraph-online/standards-sdk-go/pkg/hcs2/client.go:421.2,422.16 2 1
github.com/hashgraph-online/standards-sdk-go/pkg/hcs2/client.go:422.16,424.3 1 1
github.com/hashgraph-online/standards-sdk-go/pkg/hcs2/client.go:425.2,426.13 2 0
github.com/hashgraph-online/standards-sdk-go/pkg/hcs2/client.go:426.13,428.3 1 0
github.com/hashgraph-online/standards-sdk-go/pkg/hcs2/client.go:430.2,434.35 4 0
github.com/hashgraph-online/standards-sdk-go/pkg/hcs2/client.go:437.95,438.17 1 1
github.com/hashgraph-online/standards-sdk-go/pkg/hcs2/client.go:438.17,441.3 2 0
github.com/hashgraph-online/standards-sdk-go/pkg/hcs2/client.go:443.2,443.37 1 1
github.com/hashgraph-online/standards-sdk-go/pkg/hcs2/client.go:443.37,445.3 1 1
github.com/hashgraph-online/standards-sdk-go/pkg/hcs2/client.go:447.2,448.19 2 1
github.com/hashgraph-online/standards-sdk-go/pkg/hcs2/client.go:448.19,450.3 1 0
github.com/hashgraph-online/standards-sdk-go/pkg/hcs2/client.go:452.2,453.19 2 1
github.com/hashgraph-online/standards-sdk-go/pkg/hcs2/client.go:453.19,455.3 1 1
github.com/hashgraph-online/standards-sdk-go/pkg/hcs2/client.go:457.2,458.31 2 0
github.com/hashgraph-online/standards-sdk-go/pkg/hcs2/memo.go:15.66,17.2 1 1
github.com/hashgraph-online/standards-sdk-go/pkg/hcs2/memo.go:20.53,22.21 2 1
github.com/hashgraph-online/standards-sdk-go/pkg/hcs2/memo.go:22.21,24.3 1 1
github.com/hashgraph-online/standards-sdk-go/pkg/hcs2/memo.go:25.2,25.25 1 1
github.com/hashgraph-online/standards-sdk-go/pkg/hcs2/memo.go:25.25,27.3 1 1
github.com/hashgraph-online/standards-sdk-go/pkg/hcs2/memo.go:29.2,30.16 2 1
github.com/hashgraph-online/standards-sdk-go/pkg/hcs2/memo.go:30.16,32.3 1 1
github.com/hashgraph-online/standards-sdk-go/pkg/hcs2/memo.go:33.2,34.16 2 1
github.com/hashgraph-online/standards-sdk-go/pkg/hcs2/memo.go:34.16,36.3 1 1
github.com/hashgraph-online/standards-sdk-go/pkg/hcs2/memo.go:38.2,39.83 2 1
github.com/hashgraph-online/standards-sdk-go/pkg/hcs2/memo.go:39.83,41.3 1 1
github.com/hashgraph-online/standards-sdk-go/pkg/hcs2/memo.go:43.2,46.9 1 1
github.com/hashgraph-online/standards-sdk-go/pkg/hcs2/memo.go:50.82,60.2 3 1
github.com/hashgraph-online/standards-sdk-go/pkg/hcs2/tx.go:56.94,58.83 2 1
github.com/hashgraph-online/standards-sdk-go/pkg/hcs2/tx.go:58.83,60.3 1 1
github.com/hashgraph-online/standards-sdk-go/pkg/hcs2/tx.go:62.2,63.14 2 1
github.com/hashgraph-online/standards-sdk-go/pkg/hcs2/tx.go:63.14,65.3 1 1
github.com/hashgraph-online/standards-sdk-go/pkg/hcs2/tx.go:67.2,68.16 2 1
github.com/hashgraph-online/standards-sdk-go/pkg/hcs2/tx.go:68.16,70.3 1 1
github.com/hashgraph-online/standards-sdk-go/pkg/hcs2/tx.go:72.2,74.28 2 1
github.com/hashgraph-online/standards-sdk-go/pkg/hcs2/tx.go:74.28,76.3 1 1
github.com/hashgraph-online/standards-sdk-go/pkg/hcs2/tx.go:77.2,77.29 1 1
github.com/hashgraph-online/standards-sdk-go/pkg/hcs2/tx.go:77.29,79.3 1 1
github.com/hashgraph-online/standards-sdk-go/pkg/hcs2/tx.go:81.2,81.20 1 1
github.com/hashgraph-online/standards-sdk-go/pkg/hcs2/tx.go:85.98,87.20 2 1
github.com/hashgraph-online/standards-sdk-go/pkg/hcs2/tx.go:87.20,89.3 1 1
github.com/hashgraph-online/standards-sdk-go/pkg/hcs2/tx.go:91.2,98.82 2 1
github.com/hashgraph-online/standards-sdk-go/pkg/hcs2/tx.go:102.94,104.20 2 1
github.com/hashgraph-online/standards-sdk-go/pkg/hcs2/tx.go:104.20,106.3 1 1
github.com/hashgraph-online/standards-sdk-go/pkg/hcs2/tx.go:108.2,116.82 2 1
github.com/hashgraph-online/standards-sdk-go/pkg/hcs2/tx.go:120.94,122.20 2 1
github.com/hashgraph-online/standards-sdk-go/pkg/hcs2/tx.go:122.20,124.3 1 1
github.com/hashgraph-online/standards-sdk-go/pkg/hcs2/tx.go:126.2,132.82 2 1
github.com/hashgraph-online/standards-sdk-go/pkg/hcs2/tx.go:136.96,138.20 2 1
github.com/hashgraph-online/standards-sdk-go/pkg/hcs2/tx.go:138.20,140.3 1 1
github.com/hashgraph-online/standards-sdk-go/pkg/hcs2/tx.go:142.2,149.82 2 1
github.com/hashgraph-online/standards-sdk-go/pkg/hcs2/tx.go:156.50,157.49 1 1
github.com/hashgraph-online/standards-sdk-go/pkg/hcs2/tx.go:157.49,159.3 1 0
github.com/hashgraph-online/standards-sdk-go/pkg/hcs2/tx.go:161.2,162.26 2 1
github.com/hashgraph-online/standards-sdk-go/pkg/hcs2/tx.go:162.26,164.3 1 1
github.com/hashgraph-online/standards-sdk-go/pkg/hcs2/tx.go:166.2,167.16 2 1
github.com/hashgraph-online/standards-sdk-go/pkg/hcs2/tx.go:167.16,169.3 1 1
github.com/hashgraph-online/standards-sdk-go/pkg/hcs2/tx.go:171.2,172.16 2 1
github.com/hashgraph-online/standards-sdk-go/pkg/hcs2/tx.go:172.16,174.3 1 0
github.com/hashgraph-online/standards-sdk-go/pkg/hcs2/tx.go:176.2,180.46 2 1
github.com/hashgraph-online/standards-sdk-go/pkg/hcs2/tx.go:180.46,182.3 1 1
github.com/hashgraph-online/standards-sdk-go/pkg/hcs2/tx.go:184.2,184.25 1 1
github.com/hashgraph-online/standards-sdk-go/pkg/hcs2/validation.go:12.45,13.61 1 1
github.com/hashgraph-online/standards-sdk-go/pkg/hcs2/validation.go:13.61,15.3 1 1
github.com/hashgraph-online/standards-sdk-go/pkg/hcs2/validation.go:17.2,20.34 1 1
github.com/hashgraph-online/standards-sdk-go/pkg/hcs2/validation.go:20.34,22.3 1 1
github.com/hashgraph-online/standards-sdk-go/pkg/hcs2/validation.go:24.2,24.29 1 1
github.com/hashgraph-online/standards-sdk-go/pkg/hcs2/validation.go:24.29,26.3 1 1
github.com/hashgraph-online/standards-sdk-go/pkg/hcs2/validation.go:28.2,28.20 1 1
github.com/hashgraph-online/standards-sdk-go/pkg/hcs2/validation.go:29.25,30.70 1 1
github.com/hashgraph-online/standards-sdk-go/pkg/hcs2/validation.go:30.70,32.4 1 1
github.com/hashgraph-online/standards-sdk-go/pkg/hcs2/validation.go:33.23,34.43 1 1
github.com/hashgraph-online/standards-sdk-go/pkg/hcs2/validation.go:34.43,36.4 1 1
github.com/hashgraph-online/standards-sdk-go/pkg/hcs2/validation.go:37.3,37.70 1 1
github.com/hashgraph-online/standards-sdk-go/pkg/hcs2/validation.go:37.70,39.4 1 1
github.com/hashgraph-online/standards-sdk-go/pkg/hcs2/validation.go:40.23,41.43 1 1
github.com/hashgraph-online/standards-sdk-go/pkg/hcs2/validation.go:41.43,43.4 1 1
github.com/hashgraph-online/standards-sdk-go/pkg/hcs2/validation.go:44.24,45.70 1 1
github.com/hashgraph-online/standards-sdk-go/pkg/hcs2/validation.go:45.70,47.4 1 1
github.com/hashgraph-online/standards-sdk-go/pkg/hcs2/validation.go:50.2,50.21 1 1
github.com/hashgraph-online/standards-sdk-go/pkg/hcs2/validation.go:50.21,52.3 1 1
github.com/hashgraph-online/standards-sdk-go/pkg/hcs2/validation.go:54.2,54.12 1 1
