mode: set
github.com/hashgraph-online/standards-sdk-go/pkg/hcs5/client.go:25.54,27.16 2 1
github.com/hashgraph-online/standards-sdk-go/pkg/hcs5/client.go:27.16,29.3 1 1
github.com/hashgraph-online/standards-sdk-go/pkg/hcs5/client.go:30.2,30.55 1 1
github.com/hashgraph-online/standards-sdk-go/pkg/hcs5/client.go:30.55,32.3 1 1
github.com/hashgraph-online/standards-sdk-go/pkg/hcs5/client.go:33.2,33.56 1 1
github.com/hashgraph-online/standards-sdk-go/pkg/hcs5/client.go:33.56,35.3 1 1
github.com/hashgraph-online/standards-sdk-go/pkg/hcs5/client.go:37.2,38.16 2 1
github.com/hashgraph-online/standards-sdk-go/pkg/hcs5/client.go:38.16,40.3 1 1
github.com/hashgraph-online/standards-sdk-go/pkg/hcs5/client.go:41.2,42.16 2 1
github.com/hashgraph-online/standards-sdk-go/pkg/hcs5/client.go:42.16,44.3 1 1
github.com/hashgraph-online/standards-sdk-go/pkg/hcs5/client.go:46.2,47.16 2 1
github.com/hashgraph-online/standards-sdk-go/pkg/hcs5/client.go:47.16,49.3 1 0
github.com/hashgraph-online/standards-sdk-go/pkg/hcs5/client.go:50.2,59.8 2 1
github.com/hashgraph-online/standards-sdk-go/pkg/hcs5/client.go:66.25,67.54 1 1
github.com/hashgraph-online/standards-sdk-go/pkg/hcs5/client.go:67.54,72.3 1 1
github.com/hashgraph-online/standards-sdk-go/pkg/hcs5/client.go:74.2,75.16 2 1
github.com/hashgraph-online/standards-sdk-go/pkg/hcs5/client.go:75.16,77.3 1 1
github.com/hashgraph-online/standards-sdk-go/pkg/hcs5/client.go:79.2,80.16 2 1
github.com/hashgraph-online/standards-sdk-go/pkg/hcs5/client.go:80.16,82.3 1 0
github.com/hashgraph-online/standards-sdk-go/pkg/hcs5/client.go:84.2,84.48 1 1
github.com/hashgraph-online/standards-sdk-go/pkg/hcs5/client.go:84.48,86.22 2 1
github.com/hashgraph-online/standards-sdk-go/pkg/hcs5/client.go:86.22,88.4 1 1
github.com/hashgraph-online/standards-sdk-go/pkg/hcs5/client.go:89.3,89.56 1 0
github.com/hashgraph-online/standards-sdk-go/pkg/hcs5/client.go:92.2,93.16 2 1
github.com/hashgraph-online/standards-sdk-go/pkg/hcs5/client.go:93.16,95.3 1 1
github.com/hashgraph-online/standards-sdk-go/pkg/hcs5/client.go:97.2,98.16 2 0
github.com/hashgraph-online/standards-sdk-go/pkg/hcs5/client.go:98.16,100.3 1 0
github.com/hashgraph-online/standards-sdk-go/pkg/hcs5/client.go:101.2,101.42 1 0
github.com/hashgraph-online/standards-sdk-go/pkg/hcs5/client.go:101.42,103.3 1 0
github.com/hashgraph-online/standards-sdk-go/pkg/hcs5/client.go:105.2,106.36 2 0
github.com/hashgraph-online/standards-sdk-go/pkg/hcs5/client.go:106.36,108.3 1 0
github.com/hashgraph-online/standards-sdk-go/pkg/hcs5/client.go:110.2,115.8 1 0
github.com/hashgraph-online/standards-sdk-go/pkg/hcs5/client.go:122.25,124.24 2 1
github.com/hashgraph-online/standards-sdk-go/pkg/hcs5/client.go:124.24,126.3 1 1
github.com/hashgraph-online/standards-sdk-go/pkg/hcs5/client.go:127.2,127.28 1 1
github.com/hashgraph-online/standards-sdk-go/pkg/hcs5/client.go:127.28,129.3 1 1
github.com/hashgraph-online/standards-sdk-go/pkg/hcs5/client.go:131.2,132.28 2 1
github.com/hashgraph-online/standards-sdk-go/pkg/hcs5/client.go:132.28,133.41 1 1
github.com/hashgraph-online/standards-sdk-go/pkg/hcs5/client.go:133.41,135.4 1 0
github.com/hashgraph-online/standards-sdk-go/pkg/hcs5/client.go:135.9,137.4 1 1
github.com/hashgraph-online/standards-sdk-go/pkg/hcs5/client.go:140.2,141.42 2 1
github.com/hashgraph-online/standards-sdk-go/pkg/hcs5/client.go:141.42,143.3 1 1
github.com/hashgraph-online/standards-sdk-go/pkg/hcs5/client.go:144.2,145.41 2 1
github.com/hashgraph-online/standards-sdk-go/pkg/hcs5/client.go:145.41,147.3 1 1
github.com/hashgraph-online/standards-sdk-go/pkg/hcs5/client.go:149.2,156.16 3 1
github.com/hashgraph-online/standards-sdk-go/pkg/hcs5/client.go:156.16,158.3 1 0
github.com/hashgraph-online/standards-sdk-go/pkg/hcs5/client.go:160.2,165.16 2 1
github.com/hashgraph-online/standards-sdk-go/pkg/hcs5/client.go:165.16,167.3 1 0
github.com/hashgraph-online/standards-sdk-go/pkg/hcs5/client.go:169.2,170.16 2 1
github.com/hashgraph-online/standards-sdk-go/pkg/hcs5/client.go:170.16,172.3 1 1
github.com/hashgraph-online/standards-sdk-go/pkg/hcs5/client.go:173.2,173.51 1 1
github.com/hashgraph-online/standards-sdk-go/pkg/hcs5/client.go:173.51,175.3 1 1
github.com/hashgraph-online/standards-sdk-go/pkg/hcs5/client.go:177.2,186.16 2 0
github.com/hashgraph-online/standards-sdk-go/pkg/hcs5/client.go:186.16,188.3 1 0
github.com/hashgraph-online/standards-sdk-go/pkg/hcs5/client.go:190.2,191.24 2 0
github.com/hashgraph-online/standards-sdk-go/pkg/hcs5/client.go:191.24,193.3 1 0
github.com/hashgraph-online/standards-sdk-go/pkg/hcs5/client.go:195.2,195.23 1 0
github.com/hashgraph-online/standards-sdk-go/pkg/hcs5/client.go:195.23,200.21 2 0
github.com/hashgraph-online/standards-sdk-go/pkg/hcs5/client.go:200.21,202.4 1 0
github.com/hashgraph-online/standards-sdk-go/pkg/hcs5/client.go:203.3,203.74 1 0
github.com/hashgraph-online/standards-sdk-go/pkg/hcs5/client.go:203.74,205.4 1 0
github.com/hashgraph-online/standards-sdk-go/pkg/hcs5/client.go:206.3,206.46 1 0
github.com/hashgraph-online/standards-sdk-go/pkg/hcs5/client.go:206.46,208.4 1 0
github.com/hashgraph-online/standards-sdk-go/pkg/hcs5/client.go:209.3,214.5 1 0
github.com/hashgraph-online/standards-sdk-go/pkg/hcs5/client.go:217.2,217.42 1 0
github.com/hashgraph-online/standards-sdk-go/pkg/hcs5/client.go:217.42,219.48 2 0
github.com/hashgraph-online/standards-sdk-go/pkg/hcs5/client.go:219.48,221.4 1 0
github.com/hashgraph-online/standards-sdk-go/pkg/hcs5/client.go:222.3,222.87 1 0
github.com/hashgraph-online/standards-sdk-go/pkg/hcs5/client.go:225.2,230.4 1 0
github.com/hashgraph-online/standards-sdk-go/pkg/hcs5/tx.go:11.113,13.26 2 1
github.com/hashgraph-online/standards-sdk-go/pkg/hcs5/tx.go:13.26,15.3 1 1
github.com/hashgraph-online/standards-sdk-go/pkg/hcs5/tx.go:16.2,17.16 2 1
github.com/hashgraph-online/standards-sdk-go/pkg/hcs5/tx.go:17.16,19.3 1 1
github.com/hashgraph-online/standards-sdk-go/pkg/hcs5/tx.go:21.2,25.46 2 1
github.com/hashgraph-online/standards-sdk-go/pkg/hcs5/tx.go:25.46,27.3 1 1
github.com/hashgraph-online/standards-sdk-go/pkg/hcs5/tx.go:29.2,29.25 1 1
github.com/hashgraph-online/standards-sdk-go/pkg/hcs5/tx.go:37.41,39.26 2 1
github.com/hashgraph-online/standards-sdk-go/pkg/hcs5/tx.go:39.26,41.3 1 1
github.com/hashgraph-online/standards-sdk-go/pkg/hcs5/tx.go:43.2,43.76 1 1
github.com/hashgraph-online/standards-sdk-go/pkg/hcs5/types.go:40.42,42.2 1 1
