mode: set
github.com/hashgraph-online/standards-sdk-go/pkg/inscriber/auth.go:23.48,25.29 2 1
github.com/hashgraph-online/standards-sdk-go/pkg/inscriber/auth.go:25.29,27.3 1 1
github.com/hashgraph-online/standards-sdk-go/pkg/inscriber/auth.go:28.2,29.50 2 1
github.com/hashgraph-online/standards-sdk-go/pkg/inscriber/auth.go:29.50,31.3 1 1
github.com/hashgraph-online/standards-sdk-go/pkg/inscriber/auth.go:33.2,38.3 1 1
github.com/hashgraph-online/standards-sdk-go/pkg/inscriber/auth.go:47.23,50.16 3 1
github.com/hashgraph-online/standards-sdk-go/pkg/inscriber/auth.go:50.16,52.3 1 0
github.com/hashgraph-online/standards-sdk-go/pkg/inscriber/auth.go:53.2,56.16 3 1
github.com/hashgraph-online/standards-sdk-go/pkg/inscriber/auth.go:56.16,58.3 1 0
github.com/hashgraph-online/standards-sdk-go/pkg/inscriber/auth.go:59.2,62.16 3 1
github.com/hashgraph-online/standards-sdk-go/pkg/inscriber/auth.go:62.16,64.3 1 0
github.com/hashgraph-online/standards-sdk-go/pkg/inscriber/auth.go:65.2,65.61 1 1
github.com/hashgraph-online/standards-sdk-go/pkg/inscriber/auth.go:65.61,71.3 1 1
github.com/hashgraph-online/standards-sdk-go/pkg/inscriber/auth.go:73.2,76.66 2 1
github.com/hashgraph-online/standards-sdk-go/pkg/inscriber/auth.go:76.66,78.3 1 0
github.com/hashgraph-online/standards-sdk-go/pkg/inscriber/auth.go:79.2,79.33 1 1
github.com/hashgraph-online/standards-sdk-go/pkg/inscriber/auth.go:79.33,81.3 1 1
github.com/hashgraph-online/standards-sdk-go/pkg/inscriber/auth.go:83.2,84.16 2 1
github.com/hashgraph-online/standards-sdk-go/pkg/inscriber/auth.go:84.16,86.3 1 0
github.com/hashgraph-online/standards-sdk-go/pkg/inscriber/auth.go:88.2,89.16 2 1
github.com/hashgraph-online/standards-sdk-go/pkg/inscriber/auth.go:89.16,91.3 1 0
github.com/hashgraph-online/standards-sdk-go/pkg/inscriber/auth.go:93.2,106.16 4 1
github.com/hashgraph-online/standards-sdk-go/pkg/inscriber/auth.go:106.16,108.3 1 0
github.com/hashgraph-online/standards-sdk-go/pkg/inscriber/auth.go:110.2,117.16 3 1
github.com/hashgraph-online/standards-sdk-go/pkg/inscriber/auth.go:117.16,119.3 1 0
github.com/hashgraph-online/standards-sdk-go/pkg/inscriber/auth.go:120.2,123.16 3 1
github.com/hashgraph-online/standards-sdk-go/pkg/inscriber/auth.go:123.16,125.3 1 0
github.com/hashgraph-online/standards-sdk-go/pkg/inscriber/auth.go:126.2,129.16 3 1
github.com/hashgraph-online/standards-sdk-go/pkg/inscriber/auth.go:129.16,131.3 1 0
github.com/hashgraph-online/standards-sdk-go/pkg/inscriber/auth.go:132.2,132.69 1 1
github.com/hashgraph-online/standards-sdk-go/pkg/inscriber/auth.go:132.69,138.3 1 1
github.com/hashgraph-online/standards-sdk-go/pkg/inscriber/auth.go:140.2,146.58 2 1
github.com/hashgraph-online/standards-sdk-go/pkg/inscriber/auth.go:146.58,148.3 1 0
github.com/hashgraph-online/standards-sdk-go/pkg/inscriber/auth.go:149.2,149.55 1 1
github.com/hashgraph-online/standards-sdk-go/pkg/inscriber/auth.go:149.55,151.3 1 0
github.com/hashgraph-online/standards-sdk-go/pkg/inscriber/auth.go:152.2,152.44 1 1
github.com/hashgraph-online/standards-sdk-go/pkg/inscriber/auth.go:152.44,154.3 1 0
github.com/hashgraph-online/standards-sdk-go/pkg/inscriber/auth.go:156.2,156.47 1 1
github.com/hashgraph-online/standards-sdk-go/pkg/inscriber/auth.go:159.74,161.19 2 1
github.com/hashgraph-online/standards-sdk-go/pkg/inscriber/auth.go:161.19,163.3 1 1
github.com/hashgraph-online/standards-sdk-go/pkg/inscriber/auth.go:165.2,165.38 1 1
github.com/hashgraph-online/standards-sdk-go/pkg/inscriber/auth.go:165.38,167.63 2 1
github.com/hashgraph-online/standards-sdk-go/pkg/inscriber/auth.go:167.63,169.4 1 0
github.com/hashgraph-online/standards-sdk-go/pkg/inscriber/auth.go:170.3,170.47 1 1
github.com/hashgraph-online/standards-sdk-go/pkg/inscriber/auth.go:170.47,172.4 1 1
github.com/hashgraph-online/standards-sdk-go/pkg/inscriber/auth.go:173.3,173.47 1 1
github.com/hashgraph-online/standards-sdk-go/pkg/inscriber/auth.go:176.2,177.62 2 1
github.com/hashgraph-online/standards-sdk-go/pkg/inscriber/auth.go:177.62,179.3 1 0
github.com/hashgraph-online/standards-sdk-go/pkg/inscriber/auth.go:181.2,182.16 2 1
github.com/hashgraph-online/standards-sdk-go/pkg/inscriber/auth.go:182.16,184.3 1 0
github.com/hashgraph-online/standards-sdk-go/pkg/inscriber/auth.go:186.2,186.54 1 1
github.com/hashgraph-online/standards-sdk-go/pkg/inscriber/client.go:47.48,49.18 2 1
github.com/hashgraph-online/standards-sdk-go/pkg/inscriber/client.go:49.18,51.3 1 0
github.com/hashgraph-online/standards-sdk-go/pkg/inscriber/client.go:53.2,54.19 2 1
github.com/hashgraph-online/standards-sdk-go/pkg/inscriber/client.go:54.19,56.3 1 1
github.com/hashgraph-online/standards-sdk-go/pkg/inscriber/client.go:57.2,57.60 1 1
github.com/hashgraph-online/standards-sdk-go/pkg/inscriber/client.go:57.60,59.3 1 0
github.com/hashgraph-online/standards-sdk-go/pkg/inscriber/client.go:61.2,62.19 2 1
github.com/hashgraph-online/standards-sdk-go/pkg/inscriber/client.go:62.19,64.3 1 1
github.com/hashgraph-online/standards-sdk-go/pkg/inscriber/client.go:65.2,68.23 3 1
github.com/hashgraph-online/standards-sdk-go/pkg/inscriber/client.go:68.23,70.3 1 1
github.com/hashgraph-online/standards-sdk-go/pkg/inscriber/client.go:72.2,73.26 2 1
github.com/hashgraph-online/standards-sdk-go/pkg/inscriber/client.go:73.26,75.3 1 1
github.com/hashgraph-online/standards-sdk-go/pkg/inscriber/client.go:76.2,78.40 1 1
github.com/hashgraph-online/standards-sdk-go/pkg/inscriber/client.go:78.40,80.3 1 0
github.com/hashgraph-online/standards-sdk-go/pkg/inscriber/client.go:82.2,90.8 1 1
github.com/hashgraph-online/standards-sdk-go/pkg/inscriber/client.go:97.27,98.47 1 1
github.com/hashgraph-online/standards-sdk-go/pkg/inscriber/client.go:98.47,100.3 1 0
github.com/hashgraph-online/standards-sdk-go/pkg/inscriber/client.go:101.2,101.24 1 1
github.com/hashgraph-online/standards-sdk-go/pkg/inscriber/client.go:101.24,103.3 1 0
github.com/hashgraph-online/standards-sdk-go/pkg/inscriber/client.go:104.2,104.65 1 1
github.com/hashgraph-online/standards-sdk-go/pkg/inscriber/client.go:104.65,106.3 1 0
github.com/hashgraph-online/standards-sdk-go/pkg/inscriber/client.go:108.2,114.31 2 1
github.com/hashgraph-online/standards-sdk-go/pkg/inscriber/client.go:114.31,116.3 1 1
github.com/hashgraph-online/standards-sdk-go/pkg/inscriber/client.go:117.2,117.27 1 1
github.com/hashgraph-online/standards-sdk-go/pkg/inscriber/client.go:117.27,119.3 1 1
github.com/hashgraph-online/standards-sdk-go/pkg/inscriber/client.go:120.2,120.27 1 1
github.com/hashgraph-online/standards-sdk-go/pkg/inscriber/client.go:120.27,122.3 1 1
github.com/hashgraph-online/standards-sdk-go/pkg/inscriber/client.go:123.2,123.32 1 1
github.com/hashgraph-online/standards-sdk-go/pkg/inscriber/client.go:123.32,125.3 1 0
github.com/hashgraph-online/standards-sdk-go/pkg/inscriber/client.go:126.2,126.46 1 1
github.com/hashgraph-online/standards-sdk-go/pkg/inscriber/client.go:126.46,128.3 1 0
github.com/hashgraph-online/standards-sdk-go/pkg/inscriber/client.go:129.2,129.50 1 1
github.com/hashgraph-online/standards-sdk-go/pkg/inscriber/client.go:129.50,131.3 1 0
github.com/hashgraph-online/standards-sdk-go/pkg/inscriber/client.go:132.2,132.51 1 1
github.com/hashgraph-online/standards-sdk-go/pkg/inscriber/client.go:132.51,134.3 1 1
github.com/hashgraph-online/standards-sdk-go/pkg/inscriber/client.go:135.2,135.37 1 1
github.com/hashgraph-online/standards-sdk-go/pkg/inscriber/client.go:135.37,137.3 1 0
github.com/hashgraph-online/standards-sdk-go/pkg/inscriber/client.go:138.2,138.50 1 1
github.com/hashgraph-online/standards-sdk-go/pkg/inscriber/client.go:138.50,140.3 1 0
github.com/hashgraph-online/standards-sdk-go/pkg/inscriber/client.go:142.2,142.32 1 1
github.com/hashgraph-online/standards-sdk-go/pkg/inscriber/client.go:142.32,144.3 1 1
github.com/hashgraph-online/standards-sdk-go/pkg/inscriber/client.go:144.8,147.34 3 1
github.com/hashgraph-online/standards-sdk-go/pkg/inscriber/client.go:147.34,149.4 1 1
github.com/hashgraph-online/standards-sdk-go/pkg/inscriber/client.go:152.2,153.87 2 1
github.com/hashgraph-online/standards-sdk-go/pkg/inscriber/client.go:153.87,155.3 1 1
github.com/hashgraph-online/standards-sdk-go/pkg/inscriber/client.go:157.2,157.33 1 1
github.com/hashgraph-online/standards-sdk-go/pkg/inscriber/client.go:161.96,163.24 2 1
github.com/hashgraph-online/standards-sdk-go/pkg/inscriber/client.go:163.24,165.3 1 0
github.com/hashgraph-online/standards-sdk-go/pkg/inscriber/client.go:167.2,169.55 3 1
github.com/hashgraph-online/standards-sdk-go/pkg/inscriber/client.go:169.55,171.3 1 1
github.com/hashgraph-online/standards-sdk-go/pkg/inscriber/client.go:173.2,174.16 2 1
github.com/hashgraph-online/standards-sdk-go/pkg/inscriber/client.go:174.16,176.3 1 0
github.com/hashgraph-online/standards-sdk-go/pkg/inscriber/client.go:177.2,177.48 1 1
github.com/hashgraph-online/standards-sdk-go/pkg/inscriber/client.go:177.48,179.3 1 1
github.com/hashgraph-online/standards-sdk-go/pkg/inscriber/client.go:180.2,180.20 1 1
github.com/hashgraph-online/standards-sdk-go/pkg/inscriber/client.go:180.20,182.3 1 1
github.com/hashgraph-online/standards-sdk-go/pkg/inscriber/client.go:184.2,184.17 1 1
github.com/hashgraph-online/standards-sdk-go/pkg/inscriber/client.go:192.27,194.22 2 1
github.com/hashgraph-online/standards-sdk-go/pkg/inscriber/client.go:194.22,196.3 1 1
github.com/hashgraph-online/standards-sdk-go/pkg/inscriber/client.go:197.2,198.19 2 1
github.com/hashgraph-online/standards-sdk-go/pkg/inscriber/client.go:198.19,200.3 1 0
github.com/hashgraph-online/standards-sdk-go/pkg/inscriber/client.go:202.2,203.53 2 1
github.com/hashgraph-online/standards-sdk-go/pkg/inscriber/client.go:203.53,205.17 2 1
github.com/hashgraph-online/standards-sdk-go/pkg/inscriber/client.go:205.17,206.60 1 1
github.com/hashgraph-online/standards-sdk-go/pkg/inscriber/client.go:206.60,207.12 1 0
github.com/hashgraph-online/standards-sdk-go/pkg/inscriber/client.go:208.23,209.40 1 0
github.com/hashgraph-online/standards-sdk-go/pkg/inscriber/client.go:210.33,210.33 0 0
github.com/hashgraph-online/standards-sdk-go/pkg/inscriber/client.go:212.5,212.13 1 0
github.com/hashgraph-online/standards-sdk-go/pkg/inscriber/client.go:214.4,214.32 1 1
github.com/hashgraph-online/standards-sdk-go/pkg/inscriber/client.go:216.3,218.46 2 1
github.com/hashgraph-online/standards-sdk-go/pkg/inscriber/client.go:218.46,219.23 1 0
github.com/hashgraph-online/standards-sdk-go/pkg/inscriber/client.go:219.23,221.5 1 0
github.com/hashgraph-online/standards-sdk-go/pkg/inscriber/client.go:222.4,222.37 1 0
github.com/hashgraph-online/standards-sdk-go/pkg/inscriber/client.go:224.3,224.66 1 1
github.com/hashgraph-online/standards-sdk-go/pkg/inscriber/client.go:224.66,226.4 1 1
github.com/hashgraph-online/standards-sdk-go/pkg/inscriber/client.go:228.3,228.10 1 1
github.com/hashgraph-online/standards-sdk-go/pkg/inscriber/client.go:229.21,230.38 1 0
github.com/hashgraph-online/standards-sdk-go/pkg/inscriber/client.go:231.31,231.31 0 1
github.com/hashgraph-online/standards-sdk-go/pkg/inscriber/client.go:235.2,235.91 1 0
github.com/hashgraph-online/standards-sdk-go/pkg/inscriber/client.go:238.43,239.16 1 1
github.com/hashgraph-online/standards-sdk-go/pkg/inscriber/client.go:239.16,241.3 1 1
github.com/hashgraph-online/standards-sdk-go/pkg/inscriber/client.go:242.2,242.82 1 1
github.com/hashgraph-online/standards-sdk-go/pkg/inscriber/client.go:242.82,244.3 1 1
github.com/hashgraph-online/standards-sdk-go/pkg/inscriber/client.go:246.2,252.33 2 1
github.com/hashgraph-online/standards-sdk-go/pkg/inscriber/client.go:261.30,263.16 2 1
github.com/hashgraph-online/standards-sdk-go/pkg/inscriber/client.go:263.16,265.3 1 1
github.com/hashgraph-online/standards-sdk-go/pkg/inscriber/client.go:266.2,266.51 1 0
github.com/hashgraph-online/standards-sdk-go/pkg/inscriber/client.go:266.51,268.3 1 0
github.com/hashgraph-online/standards-sdk-go/pkg/inscriber/client.go:270.2,271.16 2 0
github.com/hashgraph-online/standards-sdk-go/pkg/inscriber/client.go:271.16,273.3 1 0
github.com/hashgraph-online/standards-sdk-go/pkg/inscriber/client.go:275.2,283.24 2 0
github.com/hashgraph-online/standards-sdk-go/pkg/inscriber/client.go:283.24,285.3 1 0
github.com/hashgraph-online/standards-sdk-go/pkg/inscriber/client.go:287.2,288.16 2 0
github.com/hashgraph-online/standards-sdk-go/pkg/inscriber/client.go:288.16,290.3 1 0
github.com/hashgraph-online/standards-sdk-go/pkg/inscriber/client.go:292.2,296.20 4 0
github.com/hashgraph-online/standards-sdk-go/pkg/inscriber/client.go:304.19,306.16 2 1
github.com/hashgraph-online/standards-sdk-go/pkg/inscriber/client.go:306.16,308.3 1 1
github.com/hashgraph-online/standards-sdk-go/pkg/inscriber/client.go:310.2,311.16 2 1
github.com/hashgraph-online/standards-sdk-go/pkg/inscriber/client.go:311.16,313.3 1 0
github.com/hashgraph-online/standards-sdk-go/pkg/inscriber/client.go:314.2,315.16 2 1
github.com/hashgraph-online/standards-sdk-go/pkg/inscriber/client.go:315.16,317.3 1 1
github.com/hashgraph-online/standards-sdk-go/pkg/inscriber/client.go:319.2,320.16 2 1
github.com/hashgraph-online/standards-sdk-go/pkg/inscriber/client.go:320.16,322.3 1 0
github.com/hashgraph-online/standards-sdk-go/pkg/inscriber/client.go:323.2,326.16 3 1
github.com/hashgraph-online/standards-sdk-go/pkg/inscriber/client.go:326.16,328.3 1 1
github.com/hashgraph-online/standards-sdk-go/pkg/inscriber/client.go:330.2,355.35 4 0
github.com/hashgraph-online/standards-sdk-go/pkg/inscriber/client.go:355.35,357.23 2 0
github.com/hashgraph-online/standards-sdk-go/pkg/inscriber/client.go:357.23,359.4 1 0
github.com/hashgraph-online/standards-sdk-go/pkg/inscriber/client.go:360.3,360.29 1 0
github.com/hashgraph-online/standards-sdk-go/pkg/inscriber/client.go:360.29,362.4 1 0
github.com/hashgraph-online/standards-sdk-go/pkg/inscriber/client.go:364.3,365.23 2 0
github.com/hashgraph-online/standards-sdk-go/pkg/inscriber/client.go:365.23,367.4 1 0
github.com/hashgraph-online/standards-sdk-go/pkg/inscriber/client.go:369.3,370.25 2 0
github.com/hashgraph-online/standards-sdk-go/pkg/inscriber/client.go:370.25,372.22 2 0
github.com/hashgraph-online/standards-sdk-go/pkg/inscriber/client.go:372.22,374.5 1 0
github.com/hashgraph-online/standards-sdk-go/pkg/inscriber/client.go:375.4,375.34 1 0
github.com/hashgraph-online/standards-sdk-go/pkg/inscriber/client.go:378.3,379.24 2 0
github.com/hashgraph-online/standards-sdk-go/pkg/inscriber/client.go:379.24,380.82 1 0
github.com/hashgraph-online/standards-sdk-go/pkg/inscriber/client.go:380.82,382.13 2 0
github.com/hashgraph-online/standards-sdk-go/pkg/inscriber/client.go:384.4,384.96 1 0
github.com/hashgraph-online/standards-sdk-go/pkg/inscriber/client.go:387.3,388.24 2 0
github.com/hashgraph-online/standards-sdk-go/pkg/inscriber/client.go:388.24,390.4 1 0
github.com/hashgraph-online/standards-sdk-go/pkg/inscriber/client.go:391.3,391.43 1 0
github.com/hashgraph-online/standards-sdk-go/pkg/inscriber/client.go:391.43,393.4 1 0
github.com/hashgraph-online/standards-sdk-go/pkg/inscriber/client.go:395.3,395.46 1 0
github.com/hashgraph-online/standards-sdk-go/pkg/inscriber/client.go:398.2,398.37 1 0
github.com/hashgraph-online/standards-sdk-go/pkg/inscriber/client.go:398.37,405.24 2 0
github.com/hashgraph-online/standards-sdk-go/pkg/inscriber/client.go:405.24,407.4 1 0
github.com/hashgraph-online/standards-sdk-go/pkg/inscriber/client.go:409.3,410.130 2 0
github.com/hashgraph-online/standards-sdk-go/pkg/inscriber/client.go:413.2,413.58 1 0
github.com/hashgraph-online/standards-sdk-go/pkg/inscriber/client.go:421.30,423.16 2 1
github.com/hashgraph-online/standards-sdk-go/pkg/inscriber/client.go:423.16,425.3 1 0
github.com/hashgraph-online/standards-sdk-go/pkg/inscriber/client.go:427.2,428.22 2 1
github.com/hashgraph-online/standards-sdk-go/pkg/inscriber/client.go:428.22,430.3 1 0
github.com/hashgraph-online/standards-sdk-go/pkg/inscriber/client.go:432.2,433.42 2 1
github.com/hashgraph-online/standards-sdk-go/pkg/inscriber/client.go:433.42,435.22 2 0
github.com/hashgraph-online/standards-sdk-go/pkg/inscriber/client.go:435.22,437.4 1 0
github.com/hashgraph-online/standards-sdk-go/pkg/inscriber/client.go:438.3,438.121 1 0
github.com/hashgraph-online/standards-sdk-go/pkg/inscriber/client.go:440.2,440.44 1 1
github.com/hashgraph-online/standards-sdk-go/pkg/inscriber/client.go:440.44,442.22 2 1
github.com/hashgraph-online/standards-sdk-go/pkg/inscriber/client.go:442.22,444.4 1 1
github.com/hashgraph-online/standards-sdk-go/pkg/inscriber/client.go:445.3,445.123 1 1
github.com/hashgraph-online/standards-sdk-go/pkg/inscriber/client.go:448.2,448.43 1 0
github.com/hashgraph-online/standards-sdk-go/pkg/inscriber/client.go:451.98,455.16 2 1
github.com/hashgraph-online/standards-sdk-go/pkg/inscriber/client.go:455.16,457.3 1 0
github.com/hashgraph-online/standards-sdk-go/pkg/inscriber/client.go:459.2,460.16 2 1
github.com/hashgraph-online/standards-sdk-go/pkg/inscriber/client.go:460.16,462.3 1 0
github.com/hashgraph-online/standards-sdk-go/pkg/inscriber/client.go:464.2,465.23 2 1
github.com/hashgraph-online/standards-sdk-go/pkg/inscriber/client.go:473.19,475.16 2 1
github.com/hashgraph-online/standards-sdk-go/pkg/inscriber/client.go:475.16,477.3 1 0
github.com/hashgraph-online/standards-sdk-go/pkg/inscriber/client.go:479.2,480.16 2 1
github.com/hashgraph-online/standards-sdk-go/pkg/inscriber/client.go:480.16,482.3 1 1
github.com/hashgraph-online/standards-sdk-go/pkg/inscriber/client.go:484.2,485.94 2 1
github.com/hashgraph-online/standards-sdk-go/pkg/inscriber/client.go:485.94,491.3 1 1
github.com/hashgraph-online/standards-sdk-go/pkg/inscriber/client.go:493.2,494.16 2 1
github.com/hashgraph-online/standards-sdk-go/pkg/inscriber/client.go:494.16,496.3 1 1
github.com/hashgraph-online/standards-sdk-go/pkg/inscriber/client.go:497.2,507.88 3 0
github.com/hashgraph-online/standards-sdk-go/pkg/inscriber/client.go:507.88,509.3 1 0
github.com/hashgraph-online/standards-sdk-go/pkg/inscriber/client.go:511.2,511.79 1 0
github.com/hashgraph-online/standards-sdk-go/pkg/inscriber/client.go:511.79,512.48 1 0
github.com/hashgraph-online/standards-sdk-go/pkg/inscriber/client.go:512.48,513.32 1 0
github.com/hashgraph-online/standards-sdk-go/pkg/inscriber/client.go:513.32,520.13 2 0
github.com/hashgraph-online/standards-sdk-go/pkg/inscriber/client.go:522.4,522.95 1 0
github.com/hashgraph-online/standards-sdk-go/pkg/inscriber/client.go:526.2,526.75 1 0
github.com/hashgraph-online/standards-sdk-go/pkg/inscriber/client.go:526.75,527.44 1 0
github.com/hashgraph-online/standards-sdk-go/pkg/inscriber/client.go:527.44,533.30 2 0
github.com/hashgraph-online/standards-sdk-go/pkg/inscriber/client.go:533.30,540.13 2 0
github.com/hashgraph-online/standards-sdk-go/pkg/inscriber/client.go:543.4,547.5 1 0
github.com/hashgraph-online/standards-sdk-go/pkg/inscriber/client.go:551.2,551.74 1 0
github.com/hashgraph-online/standards-sdk-go/pkg/inscriber/client.go:551.74,553.3 1 0
github.com/hashgraph-online/standards-sdk-go/pkg/inscriber/client.go:555.2,557.16 3 0
github.com/hashgraph-online/standards-sdk-go/pkg/inscriber/client.go:557.16,559.3 1 0
github.com/hashgraph-online/standards-sdk-go/pkg/inscriber/client.go:561.2,562.16 2 0
github.com/hashgraph-online/standards-sdk-go/pkg/inscriber/client.go:562.16,564.3 1 0
github.com/hashgraph-online/standards-sdk-go/pkg/inscriber/client.go:565.2,565.42 1 0
github.com/hashgraph-online/standards-sdk-go/pkg/inscriber/client.go:565.42,567.3 1 0
github.com/hashgraph-online/standards-sdk-go/pkg/inscriber/client.go:569.2,569.45 1 0
github.com/hashgraph-online/standards-sdk-go/pkg/inscriber/client.go:572.82,573.37 1 1
github.com/hashgraph-online/standards-sdk-go/pkg/inscriber/client.go:574.35,575.20 1 1
github.com/hashgraph-online/standards-sdk-go/pkg/inscriber/client.go:576.34,578.21 2 1
github.com/hashgraph-online/standards-sdk-go/pkg/inscriber/client.go:579.10,580.121 1 1
github.com/hashgraph-online/standards-sdk-go/pkg/inscriber/client.go:584.82,586.16 2 1
github.com/hashgraph-online/standards-sdk-go/pkg/inscriber/client.go:586.16,588.3 1 1
github.com/hashgraph-online/standards-sdk-go/pkg/inscriber/client.go:589.2,593.16 4 1
github.com/hashgraph-online/standards-sdk-go/pkg/inscriber/client.go:593.16,595.3 1 0
github.com/hashgraph-online/standards-sdk-go/pkg/inscriber/client.go:596.2,599.16 3 1
github.com/hashgraph-online/standards-sdk-go/pkg/inscriber/client.go:599.16,601.3 1 0
github.com/hashgraph-online/standards-sdk-go/pkg/inscriber/client.go:602.2,602.61 1 1
github.com/hashgraph-online/standards-sdk-go/pkg/inscriber/client.go:602.61,604.3 1 1
github.com/hashgraph-online/standards-sdk-go/pkg/inscriber/client.go:606.2,606.53 1 1
github.com/hashgraph-online/standards-sdk-go/pkg/inscriber/client.go:606.53,608.3 1 0
github.com/hashgraph-online/standards-sdk-go/pkg/inscriber/client.go:610.2,610.12 1 1
github.com/hashgraph-online/standards-sdk-go/pkg/inscriber/client.go:613.96,615.16 2 1
github.com/hashgraph-online/standards-sdk-go/pkg/inscriber/client.go:615.16,617.3 1 1
github.com/hashgraph-online/standards-sdk-go/pkg/inscriber/client.go:619.2,625.16 2 1
github.com/hashgraph-online/standards-sdk-go/pkg/inscriber/client.go:625.16,627.3 1 1
github.com/hashgraph-online/standards-sdk-go/pkg/inscriber/client.go:628.2,633.16 5 1
github.com/hashgraph-online/standards-sdk-go/pkg/inscriber/client.go:633.16,635.3 1 0
github.com/hashgraph-online/standards-sdk-go/pkg/inscriber/client.go:636.2,639.16 3 1
github.com/hashgraph-online/standards-sdk-go/pkg/inscriber/client.go:639.16,641.3 1 0
github.com/hashgraph-online/standards-sdk-go/pkg/inscriber/client.go:642.2,642.61 1 1
github.com/hashgraph-online/standards-sdk-go/pkg/inscriber/client.go:642.61,649.3 1 1
github.com/hashgraph-online/standards-sdk-go/pkg/inscriber/client.go:651.2,651.61 1 1
github.com/hashgraph-online/standards-sdk-go/pkg/inscriber/client.go:651.61,653.3 1 0
github.com/hashgraph-online/standards-sdk-go/pkg/inscriber/client.go:655.2,655.12 1 1
github.com/hashgraph-online/standards-sdk-go/pkg/inscriber/client.go:658.53,659.87 1 1
github.com/hashgraph-online/standards-sdk-go/pkg/inscriber/client.go:659.87,661.3 1 1
github.com/hashgraph-online/standards-sdk-go/pkg/inscriber/client.go:662.2,662.38 1 1
github.com/hashgraph-online/standards-sdk-go/pkg/inscriber/client.go:662.38,664.3 1 1
github.com/hashgraph-online/standards-sdk-go/pkg/inscriber/client.go:665.2,665.35 1 1
github.com/hashgraph-online/standards-sdk-go/pkg/inscriber/client.go:668.70,671.38 2 1
github.com/hashgraph-online/standards-sdk-go/pkg/inscriber/client.go:671.38,673.3 1 1
github.com/hashgraph-online/standards-sdk-go/pkg/inscriber/client.go:674.2,674.46 1 1
github.com/hashgraph-online/standards-sdk-go/pkg/inscriber/client.go:674.46,676.3 1 1
github.com/hashgraph-online/standards-sdk-go/pkg/inscriber/client.go:677.2,677.50 1 1
github.com/hashgraph-online/standards-sdk-go/pkg/inscriber/client.go:677.50,679.3 1 1
github.com/hashgraph-online/standards-sdk-go/pkg/inscriber/client.go:680.2,680.43 1 1
github.com/hashgraph-online/standards-sdk-go/pkg/inscriber/client.go:680.43,682.3 1 1
github.com/hashgraph-online/standards-sdk-go/pkg/inscriber/client.go:683.2,683.49 1 1
github.com/hashgraph-online/standards-sdk-go/pkg/inscriber/client.go:683.49,685.3 1 1
github.com/hashgraph-online/standards-sdk-go/pkg/inscriber/client.go:686.2,686.60 1 1
github.com/hashgraph-online/standards-sdk-go/pkg/inscriber/client.go:686.60,688.3 1 1
github.com/hashgraph-online/standards-sdk-go/pkg/inscriber/client.go:689.2,689.51 1 1
github.com/hashgraph-online/standards-sdk-go/pkg/inscriber/client.go:689.51,691.3 1 1
github.com/hashgraph-online/standards-sdk-go/pkg/inscriber/client.go:692.2,692.53 1 1
github.com/hashgraph-online/standards-sdk-go/pkg/inscriber/client.go:692.53,694.3 1 1
github.com/hashgraph-online/standards-sdk-go/pkg/inscriber/client.go:695.2,695.61 1 1
github.com/hashgraph-online/standards-sdk-go/pkg/inscriber/client.go:695.61,697.3 1 1
github.com/hashgraph-online/standards-sdk-go/pkg/inscriber/client.go:699.2,700.16 2 1
github.com/hashgraph-online/standards-sdk-go/pkg/inscriber/client.go:700.16,702.3 1 0
github.com/hashgraph-online/standards-sdk-go/pkg/inscriber/client.go:703.2,705.17 2 1
github.com/hashgraph-online/standards-sdk-go/pkg/inscriber/client.go:708.59,709.31 1 1
github.com/hashgraph-online/standards-sdk-go/pkg/inscriber/client.go:710.11,711.17 1 1
github.com/hashgraph-online/standards-sdk-go/pkg/inscriber/client.go:712.14,713.20 1 1
github.com/hashgraph-online/standards-sdk-go/pkg/inscriber/client.go:714.22,716.28 2 1
github.com/hashgraph-online/standards-sdk-go/pkg/inscriber/client.go:716.28,718.4 1 1
github.com/hashgraph-online/standards-sdk-go/pkg/inscriber/client.go:719.3,720.10 2 1
github.com/hashgraph-online/standards-sdk-go/pkg/inscriber/client.go:720.10,722.4 1 0
github.com/hashgraph-online/standards-sdk-go/pkg/inscriber/client.go:724.3,725.30 2 1
github.com/hashgraph-online/standards-sdk-go/pkg/inscriber/client.go:725.30,726.33 1 1
github.com/hashgraph-online/standards-sdk-go/pkg/inscriber/client.go:727.17,728.50 1 1
github.com/hashgraph-online/standards-sdk-go/pkg/inscriber/client.go:729.13,730.50 1 0
github.com/hashgraph-online/standards-sdk-go/pkg/inscriber/client.go:731.12,732.87 1 0
github.com/hashgraph-online/standards-sdk-go/pkg/inscriber/client.go:736.3,736.60 1 1
github.com/hashgraph-online/standards-sdk-go/pkg/inscriber/client.go:737.10,738.71 1 0
github.com/hashgraph-online/standards-sdk-go/pkg/inscriber/client.go:742.49,744.37 2 1
github.com/hashgraph-online/standards-sdk-go/pkg/inscriber/client.go:744.37,746.3 1 1
github.com/hashgraph-online/standards-sdk-go/pkg/inscriber/client.go:748.2,749.21 2 1
github.com/hashgraph-online/standards-sdk-go/pkg/inscriber/client.go:749.21,751.3 1 0
github.com/hashgraph-online/standards-sdk-go/pkg/inscriber/client.go:753.2,753.64 1 1
github.com/hashgraph-online/standards-sdk-go/pkg/inscriber/client.go:756.32,757.11 1 1
github.com/hashgraph-online/standards-sdk-go/pkg/inscriber/client.go:757.11,759.3 1 1
github.com/hashgraph-online/standards-sdk-go/pkg/inscriber/client.go:760.2,760.10 1 1
github.com/hashgraph-online/standards-sdk-go/pkg/inscriber/cost.go:17.61,20.23 2 1
github.com/hashgraph-online/standards-sdk-go/pkg/inscriber/cost.go:20.23,22.3 1 1
github.com/hashgraph-online/standards-sdk-go/pkg/inscriber/cost.go:22.8,22.58 1 1
github.com/hashgraph-online/standards-sdk-go/pkg/inscriber/cost.go:22.58,24.17 2 1
github.com/hashgraph-online/standards-sdk-go/pkg/inscriber/cost.go:24.17,26.49 2 1
github.com/hashgraph-online/standards-sdk-go/pkg/inscriber/cost.go:26.49,28.5 1 1
github.com/hashgraph-online/standards-sdk-go/pkg/inscriber/cost.go:32.2,44.19 3 1
github.com/hashgraph-online/standards-sdk-go/pkg/inscriber/cost.go:51.36,53.45 2 1
github.com/hashgraph-online/standards-sdk-go/pkg/inscriber/cost.go:53.45,55.3 1 1
github.com/hashgraph-online/standards-sdk-go/pkg/inscriber/cost.go:57.2,58.43 2 1
github.com/hashgraph-online/standards-sdk-go/pkg/inscriber/cost.go:58.43,60.3 1 0
github.com/hashgraph-online/standards-sdk-go/pkg/inscriber/cost.go:62.2,65.16 2 1
github.com/hashgraph-online/standards-sdk-go/pkg/inscriber/cost.go:65.16,67.3 1 1
github.com/hashgraph-online/standards-sdk-go/pkg/inscriber/cost.go:69.2,70.16 2 0
github.com/hashgraph-online/standards-sdk-go/pkg/inscriber/cost.go:70.16,72.3 1 0
github.com/hashgraph-online/standards-sdk-go/pkg/inscriber/cost.go:73.2,73.24 1 0
github.com/hashgraph-online/standards-sdk-go/pkg/inscriber/cost.go:73.24,75.3 1 0
github.com/hashgraph-online/standards-sdk-go/pkg/inscriber/cost.go:77.2,79.17 3 0
github.com/hashgraph-online/standards-sdk-go/pkg/inscriber/cost.go:79.17,80.50 1 0
github.com/hashgraph-online/standards-sdk-go/pkg/inscriber/cost.go:80.50,81.56 1 0
github.com/hashgraph-online/standards-sdk-go/pkg/inscriber/cost.go:81.56,83.10 2 0
github.com/hashgraph-online/standards-sdk-go/pkg/inscriber/cost.go:87.2,87.23 1 0
github.com/hashgraph-online/standards-sdk-go/pkg/inscriber/cost.go:87.23,88.50 1 0
github.com/hashgraph-online/standards-sdk-go/pkg/inscriber/cost.go:88.50,89.27 1 0
github.com/hashgraph-online/standards-sdk-go/pkg/inscriber/cost.go:89.27,91.5 1 0
github.com/hashgraph-online/standards-sdk-go/pkg/inscriber/cost.go:94.2,94.55 1 0
github.com/hashgraph-online/standards-sdk-go/pkg/inscriber/cost.go:94.55,96.3 1 0
github.com/hashgraph-online/standards-sdk-go/pkg/inscriber/cost.go:97.2,97.23 1 0
github.com/hashgraph-online/standards-sdk-go/pkg/inscriber/cost.go:97.23,99.3 1 0
github.com/hashgraph-online/standards-sdk-go/pkg/inscriber/cost.go:101.2,106.49 3 0
github.com/hashgraph-online/standards-sdk-go/pkg/inscriber/cost.go:106.49,107.27 1 0
github.com/hashgraph-online/standards-sdk-go/pkg/inscriber/cost.go:107.27,108.12 1 0
github.com/hashgraph-online/standards-sdk-go/pkg/inscriber/cost.go:110.3,114.5 1 0
github.com/hashgraph-online/standards-sdk-go/pkg/inscriber/cost.go:117.2,117.34 1 0
github.com/hashgraph-online/standards-sdk-go/pkg/inscriber/cost.go:117.34,123.3 1 0
github.com/hashgraph-online/standards-sdk-go/pkg/inscriber/cost.go:125.2,126.21 2 0
github.com/hashgraph-online/standards-sdk-go/pkg/inscriber/cost.go:129.67,131.16 2 1
github.com/hashgraph-online/standards-sdk-go/pkg/inscriber/cost.go:131.16,133.3 1 1
github.com/hashgraph-online/standards-sdk-go/pkg/inscriber/cost.go:134.2,135.24 2 1
github.com/hashgraph-online/standards-sdk-go/pkg/inscriber/cost.go:135.24,137.3 1 0
github.com/hashgraph-online/standards-sdk-go/pkg/inscriber/cost.go:139.2,140.64 2 1
github.com/hashgraph-online/standards-sdk-go/pkg/inscriber/cost.go:140.64,141.29 1 1
github.com/hashgraph-online/standards-sdk-go/pkg/inscriber/cost.go:141.29,143.4 1 1
github.com/hashgraph-online/standards-sdk-go/pkg/inscriber/cost.go:145.2,145.22 1 1
github.com/hashgraph-online/standards-sdk-go/pkg/inscriber/cost.go:145.22,147.3 1 1
github.com/hashgraph-online/standards-sdk-go/pkg/inscriber/cost.go:149.2,150.20 2 0
github.com/hashgraph-online/standards-sdk-go/pkg/inscriber/cost.go:150.20,152.3 1 0
github.com/hashgraph-online/standards-sdk-go/pkg/inscriber/cost.go:154.2,154.67 1 0
github.com/hashgraph-online/standards-sdk-go/pkg/inscriber/cost.go:157.65,159.16 2 1
github.com/hashgraph-online/standards-sdk-go/pkg/inscriber/cost.go:159.16,161.3 1 1
github.com/hashgraph-online/standards-sdk-go/pkg/inscriber/cost.go:162.2,162.32 1 1
github.com/hashgraph-online/standards-sdk-go/pkg/inscriber/cost.go:165.48,168.2 2 1
github.com/hashgraph-online/standards-sdk-go/pkg/inscriber/cost.go:170.58,172.21 2 1
github.com/hashgraph-online/standards-sdk-go/pkg/inscriber/cost.go:172.21,174.3 1 0
github.com/hashgraph-online/standards-sdk-go/pkg/inscriber/cost.go:175.2,175.17 1 1
github.com/hashgraph-online/standards-sdk-go/pkg/inscriber/cost.go:178.34,179.15 1 1
github.com/hashgraph-online/standards-sdk-go/pkg/inscriber/cost.go:179.15,181.3 1 1
github.com/hashgraph-online/standards-sdk-go/pkg/inscriber/cost.go:182.2,182.14 1 1
github.com/hashgraph-online/standards-sdk-go/pkg/inscriber/high_level.go:17.32,19.33 2 1
github.com/hashgraph-online/standards-sdk-go/pkg/inscriber/high_level.go:19.33,21.3 1 0
github.com/hashgraph-online/standards-sdk-go/pkg/inscriber/high_level.go:23.2,24.16 2 1
github.com/hashgraph-online/standards-sdk-go/pkg/inscriber/high_level.go:24.16,26.3 1 0
github.com/hashgraph-online/standards-sdk-go/pkg/inscriber/high_level.go:28.2,34.16 2 1
github.com/hashgraph-online/standards-sdk-go/pkg/inscriber/high_level.go:34.16,36.3 1 1
github.com/hashgraph-online/standards-sdk-go/pkg/inscriber/high_level.go:38.2,39.42 2 1
github.com/hashgraph-online/standards-sdk-go/pkg/inscriber/high_level.go:40.31,42.17 2 0
github.com/hashgraph-online/standards-sdk-go/pkg/inscriber/high_level.go:42.17,44.4 1 0
github.com/hashgraph-online/standards-sdk-go/pkg/inscriber/high_level.go:45.26,47.17 2 0
github.com/hashgraph-online/standards-sdk-go/pkg/inscriber/high_level.go:47.17,49.4 1 0
github.com/hashgraph-online/standards-sdk-go/pkg/inscriber/high_level.go:50.10,52.17 2 1
github.com/hashgraph-online/standards-sdk-go/pkg/inscriber/high_level.go:52.17,54.4 1 1
github.com/hashgraph-online/standards-sdk-go/pkg/inscriber/high_level.go:57.2,57.51 1 0
github.com/hashgraph-online/standards-sdk-go/pkg/inscriber/high_level.go:57.51,59.3 1 0
github.com/hashgraph-online/standards-sdk-go/pkg/inscriber/high_level.go:61.2,62.16 2 0
github.com/hashgraph-online/standards-sdk-go/pkg/inscriber/high_level.go:62.16,64.3 1 0
github.com/hashgraph-online/standards-sdk-go/pkg/inscriber/high_level.go:66.2,75.17 3 0
github.com/hashgraph-online/standards-sdk-go/pkg/inscriber/high_level.go:75.17,86.3 2 0
github.com/hashgraph-online/standards-sdk-go/pkg/inscriber/high_level.go:88.2,94.16 2 0
github.com/hashgraph-online/standards-sdk-go/pkg/inscriber/high_level.go:94.16,96.3 1 0
github.com/hashgraph-online/standards-sdk-go/pkg/inscriber/high_level.go:98.2,113.8 5 0
github.com/hashgraph-online/standards-sdk-go/pkg/inscriber/high_level.go:123.32,126.16 3 1
github.com/hashgraph-online/standards-sdk-go/pkg/inscriber/high_level.go:126.16,128.3 1 0
github.com/hashgraph-online/standards-sdk-go/pkg/inscriber/high_level.go:130.2,136.16 2 1
github.com/hashgraph-online/standards-sdk-go/pkg/inscriber/high_level.go:136.16,138.3 1 1
github.com/hashgraph-online/standards-sdk-go/pkg/inscriber/high_level.go:140.2,141.16 2 1
github.com/hashgraph-online/standards-sdk-go/pkg/inscriber/high_level.go:141.16,143.3 1 0
github.com/hashgraph-online/standards-sdk-go/pkg/inscriber/high_level.go:145.2,146.16 2 1
github.com/hashgraph-online/standards-sdk-go/pkg/inscriber/high_level.go:146.16,148.3 1 0
github.com/hashgraph-online/standards-sdk-go/pkg/inscriber/high_level.go:150.2,154.8 1 1
github.com/hashgraph-online/standards-sdk-go/pkg/inscriber/high_level.go:162.27,164.18 2 1
github.com/hashgraph-online/standards-sdk-go/pkg/inscriber/high_level.go:164.18,167.42 3 1
github.com/hashgraph-online/standards-sdk-go/pkg/inscriber/high_level.go:167.42,169.4 1 0
github.com/hashgraph-online/standards-sdk-go/pkg/inscriber/high_level.go:171.3,172.20 2 1
github.com/hashgraph-online/standards-sdk-go/pkg/inscriber/high_level.go:172.20,174.4 1 1
github.com/hashgraph-online/standards-sdk-go/pkg/inscriber/high_level.go:175.3,177.17 3 1
github.com/hashgraph-online/standards-sdk-go/pkg/inscriber/high_level.go:177.17,179.4 1 1
github.com/hashgraph-online/standards-sdk-go/pkg/inscriber/high_level.go:180.3,180.29 1 0
github.com/hashgraph-online/standards-sdk-go/pkg/inscriber/high_level.go:183.2,184.19 2 1
github.com/hashgraph-online/standards-sdk-go/pkg/inscriber/high_level.go:184.19,186.3 1 1
github.com/hashgraph-online/standards-sdk-go/pkg/inscriber/high_level.go:188.2,193.16 2 1
github.com/hashgraph-online/standards-sdk-go/pkg/inscriber/high_level.go:193.16,195.3 1 0
github.com/hashgraph-online/standards-sdk-go/pkg/inscriber/high_level.go:197.2,197.55 1 1
github.com/hashgraph-online/standards-sdk-go/pkg/inscriber/high_level.go:208.27,209.19 1 1
github.com/hashgraph-online/standards-sdk-go/pkg/inscriber/high_level.go:209.19,211.3 1 1
github.com/hashgraph-online/standards-sdk-go/pkg/inscriber/high_level.go:212.2,218.78 2 1
github.com/hashgraph-online/standards-sdk-go/pkg/inscriber/high_level.go:226.27,228.22 2 1
github.com/hashgraph-online/standards-sdk-go/pkg/inscriber/high_level.go:228.22,230.3 1 0
github.com/hashgraph-online/standards-sdk-go/pkg/inscriber/high_level.go:232.2,233.21 2 1
github.com/hashgraph-online/standards-sdk-go/pkg/inscriber/high_level.go:233.21,235.3 1 0
github.com/hashgraph-online/standards-sdk-go/pkg/inscriber/high_level.go:237.2,237.32 1 1
github.com/hashgraph-online/standards-sdk-go/pkg/inscriber/high_level.go:238.31,240.17 2 0
github.com/hashgraph-online/standards-sdk-go/pkg/inscriber/high_level.go:240.17,242.4 1 0
github.com/hashgraph-online/standards-sdk-go/pkg/inscriber/high_level.go:243.3,246.5 1 0
github.com/hashgraph-online/standards-sdk-go/pkg/inscriber/high_level.go:247.26,249.17 2 0
github.com/hashgraph-online/standards-sdk-go/pkg/inscriber/high_level.go:249.17,251.4 1 0
github.com/hashgraph-online/standards-sdk-go/pkg/inscriber/high_level.go:252.3,255.5 1 0
github.com/hashgraph-online/standards-sdk-go/pkg/inscriber/high_level.go:256.10,260.5 1 1
github.com/hashgraph-online/standards-sdk-go/pkg/inscriber/high_level.go:267.22,270.34 2 1
github.com/hashgraph-online/standards-sdk-go/pkg/inscriber/high_level.go:270.34,272.3 1 1
github.com/hashgraph-online/standards-sdk-go/pkg/inscriber/high_level.go:274.2,274.44 1 1
github.com/hashgraph-online/standards-sdk-go/pkg/inscriber/high_level.go:274.44,275.41 1 1
github.com/hashgraph-online/standards-sdk-go/pkg/inscriber/high_level.go:275.41,276.36 1 1
github.com/hashgraph-online/standards-sdk-go/pkg/inscriber/high_level.go:276.36,278.5 1 0
github.com/hashgraph-online/standards-sdk-go/pkg/inscriber/high_level.go:278.10,280.5 1 1
github.com/hashgraph-online/standards-sdk-go/pkg/inscriber/high_level.go:281.9,283.4 1 1
github.com/hashgraph-online/standards-sdk-go/pkg/inscriber/high_level.go:286.2,286.37 1 1
github.com/hashgraph-online/standards-sdk-go/pkg/inscriber/high_level.go:286.37,287.33 1 1
github.com/hashgraph-online/standards-sdk-go/pkg/inscriber/high_level.go:287.33,289.4 1 1
github.com/hashgraph-online/standards-sdk-go/pkg/inscriber/high_level.go:289.9,291.4 1 1
github.com/hashgraph-online/standards-sdk-go/pkg/inscriber/high_level.go:294.2,294.26 1 1
github.com/hashgraph-online/standards-sdk-go/pkg/inscriber/high_level.go:302.20,303.27 1 1
github.com/hashgraph-online/standards-sdk-go/pkg/inscriber/high_level.go:303.27,305.3 1 1
github.com/hashgraph-online/standards-sdk-go/pkg/inscriber/high_level.go:307.2,308.18 2 1
github.com/hashgraph-online/standards-sdk-go/pkg/inscriber/high_level.go:308.18,310.20 2 0
github.com/hashgraph-online/standards-sdk-go/pkg/inscriber/high_level.go:310.20,312.4 1 0
github.com/hashgraph-online/standards-sdk-go/pkg/inscriber/high_level.go:313.3,320.17 3 0
github.com/hashgraph-online/standards-sdk-go/pkg/inscriber/high_level.go:320.17,322.4 1 0
github.com/hashgraph-online/standards-sdk-go/pkg/inscriber/high_level.go:323.3,323.29 1 0
github.com/hashgraph-online/standards-sdk-go/pkg/inscriber/high_level.go:326.2,331.4 1 1
github.com/hashgraph-online/standards-sdk-go/pkg/inscriber/high_level.go:334.63,335.18 1 1
github.com/hashgraph-online/standards-sdk-go/pkg/inscriber/high_level.go:335.18,337.3 1 1
github.com/hashgraph-online/standards-sdk-go/pkg/inscriber/high_level.go:338.2,338.15 1 1
github.com/hashgraph-online/standards-sdk-go/pkg/inscriber/input_conversion.go:16.36,18.16 2 1
github.com/hashgraph-online/standards-sdk-go/pkg/inscriber/input_conversion.go:18.16,20.3 1 1
github.com/hashgraph-online/standards-sdk-go/pkg/inscriber/input_conversion.go:22.2,37.28 2 1
github.com/hashgraph-online/standards-sdk-go/pkg/inscriber/input_conversion.go:37.28,39.3 1 1
github.com/hashgraph-online/standards-sdk-go/pkg/inscriber/input_conversion.go:41.2,41.20 1 1
github.com/hashgraph-online/standards-sdk-go/pkg/inscriber/input_conversion.go:42.31,43.41 1 1
github.com/hashgraph-online/standards-sdk-go/pkg/inscriber/input_conversion.go:43.41,45.4 1 1
github.com/hashgraph-online/standards-sdk-go/pkg/inscriber/input_conversion.go:46.3,49.4 1 1
github.com/hashgraph-online/standards-sdk-go/pkg/inscriber/input_conversion.go:50.32,52.17 2 0
github.com/hashgraph-online/standards-sdk-go/pkg/inscriber/input_conversion.go:52.17,54.4 1 0
github.com/hashgraph-online/standards-sdk-go/pkg/inscriber/input_conversion.go:55.3,60.4 1 0
github.com/hashgraph-online/standards-sdk-go/pkg/inscriber/input_conversion.go:61.34,62.29 1 1
github.com/hashgraph-online/standards-sdk-go/pkg/inscriber/input_conversion.go:62.29,64.4 1 1
github.com/hashgraph-online/standards-sdk-go/pkg/inscriber/input_conversion.go:65.3,66.21 2 1
github.com/hashgraph-online/standards-sdk-go/pkg/inscriber/input_conversion.go:66.21,68.4 1 0
github.com/hashgraph-online/standards-sdk-go/pkg/inscriber/input_conversion.go:70.3,71.21 2 1
github.com/hashgraph-online/standards-sdk-go/pkg/inscriber/input_conversion.go:71.21,73.4 1 1
github.com/hashgraph-online/standards-sdk-go/pkg/inscriber/input_conversion.go:75.3,80.4 1 1
github.com/hashgraph-online/standards-sdk-go/pkg/inscriber/input_conversion.go:81.10,82.95 1 1
github.com/hashgraph-online/standards-sdk-go/pkg/inscriber/input_conversion.go:85.2,85.26 1 1
github.com/hashgraph-online/standards-sdk-go/pkg/inscriber/input_conversion.go:85.26,86.36 1 1
github.com/hashgraph-online/standards-sdk-go/pkg/inscriber/input_conversion.go:86.36,88.4 1 1
github.com/hashgraph-online/standards-sdk-go/pkg/inscriber/input_conversion.go:89.3,90.32 2 1
github.com/hashgraph-online/standards-sdk-go/pkg/inscriber/input_conversion.go:90.32,92.19 2 1
github.com/hashgraph-online/standards-sdk-go/pkg/inscriber/input_conversion.go:92.19,94.5 1 1
github.com/hashgraph-online/standards-sdk-go/pkg/inscriber/input_conversion.go:96.3,96.47 1 1
github.com/hashgraph-online/standards-sdk-go/pkg/inscriber/input_conversion.go:96.47,98.4 1 0
github.com/hashgraph-online/standards-sdk-go/pkg/inscriber/input_conversion.go:99.3,99.51 1 1
github.com/hashgraph-online/standards-sdk-go/pkg/inscriber/input_conversion.go:99.51,101.4 1 0
github.com/hashgraph-online/standards-sdk-go/pkg/inscriber/input_conversion.go:104.2,104.21 1 1
github.com/hashgraph-online/standards-sdk-go/pkg/inscriber/input_conversion.go:107.75,109.23 2 1
github.com/hashgraph-online/standards-sdk-go/pkg/inscriber/input_conversion.go:109.23,111.3 1 0
github.com/hashgraph-online/standards-sdk-go/pkg/inscriber/input_conversion.go:113.2,114.16 2 1
github.com/hashgraph-online/standards-sdk-go/pkg/inscriber/input_conversion.go:114.16,116.3 1 1
github.com/hashgraph-online/standards-sdk-go/pkg/inscriber/input_conversion.go:118.2,121.74 3 1
github.com/hashgraph-online/standards-sdk-go/pkg/inscriber/input_conversion.go:124.49,126.2 1 1
github.com/hashgraph-online/standards-sdk-go/pkg/inscriber/input_conversion.go:128.80,129.18 1 1
github.com/hashgraph-online/standards-sdk-go/pkg/inscriber/input_conversion.go:129.18,131.3 1 1
github.com/hashgraph-online/standards-sdk-go/pkg/inscriber/input_conversion.go:132.2,133.9 2 1
github.com/hashgraph-online/standards-sdk-go/pkg/inscriber/input_conversion.go:133.9,135.3 1 1
github.com/hashgraph-online/standards-sdk-go/pkg/inscriber/input_conversion.go:136.2,137.9 2 1
github.com/hashgraph-online/standards-sdk-go/pkg/inscriber/input_conversion.go:137.9,139.3 1 0
github.com/hashgraph-online/standards-sdk-go/pkg/inscriber/input_conversion.go:140.2,140.14 1 1
github.com/hashgraph-online/standards-sdk-go/pkg/inscriber/input_conversion.go:143.52,145.19 2 1
github.com/hashgraph-online/standards-sdk-go/pkg/inscriber/input_conversion.go:146.14,147.22 1 1
github.com/hashgraph-online/standards-sdk-go/pkg/inscriber/input_conversion.go:148.15,149.28 1 1
github.com/hashgraph-online/standards-sdk-go/pkg/inscriber/input_conversion.go:150.23,151.21 1 0
github.com/hashgraph-online/standards-sdk-go/pkg/inscriber/input_conversion.go:152.14,153.20 1 0
github.com/hashgraph-online/standards-sdk-go/pkg/inscriber/input_conversion.go:154.21,155.34 1 0
github.com/hashgraph-online/standards-sdk-go/pkg/inscriber/input_conversion.go:156.13,157.34 1 0
github.com/hashgraph-online/standards-sdk-go/pkg/inscriber/input_conversion.go:158.14,159.20 1 0
github.com/hashgraph-online/standards-sdk-go/pkg/inscriber/input_conversion.go:160.23,161.22 1 1
github.com/hashgraph-online/standards-sdk-go/pkg/inscriber/input_conversion.go:162.14,163.21 1 1
github.com/hashgraph-online/standards-sdk-go/pkg/inscriber/input_conversion.go:164.14,165.21 1 0
github.com/hashgraph-online/standards-sdk-go/pkg/inscriber/input_conversion.go:166.14,167.25 1 0
github.com/hashgraph-online/standards-sdk-go/pkg/inscriber/input_conversion.go:168.15,169.22 1 0
github.com/hashgraph-online/standards-sdk-go/pkg/inscriber/input_conversion.go:170.15,171.22 1 0
github.com/hashgraph-online/standards-sdk-go/pkg/inscriber/input_conversion.go:172.14,173.21 1 0
github.com/hashgraph-online/standards-sdk-go/pkg/inscriber/input_conversion.go:174.15,175.22 1 0
github.com/hashgraph-online/standards-sdk-go/pkg/inscriber/input_conversion.go:176.14,177.22 1 0
github.com/hashgraph-online/standards-sdk-go/pkg/inscriber/input_conversion.go:178.14,179.21 1 0
github.com/hashgraph-online/standards-sdk-go/pkg/inscriber/input_conversion.go:180.14,181.21 1 0
github.com/hashgraph-online/standards-sdk-go/pkg/inscriber/input_conversion.go:182.14,183.27 1 1
github.com/hashgraph-online/standards-sdk-go/pkg/inscriber/input_conversion.go:184.14,185.27 1 0
github.com/hashgraph-online/standards-sdk-go/pkg/inscriber/input_conversion.go:186.15,187.28 1 0
github.com/hashgraph-online/standards-sdk-go/pkg/inscriber/input_conversion.go:188.10,189.36 1 1
github.com/hashgraph-online/standards-sdk-go/pkg/inscriber/registry_broker.go:23.76,25.25 2 1
github.com/hashgraph-online/standards-sdk-go/pkg/inscriber/registry_broker.go:25.25,27.3 1 1
github.com/hashgraph-online/standards-sdk-go/pkg/inscriber/registry_broker.go:28.2,31.28 3 1
github.com/hashgraph-online/standards-sdk-go/pkg/inscriber/registry_broker.go:31.28,33.3 1 1
github.com/hashgraph-online/standards-sdk-go/pkg/inscriber/registry_broker.go:35.2,40.8 1 1
github.com/hashgraph-online/standards-sdk-go/pkg/inscriber/registry_broker.go:47.32,49.87 2 1
github.com/hashgraph-online/standards-sdk-go/pkg/inscriber/registry_broker.go:49.87,51.3 1 1
github.com/hashgraph-online/standards-sdk-go/pkg/inscriber/registry_broker.go:52.2,52.22 1 1
github.com/hashgraph-online/standards-sdk-go/pkg/inscriber/registry_broker.go:59.30,61.81 2 1
github.com/hashgraph-online/standards-sdk-go/pkg/inscriber/registry_broker.go:61.81,63.3 1 0
github.com/hashgraph-online/standards-sdk-go/pkg/inscriber/registry_broker.go:64.2,64.22 1 1
github.com/hashgraph-online/standards-sdk-go/pkg/inscriber/registry_broker.go:71.30,73.78 2 1
github.com/hashgraph-online/standards-sdk-go/pkg/inscriber/registry_broker.go:73.78,75.3 1 0
github.com/hashgraph-online/standards-sdk-go/pkg/inscriber/registry_broker.go:76.2,76.22 1 1
github.com/hashgraph-online/standards-sdk-go/pkg/inscriber/registry_broker.go:84.30,85.18 1 1
github.com/hashgraph-online/standards-sdk-go/pkg/inscriber/registry_broker.go:85.18,87.3 1 0
github.com/hashgraph-online/standards-sdk-go/pkg/inscriber/registry_broker.go:89.2,92.34 3 1
github.com/hashgraph-online/standards-sdk-go/pkg/inscriber/registry_broker.go:92.34,94.17 2 1
github.com/hashgraph-online/standards-sdk-go/pkg/inscriber/registry_broker.go:94.17,96.4 1 0
github.com/hashgraph-online/standards-sdk-go/pkg/inscriber/registry_broker.go:97.3,99.49 2 1
github.com/hashgraph-online/standards-sdk-go/pkg/inscriber/registry_broker.go:99.49,101.4 1 1
github.com/hashgraph-online/standards-sdk-go/pkg/inscriber/registry_broker.go:102.3,102.46 1 1
github.com/hashgraph-online/standards-sdk-go/pkg/inscriber/registry_broker.go:102.46,103.23 1 1
github.com/hashgraph-online/standards-sdk-go/pkg/inscriber/registry_broker.go:103.23,105.5 1 0
github.com/hashgraph-online/standards-sdk-go/pkg/inscriber/registry_broker.go:106.4,106.40 1 1
github.com/hashgraph-online/standards-sdk-go/pkg/inscriber/registry_broker.go:109.3,109.10 1 1
github.com/hashgraph-online/standards-sdk-go/pkg/inscriber/registry_broker.go:110.21,111.41 1 0
github.com/hashgraph-online/standards-sdk-go/pkg/inscriber/registry_broker.go:112.37,112.37 0 1
github.com/hashgraph-online/standards-sdk-go/pkg/inscriber/registry_broker.go:116.2,116.92 1 1
github.com/hashgraph-online/standards-sdk-go/pkg/inscriber/registry_broker.go:124.36,126.16 2 1
github.com/hashgraph-online/standards-sdk-go/pkg/inscriber/registry_broker.go:126.16,128.3 1 0
github.com/hashgraph-online/standards-sdk-go/pkg/inscriber/registry_broker.go:130.2,131.17 2 1
github.com/hashgraph-online/standards-sdk-go/pkg/inscriber/registry_broker.go:131.17,133.3 1 1
github.com/hashgraph-online/standards-sdk-go/pkg/inscriber/registry_broker.go:134.2,134.17 1 1
github.com/hashgraph-online/standards-sdk-go/pkg/inscriber/registry_broker.go:134.17,136.3 1 1
github.com/hashgraph-online/standards-sdk-go/pkg/inscriber/registry_broker.go:138.2,139.16 2 1
github.com/hashgraph-online/standards-sdk-go/pkg/inscriber/registry_broker.go:139.16,141.3 1 0
github.com/hashgraph-online/standards-sdk-go/pkg/inscriber/registry_broker.go:143.2,153.8 1 1
github.com/hashgraph-online/standards-sdk-go/pkg/inscriber/registry_broker.go:156.98,158.16 2 1
github.com/hashgraph-online/standards-sdk-go/pkg/inscriber/registry_broker.go:158.16,160.3 1 0
github.com/hashgraph-online/standards-sdk-go/pkg/inscriber/registry_broker.go:162.2,163.16 2 1
github.com/hashgraph-online/standards-sdk-go/pkg/inscriber/registry_broker.go:163.16,165.3 1 1
github.com/hashgraph-online/standards-sdk-go/pkg/inscriber/registry_broker.go:166.2,171.16 5 1
github.com/hashgraph-online/standards-sdk-go/pkg/inscriber/registry_broker.go:171.16,173.3 1 0
github.com/hashgraph-online/standards-sdk-go/pkg/inscriber/registry_broker.go:174.2,177.16 3 1
github.com/hashgraph-online/standards-sdk-go/pkg/inscriber/registry_broker.go:177.16,179.3 1 0
github.com/hashgraph-online/standards-sdk-go/pkg/inscriber/registry_broker.go:181.2,181.61 1 1
github.com/hashgraph-online/standards-sdk-go/pkg/inscriber/registry_broker.go:181.61,188.3 1 1
github.com/hashgraph-online/standards-sdk-go/pkg/inscriber/registry_broker.go:190.2,190.61 1 1
github.com/hashgraph-online/standards-sdk-go/pkg/inscriber/registry_broker.go:190.61,192.3 1 1
github.com/hashgraph-online/standards-sdk-go/pkg/inscriber/registry_broker.go:194.2,194.12 1 1
github.com/hashgraph-online/standards-sdk-go/pkg/inscriber/registry_broker.go:197.84,199.16 2 1
github.com/hashgraph-online/standards-sdk-go/pkg/inscriber/registry_broker.go:199.16,201.3 1 1
github.com/hashgraph-online/standards-sdk-go/pkg/inscriber/registry_broker.go:202.2,206.16 4 1
github.com/hashgraph-online/standards-sdk-go/pkg/inscriber/registry_broker.go:206.16,208.3 1 0
github.com/hashgraph-online/standards-sdk-go/pkg/inscriber/registry_broker.go:209.2,212.16 3 1
github.com/hashgraph-online/standards-sdk-go/pkg/inscriber/registry_broker.go:212.16,214.3 1 0
github.com/hashgraph-online/standards-sdk-go/pkg/inscriber/registry_broker.go:216.2,216.61 1 1
github.com/hashgraph-online/standards-sdk-go/pkg/inscriber/registry_broker.go:216.61,223.3 1 0
github.com/hashgraph-online/standards-sdk-go/pkg/inscriber/registry_broker.go:225.2,225.61 1 1
github.com/hashgraph-online/standards-sdk-go/pkg/inscriber/registry_broker.go:225.61,227.3 1 1
github.com/hashgraph-online/standards-sdk-go/pkg/inscriber/registry_broker.go:229.2,229.12 1 1
github.com/hashgraph-online/standards-sdk-go/pkg/inscriber/registry_broker_utilities.go:27.36,29.16 2 1
github.com/hashgraph-online/standards-sdk-go/pkg/inscriber/registry_broker_utilities.go:29.16,31.3 1 0
github.com/hashgraph-online/standards-sdk-go/pkg/inscriber/registry_broker_utilities.go:33.2,34.19 2 1
github.com/hashgraph-online/standards-sdk-go/pkg/inscriber/registry_broker_utilities.go:34.19,36.3 1 1
github.com/hashgraph-online/standards-sdk-go/pkg/inscriber/registry_broker_utilities.go:38.2,39.18 2 1
github.com/hashgraph-online/standards-sdk-go/pkg/inscriber/registry_broker_utilities.go:39.18,41.3 1 1
github.com/hashgraph-online/standards-sdk-go/pkg/inscriber/registry_broker_utilities.go:42.2,42.18 1 1
github.com/hashgraph-online/standards-sdk-go/pkg/inscriber/registry_broker_utilities.go:42.18,44.3 1 1
github.com/hashgraph-online/standards-sdk-go/pkg/inscriber/registry_broker_utilities.go:46.2,47.16 2 1
github.com/hashgraph-online/standards-sdk-go/pkg/inscriber/registry_broker_utilities.go:47.16,49.3 1 0
github.com/hashgraph-online/standards-sdk-go/pkg/inscriber/registry_broker_utilities.go:51.2,52.26 2 1
github.com/hashgraph-online/standards-sdk-go/pkg/inscriber/registry_broker_utilities.go:52.26,54.23 2 0
github.com/hashgraph-online/standards-sdk-go/pkg/inscriber/registry_broker_utilities.go:54.23,56.4 1 0
github.com/hashgraph-online/standards-sdk-go/pkg/inscriber/registry_broker_utilities.go:57.3,58.18 2 0
github.com/hashgraph-online/standards-sdk-go/pkg/inscriber/registry_broker_utilities.go:58.18,60.4 1 0
github.com/hashgraph-online/standards-sdk-go/pkg/inscriber/registry_broker_utilities.go:61.3,71.9 1 0
github.com/hashgraph-online/standards-sdk-go/pkg/inscriber/registry_broker_utilities.go:74.2,75.18 2 1
github.com/hashgraph-online/standards-sdk-go/pkg/inscriber/registry_broker_utilities.go:75.18,77.3 1 1
github.com/hashgraph-online/standards-sdk-go/pkg/inscriber/registry_broker_utilities.go:79.2,79.32 1 1
github.com/hashgraph-online/standards-sdk-go/pkg/inscriber/registry_broker_utilities.go:79.32,81.3 1 0
github.com/hashgraph-online/standards-sdk-go/pkg/inscriber/registry_broker_utilities.go:81.8,83.3 1 1
github.com/hashgraph-online/standards-sdk-go/pkg/inscriber/registry_broker_utilities.go:85.2,85.92 1 1
github.com/hashgraph-online/standards-sdk-go/pkg/inscriber/registry_broker_utilities.go:93.32,95.16 2 1
github.com/hashgraph-online/standards-sdk-go/pkg/inscriber/registry_broker_utilities.go:95.16,97.3 1 0
github.com/hashgraph-online/standards-sdk-go/pkg/inscriber/registry_broker_utilities.go:99.2,100.19 2 1
github.com/hashgraph-online/standards-sdk-go/pkg/inscriber/registry_broker_utilities.go:100.19,102.3 1 0
github.com/hashgraph-online/standards-sdk-go/pkg/inscriber/registry_broker_utilities.go:104.2,105.18 2 1
github.com/hashgraph-online/standards-sdk-go/pkg/inscriber/registry_broker_utilities.go:105.18,107.3 1 1
github.com/hashgraph-online/standards-sdk-go/pkg/inscriber/registry_broker_utilities.go:108.2,108.18 1 1
github.com/hashgraph-online/standards-sdk-go/pkg/inscriber/registry_broker_utilities.go:108.18,110.3 1 0
github.com/hashgraph-online/standards-sdk-go/pkg/inscriber/registry_broker_utilities.go:112.2,113.16 2 1
github.com/hashgraph-online/standards-sdk-go/pkg/inscriber/registry_broker_utilities.go:113.16,115.3 1 0
github.com/hashgraph-online/standards-sdk-go/pkg/inscriber/registry_broker_utilities.go:117.2,117.47 1 1
github.com/hashgraph-online/standards-sdk-go/pkg/inscriber/registry_broker_utilities.go:125.36,127.21 2 1
github.com/hashgraph-online/standards-sdk-go/pkg/inscriber/registry_broker_utilities.go:127.21,129.3 1 1
github.com/hashgraph-online/standards-sdk-go/pkg/inscriber/registry_broker_utilities.go:130.2,130.26 1 1
github.com/hashgraph-online/standards-sdk-go/pkg/inscriber/registry_broker_utilities.go:130.26,132.3 1 1
github.com/hashgraph-online/standards-sdk-go/pkg/inscriber/registry_broker_utilities.go:133.2,133.48 1 1
github.com/hashgraph-online/standards-sdk-go/pkg/inscriber/registry_broker_utilities.go:133.48,135.3 1 0
github.com/hashgraph-online/standards-sdk-go/pkg/inscriber/registry_broker_utilities.go:136.2,136.51 1 1
github.com/hashgraph-online/standards-sdk-go/pkg/inscriber/registry_broker_utilities.go:136.51,138.3 1 0
github.com/hashgraph-online/standards-sdk-go/pkg/inscriber/registry_broker_utilities.go:139.2,140.52 2 1
github.com/hashgraph-online/standards-sdk-go/pkg/inscriber/registry_broker_utilities.go:146.31,148.16 2 1
github.com/hashgraph-online/standards-sdk-go/pkg/inscriber/registry_broker_utilities.go:148.16,150.3 1 1
github.com/hashgraph-online/standards-sdk-go/pkg/inscriber/registry_broker_utilities.go:152.2,160.20 2 1
github.com/hashgraph-online/standards-sdk-go/pkg/inscriber/registry_broker_utilities.go:161.31,162.41 1 1
github.com/hashgraph-online/standards-sdk-go/pkg/inscriber/registry_broker_utilities.go:162.41,164.4 1 0
github.com/hashgraph-online/standards-sdk-go/pkg/inscriber/registry_broker_utilities.go:165.3,166.45 2 1
github.com/hashgraph-online/standards-sdk-go/pkg/inscriber/registry_broker_utilities.go:167.32,169.17 2 0
github.com/hashgraph-online/standards-sdk-go/pkg/inscriber/registry_broker_utilities.go:169.17,171.4 1 0
github.com/hashgraph-online/standards-sdk-go/pkg/inscriber/registry_broker_utilities.go:172.3,175.30 4 0
github.com/hashgraph-online/standards-sdk-go/pkg/inscriber/registry_broker_utilities.go:176.34,177.29 1 1
github.com/hashgraph-online/standards-sdk-go/pkg/inscriber/registry_broker_utilities.go:177.29,179.4 1 0
github.com/hashgraph-online/standards-sdk-go/pkg/inscriber/registry_broker_utilities.go:180.3,180.46 1 1
github.com/hashgraph-online/standards-sdk-go/pkg/inscriber/registry_broker_utilities.go:180.46,182.4 1 0
github.com/hashgraph-online/standards-sdk-go/pkg/inscriber/registry_broker_utilities.go:183.3,187.29 5 1
github.com/hashgraph-online/standards-sdk-go/pkg/inscriber/registry_broker_utilities.go:187.29,189.4 1 1
github.com/hashgraph-online/standards-sdk-go/pkg/inscriber/registry_broker_utilities.go:190.10,191.90 1 0
github.com/hashgraph-online/standards-sdk-go/pkg/inscriber/registry_broker_utilities.go:194.2,194.21 1 1
github.com/hashgraph-online/standards-sdk-go/pkg/inscriber/websocket.go:24.79,25.49 1 1
github.com/hashgraph-online/standards-sdk-go/pkg/inscriber/websocket.go:25.49,27.3 1 1
github.com/hashgraph-online/standards-sdk-go/pkg/inscriber/websocket.go:29.2,30.85 2 1
github.com/hashgraph-online/standards-sdk-go/pkg/inscriber/websocket.go:30.85,32.3 1 1
github.com/hashgraph-online/standards-sdk-go/pkg/inscriber/websocket.go:34.2,34.51 1 1
github.com/hashgraph-online/standards-sdk-go/pkg/inscriber/websocket.go:34.51,36.3 1 1
github.com/hashgraph-online/standards-sdk-go/pkg/inscriber/websocket.go:38.2,38.42 1 1
github.com/hashgraph-online/standards-sdk-go/pkg/inscriber/websocket.go:38.42,40.40 1 1
github.com/hashgraph-online/standards-sdk-go/pkg/inscriber/websocket.go:40.40,42.4 1 1
github.com/hashgraph-online/standards-sdk-go/pkg/inscriber/websocket.go:45.2,45.42 1 1
github.com/hashgraph-online/standards-sdk-go/pkg/inscriber/websocket.go:45.42,46.42 1 1
github.com/hashgraph-online/standards-sdk-go/pkg/inscriber/websocket.go:46.42,48.4 1 1
github.com/hashgraph-online/standards-sdk-go/pkg/inscriber/websocket.go:51.2,51.57 1 1
github.com/hashgraph-online/standards-sdk-go/pkg/inscriber/websocket.go:58.27,60.16 2 1
github.com/hashgraph-online/standards-sdk-go/pkg/inscriber/websocket.go:60.16,62.3 1 1
github.com/hashgraph-online/standards-sdk-go/pkg/inscriber/websocket.go:64.2,75.16 3 1
github.com/hashgraph-online/standards-sdk-go/pkg/inscriber/websocket.go:75.16,77.3 1 1
github.com/hashgraph-online/standards-sdk-go/pkg/inscriber/websocket.go:79.2,84.43 5 0
github.com/hashgraph-online/standards-sdk-go/pkg/inscriber/websocket.go:84.43,86.3 1 0
github.com/hashgraph-online/standards-sdk-go/pkg/inscriber/websocket.go:87.2,87.66 1 0
github.com/hashgraph-online/standards-sdk-go/pkg/inscriber/websocket.go:87.66,89.44 2 0
github.com/hashgraph-online/standards-sdk-go/pkg/inscriber/websocket.go:89.44,91.4 1 0
github.com/hashgraph-online/standards-sdk-go/pkg/inscriber/websocket.go:92.3,92.31 1 0
github.com/hashgraph-online/standards-sdk-go/pkg/inscriber/websocket.go:94.2,94.69 1 0
github.com/hashgraph-online/standards-sdk-go/pkg/inscriber/websocket.go:94.69,96.3 1 0
github.com/hashgraph-online/standards-sdk-go/pkg/inscriber/websocket.go:97.2,97.69 1 0
github.com/hashgraph-online/standards-sdk-go/pkg/inscriber/websocket.go:97.69,99.3 1 0
github.com/hashgraph-online/standards-sdk-go/pkg/inscriber/websocket.go:101.2,102.28 2 0
github.com/hashgraph-online/standards-sdk-go/pkg/inscriber/websocket.go:102.28,104.3 1 0
github.com/hashgraph-online/standards-sdk-go/pkg/inscriber/websocket.go:105.2,108.6 3 0
github.com/hashgraph-online/standards-sdk-go/pkg/inscriber/websocket.go:108.6,109.10 1 0
github.com/hashgraph-online/standards-sdk-go/pkg/inscriber/websocket.go:110.21,111.38 1 0
github.com/hashgraph-online/standards-sdk-go/pkg/inscriber/websocket.go:112.18,113.72 1 0
github.com/hashgraph-online/standards-sdk-go/pkg/inscriber/websocket.go:114.34,115.54 1 0
github.com/hashgraph-online/standards-sdk-go/pkg/inscriber/websocket.go:116.37,119.66 2 0
github.com/hashgraph-online/standards-sdk-go/pkg/inscriber/websocket.go:119.66,120.13 1 0
github.com/hashgraph-online/standards-sdk-go/pkg/inscriber/websocket.go:123.4,123.31 1 0
github.com/hashgraph-online/standards-sdk-go/pkg/inscriber/websocket.go:123.31,130.5 1 0
github.com/hashgraph-online/standards-sdk-go/pkg/inscriber/websocket.go:132.4,134.48 3 0
github.com/hashgraph-online/standards-sdk-go/pkg/inscriber/websocket.go:134.48,136.44 2 0
github.com/hashgraph-online/standards-sdk-go/pkg/inscriber/websocket.go:136.44,138.6 1 0
github.com/hashgraph-online/standards-sdk-go/pkg/inscriber/websocket.go:139.5,140.20 2 0
github.com/hashgraph-online/standards-sdk-go/pkg/inscriber/websocket.go:142.37,144.66 2 0
github.com/hashgraph-online/standards-sdk-go/pkg/inscriber/websocket.go:144.66,145.13 1 0
github.com/hashgraph-online/standards-sdk-go/pkg/inscriber/websocket.go:148.4,150.43 3 0
github.com/hashgraph-online/standards-sdk-go/pkg/inscriber/websocket.go:150.43,152.5 1 0
github.com/hashgraph-online/standards-sdk-go/pkg/inscriber/websocket.go:153.4,153.19 1 0
github.com/hashgraph-online/standards-sdk-go/pkg/inscriber/websocket.go:158.91,159.35 1 1
github.com/hashgraph-online/standards-sdk-go/pkg/inscriber/websocket.go:159.35,161.3 1 1
github.com/hashgraph-online/standards-sdk-go/pkg/inscriber/websocket.go:163.2,163.66 1 1
github.com/hashgraph-online/standards-sdk-go/pkg/inscriber/websocket.go:163.66,165.37 2 1
github.com/hashgraph-online/standards-sdk-go/pkg/inscriber/websocket.go:165.37,166.12 1 1
github.com/hashgraph-online/standards-sdk-go/pkg/inscriber/websocket.go:168.3,168.39 1 1
github.com/hashgraph-online/standards-sdk-go/pkg/inscriber/websocket.go:168.39,170.4 1 1
github.com/hashgraph-online/standards-sdk-go/pkg/inscriber/websocket.go:172.2,172.14 1 1
github.com/hashgraph-online/standards-sdk-go/pkg/inscriber/websocket.go:175.67,185.2 1 1
github.com/hashgraph-online/standards-sdk-go/pkg/inscriber/websocket.go:187.36,188.31 1 1
github.com/hashgraph-online/standards-sdk-go/pkg/inscriber/websocket.go:189.14,190.15 1 1
github.com/hashgraph-online/standards-sdk-go/pkg/inscriber/websocket.go:191.20,192.24 1 0
github.com/hashgraph-online/standards-sdk-go/pkg/inscriber/websocket.go:193.15,194.49 1 1
github.com/hashgraph-online/standards-sdk-go/pkg/inscriber/websocket.go:195.13,196.38 1 1
github.com/hashgraph-online/standards-sdk-go/pkg/inscriber/websocket.go:197.11,198.29 1 1
github.com/hashgraph-online/standards-sdk-go/pkg/inscriber/websocket.go:199.10,200.12 1 1
github.com/hashgraph-online/standards-sdk-go/pkg/inscriber/websocket.go:204.36,205.31 1 1
github.com/hashgraph-online/standards-sdk-go/pkg/inscriber/websocket.go:206.15,207.15 1 1
github.com/hashgraph-online/standards-sdk-go/pkg/inscriber/websocket.go:208.15,209.24 1 1
github.com/hashgraph-online/standards-sdk-go/pkg/inscriber/websocket.go:210.11,211.24 1 1
github.com/hashgraph-online/standards-sdk-go/pkg/inscriber/websocket.go:212.13,213.24 1 1
github.com/hashgraph-online/standards-sdk-go/pkg/inscriber/websocket.go:214.14,216.17 2 1
github.com/hashgraph-online/standards-sdk-go/pkg/inscriber/websocket.go:216.17,218.4 1 1
github.com/hashgraph-online/standards-sdk-go/pkg/inscriber/websocket.go:219.3,219.16 1 1
github.com/hashgraph-online/standards-sdk-go/pkg/inscriber/websocket.go:220.10,221.11 1 1
github.com/hashgraph-online/standards-sdk-go/pkg/inscriber/websocket.go:225.73,226.27 1 1
github.com/hashgraph-online/standards-sdk-go/pkg/inscriber/websocket.go:226.27,228.18 2 1
github.com/hashgraph-online/standards-sdk-go/pkg/inscriber/websocket.go:228.18,230.4 1 1
github.com/hashgraph-online/standards-sdk-go/pkg/inscriber/websocket.go:232.2,232.11 1 1
github.com/hashgraph-online/standards-sdk-go/pkg/inscriber/websocket.go:235.49,237.19 2 1
github.com/hashgraph-online/standards-sdk-go/pkg/inscriber/websocket.go:237.19,239.3 1 1
github.com/hashgraph-online/standards-sdk-go/pkg/inscriber/websocket.go:240.2,241.16 2 1
github.com/hashgraph-online/standards-sdk-go/pkg/inscriber/websocket.go:241.16,243.3 1 1
github.com/hashgraph-online/standards-sdk-go/pkg/inscriber/websocket.go:244.2,244.24 1 1
