mode: set
github.com/hashgraph-online/standards-sdk-go/pkg/registrybroker/adapters.go:12.82,14.2 1 1
github.com/hashgraph-online/standards-sdk-go/pkg/registrybroker/adapters.go:17.90,19.2 1 1
github.com/hashgraph-online/standards-sdk-go/pkg/registrybroker/adapters.go:22.99,24.2 1 1
github.com/hashgraph-online/standards-sdk-go/pkg/registrybroker/adapters.go:30.23,35.26 5 1
github.com/hashgraph-online/standards-sdk-go/pkg/registrybroker/adapters.go:35.26,37.3 1 0
github.com/hashgraph-online/standards-sdk-go/pkg/registrybroker/adapters.go:38.2,38.27 1 1
github.com/hashgraph-online/standards-sdk-go/pkg/registrybroker/adapters.go:38.27,40.3 1 0
github.com/hashgraph-online/standards-sdk-go/pkg/registrybroker/adapters.go:41.2,41.31 1 1
github.com/hashgraph-online/standards-sdk-go/pkg/registrybroker/adapters.go:41.31,43.44 2 0
github.com/hashgraph-online/standards-sdk-go/pkg/registrybroker/adapters.go:43.44,45.19 2 0
github.com/hashgraph-online/standards-sdk-go/pkg/registrybroker/adapters.go:45.19,47.5 1 0
github.com/hashgraph-online/standards-sdk-go/pkg/registrybroker/adapters.go:49.3,49.23 1 0
github.com/hashgraph-online/standards-sdk-go/pkg/registrybroker/adapters.go:49.23,51.4 1 0
github.com/hashgraph-online/standards-sdk-go/pkg/registrybroker/adapters.go:53.2,59.3 1 1
github.com/hashgraph-online/standards-sdk-go/pkg/registrybroker/adapters.go:66.23,74.2 1 1
github.com/hashgraph-online/standards-sdk-go/pkg/registrybroker/adapters.go:80.23,88.2 1 1
github.com/hashgraph-online/standards-sdk-go/pkg/registrybroker/adapters.go:94.23,95.69 1 1
github.com/hashgraph-online/standards-sdk-go/pkg/registrybroker/adapters.go:95.69,97.3 1 0
github.com/hashgraph-online/standards-sdk-go/pkg/registrybroker/adapters.go:98.2,99.59 2 1
github.com/hashgraph-online/standards-sdk-go/pkg/registrybroker/agents.go:13.98,14.53 1 1
github.com/hashgraph-online/standards-sdk-go/pkg/registrybroker/agents.go:14.53,16.3 1 0
github.com/hashgraph-online/standards-sdk-go/pkg/registrybroker/agents.go:17.2,18.59 2 1
github.com/hashgraph-online/standards-sdk-go/pkg/registrybroker/agents.go:25.23,34.2 2 1
github.com/hashgraph-online/standards-sdk-go/pkg/registrybroker/agents.go:41.23,43.48 2 1
github.com/hashgraph-online/standards-sdk-go/pkg/registrybroker/agents.go:43.48,45.3 1 1
github.com/hashgraph-online/standards-sdk-go/pkg/registrybroker/agents.go:45.8,47.3 1 0
github.com/hashgraph-online/standards-sdk-go/pkg/registrybroker/agents.go:49.2,49.20 1 1
github.com/hashgraph-online/standards-sdk-go/pkg/registrybroker/agents.go:49.20,51.3 1 0
github.com/hashgraph-online/standards-sdk-go/pkg/registrybroker/agents.go:53.2,53.78 1 1
github.com/hashgraph-online/standards-sdk-go/pkg/registrybroker/agents.go:53.78,55.3 1 0
github.com/hashgraph-online/standards-sdk-go/pkg/registrybroker/agents.go:57.2,58.6 2 1
github.com/hashgraph-online/standards-sdk-go/pkg/registrybroker/agents.go:58.6,60.17 2 1
github.com/hashgraph-online/standards-sdk-go/pkg/registrybroker/agents.go:60.17,62.4 1 1
github.com/hashgraph-online/standards-sdk-go/pkg/registrybroker/agents.go:63.3,64.48 2 0
github.com/hashgraph-online/standards-sdk-go/pkg/registrybroker/agents.go:64.48,65.90 1 0
github.com/hashgraph-online/standards-sdk-go/pkg/registrybroker/agents.go:65.90,67.5 1 0
github.com/hashgraph-online/standards-sdk-go/pkg/registrybroker/agents.go:68.4,69.12 2 0
github.com/hashgraph-online/standards-sdk-go/pkg/registrybroker/agents.go:71.3,71.18 1 0
github.com/hashgraph-online/standards-sdk-go/pkg/registrybroker/agents.go:79.23,88.2 2 1
github.com/hashgraph-online/standards-sdk-go/pkg/registrybroker/agents.go:95.23,96.53 1 1
github.com/hashgraph-online/standards-sdk-go/pkg/registrybroker/agents.go:96.53,98.3 1 0
github.com/hashgraph-online/standards-sdk-go/pkg/registrybroker/agents.go:99.2,107.3 3 1
github.com/hashgraph-online/standards-sdk-go/pkg/registrybroker/agents.go:114.23,115.53 1 1
github.com/hashgraph-online/standards-sdk-go/pkg/registrybroker/agents.go:115.53,117.3 1 0
github.com/hashgraph-online/standards-sdk-go/pkg/registrybroker/agents.go:118.2,119.59 2 1
github.com/hashgraph-online/standards-sdk-go/pkg/registrybroker/agents.go:127.23,128.53 1 1
github.com/hashgraph-online/standards-sdk-go/pkg/registrybroker/agents.go:128.53,130.3 1 0
github.com/hashgraph-online/standards-sdk-go/pkg/registrybroker/agents.go:131.2,138.3 2 1
github.com/hashgraph-online/standards-sdk-go/pkg/registrybroker/agents.go:145.23,146.63 1 1
github.com/hashgraph-online/standards-sdk-go/pkg/registrybroker/agents.go:146.63,148.3 1 0
github.com/hashgraph-online/standards-sdk-go/pkg/registrybroker/agents.go:149.2,151.16 3 1
github.com/hashgraph-online/standards-sdk-go/pkg/registrybroker/agents.go:151.16,152.58 1 1
github.com/hashgraph-online/standards-sdk-go/pkg/registrybroker/agents.go:152.58,153.61 1 1
github.com/hashgraph-online/standards-sdk-go/pkg/registrybroker/agents.go:153.61,155.5 1 1
github.com/hashgraph-online/standards-sdk-go/pkg/registrybroker/agents.go:156.4,156.57 1 0
github.com/hashgraph-online/standards-sdk-go/pkg/registrybroker/agents.go:156.57,158.5 1 0
github.com/hashgraph-online/standards-sdk-go/pkg/registrybroker/agents.go:160.3,160.18 1 1
github.com/hashgraph-online/standards-sdk-go/pkg/registrybroker/agents.go:162.2,163.51 2 0
github.com/hashgraph-online/standards-sdk-go/pkg/registrybroker/agents.go:163.51,165.3 1 0
github.com/hashgraph-online/standards-sdk-go/pkg/registrybroker/agents.go:166.2,166.17 1 0
github.com/hashgraph-online/standards-sdk-go/pkg/registrybroker/agents.go:174.23,175.63 1 1
github.com/hashgraph-online/standards-sdk-go/pkg/registrybroker/agents.go:175.63,177.3 1 0
github.com/hashgraph-online/standards-sdk-go/pkg/registrybroker/agents.go:179.2,180.19 2 1
github.com/hashgraph-online/standards-sdk-go/pkg/registrybroker/agents.go:180.19,182.3 1 0
github.com/hashgraph-online/standards-sdk-go/pkg/registrybroker/agents.go:184.2,185.18 2 1
github.com/hashgraph-online/standards-sdk-go/pkg/registrybroker/agents.go:185.18,187.3 1 0
github.com/hashgraph-online/standards-sdk-go/pkg/registrybroker/agents.go:189.2,190.35 2 1
github.com/hashgraph-online/standards-sdk-go/pkg/registrybroker/agents.go:190.35,192.3 1 0
github.com/hashgraph-online/standards-sdk-go/pkg/registrybroker/agents.go:194.2,195.6 2 1
github.com/hashgraph-online/standards-sdk-go/pkg/registrybroker/agents.go:195.6,196.23 1 1
github.com/hashgraph-online/standards-sdk-go/pkg/registrybroker/agents.go:196.23,198.4 1 0
github.com/hashgraph-online/standards-sdk-go/pkg/registrybroker/agents.go:200.3,201.17 2 1
github.com/hashgraph-online/standards-sdk-go/pkg/registrybroker/agents.go:201.17,203.4 1 0
github.com/hashgraph-online/standards-sdk-go/pkg/registrybroker/agents.go:204.3,204.22 1 1
github.com/hashgraph-online/standards-sdk-go/pkg/registrybroker/agents.go:204.22,205.33 1 1
github.com/hashgraph-online/standards-sdk-go/pkg/registrybroker/agents.go:205.33,207.5 1 0
github.com/hashgraph-online/standards-sdk-go/pkg/registrybroker/agents.go:208.4,209.29 2 1
github.com/hashgraph-online/standards-sdk-go/pkg/registrybroker/agents.go:209.29,211.5 1 1
github.com/hashgraph-online/standards-sdk-go/pkg/registrybroker/agents.go:212.4,212.49 1 1
github.com/hashgraph-online/standards-sdk-go/pkg/registrybroker/agents.go:212.49,213.23 1 0
github.com/hashgraph-online/standards-sdk-go/pkg/registrybroker/agents.go:213.23,220.6 1 0
github.com/hashgraph-online/standards-sdk-go/pkg/registrybroker/agents.go:221.5,221.25 1 0
github.com/hashgraph-online/standards-sdk-go/pkg/registrybroker/agents.go:225.3,225.37 1 1
github.com/hashgraph-online/standards-sdk-go/pkg/registrybroker/agents.go:225.37,227.4 1 0
github.com/hashgraph-online/standards-sdk-go/pkg/registrybroker/agents.go:229.3,229.48 1 1
github.com/hashgraph-online/standards-sdk-go/pkg/registrybroker/agents.go:229.48,231.4 1 0
github.com/hashgraph-online/standards-sdk-go/pkg/registrybroker/agents.go:236.99,237.53 1 1
github.com/hashgraph-online/standards-sdk-go/pkg/registrybroker/agents.go:237.53,239.3 1 0
github.com/hashgraph-online/standards-sdk-go/pkg/registrybroker/agents.go:240.2,241.59 2 1
github.com/hashgraph-online/standards-sdk-go/pkg/registrybroker/agents.go:248.23,249.53 1 1
github.com/hashgraph-online/standards-sdk-go/pkg/registrybroker/agents.go:249.53,251.3 1 0
github.com/hashgraph-online/standards-sdk-go/pkg/registrybroker/agents.go:252.2,253.59 2 1
github.com/hashgraph-online/standards-sdk-go/pkg/registrybroker/agents.go:257.92,258.53 1 1
github.com/hashgraph-online/standards-sdk-go/pkg/registrybroker/agents.go:258.53,260.3 1 0
github.com/hashgraph-online/standards-sdk-go/pkg/registrybroker/agents.go:261.2,262.68 2 1
github.com/hashgraph-online/standards-sdk-go/pkg/registrybroker/agents.go:266.88,268.2 1 1
github.com/hashgraph-online/standards-sdk-go/pkg/registrybroker/agents.go:274.9,275.20 1 1
github.com/hashgraph-online/standards-sdk-go/pkg/registrybroker/agents.go:275.20,277.3 1 0
github.com/hashgraph-online/standards-sdk-go/pkg/registrybroker/agents.go:278.2,278.81 1 1
github.com/hashgraph-online/standards-sdk-go/pkg/registrybroker/agents.go:278.81,280.3 1 0
github.com/hashgraph-online/standards-sdk-go/pkg/registrybroker/agents.go:281.2,281.83 1 1
github.com/hashgraph-online/standards-sdk-go/pkg/registrybroker/agents.go:281.83,283.3 1 0
github.com/hashgraph-online/standards-sdk-go/pkg/registrybroker/agents.go:285.2,285.43 1 1
github.com/hashgraph-online/standards-sdk-go/pkg/registrybroker/agents.go:285.43,287.17 2 1
github.com/hashgraph-online/standards-sdk-go/pkg/registrybroker/agents.go:287.17,289.4 1 0
github.com/hashgraph-online/standards-sdk-go/pkg/registrybroker/agents.go:290.3,291.21 2 1
github.com/hashgraph-online/standards-sdk-go/pkg/registrybroker/agents.go:291.21,293.4 1 1
github.com/hashgraph-online/standards-sdk-go/pkg/registrybroker/agents.go:294.3,295.33 2 1
github.com/hashgraph-online/standards-sdk-go/pkg/registrybroker/agents.go:295.33,297.4 1 0
github.com/hashgraph-online/standards-sdk-go/pkg/registrybroker/agents.go:298.3,311.17 4 1
github.com/hashgraph-online/standards-sdk-go/pkg/registrybroker/agents.go:311.17,313.4 1 0
github.com/hashgraph-online/standards-sdk-go/pkg/registrybroker/agents.go:316.2,317.16 2 0
github.com/hashgraph-online/standards-sdk-go/pkg/registrybroker/agents.go:317.16,319.3 1 0
github.com/hashgraph-online/standards-sdk-go/pkg/registrybroker/agents.go:320.2,321.19 2 0
github.com/hashgraph-online/standards-sdk-go/pkg/registrybroker/agents.go:321.19,323.3 1 0
github.com/hashgraph-online/standards-sdk-go/pkg/registrybroker/agents.go:324.2,324.12 1 0
github.com/hashgraph-online/standards-sdk-go/pkg/registrybroker/agents.go:327.58,328.34 1 1
github.com/hashgraph-online/standards-sdk-go/pkg/registrybroker/agents.go:328.34,330.3 1 0
github.com/hashgraph-online/standards-sdk-go/pkg/registrybroker/agents.go:331.2,331.70 1 1
github.com/hashgraph-online/standards-sdk-go/pkg/registrybroker/agents.go:334.97,335.51 1 1
github.com/hashgraph-online/standards-sdk-go/pkg/registrybroker/agents.go:335.51,337.3 1 0
github.com/hashgraph-online/standards-sdk-go/pkg/registrybroker/agents.go:338.2,340.23 3 1
github.com/hashgraph-online/standards-sdk-go/pkg/registrybroker/agents.go:343.43,345.2 1 1
github.com/hashgraph-online/standards-sdk-go/pkg/registrybroker/agents.go:347.56,349.27 2 1
github.com/hashgraph-online/standards-sdk-go/pkg/registrybroker/agents.go:349.27,351.3 1 1
github.com/hashgraph-online/standards-sdk-go/pkg/registrybroker/agents.go:352.2,352.35 1 1
github.com/hashgraph-online/standards-sdk-go/pkg/registrybroker/agents.go:352.35,354.3 1 1
github.com/hashgraph-online/standards-sdk-go/pkg/registrybroker/agents.go:355.2,355.24 1 0
github.com/hashgraph-online/standards-sdk-go/pkg/registrybroker/agents.go:358.85,360.34 2 1
github.com/hashgraph-online/standards-sdk-go/pkg/registrybroker/agents.go:360.34,361.19 1 1
github.com/hashgraph-online/standards-sdk-go/pkg/registrybroker/agents.go:361.19,362.12 1 0
github.com/hashgraph-online/standards-sdk-go/pkg/registrybroker/agents.go:364.3,364.20 1 1
github.com/hashgraph-online/standards-sdk-go/pkg/registrybroker/agents.go:366.2,366.13 1 1
github.com/hashgraph-online/standards-sdk-go/pkg/registrybroker/chat.go:16.23,17.63 1 1
github.com/hashgraph-online/standards-sdk-go/pkg/registrybroker/chat.go:17.63,19.3 1 0
github.com/hashgraph-online/standards-sdk-go/pkg/registrybroker/chat.go:20.2,22.16 3 1
github.com/hashgraph-online/standards-sdk-go/pkg/registrybroker/chat.go:22.16,24.3 1 0
github.com/hashgraph-online/standards-sdk-go/pkg/registrybroker/chat.go:25.2,25.68 1 1
github.com/hashgraph-online/standards-sdk-go/pkg/registrybroker/chat.go:33.14,35.35 2 1
github.com/hashgraph-online/standards-sdk-go/pkg/registrybroker/chat.go:35.35,37.3 1 1
github.com/hashgraph-online/standards-sdk-go/pkg/registrybroker/chat.go:39.2,40.28 2 1
github.com/hashgraph-online/standards-sdk-go/pkg/registrybroker/chat.go:40.28,42.3 1 0
github.com/hashgraph-online/standards-sdk-go/pkg/registrybroker/chat.go:43.2,43.20 1 1
github.com/hashgraph-online/standards-sdk-go/pkg/registrybroker/chat.go:43.20,45.3 1 1
github.com/hashgraph-online/standards-sdk-go/pkg/registrybroker/chat.go:47.2,48.33 2 0
github.com/hashgraph-online/standards-sdk-go/pkg/registrybroker/chat.go:48.33,51.3 2 0
github.com/hashgraph-online/standards-sdk-go/pkg/registrybroker/chat.go:53.2,55.33 3 0
github.com/hashgraph-online/standards-sdk-go/pkg/registrybroker/chat.go:55.33,57.10 2 0
github.com/hashgraph-online/standards-sdk-go/pkg/registrybroker/chat.go:57.10,58.12 1 0
github.com/hashgraph-online/standards-sdk-go/pkg/registrybroker/chat.go:60.3,65.5 3 0
github.com/hashgraph-online/standards-sdk-go/pkg/registrybroker/chat.go:67.2,68.15 2 0
github.com/hashgraph-online/standards-sdk-go/pkg/registrybroker/chat.go:74.3,84.39 6 1
github.com/hashgraph-online/standards-sdk-go/pkg/registrybroker/chat.go:84.39,85.61 1 0
github.com/hashgraph-online/standards-sdk-go/pkg/registrybroker/chat.go:85.61,88.9 3 0
github.com/hashgraph-online/standards-sdk-go/pkg/registrybroker/chat.go:91.2,91.15 1 1
github.com/hashgraph-online/standards-sdk-go/pkg/registrybroker/chat.go:91.15,93.3 1 1
github.com/hashgraph-online/standards-sdk-go/pkg/registrybroker/chat.go:94.2,94.54 1 1
github.com/hashgraph-online/standards-sdk-go/pkg/registrybroker/chat.go:101.29,102.35 1 1
github.com/hashgraph-online/standards-sdk-go/pkg/registrybroker/chat.go:102.35,108.3 1 1
github.com/hashgraph-online/standards-sdk-go/pkg/registrybroker/chat.go:109.2,112.24 4 1
github.com/hashgraph-online/standards-sdk-go/pkg/registrybroker/chat.go:112.24,114.3 1 1
github.com/hashgraph-online/standards-sdk-go/pkg/registrybroker/chat.go:115.2,115.29 1 1
github.com/hashgraph-online/standards-sdk-go/pkg/registrybroker/chat.go:115.29,116.36 1 1
github.com/hashgraph-online/standards-sdk-go/pkg/registrybroker/chat.go:116.36,117.59 1 1
github.com/hashgraph-online/standards-sdk-go/pkg/registrybroker/chat.go:117.59,121.5 3 1
github.com/hashgraph-online/standards-sdk-go/pkg/registrybroker/chat.go:124.2,126.16 3 1
github.com/hashgraph-online/standards-sdk-go/pkg/registrybroker/chat.go:133.11,134.18 1 1
github.com/hashgraph-online/standards-sdk-go/pkg/registrybroker/chat.go:134.18,136.3 1 1
github.com/hashgraph-online/standards-sdk-go/pkg/registrybroker/chat.go:137.2,137.20 1 1
github.com/hashgraph-online/standards-sdk-go/pkg/registrybroker/chat.go:137.20,139.39 2 1
github.com/hashgraph-online/standards-sdk-go/pkg/registrybroker/chat.go:139.39,141.4 1 1
github.com/hashgraph-online/standards-sdk-go/pkg/registrybroker/chat.go:142.3,142.18 1 1
github.com/hashgraph-online/standards-sdk-go/pkg/registrybroker/chat.go:145.2,146.44 2 1
github.com/hashgraph-online/standards-sdk-go/pkg/registrybroker/chat.go:146.44,148.39 2 1
github.com/hashgraph-online/standards-sdk-go/pkg/registrybroker/chat.go:148.39,150.4 1 0
github.com/hashgraph-online/standards-sdk-go/pkg/registrybroker/chat.go:151.3,151.18 1 1
github.com/hashgraph-online/standards-sdk-go/pkg/registrybroker/chat.go:154.2,155.9 2 0
github.com/hashgraph-online/standards-sdk-go/pkg/registrybroker/chat.go:155.9,157.3 1 0
github.com/hashgraph-online/standards-sdk-go/pkg/registrybroker/chat.go:159.2,163.16 2 0
github.com/hashgraph-online/standards-sdk-go/pkg/registrybroker/chat.go:163.16,165.3 1 0
github.com/hashgraph-online/standards-sdk-go/pkg/registrybroker/chat.go:166.2,166.19 1 0
github.com/hashgraph-online/standards-sdk-go/pkg/registrybroker/chat.go:174.23,179.38 5 1
github.com/hashgraph-online/standards-sdk-go/pkg/registrybroker/chat.go:179.38,181.3 1 1
github.com/hashgraph-online/standards-sdk-go/pkg/registrybroker/chat.go:182.2,182.40 1 1
github.com/hashgraph-online/standards-sdk-go/pkg/registrybroker/chat.go:182.40,184.3 1 1
github.com/hashgraph-online/standards-sdk-go/pkg/registrybroker/chat.go:185.2,185.25 1 1
github.com/hashgraph-online/standards-sdk-go/pkg/registrybroker/chat.go:185.25,187.3 1 0
github.com/hashgraph-online/standards-sdk-go/pkg/registrybroker/chat.go:189.2,196.16 2 1
github.com/hashgraph-online/standards-sdk-go/pkg/registrybroker/chat.go:196.16,198.3 1 1
github.com/hashgraph-online/standards-sdk-go/pkg/registrybroker/chat.go:199.2,199.71 1 1
github.com/hashgraph-online/standards-sdk-go/pkg/registrybroker/chat.go:199.71,201.3 1 0
github.com/hashgraph-online/standards-sdk-go/pkg/registrybroker/chat.go:202.2,202.81 1 1
github.com/hashgraph-online/standards-sdk-go/pkg/registrybroker/chat.go:202.81,204.3 1 0
github.com/hashgraph-online/standards-sdk-go/pkg/registrybroker/chat.go:205.2,205.45 1 1
github.com/hashgraph-online/standards-sdk-go/pkg/registrybroker/chat.go:212.36,213.43 1 1
github.com/hashgraph-online/standards-sdk-go/pkg/registrybroker/chat.go:213.43,222.3 1 1
github.com/hashgraph-online/standards-sdk-go/pkg/registrybroker/chat.go:223.2,223.47 1 1
github.com/hashgraph-online/standards-sdk-go/pkg/registrybroker/chat.go:223.47,225.3 1 1
github.com/hashgraph-online/standards-sdk-go/pkg/registrybroker/chat.go:227.2,234.16 3 1
github.com/hashgraph-online/standards-sdk-go/pkg/registrybroker/chat.go:234.16,236.3 1 0
github.com/hashgraph-online/standards-sdk-go/pkg/registrybroker/chat.go:237.2,237.37 1 1
github.com/hashgraph-online/standards-sdk-go/pkg/registrybroker/chat.go:237.37,239.3 1 0
github.com/hashgraph-online/standards-sdk-go/pkg/registrybroker/chat.go:240.2,246.8 1 1
github.com/hashgraph-online/standards-sdk-go/pkg/registrybroker/chat.go:253.36,255.30 2 1
github.com/hashgraph-online/standards-sdk-go/pkg/registrybroker/chat.go:255.30,264.17 3 0
github.com/hashgraph-online/standards-sdk-go/pkg/registrybroker/chat.go:264.17,266.4 1 0
github.com/hashgraph-online/standards-sdk-go/pkg/registrybroker/chat.go:267.3,268.38 2 0
github.com/hashgraph-online/standards-sdk-go/pkg/registrybroker/chat.go:268.38,270.4 1 0
github.com/hashgraph-online/standards-sdk-go/pkg/registrybroker/chat.go:271.3,277.9 1 0
github.com/hashgraph-online/standards-sdk-go/pkg/registrybroker/chat.go:280.2,289.16 2 1
github.com/hashgraph-online/standards-sdk-go/pkg/registrybroker/chat.go:289.16,291.3 1 0
github.com/hashgraph-online/standards-sdk-go/pkg/registrybroker/chat.go:293.2,294.35 2 1
github.com/hashgraph-online/standards-sdk-go/pkg/registrybroker/chat.go:294.35,296.3 1 0
github.com/hashgraph-online/standards-sdk-go/pkg/registrybroker/chat.go:297.2,297.30 1 1
github.com/hashgraph-online/standards-sdk-go/pkg/registrybroker/chat.go:297.30,299.3 1 1
github.com/hashgraph-online/standards-sdk-go/pkg/registrybroker/chat.go:301.2,307.8 1 1
github.com/hashgraph-online/standards-sdk-go/pkg/registrybroker/chat.go:314.36,315.71 1 1
github.com/hashgraph-online/standards-sdk-go/pkg/registrybroker/chat.go:315.71,317.3 1 1
github.com/hashgraph-online/standards-sdk-go/pkg/registrybroker/chat.go:318.2,319.30 2 1
github.com/hashgraph-online/standards-sdk-go/pkg/registrybroker/chat.go:319.30,327.3 1 0
github.com/hashgraph-online/standards-sdk-go/pkg/registrybroker/chat.go:329.2,335.16 2 1
github.com/hashgraph-online/standards-sdk-go/pkg/registrybroker/chat.go:335.16,337.3 1 0
github.com/hashgraph-online/standards-sdk-go/pkg/registrybroker/chat.go:339.2,340.35 2 1
github.com/hashgraph-online/standards-sdk-go/pkg/registrybroker/chat.go:340.35,342.3 1 0
github.com/hashgraph-online/standards-sdk-go/pkg/registrybroker/chat.go:343.2,343.30 1 1
github.com/hashgraph-online/standards-sdk-go/pkg/registrybroker/chat.go:343.30,345.3 1 0
github.com/hashgraph-online/standards-sdk-go/pkg/registrybroker/chat.go:346.2,352.8 1 1
github.com/hashgraph-online/standards-sdk-go/pkg/registrybroker/chat.go:359.23,360.71 1 1
github.com/hashgraph-online/standards-sdk-go/pkg/registrybroker/chat.go:360.71,362.3 1 1
github.com/hashgraph-online/standards-sdk-go/pkg/registrybroker/chat.go:363.2,364.69 2 0
github.com/hashgraph-online/standards-sdk-go/pkg/registrybroker/chat.go:364.69,366.3 1 0
github.com/hashgraph-online/standards-sdk-go/pkg/registrybroker/chat.go:367.2,374.3 2 0
github.com/hashgraph-online/standards-sdk-go/pkg/registrybroker/chat.go:381.23,382.63 1 1
github.com/hashgraph-online/standards-sdk-go/pkg/registrybroker/chat.go:382.63,384.3 1 0
github.com/hashgraph-online/standards-sdk-go/pkg/registrybroker/chat.go:385.2,386.59 2 1
github.com/hashgraph-online/standards-sdk-go/pkg/registrybroker/chat.go:394.23,395.63 1 1
github.com/hashgraph-online/standards-sdk-go/pkg/registrybroker/chat.go:395.63,397.3 1 0
github.com/hashgraph-online/standards-sdk-go/pkg/registrybroker/chat.go:398.2,407.16 4 1
github.com/hashgraph-online/standards-sdk-go/pkg/registrybroker/chat.go:407.16,409.3 1 0
github.com/hashgraph-online/standards-sdk-go/pkg/registrybroker/chat.go:410.2,410.68 1 1
github.com/hashgraph-online/standards-sdk-go/pkg/registrybroker/chat.go:410.68,412.3 1 1
github.com/hashgraph-online/standards-sdk-go/pkg/registrybroker/chat.go:413.2,413.20 1 0
github.com/hashgraph-online/standards-sdk-go/pkg/registrybroker/chat.go:420.23,423.31 3 1
github.com/hashgraph-online/standards-sdk-go/pkg/registrybroker/chat.go:423.31,425.22 2 1
github.com/hashgraph-online/standards-sdk-go/pkg/registrybroker/chat.go:425.22,427.4 1 0
github.com/hashgraph-online/standards-sdk-go/pkg/registrybroker/chat.go:428.3,428.22 1 1
github.com/hashgraph-online/standards-sdk-go/pkg/registrybroker/chat.go:428.22,430.4 1 0
github.com/hashgraph-online/standards-sdk-go/pkg/registrybroker/chat.go:431.3,431.46 1 1
github.com/hashgraph-online/standards-sdk-go/pkg/registrybroker/chat.go:431.46,433.4 1 0
github.com/hashgraph-online/standards-sdk-go/pkg/registrybroker/chat.go:434.3,442.17 2 1
github.com/hashgraph-online/standards-sdk-go/pkg/registrybroker/chat.go:442.17,444.4 1 0
github.com/hashgraph-online/standards-sdk-go/pkg/registrybroker/chat.go:445.3,446.49 2 1
github.com/hashgraph-online/standards-sdk-go/pkg/registrybroker/chat.go:446.49,448.4 1 0
github.com/hashgraph-online/standards-sdk-go/pkg/registrybroker/chat.go:449.3,449.20 1 1
github.com/hashgraph-online/standards-sdk-go/pkg/registrybroker/chat.go:449.20,451.4 1 0
github.com/hashgraph-online/standards-sdk-go/pkg/registrybroker/chat.go:453.2,453.59 1 1
github.com/hashgraph-online/standards-sdk-go/pkg/registrybroker/chat.go:453.59,455.3 1 0
github.com/hashgraph-online/standards-sdk-go/pkg/registrybroker/chat.go:456.2,460.30 5 1
github.com/hashgraph-online/standards-sdk-go/pkg/registrybroker/chat.go:460.30,462.3 1 0
github.com/hashgraph-online/standards-sdk-go/pkg/registrybroker/chat.go:463.2,463.25 1 1
github.com/hashgraph-online/standards-sdk-go/pkg/registrybroker/chat.go:463.25,465.3 1 0
github.com/hashgraph-online/standards-sdk-go/pkg/registrybroker/chat.go:466.2,466.27 1 1
github.com/hashgraph-online/standards-sdk-go/pkg/registrybroker/chat.go:466.27,468.3 1 1
github.com/hashgraph-online/standards-sdk-go/pkg/registrybroker/chat.go:469.2,475.3 1 1
github.com/hashgraph-online/standards-sdk-go/pkg/registrybroker/chat.go:479.88,480.63 1 1
github.com/hashgraph-online/standards-sdk-go/pkg/registrybroker/chat.go:480.63,482.3 1 0
github.com/hashgraph-online/standards-sdk-go/pkg/registrybroker/chat.go:483.2,484.68 2 1
github.com/hashgraph-online/standards-sdk-go/pkg/registrybroker/chat.go:494.27,507.2 1 1
github.com/hashgraph-online/standards-sdk-go/pkg/registrybroker/chat_handle.go:15.23,16.33 1 1
github.com/hashgraph-online/standards-sdk-go/pkg/registrybroker/chat_handle.go:16.33,18.3 1 0
github.com/hashgraph-online/standards-sdk-go/pkg/registrybroker/chat_handle.go:19.2,20.24 2 1
github.com/hashgraph-online/standards-sdk-go/pkg/registrybroker/chat_handle.go:20.24,22.3 1 1
github.com/hashgraph-online/standards-sdk-go/pkg/registrybroker/chat_handle.go:24.2,32.90 2 1
github.com/hashgraph-online/standards-sdk-go/pkg/registrybroker/chat_handle.go:32.90,34.48 2 1
github.com/hashgraph-online/standards-sdk-go/pkg/registrybroker/chat_handle.go:34.48,41.4 1 0
github.com/hashgraph-online/standards-sdk-go/pkg/registrybroker/chat_handle.go:42.3,42.27 1 1
github.com/hashgraph-online/standards-sdk-go/pkg/registrybroker/chat_handle.go:42.27,44.4 1 0
github.com/hashgraph-online/standards-sdk-go/pkg/registrybroker/chat_handle.go:45.3,51.4 2 1
github.com/hashgraph-online/standards-sdk-go/pkg/registrybroker/chat_handle.go:54.2,54.43 1 1
github.com/hashgraph-online/standards-sdk-go/pkg/registrybroker/chat_handle.go:61.23,62.33 1 1
github.com/hashgraph-online/standards-sdk-go/pkg/registrybroker/chat_handle.go:62.33,64.3 1 0
github.com/hashgraph-online/standards-sdk-go/pkg/registrybroker/chat_handle.go:65.2,66.90 2 1
github.com/hashgraph-online/standards-sdk-go/pkg/registrybroker/chat_handle.go:66.90,67.36 1 0
github.com/hashgraph-online/standards-sdk-go/pkg/registrybroker/chat_handle.go:67.36,70.4 2 0
github.com/hashgraph-online/standards-sdk-go/pkg/registrybroker/chat_handle.go:71.3,71.44 1 0
github.com/hashgraph-online/standards-sdk-go/pkg/registrybroker/chat_handle.go:71.44,73.4 1 0
github.com/hashgraph-online/standards-sdk-go/pkg/registrybroker/chat_handle.go:74.3,74.37 1 0
github.com/hashgraph-online/standards-sdk-go/pkg/registrybroker/chat_handle.go:74.37,76.4 1 0
github.com/hashgraph-online/standards-sdk-go/pkg/registrybroker/chat_handle.go:78.2,78.72 1 1
github.com/hashgraph-online/standards-sdk-go/pkg/registrybroker/chat_handle.go:81.67,83.19 2 1
github.com/hashgraph-online/standards-sdk-go/pkg/registrybroker/chat_handle.go:83.19,85.3 1 1
github.com/hashgraph-online/standards-sdk-go/pkg/registrybroker/chat_handle.go:88.71,89.26 1 1
github.com/hashgraph-online/standards-sdk-go/pkg/registrybroker/chat_handle.go:89.26,91.3 1 1
github.com/hashgraph-online/standards-sdk-go/pkg/registrybroker/chat_handle.go:92.2,92.26 1 1
github.com/hashgraph-online/standards-sdk-go/pkg/registrybroker/chat_handle.go:92.26,94.3 1 1
github.com/hashgraph-online/standards-sdk-go/pkg/registrybroker/chat_handle.go:95.2,95.74 1 1
github.com/hashgraph-online/standards-sdk-go/pkg/registrybroker/chat_handle.go:95.74,97.3 1 1
github.com/hashgraph-online/standards-sdk-go/pkg/registrybroker/chat_handle.go:98.2,98.107 1 1
github.com/hashgraph-online/standards-sdk-go/pkg/registrybroker/chat_handle.go:98.107,100.3 1 1
github.com/hashgraph-online/standards-sdk-go/pkg/registrybroker/chat_handle.go:101.2,101.101 1 1
github.com/hashgraph-online/standards-sdk-go/pkg/registrybroker/chat_handle.go:101.101,103.3 1 1
github.com/hashgraph-online/standards-sdk-go/pkg/registrybroker/chat_handle.go:104.2,104.77 1 1
github.com/hashgraph-online/standards-sdk-go/pkg/registrybroker/chat_handle.go:104.77,106.3 1 1
github.com/hashgraph-online/standards-sdk-go/pkg/registrybroker/chat_handle.go:107.2,107.14 1 1
github.com/hashgraph-online/standards-sdk-go/pkg/registrybroker/chat_handle.go:110.74,111.18 1 1
github.com/hashgraph-online/standards-sdk-go/pkg/registrybroker/chat_handle.go:111.18,113.3 1 1
github.com/hashgraph-online/standards-sdk-go/pkg/registrybroker/chat_handle.go:114.2,115.16 2 1
github.com/hashgraph-online/standards-sdk-go/pkg/registrybroker/chat_handle.go:118.38,119.21 1 1
github.com/hashgraph-online/standards-sdk-go/pkg/registrybroker/chat_handle.go:119.21,121.3 1 0
github.com/hashgraph-online/standards-sdk-go/pkg/registrybroker/chat_handle.go:122.2,124.15 3 1
github.com/hashgraph-online/standards-sdk-go/pkg/registrybroker/client.go:36.98,38.18 2 1
github.com/hashgraph-online/standards-sdk-go/pkg/registrybroker/client.go:38.18,40.3 1 1
github.com/hashgraph-online/standards-sdk-go/pkg/registrybroker/client.go:42.2,43.49 2 1
github.com/hashgraph-online/standards-sdk-go/pkg/registrybroker/client.go:43.49,46.48 3 0
github.com/hashgraph-online/standards-sdk-go/pkg/registrybroker/client.go:46.48,48.4 1 0
github.com/hashgraph-online/standards-sdk-go/pkg/registrybroker/client.go:51.2,51.45 1 1
github.com/hashgraph-online/standards-sdk-go/pkg/registrybroker/client.go:51.45,53.3 1 1
github.com/hashgraph-online/standards-sdk-go/pkg/registrybroker/client.go:54.2,54.48 1 1
github.com/hashgraph-online/standards-sdk-go/pkg/registrybroker/client.go:54.48,56.3 1 0
github.com/hashgraph-online/standards-sdk-go/pkg/registrybroker/client.go:57.2,57.88 1 1
github.com/hashgraph-online/standards-sdk-go/pkg/registrybroker/client.go:57.88,59.3 1 0
github.com/hashgraph-online/standards-sdk-go/pkg/registrybroker/client.go:61.2,62.19 2 1
github.com/hashgraph-online/standards-sdk-go/pkg/registrybroker/client.go:62.19,64.3 1 1
github.com/hashgraph-online/standards-sdk-go/pkg/registrybroker/client.go:65.2,65.19 1 1
github.com/hashgraph-online/standards-sdk-go/pkg/registrybroker/client.go:65.19,67.3 1 1
github.com/hashgraph-online/standards-sdk-go/pkg/registrybroker/client.go:69.2,76.8 1 1
github.com/hashgraph-online/standards-sdk-go/pkg/registrybroker/client.go:79.56,80.18 1 1
github.com/hashgraph-online/standards-sdk-go/pkg/registrybroker/client.go:80.18,82.3 1 1
github.com/hashgraph-online/standards-sdk-go/pkg/registrybroker/client.go:83.2,83.39 1 0
github.com/hashgraph-online/standards-sdk-go/pkg/registrybroker/client.go:87.84,89.2 1 1
github.com/hashgraph-online/standards-sdk-go/pkg/registrybroker/client.go:92.49,94.2 1 1
github.com/hashgraph-online/standards-sdk-go/pkg/registrybroker/client.go:97.57,99.2 1 1
github.com/hashgraph-online/standards-sdk-go/pkg/registrybroker/client.go:102.63,107.2 4 1
github.com/hashgraph-online/standards-sdk-go/pkg/registrybroker/client.go:110.76,114.60 4 1
github.com/hashgraph-online/standards-sdk-go/pkg/registrybroker/client.go:114.60,117.3 2 0
github.com/hashgraph-online/standards-sdk-go/pkg/registrybroker/client.go:118.2,118.61 1 1
github.com/hashgraph-online/standards-sdk-go/pkg/registrybroker/client.go:122.70,126.43 4 1
github.com/hashgraph-online/standards-sdk-go/pkg/registrybroker/client.go:126.43,128.3 1 1
github.com/hashgraph-online/standards-sdk-go/pkg/registrybroker/client.go:129.2,129.15 1 1
github.com/hashgraph-online/standards-sdk-go/pkg/registrybroker/client.go:133.61,135.45 2 1
github.com/hashgraph-online/standards-sdk-go/pkg/registrybroker/client.go:135.45,137.3 1 0
github.com/hashgraph-online/standards-sdk-go/pkg/registrybroker/client.go:138.2,138.35 1 1
github.com/hashgraph-online/standards-sdk-go/pkg/registrybroker/client.go:147.32,149.17 2 1
github.com/hashgraph-online/standards-sdk-go/pkg/registrybroker/client.go:149.17,151.17 2 1
github.com/hashgraph-online/standards-sdk-go/pkg/registrybroker/client.go:151.17,153.4 1 0
github.com/hashgraph-online/standards-sdk-go/pkg/registrybroker/client.go:154.3,154.41 1 1
github.com/hashgraph-online/standards-sdk-go/pkg/registrybroker/client.go:157.2,158.16 2 1
github.com/hashgraph-online/standards-sdk-go/pkg/registrybroker/client.go:158.16,160.3 1 0
github.com/hashgraph-online/standards-sdk-go/pkg/registrybroker/client.go:162.2,163.34 2 1
github.com/hashgraph-online/standards-sdk-go/pkg/registrybroker/client.go:163.34,165.57 2 1
github.com/hashgraph-online/standards-sdk-go/pkg/registrybroker/client.go:165.57,167.4 1 1
github.com/hashgraph-online/standards-sdk-go/pkg/registrybroker/client.go:169.2,169.51 1 1
github.com/hashgraph-online/standards-sdk-go/pkg/registrybroker/client.go:169.51,171.3 1 1
github.com/hashgraph-online/standards-sdk-go/pkg/registrybroker/client.go:172.2,172.17 1 1
github.com/hashgraph-online/standards-sdk-go/pkg/registrybroker/client.go:172.17,173.58 1 1
github.com/hashgraph-online/standards-sdk-go/pkg/registrybroker/client.go:173.58,175.4 1 0
github.com/hashgraph-online/standards-sdk-go/pkg/registrybroker/client.go:177.2,177.55 1 1
github.com/hashgraph-online/standards-sdk-go/pkg/registrybroker/client.go:177.55,179.3 1 1
github.com/hashgraph-online/standards-sdk-go/pkg/registrybroker/client.go:180.2,180.40 1 1
github.com/hashgraph-online/standards-sdk-go/pkg/registrybroker/client.go:180.40,182.3 1 1
github.com/hashgraph-online/standards-sdk-go/pkg/registrybroker/client.go:184.2,185.16 2 1
github.com/hashgraph-online/standards-sdk-go/pkg/registrybroker/client.go:185.16,187.3 1 0
github.com/hashgraph-online/standards-sdk-go/pkg/registrybroker/client.go:188.2,191.16 3 1
github.com/hashgraph-online/standards-sdk-go/pkg/registrybroker/client.go:191.16,193.3 1 0
github.com/hashgraph-online/standards-sdk-go/pkg/registrybroker/client.go:195.2,195.61 1 1
github.com/hashgraph-online/standards-sdk-go/pkg/registrybroker/client.go:195.61,203.3 2 1
github.com/hashgraph-online/standards-sdk-go/pkg/registrybroker/client.go:205.2,205.43 1 1
github.com/hashgraph-online/standards-sdk-go/pkg/registrybroker/client.go:214.23,216.16 2 1
github.com/hashgraph-online/standards-sdk-go/pkg/registrybroker/client.go:216.16,218.3 1 1
github.com/hashgraph-online/standards-sdk-go/pkg/registrybroker/client.go:219.2,219.56 1 1
github.com/hashgraph-online/standards-sdk-go/pkg/registrybroker/client.go:219.56,224.3 1 0
github.com/hashgraph-online/standards-sdk-go/pkg/registrybroker/client.go:225.2,226.57 2 1
github.com/hashgraph-online/standards-sdk-go/pkg/registrybroker/client.go:226.57,232.3 1 0
github.com/hashgraph-online/standards-sdk-go/pkg/registrybroker/client.go:233.2,233.20 1 1
github.com/hashgraph-online/standards-sdk-go/pkg/registrybroker/client.go:242.9,245.2 2 1
github.com/hashgraph-online/standards-sdk-go/pkg/registrybroker/client.go:247.46,249.2 1 1
github.com/hashgraph-online/standards-sdk-go/pkg/registrybroker/client.go:251.44,253.19 2 1
github.com/hashgraph-online/standards-sdk-go/pkg/registrybroker/client.go:253.19,255.3 1 1
github.com/hashgraph-online/standards-sdk-go/pkg/registrybroker/client.go:256.2,259.33 3 1
github.com/hashgraph-online/standards-sdk-go/pkg/registrybroker/client.go:259.33,261.3 1 0
github.com/hashgraph-online/standards-sdk-go/pkg/registrybroker/client.go:263.2,264.85 2 1
github.com/hashgraph-online/standards-sdk-go/pkg/registrybroker/client.go:264.85,266.3 1 0
github.com/hashgraph-online/standards-sdk-go/pkg/registrybroker/client.go:267.2,267.84 1 1
github.com/hashgraph-online/standards-sdk-go/pkg/registrybroker/client.go:267.84,268.46 1 0
github.com/hashgraph-online/standards-sdk-go/pkg/registrybroker/client.go:268.46,270.4 1 0
github.com/hashgraph-online/standards-sdk-go/pkg/registrybroker/client.go:270.9,272.4 1 0
github.com/hashgraph-online/standards-sdk-go/pkg/registrybroker/client.go:274.2,274.66 1 1
github.com/hashgraph-online/standards-sdk-go/pkg/registrybroker/client.go:277.43,278.78 1 1
github.com/hashgraph-online/standards-sdk-go/pkg/registrybroker/client.go:278.78,280.3 1 1
github.com/hashgraph-online/standards-sdk-go/pkg/registrybroker/client.go:281.2,281.37 1 1
github.com/hashgraph-online/standards-sdk-go/pkg/registrybroker/client.go:281.37,283.3 1 0
github.com/hashgraph-online/standards-sdk-go/pkg/registrybroker/client.go:284.2,284.25 1 1
github.com/hashgraph-online/standards-sdk-go/pkg/registrybroker/client.go:287.49,289.2 1 1
github.com/hashgraph-online/standards-sdk-go/pkg/registrybroker/client.go:291.67,293.19 2 1
github.com/hashgraph-online/standards-sdk-go/pkg/registrybroker/client.go:293.19,295.3 1 0
github.com/hashgraph-online/standards-sdk-go/pkg/registrybroker/client.go:296.2,296.52 1 1
github.com/hashgraph-online/standards-sdk-go/pkg/registrybroker/client.go:296.52,298.55 2 1
github.com/hashgraph-online/standards-sdk-go/pkg/registrybroker/client.go:298.55,300.4 1 1
github.com/hashgraph-online/standards-sdk-go/pkg/registrybroker/client.go:302.2,302.16 1 1
github.com/hashgraph-online/standards-sdk-go/pkg/registrybroker/client.go:305.62,306.18 1 1
github.com/hashgraph-online/standards-sdk-go/pkg/registrybroker/client.go:306.18,308.3 1 1
github.com/hashgraph-online/standards-sdk-go/pkg/registrybroker/client.go:309.2,310.15 2 0
github.com/hashgraph-online/standards-sdk-go/pkg/registrybroker/client.go:313.83,314.18 1 1
github.com/hashgraph-online/standards-sdk-go/pkg/registrybroker/client.go:314.18,316.3 1 1
github.com/hashgraph-online/standards-sdk-go/pkg/registrybroker/client.go:317.2,318.15 2 1
github.com/hashgraph-online/standards-sdk-go/pkg/registrybroker/client.go:321.46,322.18 1 1
github.com/hashgraph-online/standards-sdk-go/pkg/registrybroker/client.go:322.18,324.3 1 1
github.com/hashgraph-online/standards-sdk-go/pkg/registrybroker/client.go:325.2,325.21 1 1
github.com/hashgraph-online/standards-sdk-go/pkg/registrybroker/client.go:328.49,329.18 1 1
github.com/hashgraph-online/standards-sdk-go/pkg/registrybroker/client.go:329.18,331.3 1 1
github.com/hashgraph-online/standards-sdk-go/pkg/registrybroker/client.go:332.2,332.21 1 1
github.com/hashgraph-online/standards-sdk-go/pkg/registrybroker/client.go:335.61,336.48 1 1
github.com/hashgraph-online/standards-sdk-go/pkg/registrybroker/client.go:336.48,338.3 1 1
github.com/hashgraph-online/standards-sdk-go/pkg/registrybroker/client.go:341.63,342.50 1 1
github.com/hashgraph-online/standards-sdk-go/pkg/registrybroker/client.go:342.50,344.3 1 1
github.com/hashgraph-online/standards-sdk-go/pkg/registrybroker/client.go:347.66,348.36 1 1
github.com/hashgraph-online/standards-sdk-go/pkg/registrybroker/client.go:348.36,350.3 1 1
github.com/hashgraph-online/standards-sdk-go/pkg/registrybroker/client.go:353.69,354.29 1 1
github.com/hashgraph-online/standards-sdk-go/pkg/registrybroker/client.go:354.29,356.20 2 1
github.com/hashgraph-online/standards-sdk-go/pkg/registrybroker/client.go:356.20,358.4 1 1
github.com/hashgraph-online/standards-sdk-go/pkg/registrybroker/client.go:362.39,364.2 1 1
github.com/hashgraph-online/standards-sdk-go/pkg/registrybroker/client.go:366.58,367.21 1 1
github.com/hashgraph-online/standards-sdk-go/pkg/registrybroker/client.go:367.21,369.3 1 1
github.com/hashgraph-online/standards-sdk-go/pkg/registrybroker/client.go:370.2,370.36 1 1
github.com/hashgraph-online/standards-sdk-go/pkg/registrybroker/client.go:373.36,374.18 1 1
github.com/hashgraph-online/standards-sdk-go/pkg/registrybroker/client.go:374.18,376.3 1 0
github.com/hashgraph-online/standards-sdk-go/pkg/registrybroker/client.go:377.2,377.41 1 1
github.com/hashgraph-online/standards-sdk-go/pkg/registrybroker/client.go:377.41,379.3 1 0
github.com/hashgraph-online/standards-sdk-go/pkg/registrybroker/client.go:380.2,381.16 2 1
github.com/hashgraph-online/standards-sdk-go/pkg/registrybroker/client.go:381.16,383.3 1 0
github.com/hashgraph-online/standards-sdk-go/pkg/registrybroker/client.go:384.2,385.57 2 1
github.com/hashgraph-online/standards-sdk-go/pkg/registrybroker/client.go:385.57,387.3 1 0
github.com/hashgraph-online/standards-sdk-go/pkg/registrybroker/client.go:388.2,388.15 1 1
github.com/hashgraph-online/standards-sdk-go/pkg/registrybroker/client.go:391.67,393.27 2 1
github.com/hashgraph-online/standards-sdk-go/pkg/registrybroker/client.go:393.27,395.3 1 0
github.com/hashgraph-online/standards-sdk-go/pkg/registrybroker/client.go:396.2,396.29 1 1
github.com/hashgraph-online/standards-sdk-go/pkg/registrybroker/client.go:397.15,398.21 1 1
github.com/hashgraph-online/standards-sdk-go/pkg/registrybroker/client.go:399.11,400.30 1 0
github.com/hashgraph-online/standards-sdk-go/pkg/registrybroker/client.go:401.19,403.17 2 0
github.com/hashgraph-online/standards-sdk-go/pkg/registrybroker/client.go:403.17,405.4 1 0
github.com/hashgraph-online/standards-sdk-go/pkg/registrybroker/client.go:406.14,408.17 2 0
github.com/hashgraph-online/standards-sdk-go/pkg/registrybroker/client.go:408.17,410.4 1 0
github.com/hashgraph-online/standards-sdk-go/pkg/registrybroker/client.go:412.2,412.17 1 0
github.com/hashgraph-online/standards-sdk-go/pkg/registrybroker/client.go:415.93,417.59 2 1
github.com/hashgraph-online/standards-sdk-go/pkg/registrybroker/client.go:417.59,419.3 1 1
github.com/hashgraph-online/standards-sdk-go/pkg/registrybroker/client.go:420.2,421.9 2 1
github.com/hashgraph-online/standards-sdk-go/pkg/registrybroker/client.go:421.9,423.3 1 0
github.com/hashgraph-online/standards-sdk-go/pkg/registrybroker/client.go:424.2,425.27 2 1
github.com/hashgraph-online/standards-sdk-go/pkg/registrybroker/client.go:425.27,427.3 1 0
github.com/hashgraph-online/standards-sdk-go/pkg/registrybroker/client.go:428.2,428.24 1 1
github.com/hashgraph-online/standards-sdk-go/pkg/registrybroker/client.go:434.8,435.65 1 1
github.com/hashgraph-online/standards-sdk-go/pkg/registrybroker/client.go:435.65,437.3 1 0
github.com/hashgraph-online/standards-sdk-go/pkg/registrybroker/client.go:438.2,439.59 2 1
github.com/hashgraph-online/standards-sdk-go/pkg/registrybroker/client.go:439.59,441.3 1 0
github.com/hashgraph-online/standards-sdk-go/pkg/registrybroker/client.go:442.2,444.36 3 1
github.com/hashgraph-online/standards-sdk-go/pkg/registrybroker/client.go:444.36,446.3 1 0
github.com/hashgraph-online/standards-sdk-go/pkg/registrybroker/client.go:447.2,447.44 1 1
github.com/hashgraph-online/standards-sdk-go/pkg/registrybroker/client.go:447.44,448.56 1 1
github.com/hashgraph-online/standards-sdk-go/pkg/registrybroker/client.go:448.56,450.4 1 1
github.com/hashgraph-online/standards-sdk-go/pkg/registrybroker/client.go:450.9,450.59 1 0
github.com/hashgraph-online/standards-sdk-go/pkg/registrybroker/client.go:450.59,452.4 1 0
github.com/hashgraph-online/standards-sdk-go/pkg/registrybroker/client.go:454.2,454.38 1 1
github.com/hashgraph-online/standards-sdk-go/pkg/registrybroker/client.go:454.38,456.3 1 0
github.com/hashgraph-online/standards-sdk-go/pkg/registrybroker/client.go:457.2,458.90 2 1
github.com/hashgraph-online/standards-sdk-go/pkg/registrybroker/client.go:461.98,462.29 1 1
github.com/hashgraph-online/standards-sdk-go/pkg/registrybroker/client.go:462.29,464.3 1 0
github.com/hashgraph-online/standards-sdk-go/pkg/registrybroker/client.go:465.2,466.21 2 1
github.com/hashgraph-online/standards-sdk-go/pkg/registrybroker/client.go:466.21,468.3 1 1
github.com/hashgraph-online/standards-sdk-go/pkg/registrybroker/client.go:470.2,471.16 2 1
github.com/hashgraph-online/standards-sdk-go/pkg/registrybroker/client.go:471.16,473.3 1 1
github.com/hashgraph-online/standards-sdk-go/pkg/registrybroker/client.go:474.2,484.12 2 1
github.com/hashgraph-online/standards-sdk-go/pkg/registrybroker/client.go:487.89,488.19 1 1
github.com/hashgraph-online/standards-sdk-go/pkg/registrybroker/client.go:488.19,489.10 1 0
github.com/hashgraph-online/standards-sdk-go/pkg/registrybroker/client.go:490.21,491.20 1 0
github.com/hashgraph-online/standards-sdk-go/pkg/registrybroker/client.go:492.11,493.14 1 0
github.com/hashgraph-online/standards-sdk-go/pkg/registrybroker/client.go:496.2,498.9 3 1
github.com/hashgraph-online/standards-sdk-go/pkg/registrybroker/client.go:499.20,500.19 1 0
github.com/hashgraph-online/standards-sdk-go/pkg/registrybroker/client.go:501.17,502.13 1 1
github.com/hashgraph-online/standards-sdk-go/pkg/registrybroker/credits.go:15.23,16.70 1 1
github.com/hashgraph-online/standards-sdk-go/pkg/registrybroker/credits.go:16.70,18.3 1 0
github.com/hashgraph-online/standards-sdk-go/pkg/registrybroker/credits.go:19.2,19.72 1 1
github.com/hashgraph-online/standards-sdk-go/pkg/registrybroker/credits.go:19.72,21.3 1 0
github.com/hashgraph-online/standards-sdk-go/pkg/registrybroker/credits.go:22.2,22.28 1 1
github.com/hashgraph-online/standards-sdk-go/pkg/registrybroker/credits.go:22.28,24.3 1 0
github.com/hashgraph-online/standards-sdk-go/pkg/registrybroker/credits.go:26.2,31.42 2 1
github.com/hashgraph-online/standards-sdk-go/pkg/registrybroker/credits.go:31.42,33.3 1 1
github.com/hashgraph-online/standards-sdk-go/pkg/registrybroker/credits.go:34.2,34.28 1 1
github.com/hashgraph-online/standards-sdk-go/pkg/registrybroker/credits.go:34.28,36.3 1 1
github.com/hashgraph-online/standards-sdk-go/pkg/registrybroker/credits.go:38.2,44.3 1 1
github.com/hashgraph-online/standards-sdk-go/pkg/registrybroker/credits.go:48.89,50.2 1 1
github.com/hashgraph-online/standards-sdk-go/pkg/registrybroker/credits.go:56.23,57.70 1 1
github.com/hashgraph-online/standards-sdk-go/pkg/registrybroker/credits.go:57.70,59.3 1 1
github.com/hashgraph-online/standards-sdk-go/pkg/registrybroker/credits.go:60.2,60.25 1 0
github.com/hashgraph-online/standards-sdk-go/pkg/registrybroker/credits.go:60.25,62.3 1 0
github.com/hashgraph-online/standards-sdk-go/pkg/registrybroker/credits.go:63.2,63.55 1 0
github.com/hashgraph-online/standards-sdk-go/pkg/registrybroker/credits.go:63.55,65.3 1 0
github.com/hashgraph-online/standards-sdk-go/pkg/registrybroker/credits.go:67.2,71.29 2 0
github.com/hashgraph-online/standards-sdk-go/pkg/registrybroker/credits.go:71.29,73.3 1 0
github.com/hashgraph-online/standards-sdk-go/pkg/registrybroker/credits.go:74.2,74.49 1 0
github.com/hashgraph-online/standards-sdk-go/pkg/registrybroker/credits.go:74.49,76.3 1 0
github.com/hashgraph-online/standards-sdk-go/pkg/registrybroker/credits.go:77.2,77.28 1 0
github.com/hashgraph-online/standards-sdk-go/pkg/registrybroker/credits.go:77.28,79.3 1 0
github.com/hashgraph-online/standards-sdk-go/pkg/registrybroker/credits.go:81.2,82.48 2 0
github.com/hashgraph-online/standards-sdk-go/pkg/registrybroker/credits.go:82.48,83.69 1 0
github.com/hashgraph-online/standards-sdk-go/pkg/registrybroker/credits.go:83.69,85.4 1 0
github.com/hashgraph-online/standards-sdk-go/pkg/registrybroker/credits.go:88.2,94.3 1 0
github.com/hashgraph-online/standards-sdk-go/pkg/registrybroker/credits.go:101.23,110.51 2 1
github.com/hashgraph-online/standards-sdk-go/pkg/registrybroker/credits.go:110.51,114.3 1 0
github.com/hashgraph-online/standards-sdk-go/pkg/registrybroker/credits.go:115.2,115.45 1 1
github.com/hashgraph-online/standards-sdk-go/pkg/registrybroker/credits.go:115.45,116.37 1 0
github.com/hashgraph-online/standards-sdk-go/pkg/registrybroker/credits.go:116.37,118.4 1 0
github.com/hashgraph-online/standards-sdk-go/pkg/registrybroker/credits.go:119.3,119.80 1 0
github.com/hashgraph-online/standards-sdk-go/pkg/registrybroker/credits.go:121.2,121.44 1 1
github.com/hashgraph-online/standards-sdk-go/pkg/registrybroker/credits.go:121.44,122.37 1 0
github.com/hashgraph-online/standards-sdk-go/pkg/registrybroker/credits.go:122.37,124.4 1 0
github.com/hashgraph-online/standards-sdk-go/pkg/registrybroker/credits.go:125.3,125.79 1 0
github.com/hashgraph-online/standards-sdk-go/pkg/registrybroker/credits.go:128.2,128.49 1 1
github.com/hashgraph-online/standards-sdk-go/pkg/registrybroker/credits.go:131.54,133.19 2 1
github.com/hashgraph-online/standards-sdk-go/pkg/registrybroker/credits.go:133.19,135.3 1 0
github.com/hashgraph-online/standards-sdk-go/pkg/registrybroker/credits.go:136.2,136.23 1 1
github.com/hashgraph-online/standards-sdk-go/pkg/registrybroker/encrypted_chat.go:21.53,23.2 1 0
github.com/hashgraph-online/standards-sdk-go/pkg/registrybroker/encrypted_chat.go:29.36,30.61 1 1
github.com/hashgraph-online/standards-sdk-go/pkg/registrybroker/encrypted_chat.go:30.61,32.3 1 0
github.com/hashgraph-online/standards-sdk-go/pkg/registrybroker/encrypted_chat.go:34.2,42.16 3 1
github.com/hashgraph-online/standards-sdk-go/pkg/registrybroker/encrypted_chat.go:42.16,44.3 1 0
github.com/hashgraph-online/standards-sdk-go/pkg/registrybroker/encrypted_chat.go:46.2,47.56 2 1
github.com/hashgraph-online/standards-sdk-go/pkg/registrybroker/encrypted_chat.go:47.56,49.3 1 0
github.com/hashgraph-online/standards-sdk-go/pkg/registrybroker/encrypted_chat.go:51.2,52.33 2 1
github.com/hashgraph-online/standards-sdk-go/pkg/registrybroker/encrypted_chat.go:52.33,57.3 1 1
github.com/hashgraph-online/standards-sdk-go/pkg/registrybroker/encrypted_chat.go:59.2,66.4 1 1
github.com/hashgraph-online/standards-sdk-go/pkg/registrybroker/encrypted_chat.go:73.36,74.71 1 1
github.com/hashgraph-online/standards-sdk-go/pkg/registrybroker/encrypted_chat.go:74.71,76.3 1 0
github.com/hashgraph-online/standards-sdk-go/pkg/registrybroker/encrypted_chat.go:78.2,84.16 2 1
github.com/hashgraph-online/standards-sdk-go/pkg/registrybroker/encrypted_chat.go:84.16,86.3 1 1
github.com/hashgraph-online/standards-sdk-go/pkg/registrybroker/encrypted_chat.go:88.2,94.4 1 0
github.com/hashgraph-online/standards-sdk-go/pkg/registrybroker/encrypted_chat.go:117.36,119.16 2 1
github.com/hashgraph-online/standards-sdk-go/pkg/registrybroker/encrypted_chat.go:119.16,121.3 1 0
github.com/hashgraph-online/standards-sdk-go/pkg/registrybroker/encrypted_chat.go:123.2,124.25 2 1
github.com/hashgraph-online/standards-sdk-go/pkg/registrybroker/encrypted_chat.go:124.25,126.3 1 1
github.com/hashgraph-online/standards-sdk-go/pkg/registrybroker/encrypted_chat.go:128.2,134.16 2 1
github.com/hashgraph-online/standards-sdk-go/pkg/registrybroker/encrypted_chat.go:134.16,136.3 1 0
github.com/hashgraph-online/standards-sdk-go/pkg/registrybroker/encrypted_chat.go:138.2,144.16 2 1
github.com/hashgraph-online/standards-sdk-go/pkg/registrybroker/encrypted_chat.go:144.16,146.3 1 0
github.com/hashgraph-online/standards-sdk-go/pkg/registrybroker/encrypted_chat.go:148.2,149.24 2 1
github.com/hashgraph-online/standards-sdk-go/pkg/registrybroker/encrypted_chat.go:149.24,151.3 1 0
github.com/hashgraph-online/standards-sdk-go/pkg/registrybroker/encrypted_chat.go:153.2,157.16 2 1
github.com/hashgraph-online/standards-sdk-go/pkg/registrybroker/encrypted_chat.go:157.16,159.3 1 0
github.com/hashgraph-online/standards-sdk-go/pkg/registrybroker/encrypted_chat.go:161.2,168.3 1 1
github.com/hashgraph-online/standards-sdk-go/pkg/registrybroker/encrypted_chat.go:174.36,176.16 2 0
github.com/hashgraph-online/standards-sdk-go/pkg/registrybroker/encrypted_chat.go:176.16,178.3 1 0
github.com/hashgraph-online/standards-sdk-go/pkg/registrybroker/encrypted_chat.go:180.2,181.25 2 0
github.com/hashgraph-online/standards-sdk-go/pkg/registrybroker/encrypted_chat.go:181.25,183.3 1 0
github.com/hashgraph-online/standards-sdk-go/pkg/registrybroker/encrypted_chat.go:185.2,191.16 2 0
github.com/hashgraph-online/standards-sdk-go/pkg/registrybroker/encrypted_chat.go:191.16,193.3 1 0
github.com/hashgraph-online/standards-sdk-go/pkg/registrybroker/encrypted_chat.go:195.2,201.16 2 0
github.com/hashgraph-online/standards-sdk-go/pkg/registrybroker/encrypted_chat.go:201.16,203.3 1 0
github.com/hashgraph-online/standards-sdk-go/pkg/registrybroker/encrypted_chat.go:205.2,206.24 2 0
github.com/hashgraph-online/standards-sdk-go/pkg/registrybroker/encrypted_chat.go:206.24,208.3 1 0
github.com/hashgraph-online/standards-sdk-go/pkg/registrybroker/encrypted_chat.go:210.2,214.16 2 0
github.com/hashgraph-online/standards-sdk-go/pkg/registrybroker/encrypted_chat.go:214.16,216.3 1 0
github.com/hashgraph-online/standards-sdk-go/pkg/registrybroker/encrypted_chat.go:218.2,225.3 1 0
github.com/hashgraph-online/standards-sdk-go/pkg/registrybroker/encrypted_chat.go:233.35,235.6 2 1
github.com/hashgraph-online/standards-sdk-go/pkg/registrybroker/encrypted_chat.go:235.6,236.23 1 1
github.com/hashgraph-online/standards-sdk-go/pkg/registrybroker/encrypted_chat.go:236.23,238.4 1 0
github.com/hashgraph-online/standards-sdk-go/pkg/registrybroker/encrypted_chat.go:240.3,241.17 2 1
github.com/hashgraph-online/standards-sdk-go/pkg/registrybroker/encrypted_chat.go:241.17,243.4 1 0
github.com/hashgraph-online/standards-sdk-go/pkg/registrybroker/encrypted_chat.go:244.3,246.86 3 1
github.com/hashgraph-online/standards-sdk-go/pkg/registrybroker/encrypted_chat.go:246.86,248.4 1 1
github.com/hashgraph-online/standards-sdk-go/pkg/registrybroker/encrypted_chat.go:249.3,249.33 1 0
github.com/hashgraph-online/standards-sdk-go/pkg/registrybroker/encrypted_chat.go:249.33,251.4 1 0
github.com/hashgraph-online/standards-sdk-go/pkg/registrybroker/encrypted_chat.go:252.3,252.52 1 0
github.com/hashgraph-online/standards-sdk-go/pkg/registrybroker/encrypted_chat.go:252.52,254.4 1 0
github.com/hashgraph-online/standards-sdk-go/pkg/registrybroker/encrypted_chat.go:263.23,265.6 2 1
github.com/hashgraph-online/standards-sdk-go/pkg/registrybroker/encrypted_chat.go:265.6,266.23 1 1
github.com/hashgraph-online/standards-sdk-go/pkg/registrybroker/encrypted_chat.go:266.23,268.4 1 0
github.com/hashgraph-online/standards-sdk-go/pkg/registrybroker/encrypted_chat.go:269.3,270.17 2 1
github.com/hashgraph-online/standards-sdk-go/pkg/registrybroker/encrypted_chat.go:270.17,272.4 1 0
github.com/hashgraph-online/standards-sdk-go/pkg/registrybroker/encrypted_chat.go:273.3,274.33 2 1
github.com/hashgraph-online/standards-sdk-go/pkg/registrybroker/encrypted_chat.go:274.33,276.4 1 0
github.com/hashgraph-online/standards-sdk-go/pkg/registrybroker/encrypted_chat.go:277.3,277.33 1 1
github.com/hashgraph-online/standards-sdk-go/pkg/registrybroker/encrypted_chat.go:277.33,282.4 1 1
github.com/hashgraph-online/standards-sdk-go/pkg/registrybroker/encrypted_chat.go:283.3,283.52 1 1
github.com/hashgraph-online/standards-sdk-go/pkg/registrybroker/encrypted_chat.go:283.52,285.4 1 0
github.com/hashgraph-online/standards-sdk-go/pkg/registrybroker/encrypted_chat.go:296.36,297.63 1 1
github.com/hashgraph-online/standards-sdk-go/pkg/registrybroker/encrypted_chat.go:297.63,299.3 1 0
github.com/hashgraph-online/standards-sdk-go/pkg/registrybroker/encrypted_chat.go:300.2,301.16 2 1
github.com/hashgraph-online/standards-sdk-go/pkg/registrybroker/encrypted_chat.go:301.16,303.3 1 0
github.com/hashgraph-online/standards-sdk-go/pkg/registrybroker/encrypted_chat.go:304.2,304.35 1 1
github.com/hashgraph-online/standards-sdk-go/pkg/registrybroker/encrypted_chat.go:304.35,306.3 1 0
github.com/hashgraph-online/standards-sdk-go/pkg/registrybroker/encrypted_chat.go:308.2,318.20 7 1
github.com/hashgraph-online/standards-sdk-go/pkg/registrybroker/encrypted_chat.go:321.76,322.20 1 1
github.com/hashgraph-online/standards-sdk-go/pkg/registrybroker/encrypted_chat.go:322.20,324.3 1 1
github.com/hashgraph-online/standards-sdk-go/pkg/registrybroker/encrypted_chat.go:325.2,326.22 2 1
github.com/hashgraph-online/standards-sdk-go/pkg/registrybroker/encrypted_chat.go:326.22,328.3 1 0
github.com/hashgraph-online/standards-sdk-go/pkg/registrybroker/encrypted_chat.go:329.2,329.19 1 1
github.com/hashgraph-online/standards-sdk-go/pkg/registrybroker/encrypted_chat.go:332.80,333.20 1 1
github.com/hashgraph-online/standards-sdk-go/pkg/registrybroker/encrypted_chat.go:333.20,335.3 1 1
github.com/hashgraph-online/standards-sdk-go/pkg/registrybroker/encrypted_chat.go:336.2,336.52 1 1
github.com/hashgraph-online/standards-sdk-go/pkg/registrybroker/encrypted_chat.go:339.85,340.20 1 1
github.com/hashgraph-online/standards-sdk-go/pkg/registrybroker/encrypted_chat.go:340.20,342.3 1 1
github.com/hashgraph-online/standards-sdk-go/pkg/registrybroker/encrypted_chat.go:343.2,343.53 1 1
github.com/hashgraph-online/standards-sdk-go/pkg/registrybroker/encrypted_chat.go:346.59,347.16 1 1
github.com/hashgraph-online/standards-sdk-go/pkg/registrybroker/encrypted_chat.go:347.16,349.3 1 1
github.com/hashgraph-online/standards-sdk-go/pkg/registrybroker/encrypted_chat.go:350.2,350.14 1 1
github.com/hashgraph-online/standards-sdk-go/pkg/registrybroker/encrypted_chat.go:353.64,354.16 1 1
github.com/hashgraph-online/standards-sdk-go/pkg/registrybroker/encrypted_chat.go:354.16,356.3 1 1
github.com/hashgraph-online/standards-sdk-go/pkg/registrybroker/encrypted_chat.go:357.2,357.14 1 1
github.com/hashgraph-online/standards-sdk-go/pkg/registrybroker/encrypted_chat.go:360.68,362.2 1 1
github.com/hashgraph-online/standards-sdk-go/pkg/registrybroker/encrypted_chat.go:364.49,365.20 1 1
github.com/hashgraph-online/standards-sdk-go/pkg/registrybroker/encrypted_chat.go:365.20,367.3 1 1
github.com/hashgraph-online/standards-sdk-go/pkg/registrybroker/encrypted_chat.go:368.2,369.20 2 1
github.com/hashgraph-online/standards-sdk-go/pkg/registrybroker/encrypted_chat.go:372.64,373.19 1 1
github.com/hashgraph-online/standards-sdk-go/pkg/registrybroker/encrypted_chat.go:373.19,375.3 1 0
github.com/hashgraph-online/standards-sdk-go/pkg/registrybroker/encrypted_chat.go:376.2,377.29 2 1
github.com/hashgraph-online/standards-sdk-go/pkg/registrybroker/encrypted_chat.go:377.29,379.3 1 1
github.com/hashgraph-online/standards-sdk-go/pkg/registrybroker/encrypted_chat.go:380.2,380.41 1 1
github.com/hashgraph-online/standards-sdk-go/pkg/registrybroker/encrypted_chat.go:380.41,382.3 1 0
github.com/hashgraph-online/standards-sdk-go/pkg/registrybroker/encrypted_chat.go:383.2,383.45 1 1
github.com/hashgraph-online/standards-sdk-go/pkg/registrybroker/encrypted_chat.go:383.45,385.3 1 1
github.com/hashgraph-online/standards-sdk-go/pkg/registrybroker/encrypted_chat.go:386.2,386.12 1 0
github.com/hashgraph-online/standards-sdk-go/pkg/registrybroker/encrypted_chat.go:389.79,395.39 3 1
github.com/hashgraph-online/standards-sdk-go/pkg/registrybroker/encrypted_chat.go:395.39,396.23 1 1
github.com/hashgraph-online/standards-sdk-go/pkg/registrybroker/encrypted_chat.go:396.23,397.12 1 0
github.com/hashgraph-online/standards-sdk-go/pkg/registrybroker/encrypted_chat.go:399.3,408.26 2 1
github.com/hashgraph-online/standards-sdk-go/pkg/registrybroker/encrypted_chat.go:408.26,409.12 1 0
github.com/hashgraph-online/standards-sdk-go/pkg/registrybroker/encrypted_chat.go:411.3,411.45 1 1
github.com/hashgraph-online/standards-sdk-go/pkg/registrybroker/encrypted_chat.go:413.2,413.19 1 1
github.com/hashgraph-online/standards-sdk-go/pkg/registrybroker/encrypted_chat.go:416.78,418.17 2 1
github.com/hashgraph-online/standards-sdk-go/pkg/registrybroker/encrypted_chat.go:418.17,420.3 1 0
github.com/hashgraph-online/standards-sdk-go/pkg/registrybroker/encrypted_chat.go:421.2,430.24 2 1
github.com/hashgraph-online/standards-sdk-go/pkg/registrybroker/encrypted_chat.go:430.24,432.3 1 0
github.com/hashgraph-online/standards-sdk-go/pkg/registrybroker/encrypted_chat.go:433.2,433.17 1 1
github.com/hashgraph-online/standards-sdk-go/pkg/registrybroker/encrypted_chat.go:436.86,437.26 1 1
github.com/hashgraph-online/standards-sdk-go/pkg/registrybroker/encrypted_chat.go:437.26,439.3 1 0
github.com/hashgraph-online/standards-sdk-go/pkg/registrybroker/encrypted_chat.go:440.2,442.15 3 1
github.com/hashgraph-online/standards-sdk-go/pkg/registrybroker/encryption.go:23.23,32.2 2 1
github.com/hashgraph-online/standards-sdk-go/pkg/registrybroker/encryption.go:38.23,41.42 1 1
github.com/hashgraph-online/standards-sdk-go/pkg/registrybroker/encryption.go:41.42,43.3 1 0
github.com/hashgraph-online/standards-sdk-go/pkg/registrybroker/encryption.go:45.2,46.19 2 1
github.com/hashgraph-online/standards-sdk-go/pkg/registrybroker/encryption.go:46.19,48.3 1 1
github.com/hashgraph-online/standards-sdk-go/pkg/registrybroker/encryption.go:50.2,52.41 3 1
github.com/hashgraph-online/standards-sdk-go/pkg/registrybroker/encryption.go:52.41,54.17 2 0
github.com/hashgraph-online/standards-sdk-go/pkg/registrybroker/encryption.go:54.17,56.4 1 0
github.com/hashgraph-online/standards-sdk-go/pkg/registrybroker/encryption.go:57.3,57.22 1 0
github.com/hashgraph-online/standards-sdk-go/pkg/registrybroker/encryption.go:59.2,59.50 1 1
github.com/hashgraph-online/standards-sdk-go/pkg/registrybroker/encryption.go:59.50,61.17 2 1
github.com/hashgraph-online/standards-sdk-go/pkg/registrybroker/encryption.go:61.17,63.4 1 0
github.com/hashgraph-online/standards-sdk-go/pkg/registrybroker/encryption.go:64.3,65.36 2 1
github.com/hashgraph-online/standards-sdk-go/pkg/registrybroker/encryption.go:67.2,67.21 1 1
github.com/hashgraph-online/standards-sdk-go/pkg/registrybroker/encryption.go:67.21,69.3 1 0
github.com/hashgraph-online/standards-sdk-go/pkg/registrybroker/encryption.go:71.2,80.16 3 1
github.com/hashgraph-online/standards-sdk-go/pkg/registrybroker/encryption.go:80.16,82.3 1 0
github.com/hashgraph-online/standards-sdk-go/pkg/registrybroker/encryption.go:83.2,83.22 1 1
github.com/hashgraph-online/standards-sdk-go/pkg/registrybroker/encryption.go:83.22,85.3 1 1
github.com/hashgraph-online/standards-sdk-go/pkg/registrybroker/encryption.go:86.2,86.20 1 1
github.com/hashgraph-online/standards-sdk-go/pkg/registrybroker/encryption.go:90.86,92.2 1 1
github.com/hashgraph-online/standards-sdk-go/pkg/registrybroker/encryption.go:95.85,97.16 2 1
github.com/hashgraph-online/standards-sdk-go/pkg/registrybroker/encryption.go:97.16,99.3 1 0
github.com/hashgraph-online/standards-sdk-go/pkg/registrybroker/encryption.go:100.2,103.8 1 1
github.com/hashgraph-online/standards-sdk-go/pkg/registrybroker/encryption.go:107.102,109.16 2 1
github.com/hashgraph-online/standards-sdk-go/pkg/registrybroker/encryption.go:109.16,111.3 1 0
github.com/hashgraph-online/standards-sdk-go/pkg/registrybroker/encryption.go:112.2,113.16 2 1
github.com/hashgraph-online/standards-sdk-go/pkg/registrybroker/encryption.go:113.16,115.3 1 0
github.com/hashgraph-online/standards-sdk-go/pkg/registrybroker/encryption.go:117.2,119.16 3 1
github.com/hashgraph-online/standards-sdk-go/pkg/registrybroker/encryption.go:119.16,121.3 1 0
github.com/hashgraph-online/standards-sdk-go/pkg/registrybroker/encryption.go:122.2,124.23 3 1
github.com/hashgraph-online/standards-sdk-go/pkg/registrybroker/encryption.go:130.27,131.48 1 1
github.com/hashgraph-online/standards-sdk-go/pkg/registrybroker/encryption.go:131.48,133.3 1 0
github.com/hashgraph-online/standards-sdk-go/pkg/registrybroker/encryption.go:134.2,134.48 1 1
github.com/hashgraph-online/standards-sdk-go/pkg/registrybroker/encryption.go:134.48,136.3 1 0
github.com/hashgraph-online/standards-sdk-go/pkg/registrybroker/encryption.go:137.2,140.16 3 1
github.com/hashgraph-online/standards-sdk-go/pkg/registrybroker/encryption.go:140.16,142.3 1 0
github.com/hashgraph-online/standards-sdk-go/pkg/registrybroker/encryption.go:143.2,144.16 2 1
github.com/hashgraph-online/standards-sdk-go/pkg/registrybroker/encryption.go:144.16,146.3 1 0
github.com/hashgraph-online/standards-sdk-go/pkg/registrybroker/encryption.go:148.2,149.44 2 1
github.com/hashgraph-online/standards-sdk-go/pkg/registrybroker/encryption.go:149.44,151.3 1 0
github.com/hashgraph-online/standards-sdk-go/pkg/registrybroker/encryption.go:153.2,154.32 2 1
github.com/hashgraph-online/standards-sdk-go/pkg/registrybroker/encryption.go:154.32,156.3 1 1
github.com/hashgraph-online/standards-sdk-go/pkg/registrybroker/encryption.go:157.2,160.29 4 1
github.com/hashgraph-online/standards-sdk-go/pkg/registrybroker/encryption.go:160.29,162.3 1 1
github.com/hashgraph-online/standards-sdk-go/pkg/registrybroker/encryption.go:164.2,165.47 2 1
github.com/hashgraph-online/standards-sdk-go/pkg/registrybroker/encryption.go:165.47,173.3 1 1
github.com/hashgraph-online/standards-sdk-go/pkg/registrybroker/encryption.go:175.2,176.19 2 1
github.com/hashgraph-online/standards-sdk-go/pkg/registrybroker/encryption.go:176.19,178.3 1 1
github.com/hashgraph-online/standards-sdk-go/pkg/registrybroker/encryption.go:180.2,190.8 1 1
github.com/hashgraph-online/standards-sdk-go/pkg/registrybroker/encryption.go:196.19,199.16 3 1
github.com/hashgraph-online/standards-sdk-go/pkg/registrybroker/encryption.go:199.16,201.3 1 0
github.com/hashgraph-online/standards-sdk-go/pkg/registrybroker/encryption.go:202.2,203.16 2 1
github.com/hashgraph-online/standards-sdk-go/pkg/registrybroker/encryption.go:203.16,205.3 1 0
github.com/hashgraph-online/standards-sdk-go/pkg/registrybroker/encryption.go:207.2,208.16 2 1
github.com/hashgraph-online/standards-sdk-go/pkg/registrybroker/encryption.go:208.16,210.3 1 0
github.com/hashgraph-online/standards-sdk-go/pkg/registrybroker/encryption.go:211.2,212.16 2 1
github.com/hashgraph-online/standards-sdk-go/pkg/registrybroker/encryption.go:212.16,214.3 1 0
github.com/hashgraph-online/standards-sdk-go/pkg/registrybroker/encryption.go:216.2,217.62 2 1
github.com/hashgraph-online/standards-sdk-go/pkg/registrybroker/encryption.go:217.62,219.17 2 1
github.com/hashgraph-online/standards-sdk-go/pkg/registrybroker/encryption.go:219.17,221.4 1 0
github.com/hashgraph-online/standards-sdk-go/pkg/registrybroker/encryption.go:224.2,225.16 2 1
github.com/hashgraph-online/standards-sdk-go/pkg/registrybroker/encryption.go:225.16,227.3 1 0
github.com/hashgraph-online/standards-sdk-go/pkg/registrybroker/encryption.go:228.2,228.31 1 1
github.com/hashgraph-online/standards-sdk-go/pkg/registrybroker/encryption.go:231.60,233.9 2 1
github.com/hashgraph-online/standards-sdk-go/pkg/registrybroker/encryption.go:233.9,235.3 1 1
github.com/hashgraph-online/standards-sdk-go/pkg/registrybroker/encryption.go:236.2,242.63 2 1
github.com/hashgraph-online/standards-sdk-go/pkg/registrybroker/encryption.go:242.63,244.3 1 1
github.com/hashgraph-online/standards-sdk-go/pkg/registrybroker/encryption.go:245.2,245.54 1 1
github.com/hashgraph-online/standards-sdk-go/pkg/registrybroker/encryption.go:245.54,247.43 2 1
github.com/hashgraph-online/standards-sdk-go/pkg/registrybroker/encryption.go:247.43,249.11 2 1
github.com/hashgraph-online/standards-sdk-go/pkg/registrybroker/encryption.go:249.11,250.13 1 1
github.com/hashgraph-online/standards-sdk-go/pkg/registrybroker/encryption.go:252.4,258.6 1 1
github.com/hashgraph-online/standards-sdk-go/pkg/registrybroker/encryption.go:260.3,260.41 1 1
github.com/hashgraph-online/standards-sdk-go/pkg/registrybroker/encryption.go:262.2,262.55 1 1
github.com/hashgraph-online/standards-sdk-go/pkg/registrybroker/encryption.go:262.55,264.3 1 1
github.com/hashgraph-online/standards-sdk-go/pkg/registrybroker/encryption.go:265.2,265.23 1 1
github.com/hashgraph-online/standards-sdk-go/pkg/registrybroker/encryption.go:268.74,270.16 2 1
github.com/hashgraph-online/standards-sdk-go/pkg/registrybroker/encryption.go:270.16,272.3 1 1
github.com/hashgraph-online/standards-sdk-go/pkg/registrybroker/encryption.go:273.2,274.75 2 1
github.com/hashgraph-online/standards-sdk-go/pkg/registrybroker/encryption.go:277.51,279.19 2 1
github.com/hashgraph-online/standards-sdk-go/pkg/registrybroker/encryption.go:279.19,281.3 1 0
github.com/hashgraph-online/standards-sdk-go/pkg/registrybroker/encryption.go:282.2,284.16 3 1
github.com/hashgraph-online/standards-sdk-go/pkg/registrybroker/encryption.go:284.16,286.3 1 1
github.com/hashgraph-online/standards-sdk-go/pkg/registrybroker/encryption.go:287.2,287.21 1 1
github.com/hashgraph-online/standards-sdk-go/pkg/registrybroker/encryption.go:290.49,291.21 1 1
github.com/hashgraph-online/standards-sdk-go/pkg/registrybroker/encryption.go:291.21,293.3 1 0
github.com/hashgraph-online/standards-sdk-go/pkg/registrybroker/encryption.go:294.2,294.22 1 1
github.com/hashgraph-online/standards-sdk-go/pkg/registrybroker/encryption.go:294.22,298.3 3 1
github.com/hashgraph-online/standards-sdk-go/pkg/registrybroker/encryption.go:299.2,300.18 2 0
github.com/hashgraph-online/standards-sdk-go/pkg/registrybroker/encryption.go:303.60,304.17 1 1
github.com/hashgraph-online/standards-sdk-go/pkg/registrybroker/encryption.go:304.17,306.3 1 1
github.com/hashgraph-online/standards-sdk-go/pkg/registrybroker/encryption.go:307.2,308.40 2 1
github.com/hashgraph-online/standards-sdk-go/pkg/registrybroker/encryption.go:308.40,310.3 1 1
github.com/hashgraph-online/standards-sdk-go/pkg/registrybroker/encryption.go:311.2,311.41 1 1
github.com/hashgraph-online/standards-sdk-go/pkg/registrybroker/encryption.go:311.41,313.3 1 1
github.com/hashgraph-online/standards-sdk-go/pkg/registrybroker/encryption.go:314.2,314.44 1 1
github.com/hashgraph-online/standards-sdk-go/pkg/registrybroker/encryption.go:314.44,316.3 1 1
github.com/hashgraph-online/standards-sdk-go/pkg/registrybroker/encryption.go:317.2,317.44 1 1
github.com/hashgraph-online/standards-sdk-go/pkg/registrybroker/encryption.go:317.44,319.3 1 1
github.com/hashgraph-online/standards-sdk-go/pkg/registrybroker/encryption.go:320.2,320.46 1 1
github.com/hashgraph-online/standards-sdk-go/pkg/registrybroker/encryption.go:320.46,322.3 1 1
github.com/hashgraph-online/standards-sdk-go/pkg/registrybroker/encryption.go:323.2,323.47 1 1
github.com/hashgraph-online/standards-sdk-go/pkg/registrybroker/encryption.go:323.47,325.3 1 1
github.com/hashgraph-online/standards-sdk-go/pkg/registrybroker/encryption.go:326.2,326.27 1 1
github.com/hashgraph-online/standards-sdk-go/pkg/registrybroker/encryption.go:326.27,328.40 2 1
github.com/hashgraph-online/standards-sdk-go/pkg/registrybroker/encryption.go:328.40,329.70 1 1
github.com/hashgraph-online/standards-sdk-go/pkg/registrybroker/encryption.go:329.70,331.5 1 1
github.com/hashgraph-online/standards-sdk-go/pkg/registrybroker/encryption.go:333.3,333.23 1 1
github.com/hashgraph-online/standards-sdk-go/pkg/registrybroker/encryption.go:333.23,335.4 1 1
github.com/hashgraph-online/standards-sdk-go/pkg/registrybroker/encryption.go:337.2,337.15 1 1
github.com/hashgraph-online/standards-sdk-go/pkg/registrybroker/encryption.go:340.63,342.27 2 1
github.com/hashgraph-online/standards-sdk-go/pkg/registrybroker/encryption.go:342.27,344.3 1 1
github.com/hashgraph-online/standards-sdk-go/pkg/registrybroker/encryption.go:345.2,345.35 1 1
github.com/hashgraph-online/standards-sdk-go/pkg/registrybroker/encryption.go:345.35,347.3 1 1
github.com/hashgraph-online/standards-sdk-go/pkg/registrybroker/encryption.go:348.2,348.29 1 1
github.com/hashgraph-online/standards-sdk-go/pkg/registrybroker/encryption.go:349.15,350.49 1 1
github.com/hashgraph-online/standards-sdk-go/pkg/registrybroker/encryption.go:351.11,352.29 1 0
github.com/hashgraph-online/standards-sdk-go/pkg/registrybroker/encryption.go:353.10,354.12 1 1
github.com/hashgraph-online/standards-sdk-go/pkg/registrybroker/errors.go:13.46,14.14 1 1
github.com/hashgraph-online/standards-sdk-go/pkg/registrybroker/errors.go:14.14,16.3 1 1
github.com/hashgraph-online/standards-sdk-go/pkg/registrybroker/errors.go:17.2,17.18 1 1
github.com/hashgraph-online/standards-sdk-go/pkg/registrybroker/errors.go:17.18,19.3 1 1
github.com/hashgraph-online/standards-sdk-go/pkg/registrybroker/errors.go:20.2,20.18 1 1
github.com/hashgraph-online/standards-sdk-go/pkg/registrybroker/errors.go:30.51,31.14 1 1
github.com/hashgraph-online/standards-sdk-go/pkg/registrybroker/errors.go:31.14,33.3 1 1
github.com/hashgraph-online/standards-sdk-go/pkg/registrybroker/errors.go:34.2,34.20 1 1
github.com/hashgraph-online/standards-sdk-go/pkg/registrybroker/errors.go:34.20,36.3 1 1
github.com/hashgraph-online/standards-sdk-go/pkg/registrybroker/errors.go:37.2,37.18 1 1
github.com/hashgraph-online/standards-sdk-go/pkg/registrybroker/feedback.go:16.23,18.19 2 1
github.com/hashgraph-online/standards-sdk-go/pkg/registrybroker/feedback.go:18.19,20.3 1 0
github.com/hashgraph-online/standards-sdk-go/pkg/registrybroker/feedback.go:22.2,23.28 2 1
github.com/hashgraph-online/standards-sdk-go/pkg/registrybroker/feedback.go:23.28,25.3 1 0
github.com/hashgraph-online/standards-sdk-go/pkg/registrybroker/feedback.go:26.2,27.81 2 1
github.com/hashgraph-online/standards-sdk-go/pkg/registrybroker/feedback.go:34.23,36.25 2 1
github.com/hashgraph-online/standards-sdk-go/pkg/registrybroker/feedback.go:36.25,38.3 1 0
github.com/hashgraph-online/standards-sdk-go/pkg/registrybroker/feedback.go:39.2,39.26 1 1
github.com/hashgraph-online/standards-sdk-go/pkg/registrybroker/feedback.go:39.26,41.3 1 0
github.com/hashgraph-online/standards-sdk-go/pkg/registrybroker/feedback.go:42.2,42.33 1 1
github.com/hashgraph-online/standards-sdk-go/pkg/registrybroker/feedback.go:42.33,44.44 2 0
github.com/hashgraph-online/standards-sdk-go/pkg/registrybroker/feedback.go:44.44,46.21 2 0
github.com/hashgraph-online/standards-sdk-go/pkg/registrybroker/feedback.go:46.21,48.5 1 0
github.com/hashgraph-online/standards-sdk-go/pkg/registrybroker/feedback.go:50.3,50.26 1 0
github.com/hashgraph-online/standards-sdk-go/pkg/registrybroker/feedback.go:50.26,52.4 1 0
github.com/hashgraph-online/standards-sdk-go/pkg/registrybroker/feedback.go:54.2,60.3 1 1
github.com/hashgraph-online/standards-sdk-go/pkg/registrybroker/feedback.go:67.23,69.25 2 1
github.com/hashgraph-online/standards-sdk-go/pkg/registrybroker/feedback.go:69.25,71.3 1 0
github.com/hashgraph-online/standards-sdk-go/pkg/registrybroker/feedback.go:72.2,72.26 1 1
github.com/hashgraph-online/standards-sdk-go/pkg/registrybroker/feedback.go:72.26,74.3 1 0
github.com/hashgraph-online/standards-sdk-go/pkg/registrybroker/feedback.go:75.2,75.33 1 1
github.com/hashgraph-online/standards-sdk-go/pkg/registrybroker/feedback.go:75.33,77.44 2 0
github.com/hashgraph-online/standards-sdk-go/pkg/registrybroker/feedback.go:77.44,79.21 2 0
github.com/hashgraph-online/standards-sdk-go/pkg/registrybroker/feedback.go:79.21,81.5 1 0
github.com/hashgraph-online/standards-sdk-go/pkg/registrybroker/feedback.go:83.3,83.26 1 0
github.com/hashgraph-online/standards-sdk-go/pkg/registrybroker/feedback.go:83.26,85.4 1 0
github.com/hashgraph-online/standards-sdk-go/pkg/registrybroker/feedback.go:87.2,93.3 1 1
github.com/hashgraph-online/standards-sdk-go/pkg/registrybroker/feedback.go:101.23,103.19 2 1
github.com/hashgraph-online/standards-sdk-go/pkg/registrybroker/feedback.go:103.19,105.3 1 0
github.com/hashgraph-online/standards-sdk-go/pkg/registrybroker/feedback.go:106.2,113.3 2 1
github.com/hashgraph-online/standards-sdk-go/pkg/registrybroker/feedback.go:121.23,123.19 2 1
github.com/hashgraph-online/standards-sdk-go/pkg/registrybroker/feedback.go:123.19,125.3 1 0
github.com/hashgraph-online/standards-sdk-go/pkg/registrybroker/feedback.go:126.2,133.3 2 1
github.com/hashgraph-online/standards-sdk-go/pkg/registrybroker/helpers.go:8.54,9.36 1 1
github.com/hashgraph-online/standards-sdk-go/pkg/registrybroker/helpers.go:9.36,11.3 1 1
github.com/hashgraph-online/standards-sdk-go/pkg/registrybroker/helpers.go:12.2,12.12 1 1
github.com/hashgraph-online/standards-sdk-go/pkg/registrybroker/initialize.go:13.36,15.16 2 1
github.com/hashgraph-online/standards-sdk-go/pkg/registrybroker/initialize.go:15.16,17.3 1 0
github.com/hashgraph-online/standards-sdk-go/pkg/registrybroker/initialize.go:19.2,20.40 2 1
github.com/hashgraph-online/standards-sdk-go/pkg/registrybroker/initialize.go:20.40,22.3 1 1
github.com/hashgraph-online/standards-sdk-go/pkg/registrybroker/initialize.go:24.2,25.15 2 1
github.com/hashgraph-online/standards-sdk-go/pkg/registrybroker/initialize.go:25.15,27.17 2 1
github.com/hashgraph-online/standards-sdk-go/pkg/registrybroker/initialize.go:27.17,29.4 1 0
github.com/hashgraph-online/standards-sdk-go/pkg/registrybroker/initialize.go:30.3,34.45 2 1
github.com/hashgraph-online/standards-sdk-go/pkg/registrybroker/initialize.go:34.45,37.4 2 0
github.com/hashgraph-online/standards-sdk-go/pkg/registrybroker/initialize.go:38.3,39.17 2 1
github.com/hashgraph-online/standards-sdk-go/pkg/registrybroker/initialize.go:39.17,41.4 1 0
github.com/hashgraph-online/standards-sdk-go/pkg/registrybroker/initialize.go:44.2,47.8 1 1
github.com/hashgraph-online/standards-sdk-go/pkg/registrybroker/initialize.go:51.63,53.2 1 1
github.com/hashgraph-online/standards-sdk-go/pkg/registrybroker/initialize.go:56.63,60.2 3 1
github.com/hashgraph-online/standards-sdk-go/pkg/registrybroker/initialize.go:63.63,65.29 2 1
github.com/hashgraph-online/standards-sdk-go/pkg/registrybroker/initialize.go:65.29,67.3 1 0
github.com/hashgraph-online/standards-sdk-go/pkg/registrybroker/initialize.go:68.2,68.90 1 1
github.com/hashgraph-online/standards-sdk-go/pkg/registrybroker/ledger_auth.go:13.23,14.71 1 1
github.com/hashgraph-online/standards-sdk-go/pkg/registrybroker/ledger_auth.go:14.71,16.3 1 0
github.com/hashgraph-online/standards-sdk-go/pkg/registrybroker/ledger_auth.go:17.2,17.67 1 1
github.com/hashgraph-online/standards-sdk-go/pkg/registrybroker/ledger_auth.go:17.67,19.3 1 0
github.com/hashgraph-online/standards-sdk-go/pkg/registrybroker/ledger_auth.go:20.2,30.3 2 1
github.com/hashgraph-online/standards-sdk-go/pkg/registrybroker/ledger_auth.go:37.23,38.75 1 1
github.com/hashgraph-online/standards-sdk-go/pkg/registrybroker/ledger_auth.go:38.75,40.3 1 0
github.com/hashgraph-online/standards-sdk-go/pkg/registrybroker/ledger_auth.go:41.2,41.71 1 1
github.com/hashgraph-online/standards-sdk-go/pkg/registrybroker/ledger_auth.go:41.71,43.3 1 0
github.com/hashgraph-online/standards-sdk-go/pkg/registrybroker/ledger_auth.go:44.2,44.67 1 1
github.com/hashgraph-online/standards-sdk-go/pkg/registrybroker/ledger_auth.go:44.67,46.3 1 0
github.com/hashgraph-online/standards-sdk-go/pkg/registrybroker/ledger_auth.go:47.2,47.71 1 1
github.com/hashgraph-online/standards-sdk-go/pkg/registrybroker/ledger_auth.go:47.71,49.3 1 0
github.com/hashgraph-online/standards-sdk-go/pkg/registrybroker/ledger_auth.go:51.2,57.52 2 1
github.com/hashgraph-online/standards-sdk-go/pkg/registrybroker/ledger_auth.go:57.52,59.3 1 1
github.com/hashgraph-online/standards-sdk-go/pkg/registrybroker/ledger_auth.go:60.2,60.48 1 1
github.com/hashgraph-online/standards-sdk-go/pkg/registrybroker/ledger_auth.go:60.48,62.3 1 0
github.com/hashgraph-online/standards-sdk-go/pkg/registrybroker/ledger_auth.go:63.2,63.37 1 1
github.com/hashgraph-online/standards-sdk-go/pkg/registrybroker/ledger_auth.go:63.37,65.3 1 0
github.com/hashgraph-online/standards-sdk-go/pkg/registrybroker/ledger_auth.go:67.2,74.16 2 1
github.com/hashgraph-online/standards-sdk-go/pkg/registrybroker/ledger_auth.go:74.16,76.3 1 0
github.com/hashgraph-online/standards-sdk-go/pkg/registrybroker/ledger_auth.go:78.2,78.75 1 1
github.com/hashgraph-online/standards-sdk-go/pkg/registrybroker/ledger_auth.go:78.75,80.3 1 1
github.com/hashgraph-online/standards-sdk-go/pkg/registrybroker/ledger_auth.go:81.2,81.20 1 1
github.com/hashgraph-online/standards-sdk-go/pkg/registrybroker/ledger_auth.go:88.23,89.71 1 1
github.com/hashgraph-online/standards-sdk-go/pkg/registrybroker/ledger_auth.go:89.71,91.3 1 0
github.com/hashgraph-online/standards-sdk-go/pkg/registrybroker/ledger_auth.go:92.2,92.67 1 1
github.com/hashgraph-online/standards-sdk-go/pkg/registrybroker/ledger_auth.go:92.67,94.3 1 0
github.com/hashgraph-online/standards-sdk-go/pkg/registrybroker/ledger_auth.go:95.2,95.25 1 1
github.com/hashgraph-online/standards-sdk-go/pkg/registrybroker/ledger_auth.go:95.25,97.3 1 0
github.com/hashgraph-online/standards-sdk-go/pkg/registrybroker/ledger_auth.go:99.2,103.16 2 1
github.com/hashgraph-online/standards-sdk-go/pkg/registrybroker/ledger_auth.go:103.16,105.3 1 0
github.com/hashgraph-online/standards-sdk-go/pkg/registrybroker/ledger_auth.go:107.2,110.16 4 1
github.com/hashgraph-online/standards-sdk-go/pkg/registrybroker/ledger_auth.go:110.16,112.3 1 0
github.com/hashgraph-online/standards-sdk-go/pkg/registrybroker/ledger_auth.go:114.2,122.4 1 1
github.com/hashgraph-online/standards-sdk-go/pkg/registrybroker/ledger_auth.go:129.23,130.25 1 0
github.com/hashgraph-online/standards-sdk-go/pkg/registrybroker/ledger_auth.go:130.25,135.73 1 0
github.com/hashgraph-online/standards-sdk-go/pkg/registrybroker/ledger_auth.go:135.73,137.5 1 0
github.com/hashgraph-online/standards-sdk-go/pkg/registrybroker/ledger_auth.go:141.2,141.71 1 0
github.com/hashgraph-online/standards-sdk-go/pkg/registrybroker/ledger_auth.go:141.71,143.3 1 0
github.com/hashgraph-online/standards-sdk-go/pkg/registrybroker/ledger_auth.go:145.2,149.16 2 0
github.com/hashgraph-online/standards-sdk-go/pkg/registrybroker/ledger_auth.go:149.16,151.3 1 0
github.com/hashgraph-online/standards-sdk-go/pkg/registrybroker/ledger_auth.go:153.2,163.16 3 0
github.com/hashgraph-online/standards-sdk-go/pkg/registrybroker/ledger_auth.go:163.16,165.3 1 0
github.com/hashgraph-online/standards-sdk-go/pkg/registrybroker/ledger_auth.go:166.2,166.31 1 0
github.com/hashgraph-online/standards-sdk-go/pkg/registrybroker/ledger_auth.go:166.31,168.3 1 0
github.com/hashgraph-online/standards-sdk-go/pkg/registrybroker/ledger_auth.go:169.2,170.40 2 0
github.com/hashgraph-online/standards-sdk-go/pkg/registrybroker/ledger_auth.go:170.40,172.3 1 0
github.com/hashgraph-online/standards-sdk-go/pkg/registrybroker/ledger_auth.go:173.2,173.20 1 0
github.com/hashgraph-online/standards-sdk-go/pkg/registrybroker/ledger_auth.go:176.53,178.22 2 1
github.com/hashgraph-online/standards-sdk-go/pkg/registrybroker/ledger_auth.go:178.22,180.3 1 0
github.com/hashgraph-online/standards-sdk-go/pkg/registrybroker/ledger_auth.go:181.2,181.20 1 1
github.com/hashgraph-online/standards-sdk-go/pkg/registrybroker/ledger_auth.go:182.35,183.26 1 0
github.com/hashgraph-online/standards-sdk-go/pkg/registrybroker/ledger_auth.go:184.35,185.26 1 1
github.com/hashgraph-online/standards-sdk-go/pkg/registrybroker/ledger_auth.go:186.10,187.20 1 0
github.com/hashgraph-online/standards-sdk-go/pkg/registrybroker/ledger_auth.go:191.56,192.19 1 1
github.com/hashgraph-online/standards-sdk-go/pkg/registrybroker/ledger_auth.go:192.19,194.3 1 0
github.com/hashgraph-online/standards-sdk-go/pkg/registrybroker/ledger_auth.go:195.2,196.27 2 1
github.com/hashgraph-online/standards-sdk-go/pkg/registrybroker/ledger_auth.go:196.27,198.3 1 0
github.com/hashgraph-online/standards-sdk-go/pkg/registrybroker/ledger_auth.go:199.2,199.35 1 1
github.com/hashgraph-online/standards-sdk-go/pkg/registrybroker/ledger_auth.go:199.35,201.3 1 1
github.com/hashgraph-online/standards-sdk-go/pkg/registrybroker/ledger_auth.go:202.2,202.11 1 0
github.com/hashgraph-online/standards-sdk-go/pkg/registrybroker/search.go:13.101,16.2 2 1
github.com/hashgraph-online/standards-sdk-go/pkg/registrybroker/search.go:27.23,28.18 1 1
github.com/hashgraph-online/standards-sdk-go/pkg/registrybroker/search.go:28.18,30.3 1 0
github.com/hashgraph-online/standards-sdk-go/pkg/registrybroker/search.go:31.2,32.26 2 1
github.com/hashgraph-online/standards-sdk-go/pkg/registrybroker/search.go:32.26,34.3 1 0
github.com/hashgraph-online/standards-sdk-go/pkg/registrybroker/search.go:36.2,47.18 4 1
github.com/hashgraph-online/standards-sdk-go/pkg/registrybroker/search.go:47.18,49.3 1 0
github.com/hashgraph-online/standards-sdk-go/pkg/registrybroker/search.go:50.2,50.17 1 1
github.com/hashgraph-online/standards-sdk-go/pkg/registrybroker/search.go:50.17,52.3 1 0
github.com/hashgraph-online/standards-sdk-go/pkg/registrybroker/search.go:53.2,56.29 3 1
github.com/hashgraph-online/standards-sdk-go/pkg/registrybroker/search.go:60.79,62.2 1 1
github.com/hashgraph-online/standards-sdk-go/pkg/registrybroker/search.go:65.84,67.2 1 1
github.com/hashgraph-online/standards-sdk-go/pkg/registrybroker/search.go:70.97,72.2 1 1
github.com/hashgraph-online/standards-sdk-go/pkg/registrybroker/search.go:75.89,77.2 1 1
github.com/hashgraph-online/standards-sdk-go/pkg/registrybroker/search.go:80.87,82.2 1 1
github.com/hashgraph-online/standards-sdk-go/pkg/registrybroker/search.go:88.23,97.2 2 1
github.com/hashgraph-online/standards-sdk-go/pkg/registrybroker/search.go:104.23,105.61 1 1
github.com/hashgraph-online/standards-sdk-go/pkg/registrybroker/search.go:105.61,107.3 1 0
github.com/hashgraph-online/standards-sdk-go/pkg/registrybroker/search.go:108.2,109.36 2 1
github.com/hashgraph-online/standards-sdk-go/pkg/registrybroker/search.go:109.36,111.3 1 1
github.com/hashgraph-online/standards-sdk-go/pkg/registrybroker/search.go:112.2,113.82 2 1
github.com/hashgraph-online/standards-sdk-go/pkg/registrybroker/search.go:120.23,128.16 2 1
github.com/hashgraph-online/standards-sdk-go/pkg/registrybroker/search.go:128.16,130.3 1 1
github.com/hashgraph-online/standards-sdk-go/pkg/registrybroker/search.go:132.2,133.58 2 0
github.com/hashgraph-online/standards-sdk-go/pkg/registrybroker/search.go:133.58,135.3 1 0
github.com/hashgraph-online/standards-sdk-go/pkg/registrybroker/search.go:137.2,139.24 3 0
github.com/hashgraph-online/standards-sdk-go/pkg/registrybroker/search.go:139.24,141.3 1 0
github.com/hashgraph-online/standards-sdk-go/pkg/registrybroker/search.go:142.2,142.59 1 0
github.com/hashgraph-online/standards-sdk-go/pkg/registrybroker/search.go:146.86,148.2 1 1
github.com/hashgraph-online/standards-sdk-go/pkg/registrybroker/search.go:151.88,153.2 1 1
github.com/hashgraph-online/standards-sdk-go/pkg/registrybroker/search.go:156.88,158.2 1 1
github.com/hashgraph-online/standards-sdk-go/pkg/registrybroker/search.go:161.96,163.38 2 1
github.com/hashgraph-online/standards-sdk-go/pkg/registrybroker/search.go:163.38,165.3 1 1
github.com/hashgraph-online/standards-sdk-go/pkg/registrybroker/search.go:166.2,172.3 1 1
github.com/hashgraph-online/standards-sdk-go/pkg/registrybroker/search.go:175.51,178.21 3 1
github.com/hashgraph-online/standards-sdk-go/pkg/registrybroker/search.go:178.21,180.3 1 1
github.com/hashgraph-online/standards-sdk-go/pkg/registrybroker/search.go:181.2,181.22 1 1
github.com/hashgraph-online/standards-sdk-go/pkg/registrybroker/search.go:181.22,183.3 1 1
github.com/hashgraph-online/standards-sdk-go/pkg/registrybroker/search.go:184.2,189.28 6 1
github.com/hashgraph-online/standards-sdk-go/pkg/registrybroker/search.go:189.28,191.3 1 0
github.com/hashgraph-online/standards-sdk-go/pkg/registrybroker/search.go:192.2,192.28 1 1
github.com/hashgraph-online/standards-sdk-go/pkg/registrybroker/search.go:192.28,193.44 1 1
github.com/hashgraph-online/standards-sdk-go/pkg/registrybroker/search.go:193.44,195.24 2 1
github.com/hashgraph-online/standards-sdk-go/pkg/registrybroker/search.go:195.24,196.13 1 0
github.com/hashgraph-online/standards-sdk-go/pkg/registrybroker/search.go:198.4,198.33 1 1
github.com/hashgraph-online/standards-sdk-go/pkg/registrybroker/search.go:198.33,199.21 1 1
github.com/hashgraph-online/standards-sdk-go/pkg/registrybroker/search.go:199.21,200.14 1 0
github.com/hashgraph-online/standards-sdk-go/pkg/registrybroker/search.go:202.5,202.61 1 1
github.com/hashgraph-online/standards-sdk-go/pkg/registrybroker/search.go:206.2,207.48 2 1
github.com/hashgraph-online/standards-sdk-go/pkg/registrybroker/search.go:207.48,209.3 1 0
github.com/hashgraph-online/standards-sdk-go/pkg/registrybroker/search.go:210.2,210.44 1 1
github.com/hashgraph-online/standards-sdk-go/pkg/registrybroker/search.go:210.44,212.3 1 0
github.com/hashgraph-online/standards-sdk-go/pkg/registrybroker/search.go:213.2,214.95 2 1
github.com/hashgraph-online/standards-sdk-go/pkg/registrybroker/search.go:214.95,216.3 1 0
github.com/hashgraph-online/standards-sdk-go/pkg/registrybroker/search.go:218.2,218.21 1 1
github.com/hashgraph-online/standards-sdk-go/pkg/registrybroker/search.go:218.21,220.3 1 0
github.com/hashgraph-online/standards-sdk-go/pkg/registrybroker/search.go:221.2,221.29 1 1
github.com/hashgraph-online/standards-sdk-go/pkg/registrybroker/search.go:224.80,226.23 2 0
github.com/hashgraph-online/standards-sdk-go/pkg/registrybroker/search.go:226.23,228.3 1 0
github.com/hashgraph-online/standards-sdk-go/pkg/registrybroker/search.go:229.2,229.24 1 0
github.com/hashgraph-online/standards-sdk-go/pkg/registrybroker/search.go:229.24,231.17 2 0
github.com/hashgraph-online/standards-sdk-go/pkg/registrybroker/search.go:231.17,233.4 1 0
github.com/hashgraph-online/standards-sdk-go/pkg/registrybroker/search.go:234.3,235.45 2 0
github.com/hashgraph-online/standards-sdk-go/pkg/registrybroker/search.go:237.2,237.27 1 0
github.com/hashgraph-online/standards-sdk-go/pkg/registrybroker/search.go:237.27,243.3 5 0
github.com/hashgraph-online/standards-sdk-go/pkg/registrybroker/search.go:244.2,244.15 1 0
github.com/hashgraph-online/standards-sdk-go/pkg/registrybroker/search.go:247.72,250.30 3 0
github.com/hashgraph-online/standards-sdk-go/pkg/registrybroker/search.go:250.30,256.3 1 0
github.com/hashgraph-online/standards-sdk-go/pkg/registrybroker/search.go:257.2,270.3 6 0
github.com/hashgraph-online/standards-sdk-go/pkg/registrybroker/search.go:273.39,274.31 1 1
github.com/hashgraph-online/standards-sdk-go/pkg/registrybroker/search.go:275.14,276.15 1 1
github.com/hashgraph-online/standards-sdk-go/pkg/registrybroker/search.go:277.11,278.29 1 0
github.com/hashgraph-online/standards-sdk-go/pkg/registrybroker/search.go:279.13,280.38 1 0
github.com/hashgraph-online/standards-sdk-go/pkg/registrybroker/search.go:281.15,282.49 1 0
github.com/hashgraph-online/standards-sdk-go/pkg/registrybroker/search.go:283.12,284.35 1 0
github.com/hashgraph-online/standards-sdk-go/pkg/registrybroker/search.go:285.10,286.46 1 0
github.com/hashgraph-online/standards-sdk-go/pkg/registrybroker/skills.go:12.86,14.2 1 1
github.com/hashgraph-online/standards-sdk-go/pkg/registrybroker/skills.go:20.23,27.29 7 1
github.com/hashgraph-online/standards-sdk-go/pkg/registrybroker/skills.go:27.29,29.3 1 0
github.com/hashgraph-online/standards-sdk-go/pkg/registrybroker/skills.go:30.2,30.29 1 1
github.com/hashgraph-online/standards-sdk-go/pkg/registrybroker/skills.go:30.29,32.3 1 0
github.com/hashgraph-online/standards-sdk-go/pkg/registrybroker/skills.go:33.2,33.26 1 1
github.com/hashgraph-online/standards-sdk-go/pkg/registrybroker/skills.go:33.26,35.3 1 0
github.com/hashgraph-online/standards-sdk-go/pkg/registrybroker/skills.go:36.2,36.35 1 1
github.com/hashgraph-online/standards-sdk-go/pkg/registrybroker/skills.go:36.35,38.20 2 0
github.com/hashgraph-online/standards-sdk-go/pkg/registrybroker/skills.go:38.20,40.4 1 0
github.com/hashgraph-online/standards-sdk-go/pkg/registrybroker/skills.go:42.2,48.3 1 1
github.com/hashgraph-online/standards-sdk-go/pkg/registrybroker/skills.go:55.23,61.26 6 1
github.com/hashgraph-online/standards-sdk-go/pkg/registrybroker/skills.go:61.26,63.3 1 0
github.com/hashgraph-online/standards-sdk-go/pkg/registrybroker/skills.go:64.2,64.33 1 1
github.com/hashgraph-online/standards-sdk-go/pkg/registrybroker/skills.go:64.33,66.3 1 0
github.com/hashgraph-online/standards-sdk-go/pkg/registrybroker/skills.go:67.2,73.3 1 1
github.com/hashgraph-online/standards-sdk-go/pkg/registrybroker/skills.go:80.23,81.53 1 1
github.com/hashgraph-online/standards-sdk-go/pkg/registrybroker/skills.go:81.53,83.3 1 0
github.com/hashgraph-online/standards-sdk-go/pkg/registrybroker/skills.go:84.2,92.3 3 1
github.com/hashgraph-online/standards-sdk-go/pkg/registrybroker/skills.go:99.23,101.26 2 1
github.com/hashgraph-online/standards-sdk-go/pkg/registrybroker/skills.go:101.26,103.3 1 0
github.com/hashgraph-online/standards-sdk-go/pkg/registrybroker/skills.go:104.2,110.3 1 1
github.com/hashgraph-online/standards-sdk-go/pkg/registrybroker/skills.go:117.23,119.26 2 1
github.com/hashgraph-online/standards-sdk-go/pkg/registrybroker/skills.go:119.26,121.3 1 0
github.com/hashgraph-online/standards-sdk-go/pkg/registrybroker/skills.go:122.2,130.3 3 1
github.com/hashgraph-online/standards-sdk-go/pkg/registrybroker/skills.go:137.23,145.2 1 1
github.com/hashgraph-online/standards-sdk-go/pkg/registrybroker/skills.go:151.23,159.2 1 1
github.com/hashgraph-online/standards-sdk-go/pkg/registrybroker/skills.go:166.23,167.55 1 1
github.com/hashgraph-online/standards-sdk-go/pkg/registrybroker/skills.go:167.55,169.3 1 0
github.com/hashgraph-online/standards-sdk-go/pkg/registrybroker/skills.go:170.2,173.81 4 1
github.com/hashgraph-online/standards-sdk-go/pkg/registrybroker/skills.go:181.23,182.53 1 1
github.com/hashgraph-online/standards-sdk-go/pkg/registrybroker/skills.go:182.53,184.3 1 0
github.com/hashgraph-online/standards-sdk-go/pkg/registrybroker/skills.go:185.2,194.3 4 1
github.com/hashgraph-online/standards-sdk-go/pkg/registrybroker/skills.go:201.23,202.53 1 1
github.com/hashgraph-online/standards-sdk-go/pkg/registrybroker/skills.go:202.53,204.3 1 0
github.com/hashgraph-online/standards-sdk-go/pkg/registrybroker/skills.go:205.2,213.3 3 1
github.com/hashgraph-online/standards-sdk-go/pkg/registrybroker/skills.go:220.23,228.2 1 1
github.com/hashgraph-online/standards-sdk-go/pkg/registrybroker/skills.go:234.23,235.53 1 1
github.com/hashgraph-online/standards-sdk-go/pkg/registrybroker/skills.go:235.53,237.3 1 0
github.com/hashgraph-online/standards-sdk-go/pkg/registrybroker/skills.go:238.2,246.3 3 1
github.com/hashgraph-online/standards-sdk-go/pkg/registrybroker/skills.go:253.23,261.2 1 1
github.com/hashgraph-online/standards-sdk-go/pkg/registrybroker/skills.go:267.23,268.53 1 1
github.com/hashgraph-online/standards-sdk-go/pkg/registrybroker/skills.go:268.53,270.3 1 0
github.com/hashgraph-online/standards-sdk-go/pkg/registrybroker/skills.go:271.2,279.3 3 1
github.com/hashgraph-online/standards-sdk-go/pkg/registrybroker/skills.go:286.23,294.2 1 1
github.com/hashgraph-online/standards-sdk-go/pkg/registrybroker/skills.go:300.23,308.2 1 1
github.com/hashgraph-online/standards-sdk-go/pkg/registrybroker/skills.go:314.23,315.53 1 1
github.com/hashgraph-online/standards-sdk-go/pkg/registrybroker/skills.go:315.53,317.3 1 0
github.com/hashgraph-online/standards-sdk-go/pkg/registrybroker/skills.go:318.2,326.3 3 1
github.com/hashgraph-online/standards-sdk-go/pkg/registrybroker/verification.go:13.23,14.53 1 1
github.com/hashgraph-online/standards-sdk-go/pkg/registrybroker/verification.go:14.53,16.3 1 0
github.com/hashgraph-online/standards-sdk-go/pkg/registrybroker/verification.go:17.2,18.59 2 1
github.com/hashgraph-online/standards-sdk-go/pkg/registrybroker/verification.go:25.23,26.53 1 1
github.com/hashgraph-online/standards-sdk-go/pkg/registrybroker/verification.go:26.53,28.3 1 0
github.com/hashgraph-online/standards-sdk-go/pkg/registrybroker/verification.go:29.2,36.3 2 1
github.com/hashgraph-online/standards-sdk-go/pkg/registrybroker/verification.go:43.23,44.67 1 1
github.com/hashgraph-online/standards-sdk-go/pkg/registrybroker/verification.go:44.67,46.3 1 0
github.com/hashgraph-online/standards-sdk-go/pkg/registrybroker/verification.go:47.2,48.59 2 1
github.com/hashgraph-online/standards-sdk-go/pkg/registrybroker/verification.go:55.23,59.68 2 1
github.com/hashgraph-online/standards-sdk-go/pkg/registrybroker/verification.go:59.68,61.3 1 0
github.com/hashgraph-online/standards-sdk-go/pkg/registrybroker/verification.go:61.8,63.3 1 1
github.com/hashgraph-online/standards-sdk-go/pkg/registrybroker/verification.go:64.2,70.3 1 1
github.com/hashgraph-online/standards-sdk-go/pkg/registrybroker/verification.go:77.23,78.53 1 1
github.com/hashgraph-online/standards-sdk-go/pkg/registrybroker/verification.go:78.53,80.3 1 0
github.com/hashgraph-online/standards-sdk-go/pkg/registrybroker/verification.go:81.2,82.59 2 1
github.com/hashgraph-online/standards-sdk-go/pkg/registrybroker/verification.go:89.23,90.53 1 1
github.com/hashgraph-online/standards-sdk-go/pkg/registrybroker/verification.go:90.53,92.3 1 0
github.com/hashgraph-online/standards-sdk-go/pkg/registrybroker/verification.go:93.2,100.3 2 1
