mode: set
github.com/hashgraph-online/standards-sdk-go/pkg/shared/network.go:16.55,18.22 2 1
github.com/hashgraph-online/standards-sdk-go/pkg/shared/network.go:18.22,20.3 1 1
github.com/hashgraph-online/standards-sdk-go/pkg/shared/network.go:22.2,22.20 1 1
github.com/hashgraph-online/standards-sdk-go/pkg/shared/network.go:23.38,24.25 1 1
github.com/hashgraph-online/standards-sdk-go/pkg/shared/network.go:25.10,26.59 1 1
github.com/hashgraph-online/standards-sdk-go/pkg/shared/network.go:31.62,33.16 2 1
github.com/hashgraph-online/standards-sdk-go/pkg/shared/network.go:33.16,35.3 1 1
github.com/hashgraph-online/standards-sdk-go/pkg/shared/network.go:37.2,37.34 1 1
github.com/hashgraph-online/standards-sdk-go/pkg/shared/network.go:37.34,39.3 1 1
github.com/hashgraph-online/standards-sdk-go/pkg/shared/network.go:41.2,41.39 1 1
github.com/hashgraph-online/standards-sdk-go/pkg/shared/operator.go:24.54,28.19 3 1
github.com/hashgraph-online/standards-sdk-go/pkg/shared/operator.go:28.19,30.3 1 1
github.com/hashgraph-online/standards-sdk-go/pkg/shared/operator.go:32.2,33.21 2 1
github.com/hashgraph-online/standards-sdk-go/pkg/shared/operator.go:33.21,35.3 1 1
github.com/hashgraph-online/standards-sdk-go/pkg/shared/operator.go:36.2,37.22 2 1
github.com/hashgraph-online/standards-sdk-go/pkg/shared/operator.go:37.22,39.3 1 1
github.com/hashgraph-online/standards-sdk-go/pkg/shared/operator.go:41.2,41.34 1 1
github.com/hashgraph-online/standards-sdk-go/pkg/shared/operator.go:42.22,47.26 1 1
github.com/hashgraph-online/standards-sdk-go/pkg/shared/operator.go:47.26,49.4 1 1
github.com/hashgraph-online/standards-sdk-go/pkg/shared/operator.go:50.3,54.22 1 1
github.com/hashgraph-online/standards-sdk-go/pkg/shared/operator.go:54.22,56.4 1 1
github.com/hashgraph-online/standards-sdk-go/pkg/shared/operator.go:57.22,62.26 1 1
github.com/hashgraph-online/standards-sdk-go/pkg/shared/operator.go:62.26,64.4 1 1
github.com/hashgraph-online/standards-sdk-go/pkg/shared/operator.go:65.3,69.22 1 1
github.com/hashgraph-online/standards-sdk-go/pkg/shared/operator.go:69.22,71.4 1 1
github.com/hashgraph-online/standards-sdk-go/pkg/shared/operator.go:74.2,74.21 1 1
github.com/hashgraph-online/standards-sdk-go/pkg/shared/operator.go:74.21,76.3 1 1
github.com/hashgraph-online/standards-sdk-go/pkg/shared/operator.go:77.2,77.22 1 1
github.com/hashgraph-online/standards-sdk-go/pkg/shared/operator.go:77.22,79.3 1 1
github.com/hashgraph-online/standards-sdk-go/pkg/shared/operator.go:81.2,85.8 1 1
github.com/hashgraph-online/standards-sdk-go/pkg/shared/operator.go:88.28,89.27 1 1
github.com/hashgraph-online/standards-sdk-go/pkg/shared/operator.go:89.27,92.41 2 1
github.com/hashgraph-online/standards-sdk-go/pkg/shared/operator.go:92.41,94.4 1 1
github.com/hashgraph-online/standards-sdk-go/pkg/shared/operator.go:95.3,95.53 1 1
github.com/hashgraph-online/standards-sdk-go/pkg/shared/operator.go:95.53,97.4 1 1
github.com/hashgraph-online/standards-sdk-go/pkg/shared/operator.go:99.3,100.36 2 1
github.com/hashgraph-online/standards-sdk-go/pkg/shared/operator.go:100.36,102.8 2 1
github.com/hashgraph-online/standards-sdk-go/pkg/shared/operator.go:102.8,104.56 2 1
github.com/hashgraph-online/standards-sdk-go/pkg/shared/operator.go:104.56,106.58 2 1
github.com/hashgraph-online/standards-sdk-go/pkg/shared/operator.go:106.58,107.36 1 1
github.com/hashgraph-online/standards-sdk-go/pkg/shared/operator.go:107.36,109.8 1 1
github.com/hashgraph-online/standards-sdk-go/pkg/shared/operator.go:110.7,110.13 1 0
github.com/hashgraph-online/standards-sdk-go/pkg/shared/operator.go:114.5,115.26 2 1
github.com/hashgraph-online/standards-sdk-go/pkg/shared/operator.go:115.26,116.11 1 0
github.com/hashgraph-online/standards-sdk-go/pkg/shared/operator.go:118.5,118.21 1 1
github.com/hashgraph-online/standards-sdk-go/pkg/shared/operator.go:124.39,126.16 2 1
github.com/hashgraph-online/standards-sdk-go/pkg/shared/operator.go:126.16,128.3 1 1
github.com/hashgraph-online/standards-sdk-go/pkg/shared/operator.go:129.2,133.21 4 1
github.com/hashgraph-online/standards-sdk-go/pkg/shared/operator.go:133.21,135.49 2 1
github.com/hashgraph-online/standards-sdk-go/pkg/shared/operator.go:135.49,136.12 1 1
github.com/hashgraph-online/standards-sdk-go/pkg/shared/operator.go:138.3,138.41 1 1
github.com/hashgraph-online/standards-sdk-go/pkg/shared/operator.go:138.41,140.4 1 1
github.com/hashgraph-online/standards-sdk-go/pkg/shared/operator.go:142.3,143.21 2 1
github.com/hashgraph-online/standards-sdk-go/pkg/shared/operator.go:143.21,144.12 1 1
github.com/hashgraph-online/standards-sdk-go/pkg/shared/operator.go:147.3,148.26 2 1
github.com/hashgraph-online/standards-sdk-go/pkg/shared/operator.go:148.26,149.12 1 1
github.com/hashgraph-online/standards-sdk-go/pkg/shared/operator.go:151.3,151.53 1 1
github.com/hashgraph-online/standards-sdk-go/pkg/shared/operator.go:151.53,152.12 1 1
github.com/hashgraph-online/standards-sdk-go/pkg/shared/operator.go:155.3,156.22 2 1
github.com/hashgraph-online/standards-sdk-go/pkg/shared/operator.go:156.22,159.72 3 1
github.com/hashgraph-online/standards-sdk-go/pkg/shared/operator.go:159.72,161.5 1 1
github.com/hashgraph-online/standards-sdk-go/pkg/shared/operator.go:164.3,164.53 1 1
github.com/hashgraph-online/standards-sdk-go/pkg/shared/operator.go:164.53,166.4 1 1
github.com/hashgraph-online/standards-sdk-go/pkg/shared/operator.go:169.2,169.18 1 1
github.com/hashgraph-online/standards-sdk-go/pkg/shared/operator.go:172.37,173.15 1 1
github.com/hashgraph-online/standards-sdk-go/pkg/shared/operator.go:173.15,175.3 1 1
github.com/hashgraph-online/standards-sdk-go/pkg/shared/operator.go:176.2,176.36 1 1
github.com/hashgraph-online/standards-sdk-go/pkg/shared/operator.go:176.36,180.21 1 1
github.com/hashgraph-online/standards-sdk-go/pkg/shared/operator.go:180.21,181.12 1 1
github.com/hashgraph-online/standards-sdk-go/pkg/shared/operator.go:183.3,183.15 1 1
github.com/hashgraph-online/standards-sdk-go/pkg/shared/operator.go:185.2,185.13 1 1
github.com/hashgraph-online/standards-sdk-go/pkg/shared/operator.go:188.46,189.27 1 1
github.com/hashgraph-online/standards-sdk-go/pkg/shared/operator.go:189.27,191.18 2 1
github.com/hashgraph-online/standards-sdk-go/pkg/shared/operator.go:191.18,193.4 1 1
github.com/hashgraph-online/standards-sdk-go/pkg/shared/operator.go:195.2,195.11 1 1
github.com/hashgraph-online/standards-sdk-go/pkg/shared/operator.go:199.61,201.21 2 1
github.com/hashgraph-online/standards-sdk-go/pkg/shared/operator.go:201.21,203.3 1 1
github.com/hashgraph-online/standards-sdk-go/pkg/shared/operator.go:205.2,206.18 2 1
github.com/hashgraph-online/standards-sdk-go/pkg/shared/operator.go:206.18,208.3 1 1
github.com/hashgraph-online/standards-sdk-go/pkg/shared/operator.go:210.2,211.21 2 1
github.com/hashgraph-online/standards-sdk-go/pkg/shared/operator.go:211.21,213.3 1 0
github.com/hashgraph-online/standards-sdk-go/pkg/shared/operator.go:215.2,216.23 2 1
github.com/hashgraph-online/standards-sdk-go/pkg/shared/operator.go:216.23,218.3 1 0
github.com/hashgraph-online/standards-sdk-go/pkg/shared/operator.go:220.2,225.3 1 1
